{
  "stats": {
    "suites": 1,
    "tests": 7,
    "passes": 5,
    "pending": 1,
    "failures": 1,
    "start": "2024-02-22T12:07:52.434Z",
    "end": "2024-02-22T12:11:22.538Z",
    "duration": 210104,
    "testsRegistered": 8,
    "passPercent": 71.42857142857143,
    "pendingPercent": 12.5,
    "other": 1,
    "hasOther": true,
    "skipped": 0,
    "hasSkipped": false
  },
  "results": [
    {
      "uuid": "19bfe395-c609-41df-9c8e-f33f759c47f6",
      "title": "",
      "fullFile": "cypress\\e2e\\Threat-Generation\\feasibility.cy.js",
      "file": "cypress\\e2e\\Threat-Generation\\feasibility.cy.js",
      "beforeHooks": [],
      "afterHooks": [],
      "tests": [],
      "suites": [
        {
          "uuid": "b912a366-e316-4538-9d0f-94960128a3bd",
          "title": "Feasibility",
          "fullFile": "",
          "file": "",
          "beforeHooks": [],
          "afterHooks": [],
          "tests": [
            {
              "title": "Feasibility Pop-up (MAIN-TC-1593, MAIN-TC-1594)",
              "fullTitle": "Feasibility Feasibility Pop-up (MAIN-TC-1593, MAIN-TC-1594)",
              "timedOut": null,
              "duration": 88014,
              "state": "passed",
              "speed": "slow",
              "pass": true,
              "fail": false,
              "pending": false,
              "context": null,
              "code": "cy.visit(Cypress.env('baseURL') + '/threats').then(() => {\n  cy.get(threatListViewSelector.threatListViewFeasibilityButton).eq(0).click().then(() => {\n    cy.get(feasibilityPopupselector.feasibilityPopupTitle).invoke('text').should('include', 'Threat #1');\n    cy.get(feasibilityPopupselector.feasibilityPopupConfirmButton).click({\n      force: true\n    }); //clicking confirm button\n  });\n  cy.get(threatListViewSelector.threatListViewFeasibilityButton).eq(0).click().then(() => {\n    cy.get(feasibilityPopupselector.feasibilityPopupTitle).invoke('text').should('include', 'Threat #1');\n  });\n});",
              "err": {},
              "uuid": "8dacc6b6-f406-4e33-a873-92dbbb4d284c",
              "parentUUID": "b912a366-e316-4538-9d0f-94960128a3bd",
              "isHook": false,
              "skipped": false
            },
            {
              "title": "feasibility pop-up window w.r.t to Review Threats(MAIN-TC-1608, MAIN-TC-1582)",
              "fullTitle": "Feasibility feasibility pop-up window w.r.t to Review Threats(MAIN-TC-1608, MAIN-TC-1582)",
              "timedOut": null,
              "duration": 14361,
              "state": "passed",
              "speed": "slow",
              "pass": true,
              "fail": false,
              "pending": false,
              "context": null,
              "code": "cy.visit(Cypress.env('baseURL') + '/threats').then(() => {\n  cy.get(threatListViewSelector.threatListViewReviewCheckBox).click().then(() => {\n    //Mark the threat as ready\n    cy.get(threatListViewSelector.threatListViewThreatTreatmentSelect).eq(0).should('not.be.enabled');\n    cy.get(threatListViewSelector.threatListViewFeasibilityButton).eq(0).click().then(() => {\n      cy.get(feasibilityPopupselector.feasibilityPopupCriteria).eq(0).should('not.be.enabled');\n      cy.get(feasibilityPopupselector.feasibilityPopupRationaleText).eq(0).should('not.be.enabled');\n      cy.get(feasibilityPopupselector.feasibilityPopupCancelButton).click();\n    });\n  }).then(() => {\n    cy.get(feasibilityPopupselector.feasibilityPopup).should(\"not.exist\");\n  });\n  cy.get(threatListViewSelector.threatListViewReviewCheckBox).click().then(() => {\n    //Mark the threat as reviewed\n    cy.get(threatListViewSelector.threatListViewReviewCheckBox).click(); //Mark the threat as unreviewed\n    cy.get(feasibilityPopupselector.feasibilityPopupConfirmButton).click({\n      force: true\n    });\n  }).then(() => {\n    cy.get(threatListViewSelector.threatListViewFeasibilityButton).eq(0).click().then(() => {\n      cy.get(feasibilityPopupselector.feasibilityPopupCriteria).eq(0).should('not.be.disabled');\n      cy.get(feasibilityPopupselector.feasibilityPopupRationaleText).eq(0).should('not.be.disabled');\n    });\n  });\n});",
              "err": {},
              "uuid": "c55d576b-9faf-4be5-924c-d2b0553d461f",
              "parentUUID": "b912a366-e316-4538-9d0f-94960128a3bd",
              "isHook": false,
              "skipped": false
            },
            {
              "title": "feasibility pop-up window w.r.t Treatment (MAIN-TC-1584)",
              "fullTitle": "Feasibility feasibility pop-up window w.r.t Treatment (MAIN-TC-1584)",
              "timedOut": null,
              "duration": 9684,
              "state": "passed",
              "speed": "medium",
              "pass": true,
              "fail": false,
              "pending": false,
              "context": null,
              "code": "cy.visit(Cypress.env('baseURL') + '/threats').then(() => {\n  cy.get(threatListViewSelector.threatListViewThreatTreatmentSelect).eq(0).click().then(() => {\n    cy.get(threatListViewSelector.threatTreatmentRetaintOption).click();\n  });\n  cy.get(threatListViewSelector.threatListViewFeasibilityButton).eq(0).click().then(() => {\n    cy.get(feasibilityPopupselector.feasibilityPopupThreatlistHeading).invoke('text').should('include', 'Before Treatmentarrow_right_altAfter Treatment');\n  });\n});",
              "err": {},
              "uuid": "04575097-f708-444d-b444-220c2f575acc",
              "parentUUID": "b912a366-e316-4538-9d0f-94960128a3bd",
              "isHook": false,
              "skipped": false
            },
            {
              "title": "Treatment in Threats(MAIN-TC-1609)",
              "fullTitle": "Feasibility Treatment in Threats(MAIN-TC-1609)",
              "timedOut": null,
              "duration": 7868,
              "state": "passed",
              "speed": "medium",
              "pass": true,
              "fail": false,
              "pending": false,
              "context": null,
              "code": "cy.visit(Cypress.env('baseURL') + '/threats').then(() => {\n  cy.get(threatListViewSelector.threatListViewThreatTreatmentSelect).eq(0).click().then(() => {\n    cy.get(threatListViewSelector.threatTreatmentShareOption).click(); //changing treatment option\n  }).then(() => {\n    cy.get(threatListViewSelector.threatListViewFeasibilityButton).eq(0).click().then(() => {\n      cy.get(feasibilityPopupselector.feasibilityPopupThreatlistHeading).invoke('text').should('include', 'Before Treatmentarrow_right_altAfter Treatment');\n    });\n  });\n});",
              "err": {},
              "uuid": "d53e291e-3041-4306-9bc9-b299e7f5a697",
              "parentUUID": "b912a366-e316-4538-9d0f-94960128a3bd",
              "isHook": false,
              "skipped": false
            },
            {
              "title": "Feasibility pop-up functionality (MAIN-TC-1581)",
              "fullTitle": "Feasibility Feasibility pop-up functionality (MAIN-TC-1581)",
              "timedOut": null,
              "duration": 27997,
              "state": "failed",
              "speed": null,
              "pass": false,
              "fail": true,
              "pending": false,
              "context": "{\n  \"title\": \"cypress-mochawesome-reporter-screenshots\",\n  \"value\": [\n    [\n      {\n        \"title\": \"Failed screenshot\",\n        \"value\": \"\\\\feasibility.cy.js\\\\Feasibility -- Feasibility pop-up functionality (MAIN-TC-1581) (failed).png\"\n      }\n    ]\n  ]\n}",
              "code": "cy.visit(Cypress.env('baseURL') + '/threats').then(() => {\n  //cy.get(threatListViewSelector.threatListViewReviewCheckBox).click()//Mark the threat as ready\n  cy.wait(1000);\n  cy.get(threatListViewSelector.threatListViewReviewCheckBox).click(); //Mark the threat as reviewed\n  cy.wait(800);\n  cy.get(threatListViewSelector.threatListViewReviewCheckBox).click().then(() => {\n    //Mark the threat as unreviewed\n    cy.get(feasibilityPopupselector.feasibilityPopupConfirmButton).click({\n      force: true\n    });\n  });\n  let riskValue;\n  let feasibility;\n  cy.get(threatListViewSelector.threatListViewRiskButton).eq(0).invoke('text').then(text => {\n    riskValue = text.trim();\n    cy.get(threatListViewSelector.threatListViewFeasibilityButton).eq(0).invoke('text').then(text => {\n      feasibility = text.trim();\n      cy.get(threatListViewSelector.threatListViewFeasibilityButton).eq(0).click().then(() => {\n        cy.get(feasibilityPopupselector.feasibilityPopup).should('be.visible');\n        cy.get(feasibilityPopupselector.feasibilityPopupTitle).invoke('text').should('include', 'Threat #1');\n        cy.get(feasibilityPopupselector.feasibilityPopupFeasibilityRating).invoke('text').should('include', feasibility);\n      });\n    }).then(() => {\n      cy.get(feasibilityPopupselector.feasibilityPopupRiskLevelTitle).invoke('text').should('include', riskValue);\n      cy.get(feasibilityPopupselector.feasibilityPopupConfirmButton).click({\n        force: true\n      });\n    });\n  });\n});",
              "err": {
                "message": "AssertionError: Timed out retrying after 20000ms: Expected to find element: `button:contains(\"Confirm\")`, but never found it.",
                "estack": "AssertionError: Timed out retrying after 20000ms: Expected to find element: `button:contains(\"Confirm\")`, but never found it.\n    at Context.eval (webpack://cypress/./cypress/e2e/Threat-Generation/feasibility.cy.js:102:11)",
                "diff": null
              },
              "uuid": "b64c7c97-e402-4fbc-83b9-1158e0c55b0a",
              "parentUUID": "b912a366-e316-4538-9d0f-94960128a3bd",
              "isHook": false,
              "skipped": false
            },
            {
              "title": "Threats w.r.t to treatment value for \"After treatment\"(MAIN-TC-1587)",
              "fullTitle": "Feasibility Threats w.r.t to treatment value for \"After treatment\"(MAIN-TC-1587)",
              "timedOut": null,
              "duration": 0,
              "state": "pending",
              "speed": null,
              "pass": false,
              "fail": false,
              "pending": true,
              "context": null,
              "code": "//skip for the time being until developer fix the issue\ncy.visit(Cypress.env('baseURL') + '/threats').then(() => {\n  // Get the initial treatment\n  cy.get(threatListViewSelector.threatListViewThreatTreatmentSelect).eq(0).invoke('text').then(initialTreatment => {\n    cy.get(threatListViewSelector.threatListViewThreatTreatmentSelect).eq(0).click().then(() => {\n      cy.get(threatListViewSelector.threatTreatmentAvoidOption).click();\n    });\n    // Get the final treatment\n    cy.get(threatListViewSelector.threatListViewThreatTreatmentSelect).eq(0).invoke('text').then(finalTreatment => {\n      // Assertions: final treatment should not be equal to initial treatment\n      expect(finalTreatment).not.to.equal(initialTreatment); //Test Case assertion\n    });\n  });\n  //Mark the threat as reviewed\n  cy.get(threatListViewSelector.threatListViewReviewCheckBox).click().then(() => {\n    cy.get(threatListViewSelector.threatListViewThreatTreatmentSelect).eq(0).should('not.be.enabled'); //Test Case assertion\n    cy.get(threatListViewSelector.threatListViewFeasibilityButton).eq(0).click();\n  });\n  cy.get(feasibilityPopupselector.feasibilityPopupConfirmButton).should('not.be.enabled'); //Test Case assertion\n});",
              "err": {},
              "uuid": "316bcf7c-5193-4e45-b0e6-9441c40fe562",
              "parentUUID": "b912a366-e316-4538-9d0f-94960128a3bd",
              "isHook": false,
              "skipped": false
            },
            {
              "title": "Threats w.r.t to treatment value for \"Before treatment\" (MAIN-TC-1588)",
              "fullTitle": "Feasibility Threats w.r.t to treatment value for \"Before treatment\" (MAIN-TC-1588)",
              "timedOut": null,
              "duration": 30371,
              "state": "failed",
              "speed": null,
              "pass": false,
              "fail": true,
              "pending": false,
              "context": "{\n  \"title\": \"cypress-mochawesome-reporter-screenshots\",\n  \"value\": [\n    [\n      {\n        \"title\": \"Failed screenshot\",\n        \"value\": \"\\\\feasibility.cy.js\\\\Feasibility -- Threats w.r.t to treatment value for Before treatment (MAIN-TC-1588) (failed).png\"\n      }\n    ]\n  ]\n}",
              "code": "cy.visit(Cypress.env('baseURL') + '/threats').then(() => {\n  //marking threats as unreviewed\n  cy.get(threatListViewSelector.threatListViewReviewCheckBox).click().then(() => {\n    //Mark the threat as ready\n    cy.get(threatListViewSelector.threatListViewReviewCheckBox).click().then(() => {\n      //Mark the threat as reviewed\n      cy.get(feasibilityPopupselector.feasibilityPopupConfirmButton).click({\n        force: true\n      });\n    });\n  });\n  cy.get(threatListViewSelector.threatListValidatedCheckbox).click().then(() => {\n    //clicking the validated checkbox\n    cy.get(threatListViewSelector.threatListViewFeasibilityButton).eq(0).click().then(() => {\n      cy.get(feasibilityPopupselector.feasibilityPopupConfirmButton).should('not.be.enabled');\n      cy.get(feasibilityPopupselector.feasibilityPopupRationaleText).eq(0).should('not.be.enabled');\n      cy.get(feasibilityPopupselector.feasibilityPopupCancelButton).click();\n    });\n  });\n  //Mark the threat as review\n  cy.get(threatListViewSelector.threatListViewReviewCheckBox).click();\n  cy.get(threatListViewSelector.threatListViewFeasibilityButton).eq(0).click().then(() => {\n    cy.get(feasibilityPopupselector.feasibilityPopupConfirmButton).should('not.be.enabled');\n  });\n});",
              "err": {
                "message": "CypressError: Timed out retrying after 20050ms: `cy.click()` failed because this element:\n\n`<input type=\"checkbox\" class=\"mdc-checkbox__native-control\" id=\"mat-mdc-checkbox-3-input\" tabindex=\"0\">`\n\nis being covered by another element:\n\n`<div class=\"cdk-overlay-backdrop cdk-overlay-dark-backdrop cdk-overlay-backdrop-showing\"></div>`\n\nFix this problem, or use {force: true} to disable error checking.\n\nhttps://on.cypress.io/element-cannot-be-interacted-with",
                "estack": "CypressError: Timed out retrying after 20050ms: `cy.click()` failed because this element:\n\n`<input type=\"checkbox\" class=\"mdc-checkbox__native-control\" id=\"mat-mdc-checkbox-3-input\" tabindex=\"0\">`\n\nis being covered by another element:\n\n`<div class=\"cdk-overlay-backdrop cdk-overlay-dark-backdrop cdk-overlay-backdrop-showing\"></div>`\n\nFix this problem, or use {force: true} to disable error checking.\n\nhttps://on.cypress.io/element-cannot-be-interacted-with\n    at ensureIsDescendent (http://localhost:4200/__cypress/runner/cypress_runner.js:111947:68)\n    at ensureDescendents (http://localhost:4200/__cypress/runner/cypress_runner.js:111998:5)\n    at ensureDescendentsAndScroll (http://localhost:4200/__cypress/runner/cypress_runner.js:112004:14)\n    at ensureElIsNotCovered (http://localhost:4200/__cypress/runner/cypress_runner.js:112135:5)\n    at runAllChecks (http://localhost:4200/__cypress/runner/cypress_runner.js:112334:52)\n    at retryActionability (http://localhost:4200/__cypress/runner/cypress_runner.js:112371:16)\n    at tryCatcher (http://localhost:4200/__cypress/runner/cypress_runner.js:1807:23)\n    at Promise.attempt.Promise.try (http://localhost:4200/__cypress/runner/cypress_runner.js:4315:29)\n    at whenStable (http://localhost:4200/__cypress/runner/cypress_runner.js:143918:68)\n    at <unknown> (http://localhost:4200/__cypress/runner/cypress_runner.js:143859:14)\n    at tryCatcher (http://localhost:4200/__cypress/runner/cypress_runner.js:1807:23)\n    at Promise._settlePromiseFromHandler (http://localhost:4200/__cypress/runner/cypress_runner.js:1519:31)\n    at Promise._settlePromise (http://localhost:4200/__cypress/runner/cypress_runner.js:1576:18)\n    at Promise._settlePromise0 (http://localhost:4200/__cypress/runner/cypress_runner.js:1621:10)\n    at Promise._settlePromises (http://localhost:4200/__cypress/runner/cypress_runner.js:1701:18)\n    at Promise._fulfill (http://localhost:4200/__cypress/runner/cypress_runner.js:1645:18)\n    at <unknown> (http://localhost:4200/__cypress/runner/cypress_runner.js:5450:46)\nFrom Your Spec Code:\n    at Context.eval (webpack://cypress/./cypress/e2e/Threat-Generation/feasibility.cy.js:149:68)",
                "diff": null
              },
              "uuid": "c1373826-081e-4648-8429-8cb4e4838c9e",
              "parentUUID": "b912a366-e316-4538-9d0f-94960128a3bd",
              "isHook": false,
              "skipped": false
            },
            {
              "title": "Delete Project",
              "fullTitle": "Feasibility Delete Project",
              "timedOut": null,
              "duration": 25470,
              "state": "passed",
              "speed": "slow",
              "pass": true,
              "fail": false,
              "pending": false,
              "context": null,
              "code": "cy.deleteProject(projectName);",
              "err": {},
              "uuid": "33bf3b81-e7fd-425d-9c72-eb0532e57b6b",
              "parentUUID": "b912a366-e316-4538-9d0f-94960128a3bd",
              "isHook": false,
              "skipped": false
            }
          ],
          "suites": [],
          "passes": [
            "8dacc6b6-f406-4e33-a873-92dbbb4d284c",
            "c55d576b-9faf-4be5-924c-d2b0553d461f",
            "04575097-f708-444d-b444-220c2f575acc",
            "d53e291e-3041-4306-9bc9-b299e7f5a697",
            "33bf3b81-e7fd-425d-9c72-eb0532e57b6b"
          ],
          "failures": [
            "b64c7c97-e402-4fbc-83b9-1158e0c55b0a",
            "c1373826-081e-4648-8429-8cb4e4838c9e"
          ],
          "pending": [
            "316bcf7c-5193-4e45-b0e6-9441c40fe562"
          ],
          "skipped": [],
          "duration": 203765,
          "root": false,
          "rootEmpty": false,
          "_timeout": 2000
        }
      ],
      "passes": [],
      "failures": [],
      "pending": [],
      "skipped": [],
      "duration": 0,
      "root": true,
      "rootEmpty": true,
      "_timeout": 2000
    }
  ],
  "meta": {
    "mocha": {
      "version": "7.0.1"
    },
    "mochawesome": {
      "options": {
        "quiet": true,
        "reportFilename": "mochawesome",
        "saveHtml": false,
        "saveJson": true,
        "consoleReporter": "spec",
        "useInlineDiffs": false,
        "code": true
      },
      "version": "6.3.1"
    },
    "marge": {
      "options": {
        "reportDir": "cypress\\reports\\.jsons",
        "overwrite": false,
        "html": false,
        "json": true,
        "timestamp": true,
        "reportTitle": "Vultara Automation Test",
        "showPassed": true,
        "showFailed": true,
        "showPending": true,
        "showSkipped": false,
        "browser": "all",
        "quiet": true
      },
      "version": "5.2.0"
    }
  }
}