{
  "stats": {
    "suites": 2,
    "tests": 10,
    "passes": 10,
    "pending": 0,
    "failures": 0,
    "start": "2024-02-21T18:09:55.942Z",
    "end": "2024-02-21T18:14:25.269Z",
    "duration": 269327,
    "testsRegistered": 10,
    "passPercent": 100,
    "pendingPercent": 0,
    "other": 0,
    "hasOther": false,
    "skipped": 0,
    "hasSkipped": false
  },
  "results": [
    {
      "uuid": "50b89ce3-35c9-40e1-bc90-0509a7cf4aff",
      "title": "",
      "fullFile": "cypress\\e2e\\attack-tree\\attack-tree-canvas.cy.js",
      "file": "cypress\\e2e\\attack-tree\\attack-tree-canvas.cy.js",
      "beforeHooks": [],
      "afterHooks": [],
      "tests": [],
      "suites": [
        {
          "uuid": "1eddc9cc-0437-4b05-a2e8-c439e2936a8d",
          "title": "Attack Tree",
          "fullFile": "",
          "file": "",
          "beforeHooks": [],
          "afterHooks": [],
          "tests": [
            {
              "title": "“Save Tree As” header option(MAIN-TC-2029, MAIN-TC-2030)",
              "fullTitle": "Attack Tree “Save Tree As” header option(MAIN-TC-2029, MAIN-TC-2030)",
              "timedOut": null,
              "duration": 70891,
              "state": "passed",
              "speed": "slow",
              "pass": true,
              "fail": false,
              "pending": false,
              "context": null,
              "code": "cy.visit(Cypress.env('baseURL') + '/threats').then(() => {\n  cy.get(threatListViewSelector.attackTreeButton).click().then(() => {\n    cy.get(attackTreeSelector.attackTreeDialogTreeButton).eq(1).click().then(() => {\n      cy.get(attackTreeSelector.attackTreeDialogTreeDropDownNewTree).click().then(() => {\n        (0, _cypressRecurse.recurse)(() => cy.get(attackTreeSelector.attackTreeDialogNewTreePopupName).clear().type('Automation Tree'), $inputField => $inputField.val() == 'Automation Tree', {\n          delay: 1000\n        });\n        cy.get(attackTreeSelector.attackTreeDialogNewTreePopupConfirmButton).click().then(() => {\n          cy.get(attackTreeSelector.attackTreeDialogTreeButton).eq(1).click().then(() => {\n            cy.get(attackTreeSelector.attackTreeDialogTreeDropDownSaveTree).click().then(() => {\n              cy.get(attackTreeSelector.attackTreeDialogSaveTreeAsPopup).should('exist');\n              cy.get(attackTreeSelector.attackTreeDialogSaveTreeAsPopupConfirmButton).should('be.enabled');\n              cy.get(attackTreeSelector.attackTreeDialogSaveTreeAsPopupName).clear().then(() => {\n                cy.get(attackTreeSelector.attackTreeDialogSaveTreeAsPopupConfirmButton).should('not.be.enabled');\n              });\n            });\n          });\n        });\n      });\n    });\n  });\n});",
              "err": {},
              "uuid": "bbae7ef7-5247-442c-9e99-0aeec13bf197",
              "parentUUID": "1eddc9cc-0437-4b05-a2e8-c439e2936a8d",
              "isHook": false,
              "skipped": false
            },
            {
              "title": "Creating Model then Save As and Save Button Color (MAIN-TC-2031, MAIN-TC-2034)",
              "fullTitle": "Attack Tree Creating Model then Save As and Save Button Color (MAIN-TC-2031, MAIN-TC-2034)",
              "timedOut": null,
              "duration": 26013,
              "state": "passed",
              "speed": "slow",
              "pass": true,
              "fail": false,
              "pending": false,
              "context": null,
              "code": "cy.visit(Cypress.env('baseURL') + '/threats').then(() => {\n  cy.get(threatListViewSelector.attackTreeButton).click().then(() => {\n    cy.get(attackTreeSelector.attackTreeDialogTreeButton).eq(1).click().then(() => {\n      cy.get(attackTreeSelector.attackTreeDialogTreeDropDownNewTree).click().then(() => {\n        (0, _cypressRecurse.recurse)(() => cy.get(attackTreeSelector.attackTreeDialogNewTreePopupName).clear().type('Automation Tree'), $inputField => $inputField.val() == 'Automation Tree', {\n          delay: 1000\n        }).then(() => {\n          cy.get(attackTreeSelector.attackTreeDialogNewTreePopupConfirmButton).click().then(() => {\n            cy.wait(3000);\n            cy.get(attackTreeSelector.attackTreeDialogNode).eq(0).realClick().realMouseDown().realMouseMove(50, -300).get(attackTreeSelector.attackTreeDialogCanvas).realMouseUp().then(() => {\n              cy.wait(3000);\n              cy.get(attackTreeSelector.attackTreeDialogNode).eq(1).realClick().realMouseDown().realMouseMove(-10, -300).get(attackTreeSelector.attackTreeDialogCanvas).realMouseUp();\n            });\n          });\n        });\n        cy.get(attackTreeSelector.attackTreeButtonColor).should('have.css', 'background-image').and('include', 'attack-tree-unsaved-changes-icon.svg');\n        cy.get(attackTreeSelector.attackTreeDialogSaveIcon).click({\n          force: true\n        }).then(() => {\n          cy.get(attackTreeSelector.attackTreeButtonColor).should('have.css', 'background-image').and('include', 'attack-tree-button.svg');\n          cy.get(attackTreeSelector.attackTreeDialogTreeButton).eq(1).click().then(() => {\n            cy.get(attackTreeSelector.attackTreeDialogTreeDropDownSaveTree).click().then(() => {\n              (0, _cypressRecurse.recurse)(() => cy.get(attackTreeSelector.attackTreeDialogSaveTreeAsPopupName).clear().type('Save As Automation Tree'), $inputField => $inputField.val() == 'Save As Automation Tree', {\n                delay: 1000\n              }).then(() => {\n                cy.get(attackTreeSelector.attackTreeDialogSaveTreeAsPopupConfirmButton).click().then(() => {\n                  cy.get(attackTreeSelector.attackTreeDialogLoadedTreeButton).invoke('text').should('include', 'Save As Automation');\n                  cy.get(attackTreeSelector.attackTreeDialogCanvasElement).eq(0).should('exist');\n                  cy.get(attackTreeSelector.attackTreeDialogCanvasElement).eq(1).should('exist');\n                });\n              });\n            });\n          });\n        });\n      });\n    });\n  });\n});",
              "err": {},
              "uuid": "1aa8afe8-6ac3-425e-b9fc-a998300d0f70",
              "parentUUID": "1eddc9cc-0437-4b05-a2e8-c439e2936a8d",
              "isHook": false,
              "skipped": false
            },
            {
              "title": "Confirm Button Functionality Test when Panel is “Loaded”(MAIN-TC-2033)",
              "fullTitle": "Attack Tree Confirm Button Functionality Test when Panel is “Loaded”(MAIN-TC-2033)",
              "timedOut": null,
              "duration": 21849,
              "state": "passed",
              "speed": "slow",
              "pass": true,
              "fail": false,
              "pending": false,
              "context": null,
              "code": "cy.visit(Cypress.env('baseURL') + '/threats').then(() => {\n  cy.get(threatListViewSelector.attackTreeButton).click().then(() => {\n    cy.get(attackTreeSelector.attackTreeDialogTreeButton).eq(1).click().then(() => {\n      cy.get(attackTreeSelector.attackTreeDialogTreeDropDownLoadTree).click().then(() => {\n        cy.get(attackTreeSelector.attackTreeDialogLoadTreeSelectTree).click().then(() => {\n          cy.get(attackTreeSelector.attackTreeDialogLoadTreePopupConfirmButton).click().then(() => {\n            cy.get(attackTreeSelector.attackTreeDialogNode).eq(0).realClick({\n              force: true\n            }).realMouseDown().realMouseMove(50, -200).get(attackTreeSelector.attackTreeDialogCanvas).realMouseUp();\n          }).then(() => {\n            cy.get(attackTreeSelector.attackTreeDialogTreeButton).eq(1).click().then(() => {\n              cy.get(attackTreeSelector.attackTreeDialogTreeDropDownLoadTree).click().then(() => {\n                cy.get(attackTreeSelector.attackTreeDialogLoadTreePopup).should('exist');\n                cy.get(attackTreeSelector.attackTreeDialogLoadTreePopupConfirmButton).should('exist').should('be.enabled');\n                cy.get(attackTreeSelector.attackTreeDialogLoadTreePopupCancelButton).click();\n              });\n            });\n            cy.get(attackTreeSelector.attackTreeDialogTreeButton).eq(1).click().then(() => {\n              cy.get(attackTreeSelector.attackTreeDialogTreeDropDownSaveTree).click().then(() => {\n                cy.get(attackTreeSelector.attackTreeDialogLoadTreePopup).should('exist');\n                cy.get(attackTreeSelector.attackTreeDialogLoadTreePopupConfirmButton).should('exist').should('be.enabled');\n                cy.get(attackTreeSelector.attackTreeDialogLoadTreePopupCancelButton).click();\n              });\n            });\n          });\n          cy.get(attackTreeSelector.attackTreeDialogTreeButton).eq(1).click().then(() => {\n            cy.get(attackTreeSelector.attackTreeDialogTreeDropDownNewTree).click().then(() => {\n              cy.get(attackTreeSelector.attackTreeDialogLoadTreePopup).should('exist');\n              cy.get(attackTreeSelector.attackTreeDialogLoadTreePopupConfirmButton).click().then(() => {\n                (0, _cypressRecurse.recurse)(() => cy.get(attackTreeSelector.attackTreeDialogNewTreePopupName).clear().type('New Tree'), $inputField => $inputField.val() == 'New Tree', {\n                  delay: 1000\n                });\n                cy.get(attackTreeSelector.attackTreeDialogNewTreePopupConfirmButton).click();\n                cy.get(attackTreeSelector.attackTreeDialogCanvasElement).eq(0).should('not.be.visible');\n                cy.get(attackTreeSelector.attackTreeDialogCanvasElement).eq(1).should('not.be.visible');\n              });\n            });\n          });\n        });\n      });\n    });\n  });\n});",
              "err": {},
              "uuid": "29e6d1d1-9ec9-4c59-86b7-a5fceb973523",
              "parentUUID": "1eddc9cc-0437-4b05-a2e8-c439e2936a8d",
              "isHook": false,
              "skipped": false
            },
            {
              "title": "Panel State Verification Test when changes are unsaved(MAIN-TC-2035)",
              "fullTitle": "Attack Tree Panel State Verification Test when changes are unsaved(MAIN-TC-2035)",
              "timedOut": null,
              "duration": 16039,
              "state": "passed",
              "speed": "slow",
              "pass": true,
              "fail": false,
              "pending": false,
              "context": null,
              "code": "cy.visit(Cypress.env('baseURL') + '/threats').then(() => {\n  cy.get(threatListViewSelector.attackTreeButton).click({\n    force: true\n  }).then(() => {\n    cy.get(attackTreeSelector.attackTreeDialogTreeButton).eq(1).click().then(() => {\n      cy.get(attackTreeSelector.attackTreeDialogTreeDropDownLoadTree).click().then(() => {\n        cy.get(attackTreeSelector.attackTreeDialogLoadTreeSelectTree).click().then(() => {\n          cy.get(attackTreeSelector.attackTreeDialogLoadTreePopupConfirmButton).click().then(() => {\n            cy.get(attackTreeSelector.attackTreeDialogLoadedTreeButton).invoke('text').should('include', 'Automation Tree');\n            cy.get(attackTreeSelector.attackTreeDialogSaveIcon).should('exist');\n            cy.get(attackTreeSelector.attackTreeDialogFooter).should('exist');\n            cy.get(attackTreeSelector.attackTreeDialogTreeButton).eq(1).click().then(() => {\n              cy.get(attackTreeSelector.attackTreeDialogTreeDropDownSaveTree).should('be.enabled');\n              cy.get(attackTreeSelector.attackTreeDialogTreeDropDownChange).should('be.enabled');\n            });\n          });\n        });\n      });\n    });\n  });\n});",
              "err": {},
              "uuid": "7c394a32-f03d-4710-9bd6-70e781ffd160",
              "parentUUID": "1eddc9cc-0437-4b05-a2e8-c439e2936a8d",
              "isHook": false,
              "skipped": false
            },
            {
              "title": "Verify 4 Components in Footer (MAIN-TC-2036)",
              "fullTitle": "Attack Tree Verify 4 Components in Footer (MAIN-TC-2036)",
              "timedOut": null,
              "duration": 13511,
              "state": "passed",
              "speed": "slow",
              "pass": true,
              "fail": false,
              "pending": false,
              "context": null,
              "code": "cy.visit(Cypress.env('baseURL') + '/threats').then(() => {\n  cy.get(threatListViewSelector.attackTreeButton).click({\n    force: true\n  }).then(() => {\n    cy.get(attackTreeSelector.attackTreeDialogTreeButton).eq(1).click({\n      force: true\n    }).then(() => {\n      cy.get(attackTreeSelector.attackTreeDialogTreeDropDownLoadTree).click().then(() => {\n        cy.get(attackTreeSelector.attackTreeDialogLoadTreeSelectTree).click().then(() => {\n          cy.get(attackTreeSelector.attackTreeDialogLoadTreePopupConfirmButton).click().then(() => {\n            cy.get(attackTreeSelector.attackTreeDialogAND).should('exist');\n            cy.get(attackTreeSelector.attackTreeDialogOR).should('exist');\n            cy.get(attackTreeSelector.attackTreeDialogNode).should('exist');\n            cy.get(attackTreeSelector.attackTreeDialogSAND).should('exist');\n          });\n        });\n      });\n    });\n  });\n});",
              "err": {},
              "uuid": "970f4dfb-27ab-4faa-bb04-9bd8b5a4bf96",
              "parentUUID": "1eddc9cc-0437-4b05-a2e8-c439e2936a8d",
              "isHook": false,
              "skipped": false
            },
            {
              "title": "Components of Node on Canvas(MAIN-TC-2037, MAIN-TC-2038)",
              "fullTitle": "Attack Tree Components of Node on Canvas(MAIN-TC-2037, MAIN-TC-2038)",
              "timedOut": null,
              "duration": 12556,
              "state": "passed",
              "speed": "slow",
              "pass": true,
              "fail": false,
              "pending": false,
              "context": null,
              "code": "cy.visit(Cypress.env('baseURL') + '/threats').then(() => {\n  cy.get(threatListViewSelector.attackTreeButton).click({\n    force: true\n  }).then(() => {\n    cy.get(attackTreeSelector.attackTreeDialogTreeButton).eq(1).click().then(() => {\n      cy.get(attackTreeSelector.attackTreeDialogTreeDropDownLoadTree).click().then(() => {\n        cy.get(attackTreeSelector.attackTreeDialogLoadTreeSelectTree).click().then(() => {\n          cy.get(attackTreeSelector.attackTreeDialogLoadTreePopupConfirmButton).click().then(() => {\n            cy.get(attackTreeSelector.attackTreeDialogNode).eq(0).realClick({\n              force: true\n            }).realMouseDown().realMouseMove(50, -200).get(attackTreeSelector.attackTreeDialogCanvas).realMouseUp().then(() => {\n              cy.get(attackTreeSelector.attackTreeDialogCanvasComponentLogo).should('exist');\n              cy.get(attackTreeSelector.attackTreeDialogCanvasComponentName).should('exist');\n              cy.get(attackTreeSelector.attackTreeDialogCanvasComponent3Dots).should('exist');\n              cy.get(attackTreeSelector.attackTreeDialogCanvasComponentNodeText).should('exist');\n            });\n          });\n        });\n      });\n    });\n  });\n});",
              "err": {},
              "uuid": "86ce51aa-ea60-4619-a6b0-8b0351665de8",
              "parentUUID": "1eddc9cc-0437-4b05-a2e8-c439e2936a8d",
              "isHook": false,
              "skipped": false
            },
            {
              "title": "Dragging multiple nodes on Canvas(MAIN-TC-2039)",
              "fullTitle": "Attack Tree Dragging multiple nodes on Canvas(MAIN-TC-2039)",
              "timedOut": null,
              "duration": 21881,
              "state": "passed",
              "speed": "slow",
              "pass": true,
              "fail": false,
              "pending": false,
              "context": null,
              "code": "cy.visit(Cypress.env('baseURL') + '/threats').then(() => {\n  cy.get(threatListViewSelector.attackTreeButton).click({\n    force: true\n  }).then(() => {\n    cy.get(attackTreeSelector.attackTreeDialogTreeButton).eq(1).click().then(() => {\n      cy.get(attackTreeSelector.attackTreeDialogTreeDropDownLoadTree).click().then(() => {\n        cy.get(attackTreeSelector.attackTreeDialogLoadTreeSelectTree).click().then(() => {\n          cy.get(attackTreeSelector.attackTreeDialogLoadTreePopupConfirmButton).click().then(() => {\n            cy.get(attackTreeSelector.attackTreeDialogNode).eq(0).realClick({\n              force: true\n            }).realMouseDown().realMouseMove(80, -500).get(attackTreeSelector.attackTreeDialogCanvas).realMouseUp().then(() => {\n              cy.get(attackTreeSelector.attackTreeDialogLoadTreeEmptyMessage).should('exist').invoke('text').should('include', 'Only 1 root node is allowed');\n            });\n          });\n        });\n      });\n    });\n  });\n});",
              "err": {},
              "uuid": "cc09918b-c40c-4897-bc7a-ca9bd4fcdb07",
              "parentUUID": "1eddc9cc-0437-4b05-a2e8-c439e2936a8d",
              "isHook": false,
              "skipped": false
            },
            {
              "title": "Automatic NodeText Assignment Test(MAIN-TC-2041)",
              "fullTitle": "Attack Tree Automatic NodeText Assignment Test(MAIN-TC-2041)",
              "timedOut": null,
              "duration": 19480,
              "state": "passed",
              "speed": "slow",
              "pass": true,
              "fail": false,
              "pending": false,
              "context": null,
              "code": "cy.visit(Cypress.env('baseURL') + '/threats').then(() => {\n  cy.get(threatListViewSelector.attackTreeButton).click().then(() => {\n    cy.get(attackTreeSelector.attackTreeDialogTreeButton).eq(1).click().then(() => {\n      cy.get(attackTreeSelector.attackTreeDialogTreeDropDownNewTree).click().then(() => {\n        (0, _cypressRecurse.recurse)(() => cy.get(attackTreeSelector.attackTreeDialogNewTreePopupName).clear().type('Automation Tree'), $inputField => $inputField.val() == 'Automation Tree', {\n          delay: 1000\n        }).then(() => {\n          cy.get(attackTreeSelector.attackTreeDialogNewTreePopupConfirmButton).click().then(() => {\n            cy.wait(3000);\n            cy.get(attackTreeSelector.attackTreeDialogNode).eq(0).realClick({\n              force: true\n            }).realMouseDown().realMouseMove(50, -300).get(attackTreeSelector.attackTreeDialogCanvas).realMouseUp().then(() => {\n              cy.wait(3000);\n              cy.get(attackTreeSelector.attackTreeDialogNode).eq(1).realClick({\n                force: true\n              }).realMouseDown().realMouseMove(0, -300).get(attackTreeSelector.attackTreeDialogCanvas).realMouseUp().then(() => {\n                cy.get(attackTreeSelector.attackTreeDialogCanvasComponentName).eq(0).invoke('text').should('contain', 'Node');\n                cy.get(attackTreeSelector.attackTreeDialogCanvasComponentNodeText).eq(0).invoke('text').should('contain', 'Node1');\n                cy.get(attackTreeSelector.attackTreeDialogCanvasComponentName).eq(1).invoke('text').should('contain', 'OR');\n                cy.get(attackTreeSelector.attackTreeDialogCanvasComponentNodeText).eq(1).invoke('text').should('contain', 'OR2');\n              });\n            });\n          });\n        });\n      });\n    });\n  });\n});",
              "err": {},
              "uuid": "b8419e20-a23b-40bd-b239-15ebce5a6f33",
              "parentUUID": "1eddc9cc-0437-4b05-a2e8-c439e2936a8d",
              "isHook": false,
              "skipped": false
            },
            {
              "title": "Canvas Component Menu Test (MAIN-TC-2042)",
              "fullTitle": "Attack Tree Canvas Component Menu Test (MAIN-TC-2042)",
              "timedOut": null,
              "duration": 22272,
              "state": "passed",
              "speed": "slow",
              "pass": true,
              "fail": false,
              "pending": false,
              "context": null,
              "code": "cy.visit(Cypress.env('baseURL') + '/threats').then(() => {\n  cy.get(threatListViewSelector.attackTreeButton).click({\n    force: true\n  }).then(() => {\n    cy.get(attackTreeSelector.attackTreeDialogTreeButton).eq(1).click().then(() => {\n      cy.get(attackTreeSelector.attackTreeDialogTreeDropDownLoadTree).click().then(() => {\n        cy.get(attackTreeSelector.attackTreeDialogLoadTreeSelectTree).click().then(() => {\n          cy.get(attackTreeSelector.attackTreeDialogLoadTreePopupConfirmButton).click().then(() => {\n            cy.get(attackTreeSelector.attackTreeDialogCanvasComponent3Dots).eq(0).click().then(() => {\n              cy.get(attackTreeSelector.attackTreeCanvasComponentMenuNodeTextOption).should('exist');\n              cy.get(attackTreeSelector.attackTreeCanvasComponentMenuDeleteTypeOption).should('exist');\n              cy.get(attackTreeSelector.attackTreeCanvasComponentMenuChangeTypeOption).should('exist');\n            });\n          });\n        });\n      });\n    });\n  });\n});",
              "err": {},
              "uuid": "6c806782-4a2e-475a-8a0c-54561bf20d7d",
              "parentUUID": "1eddc9cc-0437-4b05-a2e8-c439e2936a8d",
              "isHook": false,
              "skipped": false
            }
          ],
          "suites": [],
          "passes": [
            "bbae7ef7-5247-442c-9e99-0aeec13bf197",
            "1aa8afe8-6ac3-425e-b9fc-a998300d0f70",
            "29e6d1d1-9ec9-4c59-86b7-a5fceb973523",
            "7c394a32-f03d-4710-9bd6-70e781ffd160",
            "970f4dfb-27ab-4faa-bb04-9bd8b5a4bf96",
            "86ce51aa-ea60-4619-a6b0-8b0351665de8",
            "cc09918b-c40c-4897-bc7a-ca9bd4fcdb07",
            "b8419e20-a23b-40bd-b239-15ebce5a6f33",
            "6c806782-4a2e-475a-8a0c-54561bf20d7d"
          ],
          "failures": [],
          "pending": [],
          "skipped": [],
          "duration": 224492,
          "root": false,
          "rootEmpty": false,
          "_timeout": 2000
        },
        {
          "uuid": "2a2303a3-3ccc-464c-8131-93a3fbb35609",
          "title": "CLEANUP: Project Deletion",
          "fullFile": "",
          "file": "",
          "beforeHooks": [],
          "afterHooks": [],
          "tests": [
            {
              "title": "Deleting The Project If Created",
              "fullTitle": "CLEANUP: Project Deletion Deleting The Project If Created",
              "timedOut": null,
              "duration": 27235,
              "state": "passed",
              "speed": "slow",
              "pass": true,
              "fail": false,
              "pending": false,
              "context": null,
              "code": "cy.viewport(1920, 1080);\ncy.login().then(() => {\n  cy.visit(Cypress.env('baseURL') + '/dashboard').then(() => {\n    cy.wait(1000);\n    cy.get(navBarSelector.navBarProjectButton).should('be.visible').then(() => {\n      cy.get(navBarSelector.navBarProjectButton).click();\n    }).then(() => {\n      cy.get(navBarSelector.projectListDeleteProjectButton).click();\n    }).then(() => {\n      cy.wait(1000);\n      cy.contains(projectName).then($element => {\n        if ($element.length) {\n          //project exists\n          cy.deleteProject(projectName);\n        }\n      });\n    });\n  });\n});",
              "err": {},
              "uuid": "380cfa6e-a8d2-48a1-894f-5a07a7e7305b",
              "parentUUID": "2a2303a3-3ccc-464c-8131-93a3fbb35609",
              "isHook": false,
              "skipped": false
            }
          ],
          "suites": [],
          "passes": [
            "380cfa6e-a8d2-48a1-894f-5a07a7e7305b"
          ],
          "failures": [],
          "pending": [],
          "skipped": [],
          "duration": 27235,
          "root": false,
          "rootEmpty": false,
          "_timeout": 2000
        }
      ],
      "passes": [],
      "failures": [],
      "pending": [],
      "skipped": [],
      "duration": 0,
      "root": true,
      "rootEmpty": true,
      "_timeout": 2000
    }
  ],
  "meta": {
    "mocha": {
      "version": "7.0.1"
    },
    "mochawesome": {
      "options": {
        "quiet": true,
        "reportFilename": "mochawesome",
        "saveHtml": false,
        "saveJson": true,
        "consoleReporter": "spec",
        "useInlineDiffs": false,
        "code": true
      },
      "version": "6.3.1"
    },
    "marge": {
      "options": {
        "reportDir": "cypress\\reports\\.jsons",
        "overwrite": false,
        "html": false,
        "json": true,
        "timestamp": true,
        "reportTitle": "Vultara Automation Test",
        "showPassed": true,
        "showFailed": true,
        "showPending": true,
        "showSkipped": false,
        "browser": "all",
        "quiet": true
      },
      "version": "5.2.0"
    }
  }
}