{
  "stats": {
    "suites": 1,
    "tests": 10,
    "passes": 10,
    "pending": 0,
    "failures": 0,
    "start": "2024-02-13T10:33:22.832Z",
    "end": "2024-02-13T10:37:24.909Z",
    "duration": 242077,
    "testsRegistered": 10,
    "passPercent": 100,
    "pendingPercent": 0,
    "other": 0,
    "hasOther": false,
    "skipped": 0,
    "hasSkipped": false
  },
  "results": [
    {
      "uuid": "42c8b24c-5810-481f-b803-b34cc7df34e0",
      "title": "",
      "fullFile": "cypress\\e2e\\Threat-Generation\\attack-path.cy.js",
      "file": "cypress\\e2e\\Threat-Generation\\attack-path.cy.js",
      "beforeHooks": [],
      "afterHooks": [],
      "tests": [],
      "suites": [
        {
          "uuid": "457271b0-670f-4c76-8eba-4bf1817133cc",
          "title": "Attack Path",
          "fullFile": "",
          "file": "",
          "beforeHooks": [],
          "afterHooks": [],
          "tests": [
            {
              "title": "Placing Component",
              "fullTitle": "Attack Path Placing Component",
              "timedOut": null,
              "duration": 45756,
              "state": "passed",
              "speed": "slow",
              "pass": true,
              "fail": false,
              "pending": false,
              "context": null,
              "code": "cy.visit(Cypress.env('baseURL') + '/modeling');\ncy.wait(3000);\nconst dataTransfer = new DataTransfer();\ncy.get(modelingViewSelector.componentLibraryMicrocontroller).trigger('dragstart', {\n  dataTransfer,\n  force: true\n});\ncy.get(modelingViewSelector.modelingViewCanvas).trigger('drop', {\n  dataTransfer,\n  force: true,\n  clientX: 250,\n  clientY: 250\n});\ncy.wait(500);\ncy.get(modelingViewSelector.componentLibraryMicrocontroller).trigger('dragstart', {\n  dataTransfer,\n  force: true\n});\ncy.get(modelingViewSelector.modelingViewCanvas).trigger('drop', {\n  dataTransfer,\n  force: true,\n  clientX: 350,\n  clientY: 250\n});\ncy.get(modelingViewSelector.componentLibraryCommunicationLine).trigger('dragstart', {\n  dataTransfer,\n  force: true\n});\ncy.get(modelingViewSelector.modelingViewCanvas).trigger('drop', {\n  dataTransfer,\n  force: true,\n  clientX: 450,\n  clientY: 250\n});\ncy.wait(200);\ncy.get(modelingViewSelector.modelingViewSaveIcon).click();\ncy.wait(1000);",
              "err": {},
              "uuid": "826da362-2deb-4803-a18b-a4d710178388",
              "parentUUID": "457271b0-670f-4c76-8eba-4bf1817133cc",
              "isHook": false,
              "skipped": false
            },
            {
              "title": "Generating Threats",
              "fullTitle": "Attack Path Generating Threats",
              "timedOut": null,
              "duration": 25128,
              "state": "passed",
              "speed": "slow",
              "pass": true,
              "fail": false,
              "pending": false,
              "context": null,
              "code": "cy.visit(Cypress.env('baseURL') + '/threats'); // Go to Threats Page\ncy.wait(2000);\nfor (let i = 1; i < 6; i++) {\n  cy.getCookie('accessToken').then(cookie => {\n    if (cookie) {\n      const cookieValue = cookie.value;\n      // Make the API request to generate threats\n      cy.request({\n        url: `${Cypress.env('apiURL')}/projects/threatsDb`,\n        method: 'POST',\n        body: {\n          threat: {\n            threatRowNumber: i,\n            id: \"threatid\" + i,\n            projectId: projectId,\n            asset: \"Asset Test \" + i,\n            threatScenario: \"Threat Scenario \" + i,\n            attackPathName: \"Attack Path Name \" + i,\n            damageScenario: \"Damage Scenario \" + i,\n            impactF: i,\n            impacctO: i,\n            riskLevel: i,\n            riskScore: i,\n            treatment: \"no treatment\",\n            securityPropertyCia: \"c\"\n          }\n        }\n      });\n    }\n  });\n}\ncy.reload();\ncy.wait(500);",
              "err": {},
              "uuid": "04741cd7-8f0b-4e1c-9afe-04e234ee9b3f",
              "parentUUID": "457271b0-670f-4c76-8eba-4bf1817133cc",
              "isHook": false,
              "skipped": false
            },
            {
              "title": "Component Drop down (MAIN-TC-1559, MAIN-TC-1560, MAIN-TC-1602, MAIN-TC-1692)",
              "fullTitle": "Attack Path Component Drop down (MAIN-TC-1559, MAIN-TC-1560, MAIN-TC-1602, MAIN-TC-1692)",
              "timedOut": null,
              "duration": 19782,
              "state": "passed",
              "speed": "slow",
              "pass": true,
              "fail": false,
              "pending": false,
              "context": null,
              "code": "cy.visit(Cypress.env('baseURL') + '/threats');\ncy.get(threatListViewSelector.threatListViewAttackPathTextArea).click();\ncy.get(threatListViewSelector.threatListViewAttackPathDialog).should('exist');\ncy.get(attackPathPopupSelector.attackPathDialogTitleHeader).invoke('text').should('include', 'Threat # 1');\ncy.get(attackPathPopupSelector.attackPathDialogAddStepButton).click();\ncy.get(attackPathPopupSelector.attackPathDialogStepComponent).eq(0).click();\ncy.get(attackPathPopupSelector.attackPathDialogComponentSelectPanel).should('exist');\ncy.get(threatListViewSelector.componentSelectPanelStepOneOption).click();\ncy.get(attackPathPopupSelector.attackPathDialogDeleteButton).click();\ncy.get(navBarSelector.confirmDialogueParagraph).invoke('text').should('include', 'Step #1');\ncy.get(navBarSelector.confirmDialogueCancelButton).click();\ncy.get(navBarSelector.confirmDialogueConfirmButton).click();\ncy.wait(1000);",
              "err": {},
              "uuid": "7fe78bc4-d97e-4bf6-ad68-f0d6c5c2a864",
              "parentUUID": "457271b0-670f-4c76-8eba-4bf1817133cc",
              "isHook": false,
              "skipped": false
            },
            {
              "title": "Steps in Attack Path (MAIN-TC-1561, MAIN-TC-1565, MAIN-TC-1622)",
              "fullTitle": "Attack Path Steps in Attack Path (MAIN-TC-1561, MAIN-TC-1565, MAIN-TC-1622)",
              "timedOut": null,
              "duration": 17365,
              "state": "passed",
              "speed": "slow",
              "pass": true,
              "fail": false,
              "pending": false,
              "context": null,
              "code": "cy.visit(Cypress.env('baseURL') + '/threats');\ncy.get(threatListViewSelector.threatListViewAttackPathTextArea).click();\ncy.get(threatListViewSelector.threatListViewAttackPathDialog).should('exist');\ncy.get(attackPathPopupSelector.attackPathDialogStepOneTableData).invoke('text').should('contain', '1');\ncy.get(attackPathPopupSelector.attackPathDialogAddStepButton).click();\ncy.get(attackPathPopupSelector.attackPathDialogStepComponent).eq(1).click();\ncy.get(threatListViewSelector.componentSelectPanelStepTwoOption).click();\ncy.get(attackPathPopupSelector.attackPathDialogStepTwoTableData).invoke('text').should('contain', '2');\n//cy.get('.mdc-button__label').contains('Confirm').click();",
              "err": {},
              "uuid": "eeef1b3b-7627-4e61-bfad-90598bc9643c",
              "parentUUID": "457271b0-670f-4c76-8eba-4bf1817133cc",
              "isHook": false,
              "skipped": false
            },
            {
              "title": "Description in Attack Path (MAIN-TC-1563)",
              "fullTitle": "Attack Path Description in Attack Path (MAIN-TC-1563)",
              "timedOut": null,
              "duration": 21255,
              "state": "passed",
              "speed": "slow",
              "pass": true,
              "fail": false,
              "pending": false,
              "context": null,
              "code": "cy.visit(Cypress.env('baseURL') + '/threats');\ncy.get(threatListViewSelector.threatListViewAttackPathTextArea).click();\ncy.get(attackPathPopupSelector.attackPathDialogDescriptionEmptyTextArea).type(\"Testing the Description\");\ncy.get(navBarSelector.confirmDialogueConfirmButton).click();\ncy.get(threatListViewSelector.threatListViewAttackPathColumn).should('have.value', 'Testing the Description');",
              "err": {},
              "uuid": "25b7f6c0-a162-461a-8d4c-490f757921a6",
              "parentUUID": "457271b0-670f-4c76-8eba-4bf1817133cc",
              "isHook": false,
              "skipped": false
            },
            {
              "title": "Reviewed Threat (MAIN-TC-1566, MAIN-TC-1696,MAIN-TC-1697)",
              "fullTitle": "Attack Path Reviewed Threat (MAIN-TC-1566, MAIN-TC-1696,MAIN-TC-1697)",
              "timedOut": null,
              "duration": 19482,
              "state": "passed",
              "speed": "slow",
              "pass": true,
              "fail": false,
              "pending": false,
              "context": null,
              "code": "cy.visit(Cypress.env('baseURL') + '/threats').then(() => {\n  cy.wait(3000);\n  cy.get(threatListViewSelector.threatListViewReviewCheckBox).check(); // to mark it reviewed\n  cy.wait(500);\n  cy.get(threatListViewSelector.threatListViewReviewCheckBox).check(); // to mark it reviewed\n  cy.get(threatListViewSelector.threatListViewAttackPathTextArea).click();\n  cy.get(attackPathPopupSelector.attackPathDialogStepComponent).eq(0).click();\n  cy.get(threatListViewSelector.componentSelectPanelStepTwoOption).should('not.exist'); //Component Drop down not be shown\n  cy.get(attackPathPopupSelector.attackPathDialogDescriptionFilledTextArea).click();\n  cy.get(attackPathPopupSelector.attackPathDialogDescriptionPopUp).should('not.exist');\n});",
              "err": {},
              "uuid": "44219227-f702-4715-9952-4ab6bd0172c2",
              "parentUUID": "457271b0-670f-4c76-8eba-4bf1817133cc",
              "isHook": false,
              "skipped": false
            },
            {
              "title": "New Fields in Attack Path & No of Threats (MAIN-TC-1603, MAIN-TC-1619)",
              "fullTitle": "Attack Path New Fields in Attack Path & No of Threats (MAIN-TC-1603, MAIN-TC-1619)",
              "timedOut": null,
              "duration": 16512,
              "state": "passed",
              "speed": "slow",
              "pass": true,
              "fail": false,
              "pending": false,
              "context": null,
              "code": "cy.visit(Cypress.env('baseURL') + '/threats');\ncy.wait(1000);\ncy.get(threatListViewSelector.threatListViewAttackPathTextArea).click();\ncy.get(attackPathPopupSelector.attackPathDialogComponentTableHeader).should('exist');\ncy.get(attackPathPopupSelector.attackPathDialogStepTableHeader).should('exist');\ncy.get(attackPathPopupSelector.attackPathDialogDescriptionTableHeader).should('exist');\n//cy.get('tr.mat-mdc-row').its('length').as('original_row');\ncy.get(attackPathPopupSelector.attackPathDialogStepCount).invoke('text').should('include', \"1\"); //as we have only 1 step",
              "err": {},
              "uuid": "7ea4b503-2d51-41f7-a9b3-0be6bbce0fe8",
              "parentUUID": "457271b0-670f-4c76-8eba-4bf1817133cc",
              "isHook": false,
              "skipped": false
            },
            {
              "title": "Step is unaccessible (MAIN-TC-1624)",
              "fullTitle": "Attack Path Step is unaccessible (MAIN-TC-1624)",
              "timedOut": null,
              "duration": 18481,
              "state": "passed",
              "speed": "slow",
              "pass": true,
              "fail": false,
              "pending": false,
              "context": null,
              "code": "cy.visit(Cypress.env('baseURL') + '/threats');\ncy.wait(1000);\ncy.get(threatListViewSelector.threatListViewAttackPathTextArea).click();\ncy.get(attackPathPopupSelector.attackPathDialogStepOneTableData).should('not.be.enabled');",
              "err": {},
              "uuid": "223fcf9b-3ed1-49e0-b781-86a711c467b0",
              "parentUUID": "457271b0-670f-4c76-8eba-4bf1817133cc",
              "isHook": false,
              "skipped": false
            },
            {
              "title": "Adding a New Step and Confirm Button (MAIN-TC-1694,MAIN-TC-1696, MAIN-TC-1803)",
              "fullTitle": "Attack Path Adding a New Step and Confirm Button (MAIN-TC-1694,MAIN-TC-1696, MAIN-TC-1803)",
              "timedOut": null,
              "duration": 20982,
              "state": "passed",
              "speed": "slow",
              "pass": true,
              "fail": false,
              "pending": false,
              "context": null,
              "code": "cy.visit(Cypress.env('baseURL') + '/threats');\ncy.wait(1000);\ncy.get(threatListViewSelector.threatListViewAttackPathTextArea).click();\ncy.get(attackPathPopupSelector.attackPathDialogAddStepButton).click();\ncy.get(attackPathPopupSelector.attackPathDialogStepComponent).eq(1).should('have.value', '');\ncy.get(attackPathPopupSelector.attackPathDialogDescriptionFilledTextArea).should('have.value', '');\ncy.get(navBarSelector.confirmDialogueConfirmButton).should('not.be.enabled');\ncy.get(attackPathPopupSelector.attackPathDialogStepComponent).eq(1).click();\ncy.get(threatListViewSelector.componentSelectPanelStepTwoOption).click();\ncy.get(navBarSelector.confirmDialogueConfirmButton).should('not.be.disabled');",
              "err": {},
              "uuid": "2c4f6203-c369-4f21-a926-b229cbd44d2f",
              "parentUUID": "457271b0-670f-4c76-8eba-4bf1817133cc",
              "isHook": false,
              "skipped": false
            },
            {
              "title": "Deleting the Project",
              "fullTitle": "Attack Path Deleting the Project",
              "timedOut": null,
              "duration": 25632,
              "state": "passed",
              "speed": "slow",
              "pass": true,
              "fail": false,
              "pending": false,
              "context": null,
              "code": "cy.deleteProject(projectName);",
              "err": {},
              "uuid": "2b24861e-4f40-4708-a566-7aa438f2e12b",
              "parentUUID": "457271b0-670f-4c76-8eba-4bf1817133cc",
              "isHook": false,
              "skipped": false
            }
          ],
          "suites": [],
          "passes": [
            "826da362-2deb-4803-a18b-a4d710178388",
            "04741cd7-8f0b-4e1c-9afe-04e234ee9b3f",
            "7fe78bc4-d97e-4bf6-ad68-f0d6c5c2a864",
            "eeef1b3b-7627-4e61-bfad-90598bc9643c",
            "25b7f6c0-a162-461a-8d4c-490f757921a6",
            "44219227-f702-4715-9952-4ab6bd0172c2",
            "7ea4b503-2d51-41f7-a9b3-0be6bbce0fe8",
            "223fcf9b-3ed1-49e0-b781-86a711c467b0",
            "2c4f6203-c369-4f21-a926-b229cbd44d2f",
            "2b24861e-4f40-4708-a566-7aa438f2e12b"
          ],
          "failures": [],
          "pending": [],
          "skipped": [],
          "duration": 230375,
          "root": false,
          "rootEmpty": false,
          "_timeout": 2000
        }
      ],
      "passes": [],
      "failures": [],
      "pending": [],
      "skipped": [],
      "duration": 0,
      "root": true,
      "rootEmpty": true,
      "_timeout": 2000
    }
  ],
  "meta": {
    "mocha": {
      "version": "7.0.1"
    },
    "mochawesome": {
      "options": {
        "quiet": true,
        "reportFilename": "mochawesome",
        "saveHtml": false,
        "saveJson": true,
        "consoleReporter": "spec",
        "useInlineDiffs": false,
        "code": true
      },
      "version": "6.3.1"
    },
    "marge": {
      "options": {
        "reportDir": "cypress\\reports\\.jsons",
        "overwrite": false,
        "html": false,
        "json": true,
        "timestamp": true,
        "reportTitle": "Vultara Automation Test",
        "showPassed": true,
        "showFailed": true,
        "showPending": true,
        "showSkipped": false,
        "browser": "all",
        "quiet": true
      },
      "version": "5.2.0"
    }
  }
}