{
  "stats": {
    "suites": 1,
    "tests": 1,
    "passes": 0,
    "pending": 0,
    "failures": 1,
    "start": "2024-01-31T02:28:58.432Z",
    "end": "2024-01-31T02:29:50.242Z",
    "duration": 51810,
    "testsRegistered": 4,
    "passPercent": 0,
    "pendingPercent": 0,
    "other": 0,
    "hasOther": false,
    "skipped": 3,
    "hasSkipped": true
  },
  "results": [
    {
      "uuid": "aaba7334-1166-4d21-928a-63393d5d7494",
      "title": "",
      "fullFile": "cypress\\e2e\\modeling-view\\model-creation-threat-generation.cy.js",
      "file": "cypress\\e2e\\modeling-view\\model-creation-threat-generation.cy.js",
      "beforeHooks": [],
      "afterHooks": [],
      "tests": [],
      "suites": [
        {
          "uuid": "09262d51-49f1-4613-9c0f-37e6f7775223",
          "title": "Modeling Automation",
          "fullFile": "",
          "file": "",
          "beforeHooks": [],
          "afterHooks": [],
          "tests": [
            {
              "title": "Test Case 1: Creating a new Model (MAIN-TC-789, MAIN-TC-790, MAIN-TC-792, MAIN-TC-785, MAIN-TC-151)",
              "fullTitle": "Modeling Automation Test Case 1: Creating a new Model (MAIN-TC-789, MAIN-TC-790, MAIN-TC-792, MAIN-TC-785, MAIN-TC-151)",
              "timedOut": null,
              "duration": 44204,
              "state": "failed",
              "speed": null,
              "pass": false,
              "fail": true,
              "pending": false,
              "context": "{\n  \"title\": \"cypress-mochawesome-reporter-screenshots\",\n  \"value\": [\n    [\n      {\n        \"title\": \"Failed screenshot\",\n        \"value\": \"\\\\model-creation-threat-generation.cy.js\\\\Modeling Automation -- Test Case 1 Creating a new Model (MAIN-TC-789, MAIN-TC-790, MAIN-TC-792, MAIN-TC-785, MAIN-TC-151) -- before all hook Test Case 1 Creating a new Project(MAIN-TC-1765) (failed) (1).png\"\n      }\n    ]\n  ]\n}",
              "code": "// Open Modeling Page\ncy.visit(Cypress.env(\"baseURL\") + \"/modeling\");\ncy.url().should('contain', '/modeling'); // Assertion to check if modeling page is opened\n// Working on Drag and Drop\ncy.wait(1000);\n// Get the source element you want to drag\nconst dataTransfer = new DataTransfer();\ncy.get(modelingViewSelector.componentLibraryMicrocontroller, {\n  timeout: 15000\n}).trigger('dragstart', {\n  dataTransfer,\n  force: true\n}).then(() => {\n  cy.get(modelingViewSelector.modelingViewCanvas, {\n    timeout: 10000\n  }).trigger('drop', {\n    dataTransfer,\n    force: true,\n    clientX: 400,\n    clientY: 400\n  });\n}).then(() => {\n  // Continue chaining other actions as needed\n  cy.get(modelingViewSelector.componentLibraryModule, {\n    timeout: 10000\n  }).trigger('dragstart', {\n    dataTransfer,\n    force: true\n  });\n  cy.get(modelingViewSelector.modelingViewCanvas, {\n    timeout: 10000\n  }).trigger('drop', {\n    dataTransfer,\n    force: true,\n    clientX: 800,\n    clientY: 400\n  });\n}).then(() => {\n  cy.get(modelingViewSelector.componentLibraryUserAttacker, {\n    timeout: 10000\n  }).trigger('dragstart', {\n    dataTransfer,\n    force: true\n  });\n  cy.get(modelingViewSelector.modelingViewCanvas).trigger('drop', {\n    dataTransfer,\n    force: true,\n    clientX: 600,\n    clientY: 800\n  });\n}).then(() => {\n  cy.get(modelingViewSelector.componentLibraryCommunicationLine, {\n    timeout: 10000\n  }).trigger('dragstart', {\n    dataTransfer,\n    force: true\n  });\n  cy.get(modelingViewSelector.modelingViewCanvas, {\n    timeout: 10000\n  }).trigger('drop', {\n    dataTransfer,\n    force: true,\n    clientX: 600,\n    clientY: 400\n  });\n  cy.wait(2000);\n}).then(() => {\n  cy.get(modelingViewSelector.componentLibraryCommunicationLine, {\n    timeout: 10000\n  }).trigger('dragstart', {\n    dataTransfer,\n    force: true\n  });\n  cy.get(modelingViewSelector.modelingViewCanvas).trigger('drop', {\n    dataTransfer,\n    force: true,\n    clientX: 500,\n    clientY: 600\n  });\n})\n// Asserting the Delete dialog box when deleting the Communication Line\n.then(() => {\n  cy.get(modelingViewSelector.componentLibraryCommunicationLine, {\n    timeout: 10000\n  }).trigger('dragstart', {\n    dataTransfer,\n    force: true\n  });\n  cy.get(modelingViewSelector.modelingViewCanvas, {\n    timeout: 10000\n  }).trigger('drop', {\n    dataTransfer,\n    force: true,\n    clientX: 700,\n    clientY: 600\n  });\n});\ncy.get(modelingViewSelector.drawingCanvasCommunicationLine, {\n  timeout: 10000\n}).eq(2).rightclick({\n  force: true\n}).then(() => {\n  cy.get(modelingViewSelector.componentSpecRemoveLineButton, {\n    timeout: 10000\n  }).click({\n    force: true\n  });\n  cy.get(navBarSelector.confirmDialogueParagraph, {\n    timeout: 10000\n  }).should('contain', 'Are you sure you want to delete');\n}).then(() => {\n  cy.get(navBarSelector.confirmDialogueDeleteButton, {\n    timeout: 10000\n  }).click({\n    force: true\n  });\n}).then(() => {\n  // Connecting the Wire with Actor and Module\n  cy.get(modelingViewSelector.drawingCanvasLineStartCircle, {\n    timeout: 10000\n  }).eq(0).realClick().realMouseDown().realMouseMove(-250, 0).get(modelingViewSelector.drawingCanvasMicrocontroller).realMouseUp();\n  cy.get(modelingViewSelector.drawingCanvasLineEndCircle, {\n    timeout: 10000\n  }).eq(0).realClick().realMouseDown().realMouseMove(50, 0).get(modelingViewSelector.drawingCanvasModule).eq(0).realMouseUp();\n  cy.get(modelingViewSelector.drawingCanvasLineStartCircle, {\n    timeout: 10000\n  }).eq(1).realClick().realMouseDown().realMouseMove(-20, -250).get(modelingViewSelector.drawingCanvasMicrocontroller).realMouseUp();\n  cy.get(modelingViewSelector.drawingCanvasLineEndCircle, {\n    timeout: 10000\n  }).eq(1).realClick().realMouseDown().realMouseMove(20, -250).get(modelingViewSelector.drawingCanvasModule).eq(1).realMouseUp();\n  cy.wait(1000);\n}).then(() => {\n  cy.get(modelingViewSelector.modelingViewSaveIcon, {\n    timeout: 10000\n  }).click(); // save\n  return cy.wait(1000);\n});",
              "err": {
                "message": "CypressError: `cy.request()` failed on:\n\nhttp://localhost:4321/auth/login\n\nThe response we received from your web server was:\n\n  > 401: Unauthorized\n\nThis was considered a failure because the status code was not `2xx` or `3xx`.\n\nIf you do not want status codes to cause failures pass the option: `failOnStatusCode: false`\n\n-----------------------------------------------------------\n\nThe request we sent was:\n\nMethod: POST\nURL: http://localhost:4321/auth/login\nHeaders: {\n  \"Connection\": \"keep-alive\",\n  \"user-agent\": \"Mozilla/5.0 (Windows NT 10.0; Win64; x64) AppleWebKit/537.36 (KHTML, like Gecko) Cypress/13.6.3 Chrome/114.0.5735.289 Electron/25.8.4 Safari/537.36\",\n  \"accept\": \"*/*\",\n  \"accept-encoding\": \"gzip, deflate\",\n  \"content-type\": \"application/json\",\n  \"content-length\": 64\n}\nBody: {\"username\":\"vultara_automation_test\",\"password\":\"tJVJhiHmlIWR\"}\n\n-----------------------------------------------------------\n\nThe response we got was:\n\nStatus: 401 - Unauthorized\nHeaders: {\n  \"x-powered-by\": \"Express\",\n  \"content-type\": \"application/json; charset=utf-8\",\n  \"content-length\": \"2\",\n  \"etag\": \"W/\\\"2-vyGp6PvFo4RvsFtPoIWeCReyIC8\\\"\",\n  \"date\": \"Wed, 31 Jan 2024 02:29:48 GMT\",\n  \"connection\": \"keep-alive\",\n  \"keep-alive\": \"timeout=5\"\n}\nBody: {}\n\n\nhttps://on.cypress.io/request\n\nBecause this error occurred during a `before all` hook we are skipping the remaining tests in the current suite: `Modeling Automation`",
                "estack": "CypressError: `cy.request()` failed on:\n\nhttp://localhost:4321/auth/login\n\nThe response we received from your web server was:\n\n  > 401: Unauthorized\n\nThis was considered a failure because the status code was not `2xx` or `3xx`.\n\nIf you do not want status codes to cause failures pass the option: `failOnStatusCode: false`\n\n-----------------------------------------------------------\n\nThe request we sent was:\n\nMethod: POST\nURL: http://localhost:4321/auth/login\nHeaders: {\n  \"Connection\": \"keep-alive\",\n  \"user-agent\": \"Mozilla/5.0 (Windows NT 10.0; Win64; x64) AppleWebKit/537.36 (KHTML, like Gecko) Cypress/13.6.3 Chrome/114.0.5735.289 Electron/25.8.4 Safari/537.36\",\n  \"accept\": \"*/*\",\n  \"accept-encoding\": \"gzip, deflate\",\n  \"content-type\": \"application/json\",\n  \"content-length\": 64\n}\nBody: {\"username\":\"vultara_automation_test\",\"password\":\"tJVJhiHmlIWR\"}\n\n-----------------------------------------------------------\n\nThe response we got was:\n\nStatus: 401 - Unauthorized\nHeaders: {\n  \"x-powered-by\": \"Express\",\n  \"content-type\": \"application/json; charset=utf-8\",\n  \"content-length\": \"2\",\n  \"etag\": \"W/\\\"2-vyGp6PvFo4RvsFtPoIWeCReyIC8\\\"\",\n  \"date\": \"Wed, 31 Jan 2024 02:29:48 GMT\",\n  \"connection\": \"keep-alive\",\n  \"keep-alive\": \"timeout=5\"\n}\nBody: {}\n\n\nhttps://on.cypress.io/request\n\nBecause this error occurred during a `before all` hook we are skipping the remaining tests in the current suite: `Modeling Automation`\n    at <unknown> (http://localhost:4200/__cypress/runner/cypress_runner.js:133030:72)\n    at tryCatcher (http://localhost:4200/__cypress/runner/cypress_runner.js:1807:23)\n    at Promise._settlePromiseFromHandler (http://localhost:4200/__cypress/runner/cypress_runner.js:1519:31)\n    at Promise._settlePromise (http://localhost:4200/__cypress/runner/cypress_runner.js:1576:18)\n    at Promise._settlePromise0 (http://localhost:4200/__cypress/runner/cypress_runner.js:1621:10)\n    at Promise._settlePromises (http://localhost:4200/__cypress/runner/cypress_runner.js:1701:18)\n    at _drainQueueStep (http://localhost:4200/__cypress/runner/cypress_runner.js:2407:12)\n    at _drainQueue (http://localhost:4200/__cypress/runner/cypress_runner.js:2400:9)\n    at Async._drainQueues (http://localhost:4200/__cypress/runner/cypress_runner.js:2416:5)\n    at Async.drainQueues (http://localhost:4200/__cypress/runner/cypress_runner.js:2286:14)\nFrom Your Spec Code:\n    at Context.eval (webpack://cypress/./cypress/support/commands.js:18:5)",
                "diff": null
              },
              "uuid": "208c31a2-ce3d-445b-980c-44d6f80d63d4",
              "parentUUID": "09262d51-49f1-4613-9c0f-37e6f7775223",
              "isHook": false,
              "skipped": false
            },
            {
              "title": "Test Case 2: Add Project BOM (MAIN-TC-1839)",
              "fullTitle": "Modeling Automation Test Case 2: Add Project BOM (MAIN-TC-1839)",
              "timedOut": null,
              "duration": 0,
              "state": "skipped",
              "speed": null,
              "pass": false,
              "fail": false,
              "pending": false,
              "context": null,
              "code": "cy.wait(1000);\ncy.visit(Cypress.env('baseURL'));\ncy.wait(5000);\ncy.get(navBarSelector.navBarViewButton, {\n  timeout: 10000\n}).click();\ncy.get(navBarSelector.viewListProjectBomButton, {\n  timeout: 10000\n}).click();\ncy.wait(1000);\ncy.get(projectBomSelector.projectBomAddNewBomButton, {\n  timeout: 10000\n}).should('not.be.disabled').click().then(() => {\n  cy.get(projectBomSelector.addnewBomFormVersionInput, {\n    timeout: 15000\n  }).type('Automation ID 1');\n  cy.get(projectBomSelector.addNewBomDialogProductInput, {\n    timeout: 10000\n  }).type('Product ID 1');\n  cy.get(projectBomSelector.addNewBomDialogVendorInput, {\n    timeout: 10000\n  }).type('Vendor ID 1');\n  cy.get(projectBomSelector.addNewBomDialogPartSelect).click();\n  cy.get(projectBomSelector.addNewBomDialogPartOption, {\n    timeout: 10000\n  }).eq(1).click();\n  cy.get(projectBomSelector.addNewBomDialogConfirmButton, {\n    timeout: 10000\n  }).click();\n  cy.wait(5000); // Adjust timing based on actual page reload time\n}).then(() => {\n  cy.get(projectBomSelector.projectBomAddFromMicroLibraryButton, {\n    timeout: 15000\n  }).should('not.be.disabled').click({\n    force: true\n  }); // Add BOM from Micro Library\n  cy.get(projectBomSelector.addFromMicroLibraryFilterListOption).eq(2).click();\n  cy.get(projectBomSelector.addnewBomFormVersionInput).type('Version1');\n  cy.get(navBarSelector.confirmDialogueConfirmButton, {\n    timeout: 10000\n  }).click();\n  cy.wait(3000);\n});",
              "err": {},
              "uuid": "7f50715c-c11b-4fad-8382-9f296cdbb036",
              "parentUUID": "09262d51-49f1-4613-9c0f-37e6f7775223",
              "isHook": false,
              "skipped": true
            },
            {
              "title": "Test Case 3: Adding Features to Project & Generating Threats (MAIN-TC-152, MAIN-TC-1674)",
              "fullTitle": "Modeling Automation Test Case 3: Adding Features to Project & Generating Threats (MAIN-TC-152, MAIN-TC-1674)",
              "timedOut": null,
              "duration": 0,
              "state": "skipped",
              "speed": null,
              "pass": false,
              "fail": false,
              "pending": false,
              "context": null,
              "code": "cy.wait(1000);\ncy.visit(Cypress.env(\"baseURL\") + \"/modeling\");\ncy.then(() => {\n  // Adding project Features \n  cy.get(modelingViewSelector.drawingCanvasMicrocontroller, {\n    timeout: 15000\n  }).rightclick();\n  cy.wait(500);\n  cy.get(modelingViewSelector.componentSpecComponentNameInput).clear().type('Automation Test Micro');\n  // component model\n  cy.get(modelingViewSelector.componentSpecComponentModelInput, {\n    timeout: 10000\n  }).click();\n});\n// cy.get('.mdc-list-item__primary-text').click()\n// Test Case \n// cy.get(modelingViewSelector.componentSpecFeatureSettingsModuleSelect).click()\n// cy.get(\"mat-option[ng-reflect-value='aws']\").click()\n// cy.wait(5000);\n// cy.get('#microFeatureInput').clear(); {force: true}\n// cy.get(modelingViewSelector.componentSpecFeatureSettingsSubmitButton).click();\n// cy.get('.mat-mdc-simple-snack-bar > .mat-mdc-snack-bar-label').should(\"exist\");//Assertion to check Error Message is shown\n// Feature Setting\ncy.get(modelingViewSelector.componentSpecFeatureSettingsModuleSelect, {\n  timeout: 10000\n}).click().then(() => {\n  cy.get(modelingViewSelector.componentSpectFeatureSettingsTesteOption, {\n    timeout: 10000\n  }).click();\n}).then(() => {\n  // Selecting Tested \n  cy.get(modelingViewSelector.componentSpecFeatureSettingsSubmitButton, {\n    timeout: 10000\n  }).click();\n});\n// software BOM\n// cy.get('.mdc-list-item__primary-text').click();\ncy.wait(1000);\n// Adding Feature to Communication Line\n// Line 1\ncy.get(modelingViewSelector.drawingCanvasCommunicationLine, {\n  timeout: 10000\n}).eq(0).rightclick({\n  force: true\n});\ncy.wait(1000);\ncy.get(modelingViewSelector.communicationLineSpecNameInput, {\n  timeout: 10000\n}).clear().type(\"Communication Line 1\");\ncy.get(modelingViewSelector.communicationLineSpecTransmissionSelect, {\n  timeout: 10000\n}).click();\ncy.get(modelingViewSelector.transmissionMediaShortRangeWirelessOption, {\n  timeout: 10000\n}).click();\ncy.wait(1000);\ncy.get(modelingViewSelector.communicationLineSpecBaseProtocolSelect, {\n  timeout: 10000\n}).click();\ncy.get(modelingViewSelector.baseProtocolBluetoothOption, {\n  timeout: 10000\n}).click();\ncy.wait(500);\n// Line 2\ncy.get(modelingViewSelector.drawingCanvasCommunicationLine, {\n  timeout: 10000\n}).eq(1).rightclick({\n  force: true\n});\ncy.wait(500);\ncy.get(modelingViewSelector.communicationLineSpecNameInput, {\n  timeout: 10000\n}).clear().type(\"Communication Line 2\");\ncy.get(modelingViewSelector.communicationLineSpecTransmissionSelect, {\n  timeout: 10000\n}).click();\ncy.get(modelingViewSelector.transmissionMediaShortRangeWirelessOption).click();\ncy.wait(500);\ncy.get(modelingViewSelector.communicationLineSpecBaseProtocolSelect, {\n  timeout: 10000\n}).click();\ncy.get(modelingViewSelector.baseProtocolBluetoothOption, {\n  timeout: 10000\n}).click();\ncy.wait(1000);\n// Generating Threats\ncy.get(navBarSelector.navBarRunTheModelIcon).click();\ncy.get(navBarSelector.loader, {\n  timeout: 10000\n}).should('exist'); // assertion to check if the loader is being shown\ncy.wait(10000);\ncy.url().should('contain', '/threats');",
              "err": {},
              "uuid": "ee310686-99fe-4055-8244-0da22cbdc3aa",
              "parentUUID": "09262d51-49f1-4613-9c0f-37e6f7775223",
              "isHook": false,
              "skipped": true
            },
            {
              "title": "Test Case 4: Deleting the Created Project (MAIN-TC-847)",
              "fullTitle": "Modeling Automation Test Case 4: Deleting the Created Project (MAIN-TC-847)",
              "timedOut": null,
              "duration": 0,
              "state": "skipped",
              "speed": null,
              "pass": false,
              "fail": false,
              "pending": false,
              "context": null,
              "code": "cy.deleteProject(projectName);",
              "err": {},
              "uuid": "6e8867f0-ec15-472b-bb37-7eebb1184c70",
              "parentUUID": "09262d51-49f1-4613-9c0f-37e6f7775223",
              "isHook": false,
              "skipped": true
            }
          ],
          "suites": [],
          "passes": [],
          "failures": [
            "208c31a2-ce3d-445b-980c-44d6f80d63d4"
          ],
          "pending": [],
          "skipped": [
            "7f50715c-c11b-4fad-8382-9f296cdbb036",
            "ee310686-99fe-4055-8244-0da22cbdc3aa",
            "6e8867f0-ec15-472b-bb37-7eebb1184c70"
          ],
          "duration": 44204,
          "root": false,
          "rootEmpty": false,
          "_timeout": 2000
        }
      ],
      "passes": [],
      "failures": [],
      "pending": [],
      "skipped": [],
      "duration": 0,
      "root": true,
      "rootEmpty": true,
      "_timeout": 2000
    }
  ],
  "meta": {
    "mocha": {
      "version": "7.0.1"
    },
    "mochawesome": {
      "options": {
        "quiet": true,
        "reportFilename": "mochawesome",
        "saveHtml": false,
        "saveJson": true,
        "consoleReporter": "spec",
        "useInlineDiffs": false,
        "code": true
      },
      "version": "6.3.1"
    },
    "marge": {
      "options": {
        "reportDir": "cypress\\reports\\.jsons",
        "overwrite": false,
        "html": false,
        "json": true,
        "timestamp": true,
        "reportTitle": "Vultara Automation Test",
        "showPassed": true,
        "showFailed": true,
        "showPending": true,
        "showSkipped": false,
        "browser": "all",
        "quiet": true
      },
      "version": "5.2.0"
    }
  }
}