{
  "stats": {
    "suites": 1,
    "tests": 8,
    "passes": 5,
    "pending": 0,
    "failures": 3,
    "start": "2024-02-12T09:10:04.786Z",
    "end": "2024-02-12T09:14:30.337Z",
    "duration": 265551,
    "testsRegistered": 8,
    "passPercent": 62.5,
    "pendingPercent": 0,
    "other": 0,
    "hasOther": false,
    "skipped": 0,
    "hasSkipped": false
  },
  "results": [
    {
      "uuid": "44b3d23e-041f-4d6b-8287-43f2706695a2",
      "title": "",
      "fullFile": "cypress\\e2e\\Threat-Generation\\impact.cy.js",
      "file": "cypress\\e2e\\Threat-Generation\\impact.cy.js",
      "beforeHooks": [],
      "afterHooks": [],
      "tests": [],
      "suites": [
        {
          "uuid": "4fd97d3d-03d6-480e-be76-4a60fec4d95d",
          "title": "Impact",
          "fullFile": "",
          "file": "",
          "beforeHooks": [],
          "afterHooks": [],
          "tests": [
            {
              "title": "Create Model and Generate Threat",
              "fullTitle": "Impact Create Model and Generate Threat",
              "timedOut": null,
              "duration": 76466,
              "state": "passed",
              "speed": "slow",
              "pass": true,
              "fail": false,
              "pending": false,
              "context": null,
              "code": "cy.createModel().then(() => {\n  cy.visit(Cypress.env('baseURL') + '/threats');\n});",
              "err": {},
              "uuid": "bad7524b-b790-4d1f-abc1-4e29fce5a4cb",
              "parentUUID": "4fd97d3d-03d6-480e-be76-4a60fec4d95d",
              "isHook": false,
              "skipped": false
            },
            {
              "title": "Threat No in Impact Popup (MAIN-TC-1626, MAIN-TC-1627)",
              "fullTitle": "Impact Threat No in Impact Popup (MAIN-TC-1626, MAIN-TC-1627)",
              "timedOut": null,
              "duration": 9541,
              "state": "passed",
              "speed": "medium",
              "pass": true,
              "fail": false,
              "pending": false,
              "context": null,
              "code": "cy.visit(Cypress.env('baseURL') + '/threats').then(() => {\n  cy.get(threatListViewSelector.threatListViewImpactButton).eq(0).click();\n}).then(() => {\n  cy.get(impactPopupSelector.impactPopup).should('exist');\n  cy.get(impactPopupSelector.impactPopupTitle).invoke('text').should('include', 'Impact for Threat #1');\n});",
              "err": {},
              "uuid": "658df40f-7012-4b3d-a7d1-fdc3a24a5273",
              "parentUUID": "4fd97d3d-03d6-480e-be76-4a60fec4d95d",
              "isHook": false,
              "skipped": false
            },
            {
              "title": "Risk level and Impact rating in Impact Popup (MAIN-TC-1643)",
              "fullTitle": "Impact Risk level and Impact rating in Impact Popup (MAIN-TC-1643)",
              "timedOut": null,
              "duration": 9563,
              "state": "passed",
              "speed": "medium",
              "pass": true,
              "fail": false,
              "pending": false,
              "context": null,
              "code": "cy.visit(Cypress.env('baseURL') + '/threats');\nlet riskValue;\nlet Rating;\ncy.get(threatListViewSelector.threatListViewRiskButton).eq(0).invoke('text').then(text => {\n  riskValue = text.trim();\n  cy.get(threatListViewSelector.threatListViewImpactButton).eq(0).invoke('text').then(text => {\n    Rating = text.trim();\n    cy.get(threatListViewSelector.threatListViewImpactButton).eq(0).click();\n    cy.get(impactPopupSelector.impactPopupRatingTitle).eq(1).invoke('text').should('include', Rating);\n  });\n  cy.get(impactPopupSelector.impactPopupRiskLevelTitle).eq(0).invoke('text').should('include', riskValue);\n});",
              "err": {},
              "uuid": "fb4b2353-56e3-4aa4-94fa-b393295b5d87",
              "parentUUID": "4fd97d3d-03d6-480e-be76-4a60fec4d95d",
              "isHook": false,
              "skipped": false
            },
            {
              "title": "Color dot with Each Impact Category (MAIN-TC-1645)",
              "fullTitle": "Impact Color dot with Each Impact Category (MAIN-TC-1645)",
              "timedOut": null,
              "duration": 13352,
              "state": "passed",
              "speed": "slow",
              "pass": true,
              "fail": false,
              "pending": false,
              "context": null,
              "code": "cy.visit(Cypress.env('baseURL') + '/threats');\ncy.get(threatListViewSelector.threatListViewImpactButton).eq(0).click().then(() => {\n  for (let i = 0; i < 4; i++) {\n    cy.get(impactPopupSelector.impactPopupCategoryDropDown).eq(i).click();\n    cy.get(impactPopupSelector.impactPopupCategoryDropdownModerateOption).click();\n  }\n}).then(() => {\n  for (let i = 0; i < 4; i++) {\n    cy.get(impactPopupSelector.impactPopupCategoryDropDownColor).eq(i).should('exist');\n  }\n});",
              "err": {},
              "uuid": "d7963485-629b-4d77-8301-a234167a2670",
              "parentUUID": "4fd97d3d-03d6-480e-be76-4a60fec4d95d",
              "isHook": false,
              "skipped": false
            },
            {
              "title": "Edit the Reviewed Threat(MAIN-TC-1681) ",
              "fullTitle": "Impact Edit the Reviewed Threat(MAIN-TC-1681) ",
              "timedOut": null,
              "duration": 39170,
              "state": "failed",
              "speed": null,
              "pass": false,
              "fail": true,
              "pending": false,
              "context": "{\n  \"title\": \"cypress-mochawesome-reporter-screenshots\",\n  \"value\": [\n    [\n      {\n        \"title\": \"Failed screenshot\",\n        \"value\": \"\\\\impact.cy.js\\\\Impact -- Edit the Reviewed Threat(MAIN-TC-1681) (failed).png\"\n      }\n    ]\n  ]\n}",
              "code": "cy.visit(Cypress.env('baseURL') + '/threats');\ncy.get(threatListViewSelector.threatListViewReviewCheckBox).eq(0).click() //Marking threat as reviewed\n.then(() => {\n  cy.get(threatListViewSelector.threatListViewImpactButton).eq(0).click();\n}).then(() => {\n  cy.get(impactPopupSelector.impactPopupCategoryDropDown).eq(0).should('not.be.enabled');\n  cy.get(impactPopupSelector.impactPopuDamageScenarioTextArea).should('not.be.enabled');\n});\ncy.get(impactPopupSelector.impactPopupCancelButton).click().then(() => {\n  cy.get(threatListViewSelector.threatListViewReviewCheckBox).eq(0).click(); //Marking threat as unreviewed\n  cy.wait(1000);\n}).then(() => {\n  cy.get(threatListViewSelector.threatListViewReviewCheckBox).eq(0).click();\n  cy.wait(1000);\n}).then(() => {\n  cy.get(impactPopupSelector.impactPopupConfirmButton).click();\n  cy.wait(1000);\n});",
              "err": {
                "message": "AssertionError: Timed out retrying after 20000ms: Expected to find element: `.mdc-button__label:contains(\"Confirm\")`, but never found it.",
                "estack": "AssertionError: Timed out retrying after 20000ms: Expected to find element: `.mdc-button__label:contains(\"Confirm\")`, but never found it.\n    at Context.eval (webpack://cypress/./cypress/e2e/Threat-Generation/impact.cy.js:93:9)",
                "diff": null
              },
              "uuid": "4bdf166f-16e9-4d46-9a06-b0b89fbe7111",
              "parentUUID": "4fd97d3d-03d6-480e-be76-4a60fec4d95d",
              "isHook": false,
              "skipped": false
            },
            {
              "title": "Impact having Some treatment Value (MAIN-TC-1682, MAIN-TC-1683)",
              "fullTitle": "Impact Impact having Some treatment Value (MAIN-TC-1682, MAIN-TC-1683)",
              "timedOut": null,
              "duration": 39437,
              "state": "failed",
              "speed": null,
              "pass": false,
              "fail": true,
              "pending": false,
              "context": "{\n  \"title\": \"cypress-mochawesome-reporter-screenshots\",\n  \"value\": [\n    [\n      {\n        \"title\": \"Failed screenshot\",\n        \"value\": \"\\\\impact.cy.js\\\\Impact -- Impact having Some treatment Value (MAIN-TC-1682, MAIN-TC-1683) (failed).png\"\n      }\n    ]\n  ]\n}",
              "code": "cy.visit(Cypress.env('baseURL') + '/threats').then(() => {\n  cy.get(threatListViewSelector.threatListViewThreatTreatmentSelect).eq(0).click();\n  cy.get(threatListViewSelector.threatTreatmentReduceOption).click();\n  cy.get(threatListViewSelector.threatListViewImpactButton).eq(0).click({\n    force: true\n  }).then(() => {\n    cy.get(impactPopupSelector.impactPopupBeforeAfterToggleButton).should('exist');\n  });\n  cy.get(impactPopupSelector.impactPopupCategoryHeading).invoke('text').should('include', 'After');\n  cy.get(impactPopupSelector.impactPopupBeforeAfterToggleButton).click().then(() => {\n    cy.get(impactPopupSelector.impactPopupCategoryHeading).invoke('text').should('include', 'Before');\n  }).then(() => {\n    cy.get(impactPopupSelector.impactPopupCloseButton).click();\n  });\n});",
              "err": {
                "message": "AssertionError: Timed out retrying after 20000ms: Expected to find element: `mat-option:contains(\"reduce\")`, but never found it.",
                "estack": "AssertionError: Timed out retrying after 20000ms: Expected to find element: `mat-option:contains(\"reduce\")`, but never found it.\n    at Context.eval (webpack://cypress/./cypress/e2e/Threat-Generation/impact.cy.js:101:9)",
                "diff": null
              },
              "uuid": "0c93eab1-1c3d-4626-84e2-759a4cc98e14",
              "parentUUID": "4fd97d3d-03d6-480e-be76-4a60fec4d95d",
              "isHook": false,
              "skipped": false
            },
            {
              "title": "Comparing Before and After Value (MAIN-TC-1684)",
              "fullTitle": "Impact Comparing Before and After Value (MAIN-TC-1684)",
              "timedOut": null,
              "duration": 43613,
              "state": "failed",
              "speed": null,
              "pass": false,
              "fail": true,
              "pending": false,
              "context": "{\n  \"title\": \"cypress-mochawesome-reporter-screenshots\",\n  \"value\": [\n    [\n      {\n        \"title\": \"Failed screenshot\",\n        \"value\": \"\\\\impact.cy.js\\\\Impact -- Comparing Before and After Value (MAIN-TC-1684) (failed).png\"\n      }\n    ]\n  ]\n}",
              "code": "cy.visit(Cypress.env('baseURL') + '/threats').then(() => {\n  cy.get(threatListViewSelector.threatListViewThreatTreatmentSelect).eq(0).click();\n});\ncy.get(threatListViewSelector.threatTreatmentRetaintOption).click({\n  force: true\n}).then(() => {\n  cy.get(threatListViewSelector.threatListViewImpactButton).eq(0).click();\n}).then(() => {\n  for (let i = 0; i < 4; i++) {\n    cy.get(impactPopupSelector.impactPopupCategoryDropDown).eq(i).click();\n    cy.get(impactPopupSelector.impactPopupCategoryDropdownNegligibleOption).click();\n  }\n});\ncy.get(impactPopupSelector.impactPopupRiskLevelTitle).eq(0).invoke('text').should('include', '5');\ncy.get(impactPopupSelector.impactPopupRatingTitle).eq(1).invoke('text').should('include', 'Negligible');\ncy.get(impactPopupSelector.impactPopupBeforeAfterToggleButton).click().then(() => {\n  for (let i = 0; i < 4; i++) {\n    cy.get(impactPopupSelector.impactPopupCategoryDropDown).eq(i).click();\n    cy.get(impactPopupSelector.impactPopupCategoryDropdownModerateOption).click();\n  }\n});\ncy.get(impactPopupSelector.impactPopupRiskLevelTitle).eq(0).invoke('text').should('include', '4');\ncy.get(impactPopupSelector.impactPopupRatingTitle).eq(1).invoke('text').should('include', 'Moderate');\ncy.get(impactPopupSelector.impactPopupRiskLevelTitle).eq(0).invoke('text').should('contain', 'Risk Level: 4→ 5');\ncy.get(impactPopupSelector.impactPopupRatingTitle).eq(1).invoke('text').should('contain', 'Impact Rating: Moderate → Negligible');",
              "err": {
                "message": "AssertionError: Timed out retrying after 20000ms: Expected to find element: `mat-option:contains(\"retain\")`, but never found it.",
                "estack": "AssertionError: Timed out retrying after 20000ms: Expected to find element: `mat-option:contains(\"retain\")`, but never found it.\n    at Context.eval (webpack://cypress/./cypress/e2e/Threat-Generation/impact.cy.js:118:7)",
                "diff": null
              },
              "uuid": "ef250b71-87b2-4b98-9ca2-b4aeb9d25e4b",
              "parentUUID": "4fd97d3d-03d6-480e-be76-4a60fec4d95d",
              "isHook": false,
              "skipped": false
            },
            {
              "title": "Delete Project",
              "fullTitle": "Impact Delete Project",
              "timedOut": null,
              "duration": 24644,
              "state": "passed",
              "speed": "slow",
              "pass": true,
              "fail": false,
              "pending": false,
              "context": null,
              "code": "cy.deleteProject(projectName);",
              "err": {},
              "uuid": "28b5f465-2dad-48a2-888b-d7b7ebfbdf3e",
              "parentUUID": "4fd97d3d-03d6-480e-be76-4a60fec4d95d",
              "isHook": false,
              "skipped": false
            }
          ],
          "suites": [],
          "passes": [
            "bad7524b-b790-4d1f-abc1-4e29fce5a4cb",
            "658df40f-7012-4b3d-a7d1-fdc3a24a5273",
            "fb4b2353-56e3-4aa4-94fa-b393295b5d87",
            "d7963485-629b-4d77-8301-a234167a2670",
            "28b5f465-2dad-48a2-888b-d7b7ebfbdf3e"
          ],
          "failures": [
            "4bdf166f-16e9-4d46-9a06-b0b89fbe7111",
            "0c93eab1-1c3d-4626-84e2-759a4cc98e14",
            "ef250b71-87b2-4b98-9ca2-b4aeb9d25e4b"
          ],
          "pending": [],
          "skipped": [],
          "duration": 255786,
          "root": false,
          "rootEmpty": false,
          "_timeout": 2000
        }
      ],
      "passes": [],
      "failures": [],
      "pending": [],
      "skipped": [],
      "duration": 0,
      "root": true,
      "rootEmpty": true,
      "_timeout": 2000
    }
  ],
  "meta": {
    "mocha": {
      "version": "7.0.1"
    },
    "mochawesome": {
      "options": {
        "quiet": true,
        "reportFilename": "mochawesome",
        "saveHtml": false,
        "saveJson": true,
        "consoleReporter": "spec",
        "useInlineDiffs": false,
        "code": true
      },
      "version": "6.3.1"
    },
    "marge": {
      "options": {
        "reportDir": "cypress\\reports\\.jsons",
        "overwrite": false,
        "html": false,
        "json": true,
        "timestamp": true,
        "reportTitle": "Vultara Automation Test",
        "showPassed": true,
        "showFailed": true,
        "showPending": true,
        "showSkipped": false,
        "browser": "all",
        "quiet": true
      },
      "version": "5.2.0"
    }
  }
}