{
  "stats": {
    "suites": 1,
    "tests": 2,
    "passes": 0,
    "pending": 0,
    "failures": 2,
    "start": "2024-02-02T02:52:30.400Z",
    "end": "2024-02-02T02:54:38.396Z",
    "duration": 127996,
    "testsRegistered": 7,
    "passPercent": 0,
    "pendingPercent": 0,
    "other": 0,
    "hasOther": false,
    "skipped": 5,
    "hasSkipped": true
  },
  "results": [
    {
      "uuid": "9e6fe91d-b604-4f4d-b60d-c1c97e0f9be2",
      "title": "",
      "fullFile": "cypress\\e2e\\Threat-Generation\\Impact.cy.js",
      "file": "cypress\\e2e\\Threat-Generation\\Impact.cy.js",
      "beforeHooks": [],
      "afterHooks": [],
      "tests": [],
      "suites": [
        {
          "uuid": "3e687af4-d43e-4584-8b76-dd68ccee0664",
          "title": "Impact",
          "fullFile": "",
          "file": "",
          "beforeHooks": [],
          "afterHooks": [],
          "tests": [
            {
              "title": "Create Model and Generate Threat",
              "fullTitle": "Impact Create Model and Generate Threat",
              "timedOut": null,
              "duration": 18223,
              "state": "failed",
              "speed": null,
              "pass": false,
              "fail": true,
              "pending": false,
              "context": "{\n  \"title\": \"cypress-mochawesome-reporter-screenshots\",\n  \"value\": [\n    [\n      {\n        \"title\": \"Failed screenshot\",\n        \"value\": \"\\\\Impact.cy.js\\\\Impact -- Create Model and Generate Threat -- before each hook (failed).png\"\n      }\n    ]\n  ]\n}",
              "code": "cy.createModel().then(() => {\n  cy.visit(Cypress.env('baseURL') + '/threats');\n});",
              "err": {
                "message": "CypressError: `cy.request()` failed trying to load:\n\nhttp://localhost:4201/api/projects/projectDb?id=ZwoEfCwCHughj6nUzzCu&projectId=ZwoEfCwCHughj6nUzzCu\n\nWe attempted to make an http request to this URL but the request failed without a response.\n\nWe received this error at the network level:\n\n  > Error: connect ECONNREFUSED 127.0.0.1:4201\n\n-----------------------------------------------------------\n\nThe request we sent was:\n\nMethod: GET\nURL: http://localhost:4201/api/projects/projectDb?id=ZwoEfCwCHughj6nUzzCu&projectId=ZwoEfCwCHughj6nUzzCu\n\n-----------------------------------------------------------\n\nCommon situations why this would fail:\n  - you don't have internet access\n  - you forgot to run / boot your web server\n  - your web server isn't accessible\n  - you have weird network configuration settings on your computer\n\nhttps://on.cypress.io/request\n\nBecause this error occurred during a `before each` hook we are skipping the remaining tests in the current suite: `Impact`",
                "estack": "CypressError: `cy.request()` failed trying to load:\n\nhttp://localhost:4201/api/projects/projectDb?id=ZwoEfCwCHughj6nUzzCu&projectId=ZwoEfCwCHughj6nUzzCu\n\nWe attempted to make an http request to this URL but the request failed without a response.\n\nWe received this error at the network level:\n\n  > Error: connect ECONNREFUSED 127.0.0.1:4201\n\n-----------------------------------------------------------\n\nThe request we sent was:\n\nMethod: GET\nURL: http://localhost:4201/api/projects/projectDb?id=ZwoEfCwCHughj6nUzzCu&projectId=ZwoEfCwCHughj6nUzzCu\n\n-----------------------------------------------------------\n\nCommon situations why this would fail:\n  - you don't have internet access\n  - you forgot to run / boot your web server\n  - your web server isn't accessible\n  - you have weird network configuration settings on your computer\n\nhttps://on.cypress.io/request\n\nBecause this error occurred during a `before each` hook we are skipping the remaining tests in the current suite: `Impact`\n    at <unknown> (http://localhost:4200/__cypress/runner/cypress_runner.js:133058:70)\n    at tryCatcher (http://localhost:4200/__cypress/runner/cypress_runner.js:1807:23)\n    at <unknown> (http://localhost:4200/__cypress/runner/cypress_runner.js:4203:37)\n    at tryCatcher (http://localhost:4200/__cypress/runner/cypress_runner.js:1807:23)\n    at Promise._settlePromiseFromHandler (http://localhost:4200/__cypress/runner/cypress_runner.js:1519:31)\n    at Promise._settlePromise (http://localhost:4200/__cypress/runner/cypress_runner.js:1576:18)\n    at Promise._settlePromise0 (http://localhost:4200/__cypress/runner/cypress_runner.js:1621:10)\n    at Promise._settlePromises (http://localhost:4200/__cypress/runner/cypress_runner.js:1697:18)\n    at _drainQueueStep (http://localhost:4200/__cypress/runner/cypress_runner.js:2407:12)\n    at _drainQueue (http://localhost:4200/__cypress/runner/cypress_runner.js:2400:9)\n    at Async._drainQueues (http://localhost:4200/__cypress/runner/cypress_runner.js:2416:5)\n    at Async.drainQueues (http://localhost:4200/__cypress/runner/cypress_runner.js:2286:14)\nFrom Your Spec Code:\n    at Context.eval (webpack://cypress/./cypress/support/commands.js:27:4)\n\nFrom Node.js Internals:\n  RequestError: Error: connect ECONNREFUSED 127.0.0.1:4201\n      at new r (<embedded>:1832:361373)\n      at ee.callback (<embedded>:1832:367374)\n      at e.callback.s.callback [as _callback] (<embedded>:1832:366820)\n      at s._callback.s.callback.s.callback (<embedded>:2050:91633)\n      at ee.emit (node:events:513:28)\n      at ee.onRequestError (<embedded>:2050:100575)\n      at ClientRequest.emit (node:events:525:35)\n      at Socket.socketErrorListener (node:_http_client:502:9)\n      at Socket.emit (node:events:513:28)\n      at emitErrorNT (node:internal/streams/destroy:151:8)\n      at emitErrorCloseNT (node:internal/streams/destroy:116:3)\n      at process.processTicksAndRejections (node:internal/process/task_queues:82:21)",
                "diff": null
              },
              "uuid": "343b6e9d-e723-4d4a-a67a-b65a13285a2c",
              "parentUUID": "3e687af4-d43e-4584-8b76-dd68ccee0664",
              "isHook": false,
              "skipped": false
            },
            {
              "title": "Threat No in Impact Popup (MAIN-TC-1626, MAIN-TC-1627)",
              "fullTitle": "Impact Threat No in Impact Popup (MAIN-TC-1626, MAIN-TC-1627)",
              "timedOut": null,
              "duration": 0,
              "state": "skipped",
              "speed": null,
              "pass": false,
              "fail": false,
              "pending": false,
              "context": null,
              "code": "cy.visit(Cypress.env('baseURL') + '/threats').then(() => {\n  cy.get(threatListViewSelector.threatListViewImpactButton, {\n    timeout: 10000\n  }).eq(0).click();\n}).then(() => {\n  cy.get(impactPopupSelector.impactPopup, {\n    timeout: 10000\n  }).should('exist');\n  cy.get(impactPopupSelector.impactPopupTitle, {\n    timeout: 10000\n  }).invoke('text').should('include', 'Impact for Threat #1');\n});",
              "err": {},
              "uuid": "44a5999b-d803-4b27-a92c-0997470276c4",
              "parentUUID": "3e687af4-d43e-4584-8b76-dd68ccee0664",
              "isHook": false,
              "skipped": true
            },
            {
              "title": "Risk level and Impact rating in Impact Popup (MAIN-TC-1643)",
              "fullTitle": "Impact Risk level and Impact rating in Impact Popup (MAIN-TC-1643)",
              "timedOut": null,
              "duration": 0,
              "state": "skipped",
              "speed": null,
              "pass": false,
              "fail": false,
              "pending": false,
              "context": null,
              "code": "cy.visit(Cypress.env('baseURL') + '/threats');\nlet riskValue;\nlet Rating;\ncy.get(threatListViewSelector.threatListViewRiskButton, {\n  timeout: 10000\n}).eq(0).invoke('text').then(text => {\n  riskValue = text.trim();\n  cy.get(threatListViewSelector.threatListViewImpactButton, {\n    timeout: 10000\n  }).eq(0).invoke('text').then(text => {\n    Rating = text.trim();\n    cy.get(threatListViewSelector.threatListViewImpactButton).eq(0).click();\n    cy.get(impactPopupSelector.impactPopupRatingTitle).eq(1).invoke('text').should('include', Rating);\n  });\n  cy.get(impactPopupSelector.impactPopupRiskLevelTitle).eq(0).invoke('text').should('include', riskValue);\n});",
              "err": {},
              "uuid": "852a57e8-8416-48a2-b376-5840bed8e29c",
              "parentUUID": "3e687af4-d43e-4584-8b76-dd68ccee0664",
              "isHook": false,
              "skipped": true
            },
            {
              "title": "Color dot with Each Impact Category (MAIN-TC-1645)",
              "fullTitle": "Impact Color dot with Each Impact Category (MAIN-TC-1645)",
              "timedOut": null,
              "duration": 0,
              "state": "skipped",
              "speed": null,
              "pass": false,
              "fail": false,
              "pending": false,
              "context": null,
              "code": "cy.visit(Cypress.env('baseURL') + '/threats');\ncy.get(threatListViewSelector.threatListViewImpactButton, {\n  timeout: 10000\n}).eq(0).click();\nfor (let i = 0; i < 4; i++) {\n  cy.get(impactPopupSelector.impactPopupCategoryDropDownColor).eq(i).should('exist');\n}",
              "err": {},
              "uuid": "1161ed02-85e4-42c7-9bd0-25f57398aaf3",
              "parentUUID": "3e687af4-d43e-4584-8b76-dd68ccee0664",
              "isHook": false,
              "skipped": true
            },
            {
              "title": "Edit the Reviewed Threat(MAIN-TC-1681) ",
              "fullTitle": "Impact Edit the Reviewed Threat(MAIN-TC-1681) ",
              "timedOut": null,
              "duration": 0,
              "state": "skipped",
              "speed": null,
              "pass": false,
              "fail": false,
              "pending": false,
              "context": null,
              "code": "cy.visit(Cypress.env('baseURL') + '/threats');\ncy.get(threatListViewSelector.threatListViewReviewCheckBox, {\n  timeout: 10000\n}).eq(0).click() //Marking threat as reviewed\n.then(() => {\n  cy.get(threatListViewSelector.threatListViewImpactButton).eq(0).click();\n}).then(() => {\n  cy.get(impactPopupSelector.impactPopupCategoryDropDown).eq(0).should('not.be.enabled');\n  cy.get(impactPopupSelector.impactPopuDamageScenarioTextArea).should('not.be.enabled');\n});\ncy.get(impactPopupSelector.impactPopupCancelButton, {\n  timeout: 10000\n}).click().then(() => {\n  cy.get(threatListViewSelector.threatListViewReviewCheckBox).eq(0).click(); //Marking threat as unreviewed\n}).then(() => {\n  cy.get(threatListViewSelector.threatListViewReviewCheckBox, {\n    timeout: 10000\n  }).eq(0).click();\n}).then(() => {\n  cy.get(impactPopupSelector.impactPopupConfirmButton, {\n    timeout: 10000\n  }).click();\n});",
              "err": {},
              "uuid": "142f24b7-89be-4ca2-81c3-9a8f5ffd802c",
              "parentUUID": "3e687af4-d43e-4584-8b76-dd68ccee0664",
              "isHook": false,
              "skipped": true
            },
            {
              "title": "Impact having Some treatment Value (MAIN-TC-1682, MAIN-TC-1683)",
              "fullTitle": "Impact Impact having Some treatment Value (MAIN-TC-1682, MAIN-TC-1683)",
              "timedOut": null,
              "duration": 0,
              "state": "skipped",
              "speed": null,
              "pass": false,
              "fail": false,
              "pending": false,
              "context": null,
              "code": "cy.visit(Cypress.env('baseURL') + '/threats').then(() => {\n  cy.get(threatListViewSelector.threatListViewThreatTreatmentSelect, {\n    timeout: 10000\n  }).eq(0).click();\n});\ncy.get(threatListViewSelector.threatTreatmentReduceOption, {\n  timeout: 10000\n}).click();\ncy.get(threatListViewSelector.threatListViewImpactButton, {\n  timeout: 10000\n}).eq(0).click().then(() => {\n  cy.get(impactPopupSelector.impactPopupBeforeAfterToggleButton, {\n    timeout: 10000\n  }).should('exist');\n});\ncy.get(impactPopupSelector.impactPopupCategoryHeading, {\n  timeout: 10000\n}).invoke('text').should('include', 'After');\ncy.get(impactPopupSelector.impactPopupBeforeAfterToggleButton, {\n  timeout: 10000\n}).click().then(() => {\n  cy.get(impactPopupSelector.impactPopupCategoryHeading, {\n    timeout: 10000\n  }).invoke('text').should('include', 'Before');\n}).then(() => {\n  cy.get(impactPopupSelector.impactPopupCloseButton).click();\n});",
              "err": {},
              "uuid": "be39fea6-b64d-49fc-a7ad-4347c7711ad6",
              "parentUUID": "3e687af4-d43e-4584-8b76-dd68ccee0664",
              "isHook": false,
              "skipped": true
            },
            {
              "title": "Comparing Before and After Value (MAIN-TC-1684)",
              "fullTitle": "Impact Comparing Before and After Value (MAIN-TC-1684)",
              "timedOut": null,
              "duration": 27701,
              "state": "failed",
              "speed": null,
              "pass": false,
              "fail": true,
              "pending": false,
              "context": "{\n  \"title\": \"cypress-mochawesome-reporter-screenshots\",\n  \"value\": [\n    [\n      {\n        \"title\": \"Failed screenshot\",\n        \"value\": \"\\\\Impact.cy.js\\\\Impact -- Comparing Before and After Value (MAIN-TC-1684) -- after all hook Delete Project (failed).png\"\n      }\n    ]\n  ]\n}",
              "code": "cy.visit(Cypress.env('baseURL') + '/threats').then(() => {\n  cy.get(threatListViewSelector.threatListViewThreatTreatmentSelect, {\n    timeout: 10000\n  }).eq(0).click();\n});\ncy.get(threatListViewSelector.threatTreatmentRetaintOption, {\n  timeout: 10000\n}).click().then(() => {\n  cy.get(threatListViewSelector.threatListViewImpactButton).eq(0).click();\n}).then(() => {\n  for (let i = 0; i < 4; i++) {\n    cy.get(impactPopupSelector.impactPopupCategoryDropDown, {\n      timeout: 10000\n    }).eq(i).click();\n    cy.get(impactPopupSelector.impactPopupCategoryDropdownNegligibleOption, {\n      timeout: 10000\n    }).click();\n  }\n});\ncy.get(impactPopupSelector.impactPopupRiskLevelTitle, {\n  timeout: 10000\n}).eq(0).invoke('text').should('include', '4');\ncy.get(impactPopupSelector.impactPopupRatingTitle, {\n  timeout: 10000\n}).eq(1).invoke('text').should('include', 'Negligible');\ncy.get(impactPopupSelector.impactPopupBeforeAfterToggleButton).click().then(() => {\n  for (let i = 0; i < 4; i++) {\n    cy.get(impactPopupSelector.impactPopupCategoryDropDown, {\n      timeout: 10000\n    }).eq(i).click();\n    cy.get(impactPopupSelector.impactPopupCategoryDropdownModerateOption, {\n      timeout: 10000\n    }).click();\n  }\n});\ncy.get(impactPopupSelector.impactPopupRiskLevelTitle, {\n  timeout: 10000\n}).eq(0).invoke('text').should('include', '5');\ncy.get(impactPopupSelector.impactPopupRatingTitle, {\n  timeout: 10000\n}).eq(1).invoke('text').should('include', 'Moderate');\ncy.get(impactPopupSelector.impactPopupRiskLevelTitle, {\n  timeout: 10000\n}).eq(0).invoke('text').should('contain', 'Risk Level: 5→ 4');\ncy.get(impactPopupSelector.impactPopupRatingTitle, {\n  timeout: 10000\n}).eq(1).invoke('text').should('contain', 'Impact Rating: Moderate → Negligible');",
              "err": {
                "message": "AssertionError: Timed out retrying after 20000ms: Expected to find element: `button:contains(\"Project\")`, but never found it.\n\nBecause this error occurred during a `after all` hook we are skipping the remaining tests in the current suite: `Impact`",
                "estack": "AssertionError: Timed out retrying after 20000ms: Expected to find element: `button:contains(\"Project\")`, but never found it.\n\nBecause this error occurred during a `after all` hook we are skipping the remaining tests in the current suite: `Impact`\n    at Context.eval (webpack://cypress/./cypress/support/commands.js:65:7)",
                "diff": null
              },
              "uuid": "4660fc7c-dc7d-4c36-bbde-b307dbda8f0a",
              "parentUUID": "3e687af4-d43e-4584-8b76-dd68ccee0664",
              "isHook": false,
              "skipped": false
            }
          ],
          "suites": [],
          "passes": [],
          "failures": [
            "343b6e9d-e723-4d4a-a67a-b65a13285a2c",
            "4660fc7c-dc7d-4c36-bbde-b307dbda8f0a"
          ],
          "pending": [],
          "skipped": [
            "44a5999b-d803-4b27-a92c-0997470276c4",
            "852a57e8-8416-48a2-b376-5840bed8e29c",
            "1161ed02-85e4-42c7-9bd0-25f57398aaf3",
            "142f24b7-89be-4ca2-81c3-9a8f5ffd802c",
            "be39fea6-b64d-49fc-a7ad-4347c7711ad6"
          ],
          "duration": 45924,
          "root": false,
          "rootEmpty": false,
          "_timeout": 2000
        }
      ],
      "passes": [],
      "failures": [],
      "pending": [],
      "skipped": [],
      "duration": 0,
      "root": true,
      "rootEmpty": true,
      "_timeout": 2000
    }
  ],
  "meta": {
    "mocha": {
      "version": "7.0.1"
    },
    "mochawesome": {
      "options": {
        "quiet": true,
        "reportFilename": "mochawesome",
        "saveHtml": false,
        "saveJson": true,
        "consoleReporter": "spec",
        "useInlineDiffs": false,
        "code": true
      },
      "version": "6.3.1"
    },
    "marge": {
      "options": {
        "reportDir": "cypress\\reports\\.jsons",
        "overwrite": false,
        "html": false,
        "json": true,
        "timestamp": true,
        "reportTitle": "Vultara Automation Test",
        "showPassed": true,
        "showFailed": true,
        "showPending": true,
        "showSkipped": false,
        "browser": "all",
        "quiet": true
      },
      "version": "5.2.0"
    }
  }
}