{
  "stats": {
    "suites": 1,
    "tests": 10,
    "passes": 10,
    "pending": 0,
    "failures": 0,
    "start": "2024-02-13T10:25:38.364Z",
    "end": "2024-02-13T10:30:31.036Z",
    "duration": 292672,
    "testsRegistered": 10,
    "passPercent": 100,
    "pendingPercent": 0,
    "other": 0,
    "hasOther": false,
    "skipped": 0,
    "hasSkipped": false
  },
  "results": [
    {
      "uuid": "5e55e3b1-d698-49b4-bc59-f46ae0f1d4df",
      "title": "",
      "fullFile": "cypress\\e2e\\Threat-Generation\\attack-path.cy.js",
      "file": "cypress\\e2e\\Threat-Generation\\attack-path.cy.js",
      "beforeHooks": [],
      "afterHooks": [],
      "tests": [],
      "suites": [
        {
          "uuid": "d73b9723-76c3-4107-9bca-38ff34a798d1",
          "title": "Attack Path",
          "fullFile": "",
          "file": "",
          "beforeHooks": [],
          "afterHooks": [],
          "tests": [
            {
              "title": "Placing Component",
              "fullTitle": "Attack Path Placing Component",
              "timedOut": null,
              "duration": 55254,
              "state": "passed",
              "speed": "slow",
              "pass": true,
              "fail": false,
              "pending": false,
              "context": null,
              "code": "cy.visit(Cypress.env('baseURL') + '/modeling');\ncy.wait(3000);\nconst dataTransfer = new DataTransfer();\ncy.get(modelingViewSelector.componentLibraryMicrocontroller).trigger('dragstart', {\n  dataTransfer,\n  force: true\n});\ncy.get(modelingViewSelector.modelingViewCanvas).trigger('drop', {\n  dataTransfer,\n  force: true,\n  clientX: 250,\n  clientY: 250\n});\ncy.wait(500);\ncy.get(modelingViewSelector.componentLibraryMicrocontroller).trigger('dragstart', {\n  dataTransfer,\n  force: true\n});\ncy.get(modelingViewSelector.modelingViewCanvas).trigger('drop', {\n  dataTransfer,\n  force: true,\n  clientX: 350,\n  clientY: 250\n});\ncy.get(modelingViewSelector.componentLibraryCommunicationLine).trigger('dragstart', {\n  dataTransfer,\n  force: true\n});\ncy.get(modelingViewSelector.modelingViewCanvas).trigger('drop', {\n  dataTransfer,\n  force: true,\n  clientX: 450,\n  clientY: 250\n});\ncy.wait(200);\ncy.get(modelingViewSelector.modelingViewSaveIcon).click();\ncy.wait(1000);",
              "err": {},
              "uuid": "7b5da9e1-5659-4ef2-aa16-118ea59b21bd",
              "parentUUID": "d73b9723-76c3-4107-9bca-38ff34a798d1",
              "isHook": false,
              "skipped": false
            },
            {
              "title": "Generating Threats",
              "fullTitle": "Attack Path Generating Threats",
              "timedOut": null,
              "duration": 23221,
              "state": "passed",
              "speed": "slow",
              "pass": true,
              "fail": false,
              "pending": false,
              "context": null,
              "code": "cy.visit(Cypress.env('baseURL') + '/threats'); // Go to Threats Page\ncy.wait(2000);\nfor (let i = 1; i < 6; i++) {\n  cy.getCookie('accessToken').then(cookie => {\n    if (cookie) {\n      const cookieValue = cookie.value;\n      // Make the API request to generate threats\n      cy.request({\n        url: `${Cypress.env('apiURL')}/projects/threatsDb`,\n        method: 'POST',\n        body: {\n          threat: {\n            threatRowNumber: i,\n            id: \"threatid\" + i,\n            projectId: projectId,\n            asset: \"Asset Test \" + i,\n            threatScenario: \"Threat Scenario \" + i,\n            attackPathName: \"Attack Path Name \" + i,\n            damageScenario: \"Damage Scenario \" + i,\n            impactF: i,\n            impacctO: i,\n            riskLevel: i,\n            riskScore: i,\n            treatment: \"no treatment\",\n            securityPropertyCia: \"c\"\n          }\n        }\n      });\n    }\n  });\n}\ncy.reload();\ncy.wait(500);",
              "err": {},
              "uuid": "1e34be82-7869-4163-b1c6-1b6b7dcfe8e6",
              "parentUUID": "d73b9723-76c3-4107-9bca-38ff34a798d1",
              "isHook": false,
              "skipped": false
            },
            {
              "title": "Component Drop down (MAIN-TC-1559, MAIN-TC-1560, MAIN-TC-1602, MAIN-TC-1692)",
              "fullTitle": "Attack Path Component Drop down (MAIN-TC-1559, MAIN-TC-1560, MAIN-TC-1602, MAIN-TC-1692)",
              "timedOut": null,
              "duration": 22190,
              "state": "passed",
              "speed": "slow",
              "pass": true,
              "fail": false,
              "pending": false,
              "context": null,
              "code": "cy.visit(Cypress.env('baseURL') + '/threats');\ncy.get(threatListViewSelector.threatListViewAttackPathTextArea).click();\ncy.get(threatListViewSelector.threatListViewAttackPathDialog).should('exist');\ncy.get(attackPathPopupSelector.attackPathDialogTitleHeader).invoke('text').should('include', 'Threat # 1');\ncy.get(attackPathPopupSelector.attackPathDialogAddStepButton).click();\ncy.get(attackPathPopupSelector.attackPathDialogStepComponent).eq(0).click();\ncy.get(attackPathPopupSelector.attackPathDialogComponentSelectPanel).should('exist');\ncy.get(threatListViewSelector.componentSelectPanelStepOneOption).click();\ncy.get(attackPathPopupSelector.attackPathDialogDeleteButton).click();\ncy.get(navBarSelector.confirmDialogueParagraph).invoke('text').should('include', 'Step #1');\ncy.get(navBarSelector.confirmDialogueCancelButton).click();\ncy.get(navBarSelector.confirmDialogueConfirmButton).click();\ncy.wait(1000);",
              "err": {},
              "uuid": "be6849b5-922d-4293-a14b-3264fdcc7f3d",
              "parentUUID": "d73b9723-76c3-4107-9bca-38ff34a798d1",
              "isHook": false,
              "skipped": false
            },
            {
              "title": "Steps in Attack Path (MAIN-TC-1561, MAIN-TC-1565, MAIN-TC-1622)",
              "fullTitle": "Attack Path Steps in Attack Path (MAIN-TC-1561, MAIN-TC-1565, MAIN-TC-1622)",
              "timedOut": null,
              "duration": 31911,
              "state": "passed",
              "speed": "slow",
              "pass": true,
              "fail": false,
              "pending": false,
              "context": null,
              "code": "cy.visit(Cypress.env('baseURL') + '/threats');\ncy.get(threatListViewSelector.threatListViewAttackPathTextArea).click();\ncy.get(threatListViewSelector.threatListViewAttackPathDialog).should('exist');\ncy.get(attackPathPopupSelector.attackPathDialogStepOneTableData).invoke('text').should('contain', '1');\ncy.get(attackPathPopupSelector.attackPathDialogAddStepButton).click();\ncy.get(attackPathPopupSelector.attackPathDialogStepComponent).eq(1).click();\ncy.get(threatListViewSelector.componentSelectPanelStepTwoOption).click();\ncy.get(attackPathPopupSelector.attackPathDialogStepTwoTableData).invoke('text').should('contain', '2');\n//cy.get('.mdc-button__label').contains('Confirm').click();",
              "err": {},
              "uuid": "a5c4e6a8-147c-4d61-92c3-eb5d29b193b6",
              "parentUUID": "d73b9723-76c3-4107-9bca-38ff34a798d1",
              "isHook": false,
              "skipped": false
            },
            {
              "title": "Description in Attack Path (MAIN-TC-1563)",
              "fullTitle": "Attack Path Description in Attack Path (MAIN-TC-1563)",
              "timedOut": null,
              "duration": 17741,
              "state": "passed",
              "speed": "slow",
              "pass": true,
              "fail": false,
              "pending": false,
              "context": null,
              "code": "cy.visit(Cypress.env('baseURL') + '/threats');\ncy.get(threatListViewSelector.threatListViewAttackPathTextArea).click();\ncy.get(attackPathPopupSelector.attackPathDialogDescriptionEmptyTextArea).type(\"Testing the Description\");\ncy.get(navBarSelector.confirmDialogueConfirmButton).click();\ncy.get(threatListViewSelector.threatListViewAttackPathColumn).should('have.value', 'Testing the Description');",
              "err": {},
              "uuid": "14318ee2-b611-48df-8939-5a2738f8fb1f",
              "parentUUID": "d73b9723-76c3-4107-9bca-38ff34a798d1",
              "isHook": false,
              "skipped": false
            },
            {
              "title": "Reviewed Threat (MAIN-TC-1566, MAIN-TC-1696,MAIN-TC-1697)",
              "fullTitle": "Attack Path Reviewed Threat (MAIN-TC-1566, MAIN-TC-1696,MAIN-TC-1697)",
              "timedOut": null,
              "duration": 36466,
              "state": "passed",
              "speed": "slow",
              "pass": true,
              "fail": false,
              "pending": false,
              "context": null,
              "code": "cy.visit(Cypress.env('baseURL') + '/threats');\ncy.wait(3000);\ncy.get(threatListViewSelector.threatListViewReviewCheckBox).check(); // to mark it reviewed\ncy.wait(500);\ncy.get(threatListViewSelector.threatListViewReviewCheckBox).check(); // to mark it reviewed\ncy.get(threatListViewSelector.threatListViewAttackPathTextArea).click();\ncy.get(attackPathPopupSelector.attackPathDialogStepComponent).eq(0).click();\ncy.get(threatListViewSelector.componentSelectPanelStepTwoOption).should('not.exist'); //Component Drop down not be shown\ncy.get(attackPathPopupSelector.attackPathDialogDescriptionFilledTextArea).click();\ncy.get(attackPathPopupSelector.attackPathDialogDescriptionPopUp).should('not.exist');",
              "err": {},
              "uuid": "c16ebb83-b72c-4f15-afb0-d40867ffc7f4",
              "parentUUID": "d73b9723-76c3-4107-9bca-38ff34a798d1",
              "isHook": false,
              "skipped": false
            },
            {
              "title": "New Fields in Attack Path & No of Threats (MAIN-TC-1603, MAIN-TC-1619)",
              "fullTitle": "Attack Path New Fields in Attack Path & No of Threats (MAIN-TC-1603, MAIN-TC-1619)",
              "timedOut": null,
              "duration": 15705,
              "state": "passed",
              "speed": "slow",
              "pass": true,
              "fail": false,
              "pending": false,
              "context": null,
              "code": "cy.visit(Cypress.env('baseURL') + '/threats');\ncy.wait(1000);\ncy.get(threatListViewSelector.threatListViewAttackPathTextArea).click();\ncy.get(attackPathPopupSelector.attackPathDialogComponentTableHeader).should('exist');\ncy.get(attackPathPopupSelector.attackPathDialogStepTableHeader).should('exist');\ncy.get(attackPathPopupSelector.attackPathDialogDescriptionTableHeader).should('exist');\n//cy.get('tr.mat-mdc-row').its('length').as('original_row');\ncy.get(attackPathPopupSelector.attackPathDialogStepCount).invoke('text').should('include', \"1\"); //as we have only 1 step",
              "err": {},
              "uuid": "f34588da-7bd0-4b92-8e1b-bf2ff1d506c0",
              "parentUUID": "d73b9723-76c3-4107-9bca-38ff34a798d1",
              "isHook": false,
              "skipped": false
            },
            {
              "title": "Step is unaccessible (MAIN-TC-1624)",
              "fullTitle": "Attack Path Step is unaccessible (MAIN-TC-1624)",
              "timedOut": null,
              "duration": 20393,
              "state": "passed",
              "speed": "slow",
              "pass": true,
              "fail": false,
              "pending": false,
              "context": null,
              "code": "cy.visit(Cypress.env('baseURL') + '/threats');\ncy.wait(1000);\ncy.get(threatListViewSelector.threatListViewAttackPathTextArea).click();\ncy.get(attackPathPopupSelector.attackPathDialogStepOneTableData).should('not.be.enabled');",
              "err": {},
              "uuid": "008f9b5a-58f7-4533-8f94-f36695be23c5",
              "parentUUID": "d73b9723-76c3-4107-9bca-38ff34a798d1",
              "isHook": false,
              "skipped": false
            },
            {
              "title": "Adding a New Step and Confirm Button (MAIN-TC-1694,MAIN-TC-1696, MAIN-TC-1803)",
              "fullTitle": "Attack Path Adding a New Step and Confirm Button (MAIN-TC-1694,MAIN-TC-1696, MAIN-TC-1803)",
              "timedOut": null,
              "duration": 21032,
              "state": "passed",
              "speed": "slow",
              "pass": true,
              "fail": false,
              "pending": false,
              "context": null,
              "code": "cy.visit(Cypress.env('baseURL') + '/threats');\ncy.wait(1000);\ncy.get(threatListViewSelector.threatListViewAttackPathTextArea).click();\ncy.get(attackPathPopupSelector.attackPathDialogAddStepButton).click();\ncy.get(attackPathPopupSelector.attackPathDialogStepComponent).eq(1).should('have.value', '');\ncy.get(attackPathPopupSelector.attackPathDialogDescriptionFilledTextArea).should('have.value', '');\ncy.get(navBarSelector.confirmDialogueConfirmButton).should('not.be.enabled');\ncy.get(attackPathPopupSelector.attackPathDialogStepComponent).eq(1).click();\ncy.get(threatListViewSelector.componentSelectPanelStepTwoOption).click();\ncy.get(navBarSelector.confirmDialogueConfirmButton).should('not.be.disabled');",
              "err": {},
              "uuid": "44ca9989-2cd8-43e5-963c-6202b7262710",
              "parentUUID": "d73b9723-76c3-4107-9bca-38ff34a798d1",
              "isHook": false,
              "skipped": false
            },
            {
              "title": "Deleting the Project",
              "fullTitle": "Attack Path Deleting the Project",
              "timedOut": null,
              "duration": 33021,
              "state": "passed",
              "speed": "slow",
              "pass": true,
              "fail": false,
              "pending": false,
              "context": null,
              "code": "cy.deleteProject(projectName);",
              "err": {},
              "uuid": "47ba9ae8-7a0c-46bf-b49d-456282c628c1",
              "parentUUID": "d73b9723-76c3-4107-9bca-38ff34a798d1",
              "isHook": false,
              "skipped": false
            }
          ],
          "suites": [],
          "passes": [
            "7b5da9e1-5659-4ef2-aa16-118ea59b21bd",
            "1e34be82-7869-4163-b1c6-1b6b7dcfe8e6",
            "be6849b5-922d-4293-a14b-3264fdcc7f3d",
            "a5c4e6a8-147c-4d61-92c3-eb5d29b193b6",
            "14318ee2-b611-48df-8939-5a2738f8fb1f",
            "c16ebb83-b72c-4f15-afb0-d40867ffc7f4",
            "f34588da-7bd0-4b92-8e1b-bf2ff1d506c0",
            "008f9b5a-58f7-4533-8f94-f36695be23c5",
            "44ca9989-2cd8-43e5-963c-6202b7262710",
            "47ba9ae8-7a0c-46bf-b49d-456282c628c1"
          ],
          "failures": [],
          "pending": [],
          "skipped": [],
          "duration": 276934,
          "root": false,
          "rootEmpty": false,
          "_timeout": 2000
        }
      ],
      "passes": [],
      "failures": [],
      "pending": [],
      "skipped": [],
      "duration": 0,
      "root": true,
      "rootEmpty": true,
      "_timeout": 2000
    }
  ],
  "meta": {
    "mocha": {
      "version": "7.0.1"
    },
    "mochawesome": {
      "options": {
        "quiet": true,
        "reportFilename": "mochawesome",
        "saveHtml": false,
        "saveJson": true,
        "consoleReporter": "spec",
        "useInlineDiffs": false,
        "code": true
      },
      "version": "6.3.1"
    },
    "marge": {
      "options": {
        "reportDir": "cypress\\reports\\.jsons",
        "overwrite": false,
        "html": false,
        "json": true,
        "timestamp": true,
        "reportTitle": "Vultara Automation Test",
        "showPassed": true,
        "showFailed": true,
        "showPending": true,
        "showSkipped": false,
        "browser": "all",
        "quiet": true
      },
      "version": "5.2.0"
    }
  }
}