{
  "stats": {
    "suites": 1,
    "tests": 1,
    "passes": 0,
    "pending": 0,
    "failures": 1,
    "start": "2024-02-01T02:36:55.752Z",
    "end": "2024-02-01T02:39:34.622Z",
    "duration": 158870,
    "testsRegistered": 6,
    "passPercent": 0,
    "pendingPercent": 0,
    "other": 0,
    "hasOther": false,
    "skipped": 5,
    "hasSkipped": true
  },
  "results": [
    {
      "uuid": "6cf90dde-5cf0-4a7b-adf7-0c798f325bf8",
      "title": "",
      "fullFile": "cypress\\e2e\\cybersecurity-pool\\goal-pool.cy.js",
      "file": "cypress\\e2e\\cybersecurity-pool\\goal-pool.cy.js",
      "beforeHooks": [],
      "afterHooks": [],
      "tests": [],
      "suites": [
        {
          "uuid": "4782d773-9164-4ce5-95e7-4c5c36c3ff2e",
          "title": "Cybersecurity Control Pool",
          "fullFile": "",
          "file": "",
          "beforeHooks": [],
          "afterHooks": [],
          "tests": [
            {
              "title": "Add Goal Button, No Goal message (MAIN-TC-767, MAIN-TC-632)",
              "fullTitle": "Cybersecurity Control Pool Add Goal Button, No Goal message (MAIN-TC-767, MAIN-TC-632)",
              "timedOut": null,
              "duration": 138966,
              "state": "failed",
              "speed": null,
              "pass": false,
              "fail": true,
              "pending": false,
              "context": "{\n  \"title\": \"cypress-mochawesome-reporter-screenshots\",\n  \"value\": [\n    [\n      {\n        \"title\": \"Failed screenshot\",\n        \"value\": \"\\\\goal-pool.cy.js\\\\Cybersecurity Control Pool -- Add Goal Button, No Goal message (MAIN-TC-767, MAIN-TC-632) -- before all hook (failed) (1).png\"\n      }\n    ]\n  ]\n}",
              "code": "cy.visit(Cypress.env('baseURL') + '/cybersecurity-goal').then(() => {\n  cy.get(cybersecurityGoalSelector.goalAddNewGoalButton, {\n    timeout: 10000\n  }).should('exist');\n});\ncy.get(cybersecurityGoalSelector.goalNoGoalFoundParagraph, {\n  timeout: 10000\n}).should('exist').then(() => {\n  cy.get(cybersecurityGoalSelector.goalNoGoalFoundParagraph, {\n    timeout: 10000\n  }).invoke('text').should('contain', 'No cybersecurity goal found');\n});",
              "err": {
                "message": "CypressError: Timed out retrying after 15000ms: `cy.type()` failed because the center of this element is hidden from view:\n\n`<input _ngcontent-vnx-c198=\"\" matinput=\"\" type=\"text\" formcontrolname=\"name\" class=\"mat-mdc-input-element ng-tns-c18-10 mat-mdc-form-field-input-control mdc-text-field__input ng-untouched ng-pristine ng-invalid cdk-text-field-autofill-monitored\" ng-reflect-type=\"text\" ng-reflect-name=\"name\" id=\"mat-input-0\" required=\"\" aria-required=\"true\">`\n\nFix this problem, or use `{force: true}` to disable error checking.\n\nhttps://on.cypress.io/element-cannot-be-interacted-with\n\nBecause this error occurred during a `before all` hook we are skipping the remaining tests in the current suite: `Cybersecurity Control Pool`",
                "estack": "CypressError: Timed out retrying after 15000ms: `cy.type()` failed because the center of this element is hidden from view:\n\n`<input _ngcontent-vnx-c198=\"\" matinput=\"\" type=\"text\" formcontrolname=\"name\" class=\"mat-mdc-input-element ng-tns-c18-10 mat-mdc-form-field-input-control mdc-text-field__input ng-untouched ng-pristine ng-invalid cdk-text-field-autofill-monitored\" ng-reflect-type=\"text\" ng-reflect-name=\"name\" id=\"mat-input-0\" required=\"\" aria-required=\"true\">`\n\nFix this problem, or use `{force: true}` to disable error checking.\n\nhttps://on.cypress.io/element-cannot-be-interacted-with\n\nBecause this error occurred during a `before all` hook we are skipping the remaining tests in the current suite: `Cybersecurity Control Pool`\n    at ensureIsDescendent (http://localhost:4200/__cypress/runner/cypress_runner.js:111962:66)\n    at ensureDescendents (http://localhost:4200/__cypress/runner/cypress_runner.js:111998:5)\n    at possiblyScrollMultipleTimes (http://localhost:4200/__cypress/runner/cypress_runner.js:112105:22)\n    at scrollContainers (http://localhost:4200/__cypress/runner/cypress_runner.js:112127:16)\n    at ensureDescendentsAndScroll (http://localhost:4200/__cypress/runner/cypress_runner.js:112131:14)\n    at ensureElIsNotCovered (http://localhost:4200/__cypress/runner/cypress_runner.js:112135:5)\n    at runAllChecks (http://localhost:4200/__cypress/runner/cypress_runner.js:112334:52)\n    at retryActionability (http://localhost:4200/__cypress/runner/cypress_runner.js:112371:16)\n    at tryCatcher (http://localhost:4200/__cypress/runner/cypress_runner.js:1807:23)\n    at Promise.attempt.Promise.try (http://localhost:4200/__cypress/runner/cypress_runner.js:4315:29)\n    at whenStable (http://localhost:4200/__cypress/runner/cypress_runner.js:143918:68)\n    at <unknown> (http://localhost:4200/__cypress/runner/cypress_runner.js:143859:14)\n    at tryCatcher (http://localhost:4200/__cypress/runner/cypress_runner.js:1807:23)\n    at Promise._settlePromiseFromHandler (http://localhost:4200/__cypress/runner/cypress_runner.js:1519:31)\n    at Promise._settlePromise (http://localhost:4200/__cypress/runner/cypress_runner.js:1576:18)\n    at Promise._settlePromise0 (http://localhost:4200/__cypress/runner/cypress_runner.js:1621:10)\n    at Promise._settlePromises (http://localhost:4200/__cypress/runner/cypress_runner.js:1701:18)\n    at Promise._fulfill (http://localhost:4200/__cypress/runner/cypress_runner.js:1645:18)\n    at <unknown> (http://localhost:4200/__cypress/runner/cypress_runner.js:5450:46)\nFrom Your Spec Code:\n    at Context.eval (webpack://cypress/./cypress/support/commands.js:37:78)",
                "diff": null
              },
              "uuid": "e7fa12de-91df-4098-86de-c9f8a81fd43b",
              "parentUUID": "4782d773-9164-4ce5-95e7-4c5c36c3ff2e",
              "isHook": false,
              "skipped": false
            },
            {
              "title": "Add New Goal Pop Up (MAIN-TC-769, MAIN-TC-375)",
              "fullTitle": "Cybersecurity Control Pool Add New Goal Pop Up (MAIN-TC-769, MAIN-TC-375)",
              "timedOut": null,
              "duration": 0,
              "state": "skipped",
              "speed": null,
              "pass": false,
              "fail": false,
              "pending": false,
              "context": null,
              "code": "cy.visit(Cypress.env('baseURL') + '/cybersecurity-goal').then(() => {\n  cy.get(cybersecurityGoalSelector.goalAddNewGoalButton, {\n    timeout: 10000\n  }).click();\n});\ncy.get(cybersecurityGoalSelector.addNewGoalDialog, {\n  timeout: 10000\n}).should('exist').then(() => {\n  cy.get(cybersecurityGoalSelector.addNewGoalDialogConfirmButton, {\n    timeout: 10000\n  }).should('exist').should('not.be.enabled');\n  cy.get(cybersecurityGoalSelector.addNewGoalDialogCancelButton, {\n    timeout: 10000\n  }).should('exist');\n});",
              "err": {},
              "uuid": "9f472a49-101e-4e13-8d54-97e4b6c3ccc9",
              "parentUUID": "4782d773-9164-4ce5-95e7-4c5c36c3ff2e",
              "isHook": false,
              "skipped": true
            },
            {
              "title": "Snakbar Message(MAIN-TC-376) ",
              "fullTitle": "Cybersecurity Control Pool Snakbar Message(MAIN-TC-376) ",
              "timedOut": null,
              "duration": 0,
              "state": "skipped",
              "speed": null,
              "pass": false,
              "fail": false,
              "pending": false,
              "context": null,
              "code": "cy.visit(Cypress.env('baseURL') + '/cybersecurity-goal').then(() => {\n  cy.get(cybersecurityGoalSelector.goalAddNewGoalButton, {\n    timeout: 10000\n  }).click();\n});\ncy.get(cybersecurityGoalSelector.addNewGoalDialogContentTextArea, {\n  timeout: 10000\n}).type('Project Goal 1').then(() => {\n  cy.get(cybersecurityGoalSelector.addNewGoalDialogConfirmButton, {\n    timeout: 10000\n  }).click();\n});\ncy.get(cybersecurityGoalSelector.goalSnackBarMessageSuccessfulCreation, {\n  timeout: 5000\n}).invoke('text').should('contain', 'Cybersecurity goal saved successfully!');",
              "err": {},
              "uuid": "f9450bfe-28d3-4e6f-84f6-827a2a54740a",
              "parentUUID": "4782d773-9164-4ce5-95e7-4c5c36c3ff2e",
              "isHook": false,
              "skipped": true
            },
            {
              "title": "Format for the Row Number(MAIN-TC-377)",
              "fullTitle": "Cybersecurity Control Pool Format for the Row Number(MAIN-TC-377)",
              "timedOut": null,
              "duration": 0,
              "state": "skipped",
              "speed": null,
              "pass": false,
              "fail": false,
              "pending": false,
              "context": null,
              "code": "cy.visit(Cypress.env('baseURL') + '/cybersecurity-goal').then(() => {\n  cy.get(cybersecurityGoalSelector.goalAddNewGoalButton, {\n    timeout: 10000\n  }).click();\n});\ncy.get(cybersecurityGoalSelector.addNewGoalDialogContentTextArea, {\n  timeout: 10000\n}).type('Project Goal 2').then(() => {\n  cy.get(cybersecurityGoalSelector.addNewGoalDialogConfirmButton, {\n    timeout: 10000\n  }).click();\n});\ncy.get(cybersecurityGoalSelector.goalSerialNumber, {\n  timeout: 10000\n}).should('have.length', 2).then(() => {\n  cy.get(cybersecurityGoalSelector.goalSerialNumber, {\n    timeout: 10000\n  }).eq(0).invoke('text').then(lastThreat => {\n    cy.get(cybersecurityGoalSelector.goalSerialNumber, {\n      timeout: 10000\n    }).eq(1).invoke('text').then(firstThreat => {\n      // Convert the text values to numbers for comparison\n      const lastThreatValue = parseInt(lastThreat.replace(/\\D/g, ''), 10); // Assuming the value is something like 'GL1'\n      const firstThreatValue = parseInt(firstThreat.replace(/\\D/g, ''), 10); // Assuming the value is something like 'GL2'\n      // Make the assertion\n      expect(lastThreatValue).to.be.greaterThan(firstThreatValue);\n    });\n  });\n});",
              "err": {},
              "uuid": "b5c7bcf8-7f76-4dfa-bf8b-cdc233a49a1f",
              "parentUUID": "4782d773-9164-4ce5-95e7-4c5c36c3ff2e",
              "isHook": false,
              "skipped": true
            },
            {
              "title": "Deleting the Goal will not effect Row Numbers(MAIN-TC-378)",
              "fullTitle": "Cybersecurity Control Pool Deleting the Goal will not effect Row Numbers(MAIN-TC-378)",
              "timedOut": null,
              "duration": 0,
              "state": "skipped",
              "speed": null,
              "pass": false,
              "fail": false,
              "pending": false,
              "context": null,
              "code": "cy.visit(Cypress.env('baseURL') + '/cybersecurity-goal').then(() => {\n  cy.get(cybersecurityGoalSelector.goalAddNewGoalButton, {\n    timeout: 10000\n  }).click();\n});\ncy.get(cybersecurityGoalSelector.addNewGoalDialogContentTextArea, {\n  timeout: 10000\n}).type('Project Goal 3').then(() => {\n  cy.get(cybersecurityGoalSelector.addNewGoalDialogConfirmButton, {\n    timeout: 10000\n  }).click();\n});\ncy.get(cybersecurityGoalSelector.goalSerialNumber, {\n  timeout: 10000\n}).should('have.length', 2).then(() => {\n  cy.get(cybersecurityGoalSelector.goalDropDownButton, {\n    timeout: 10000\n  }).eq(1).click(); //Deleting the 2nd Goal\n  cy.get(cybersecurityGoalSelector.goalDropDownDeleteOption, {\n    timeout: 10000\n  }).click();\n  cy.get(cybersecurityGoalSelector.goalDeleteConfirmButton, {\n    timeout: 10000\n  }).click();\n  // Make sure the UI updates and the first goal becomes GL3 and the second goal becomes GL1\n  cy.get(cybersecurityGoalSelector.goalSerialNumber, {\n    timeout: 10000\n  }).eq(0).invoke('text').should('include', 'GL3');\n  cy.get(cybersecurityGoalSelector.goalSerialNumber, {\n    timeout: 10000\n  }).eq(1).invoke('text').should('include', 'GL1');\n});",
              "err": {},
              "uuid": "1f3447ff-9297-4473-a41a-460538db72c3",
              "parentUUID": "4782d773-9164-4ce5-95e7-4c5c36c3ff2e",
              "isHook": false,
              "skipped": true
            },
            {
              "title": "Deleting The Created project",
              "fullTitle": "Cybersecurity Control Pool Deleting The Created project",
              "timedOut": null,
              "duration": 0,
              "state": "skipped",
              "speed": null,
              "pass": false,
              "fail": false,
              "pending": false,
              "context": null,
              "code": "cy.deleteProject(projectName);",
              "err": {},
              "uuid": "8006dc91-a935-484d-8c82-a3e9fc859e80",
              "parentUUID": "4782d773-9164-4ce5-95e7-4c5c36c3ff2e",
              "isHook": false,
              "skipped": true
            }
          ],
          "suites": [],
          "passes": [],
          "failures": [
            "e7fa12de-91df-4098-86de-c9f8a81fd43b"
          ],
          "pending": [],
          "skipped": [
            "9f472a49-101e-4e13-8d54-97e4b6c3ccc9",
            "f9450bfe-28d3-4e6f-84f6-827a2a54740a",
            "b5c7bcf8-7f76-4dfa-bf8b-cdc233a49a1f",
            "1f3447ff-9297-4473-a41a-460538db72c3",
            "8006dc91-a935-484d-8c82-a3e9fc859e80"
          ],
          "duration": 138966,
          "root": false,
          "rootEmpty": false,
          "_timeout": 2000
        }
      ],
      "passes": [],
      "failures": [],
      "pending": [],
      "skipped": [],
      "duration": 0,
      "root": true,
      "rootEmpty": true,
      "_timeout": 2000
    }
  ],
  "meta": {
    "mocha": {
      "version": "7.0.1"
    },
    "mochawesome": {
      "options": {
        "quiet": true,
        "reportFilename": "mochawesome",
        "saveHtml": false,
        "saveJson": true,
        "consoleReporter": "spec",
        "useInlineDiffs": false,
        "code": true
      },
      "version": "6.3.1"
    },
    "marge": {
      "options": {
        "reportDir": "cypress\\reports\\.jsons",
        "overwrite": false,
        "html": false,
        "json": true,
        "timestamp": true,
        "reportTitle": "Vultara Automation Test",
        "showPassed": true,
        "showFailed": true,
        "showPending": true,
        "showSkipped": false,
        "browser": "all",
        "quiet": true
      },
      "version": "5.2.0"
    }
  }
}