{
  "stats": {
    "suites": 1,
    "tests": 7,
    "passes": 6,
    "pending": 1,
    "failures": 0,
    "start": "2024-02-08T04:39:41.536Z",
    "end": "2024-02-08T04:51:40.131Z",
    "duration": 718595,
    "testsRegistered": 8,
    "passPercent": 85.71428571428571,
    "pendingPercent": 12.5,
    "other": 1,
    "hasOther": true,
    "skipped": 0,
    "hasSkipped": false
  },
  "results": [
    {
      "uuid": "31dcc99a-42f0-48a2-b8a8-52289e512555",
      "title": "",
      "fullFile": "cypress\\e2e\\Threat-Generation\\impact.cy.js",
      "file": "cypress\\e2e\\Threat-Generation\\impact.cy.js",
      "beforeHooks": [],
      "afterHooks": [],
      "tests": [],
      "suites": [
        {
          "uuid": "d4bdf6c2-f715-41d9-a7da-be8e8833a2d8",
          "title": "Impact",
          "fullFile": "",
          "file": "",
          "beforeHooks": [],
          "afterHooks": [],
          "tests": [
            {
              "title": "Create Model and Generate Threat",
              "fullTitle": "Impact Create Model and Generate Threat",
              "timedOut": null,
              "duration": 351457,
              "state": "passed",
              "speed": "slow",
              "pass": true,
              "fail": false,
              "pending": false,
              "context": null,
              "code": "cy.createModel().then(() => {\n  cy.visit(Cypress.env('baseURL') + '/threats');\n});",
              "err": {},
              "uuid": "d1cc14f3-3f99-4d92-a38c-771a55b7a59a",
              "parentUUID": "d4bdf6c2-f715-41d9-a7da-be8e8833a2d8",
              "isHook": false,
              "skipped": false
            },
            {
              "title": "Threat No in Impact Popup (MAIN-TC-1626, MAIN-TC-1627)",
              "fullTitle": "Impact Threat No in Impact Popup (MAIN-TC-1626, MAIN-TC-1627)",
              "timedOut": null,
              "duration": 38236,
              "state": "passed",
              "speed": "slow",
              "pass": true,
              "fail": false,
              "pending": false,
              "context": null,
              "code": "cy.visit(Cypress.env('baseURL') + '/threats').then(() => {\n  cy.get(threatListViewSelector.threatListViewImpactButton, {\n    timeout: 20000\n  }).eq(0).click();\n}).then(() => {\n  cy.get(impactPopupSelector.impactPopup, {\n    timeout: 10000\n  }).should('exist');\n  cy.get(impactPopupSelector.impactPopupTitle, {\n    timeout: 10000\n  }).invoke('text').should('include', 'Impact for Threat #1');\n});",
              "err": {},
              "uuid": "cea1ef87-1dc4-4863-b0ea-a58cc8a07135",
              "parentUUID": "d4bdf6c2-f715-41d9-a7da-be8e8833a2d8",
              "isHook": false,
              "skipped": false
            },
            {
              "title": "Risk level and Impact rating in Impact Popup (MAIN-TC-1643)",
              "fullTitle": "Impact Risk level and Impact rating in Impact Popup (MAIN-TC-1643)",
              "timedOut": null,
              "duration": 32896,
              "state": "failed",
              "speed": null,
              "pass": false,
              "fail": true,
              "pending": false,
              "context": "{\n  \"title\": \"cypress-mochawesome-reporter-screenshots\",\n  \"value\": [\n    [\n      {\n        \"title\": \"Failed screenshot\",\n        \"value\": \"\\\\impact.cy.js\\\\Impact -- Risk level and Impact rating in Impact Popup (MAIN-TC-1643) (failed) (1).png\"\n      }\n    ]\n  ]\n}",
              "code": "cy.visit(Cypress.env('baseURL') + '/threats');\nlet riskValue;\nlet Rating;\ncy.get(threatListViewSelector.threatListViewRiskButton, {\n  timeout: 10000\n}).eq(0).invoke('text').then(text => {\n  riskValue = text.trim();\n  cy.get(threatListViewSelector.threatListViewImpactButton, {\n    timeout: 10000\n  }).eq(0).invoke('text').then(text => {\n    Rating = text.trim();\n    cy.get(threatListViewSelector.threatListViewImpactButton).eq(0).click();\n    cy.get(impactPopupSelector.impactPopupRatingTitle).eq(1).invoke('text').should('include', Rating);\n  });\n  cy.get(impactPopupSelector.impactPopupRiskLevelTitle).eq(0).invoke('text').should('include', riskValue);\n});",
              "err": {
                "message": "AssertionError: Timed out retrying after 10000ms: Expected to find element: `td.mat-column-riskLevel`, but never found it.",
                "estack": "AssertionError: Timed out retrying after 10000ms: Expected to find element: `td.mat-column-riskLevel`, but never found it.\n    at Context.eval (webpack://cypress/./cypress/e2e/Threat-Generation/impact.cy.js:50:7)",
                "diff": null
              },
              "uuid": "9ceeadbd-0661-4208-9704-f5faca633a49",
              "parentUUID": "d4bdf6c2-f715-41d9-a7da-be8e8833a2d8",
              "isHook": false,
              "skipped": false
            },
            {
              "title": "Color dot with Each Impact Category (MAIN-TC-1645)",
              "fullTitle": "Impact Color dot with Each Impact Category (MAIN-TC-1645)",
              "timedOut": null,
              "duration": 74095,
              "state": "passed",
              "speed": "slow",
              "pass": true,
              "fail": false,
              "pending": false,
              "context": null,
              "code": "cy.visit(Cypress.env('baseURL') + '/threats');\ncy.get(threatListViewSelector.threatListViewImpactButton, {\n  timeout: 10000\n}).eq(0).click().then(() => {\n  for (let i = 0; i < 4; i++) {\n    cy.get(impactPopupSelector.impactPopupCategoryDropDown, {\n      timeout: 10000\n    }).eq(i).click();\n    cy.get(impactPopupSelector.impactPopupCategoryDropdownModerateOption, {\n      timeout: 10000\n    }).click();\n  }\n}).then(() => {\n  for (let i = 0; i < 4; i++) {\n    cy.get(impactPopupSelector.impactPopupCategoryDropDownColor, {\n      timeout: 10000\n    }).eq(i).should('exist');\n  }\n});",
              "err": {},
              "uuid": "c7260341-09d9-41a8-b1cf-9b1bb253f40a",
              "parentUUID": "d4bdf6c2-f715-41d9-a7da-be8e8833a2d8",
              "isHook": false,
              "skipped": false
            },
            {
              "title": "Edit the Reviewed Threat(MAIN-TC-1681) ",
              "fullTitle": "Impact Edit the Reviewed Threat(MAIN-TC-1681) ",
              "timedOut": null,
              "duration": 27694,
              "state": "passed",
              "speed": "slow",
              "pass": true,
              "fail": false,
              "pending": false,
              "context": null,
              "code": "cy.visit(Cypress.env('baseURL') + '/threats');\ncy.get(threatListViewSelector.threatListViewReviewCheckBox, {\n  timeout: 10000\n}).eq(0).click() //Marking threat as reviewed\n.then(() => {\n  cy.get(threatListViewSelector.threatListViewImpactButton).eq(0).click();\n}).then(() => {\n  cy.get(impactPopupSelector.impactPopupCategoryDropDown).eq(0).should('not.be.enabled');\n  cy.get(impactPopupSelector.impactPopuDamageScenarioTextArea).should('not.be.enabled');\n});\ncy.get(impactPopupSelector.impactPopupCancelButton, {\n  timeout: 10000\n}).click().then(() => {\n  cy.get(threatListViewSelector.threatListViewReviewCheckBox, {\n    timeout: 10000\n  }).eq(0).click(); //Marking threat as unreviewed\n}).then(() => {\n  cy.get(threatListViewSelector.threatListViewReviewCheckBox, {\n    timeout: 10000\n  }).eq(0).click();\n}).then(() => {\n  cy.get(impactPopupSelector.impactPopupConfirmButton, {\n    timeout: 10000\n  }).click().then(() => {\n    cy.wait(1500);\n  });\n});",
              "err": {},
              "uuid": "c7c51769-d1b9-4ceb-95ff-2016e7f9ab96",
              "parentUUID": "d4bdf6c2-f715-41d9-a7da-be8e8833a2d8",
              "isHook": false,
              "skipped": false
            },
            {
              "title": "Impact having Some treatment Value (MAIN-TC-1682, MAIN-TC-1683)",
              "fullTitle": "Impact Impact having Some treatment Value (MAIN-TC-1682, MAIN-TC-1683)",
              "timedOut": null,
              "duration": 39547,
              "state": "passed",
              "speed": "slow",
              "pass": true,
              "fail": false,
              "pending": false,
              "context": null,
              "code": "cy.visit(Cypress.env('baseURL') + '/threats').then(() => {\n  cy.get(threatListViewSelector.threatListViewThreatTreatmentSelect, {\n    timeout: 10000\n  }).eq(0).click();\n});\ncy.get(threatListViewSelector.threatTreatmentReduceOption, {\n  timeout: 10000\n}).click();\ncy.get(threatListViewSelector.threatListViewImpactButton, {\n  timeout: 10000\n}).eq(0).click({\n  force: true\n}).then(() => {\n  cy.get(impactPopupSelector.impactPopupBeforeAfterToggleButton, {\n    timeout: 10000\n  }).should('exist');\n});\ncy.get(impactPopupSelector.impactPopupCategoryHeading, {\n  timeout: 10000\n}).invoke('text').should('include', 'After');\ncy.get(impactPopupSelector.impactPopupBeforeAfterToggleButton, {\n  timeout: 10000\n}).click().then(() => {\n  cy.get(impactPopupSelector.impactPopupCategoryHeading, {\n    timeout: 10000\n  }).invoke('text').should('include', 'Before');\n}).then(() => {\n  cy.get(impactPopupSelector.impactPopupCloseButton).click();\n});",
              "err": {},
              "uuid": "00ee028e-7861-4107-8b46-a8ef2ca87080",
              "parentUUID": "d4bdf6c2-f715-41d9-a7da-be8e8833a2d8",
              "isHook": false,
              "skipped": false
            },
            {
              "title": "Comparing Before and After Value (MAIN-TC-1684)",
              "fullTitle": "Impact Comparing Before and After Value (MAIN-TC-1684)",
              "timedOut": null,
              "duration": 0,
              "state": "pending",
              "speed": null,
              "pass": false,
              "fail": false,
              "pending": true,
              "context": null,
              "code": "cy.visit(Cypress.env('baseURL') + '/threats').then(() => {\n  cy.get(threatListViewSelector.threatListViewThreatTreatmentSelect, {\n    timeout: 10000\n  }).eq(0).click();\n});\ncy.get(threatListViewSelector.threatTreatmentRetaintOption, {\n  timeout: 10000\n}).click({\n  force: true\n}).then(() => {\n  cy.get(threatListViewSelector.threatListViewImpactButton).eq(0).click();\n}).then(() => {\n  for (let i = 0; i < 4; i++) {\n    cy.get(impactPopupSelector.impactPopupCategoryDropDown, {\n      timeout: 10000\n    }).eq(i).click();\n    cy.get(impactPopupSelector.impactPopupCategoryDropdownNegligibleOption, {\n      timeout: 10000\n    }).click();\n  }\n});\ncy.get(impactPopupSelector.impactPopupRiskLevelTitle, {\n  timeout: 10000\n}).eq(0).invoke('text').should('include', '4');\ncy.get(impactPopupSelector.impactPopupRatingTitle, {\n  timeout: 10000\n}).eq(1).invoke('text').should('include', 'Negligible');\ncy.get(impactPopupSelector.impactPopupBeforeAfterToggleButton).click().then(() => {\n  for (let i = 0; i < 4; i++) {\n    cy.get(impactPopupSelector.impactPopupCategoryDropDown, {\n      timeout: 10000\n    }).eq(i).click();\n    cy.get(impactPopupSelector.impactPopupCategoryDropdownModerateOption, {\n      timeout: 10000\n    }).click();\n  }\n});\ncy.get(impactPopupSelector.impactPopupRiskLevelTitle, {\n  timeout: 10000\n}).eq(0).invoke('text').should('include', '5');\ncy.get(impactPopupSelector.impactPopupRatingTitle, {\n  timeout: 10000\n}).eq(1).invoke('text').should('include', 'Moderate');\ncy.get(impactPopupSelector.impactPopupRiskLevelTitle, {\n  timeout: 10000\n}).eq(0).invoke('text').should('contain', 'Risk Level: 5→ 4');\ncy.get(impactPopupSelector.impactPopupRatingTitle, {\n  timeout: 10000\n}).eq(1).invoke('text').should('contain', 'Impact Rating: Moderate → Negligible');",
              "err": {},
              "uuid": "15666d7c-3d37-4dd5-beca-b7e21d9f599e",
              "parentUUID": "d4bdf6c2-f715-41d9-a7da-be8e8833a2d8",
              "isHook": false,
              "skipped": false
            },
            {
              "title": "Delete Project",
              "fullTitle": "Impact Delete Project",
              "timedOut": null,
              "duration": 124615,
              "state": "passed",
              "speed": "slow",
              "pass": true,
              "fail": false,
              "pending": false,
              "context": null,
              "code": "cy.deleteProject(projectName);",
              "err": {},
              "uuid": "20c3d9f9-4b88-48e3-a225-45586ec190d3",
              "parentUUID": "d4bdf6c2-f715-41d9-a7da-be8e8833a2d8",
              "isHook": false,
              "skipped": false
            }
          ],
          "suites": [],
          "passes": [
            "d1cc14f3-3f99-4d92-a38c-771a55b7a59a",
            "cea1ef87-1dc4-4863-b0ea-a58cc8a07135",
            "c7260341-09d9-41a8-b1cf-9b1bb253f40a",
            "c7c51769-d1b9-4ceb-95ff-2016e7f9ab96",
            "00ee028e-7861-4107-8b46-a8ef2ca87080",
            "20c3d9f9-4b88-48e3-a225-45586ec190d3"
          ],
          "failures": [
            "9ceeadbd-0661-4208-9704-f5faca633a49"
          ],
          "pending": [
            "15666d7c-3d37-4dd5-beca-b7e21d9f599e"
          ],
          "skipped": [],
          "duration": 688540,
          "root": false,
          "rootEmpty": false,
          "_timeout": 2000
        }
      ],
      "passes": [],
      "failures": [],
      "pending": [],
      "skipped": [],
      "duration": 0,
      "root": true,
      "rootEmpty": true,
      "_timeout": 2000
    }
  ],
  "meta": {
    "mocha": {
      "version": "7.0.1"
    },
    "mochawesome": {
      "options": {
        "quiet": true,
        "reportFilename": "mochawesome",
        "saveHtml": false,
        "saveJson": true,
        "consoleReporter": "spec",
        "useInlineDiffs": false,
        "code": true
      },
      "version": "6.3.1"
    },
    "marge": {
      "options": {
        "reportDir": "cypress\\reports\\.jsons",
        "overwrite": false,
        "html": false,
        "json": true,
        "timestamp": true,
        "reportTitle": "Vultara Automation Test",
        "showPassed": true,
        "showFailed": true,
        "showPending": true,
        "showSkipped": false,
        "browser": "all",
        "quiet": true
      },
      "version": "5.2.0"
    }
  }
}