{
  "stats": {
    "suites": 2,
    "tests": 7,
    "passes": 6,
    "pending": 0,
    "failures": 1,
    "start": "2024-02-23T07:30:43.903Z",
    "end": "2024-02-23T07:35:19.987Z",
    "duration": 276084,
    "testsRegistered": 7,
    "passPercent": 85.71428571428571,
    "pendingPercent": 0,
    "other": 0,
    "hasOther": false,
    "skipped": 0,
    "hasSkipped": false
  },
  "results": [
    {
      "uuid": "3e786f11-af0a-49da-a15b-031537a56dc7",
      "title": "",
      "fullFile": "cypress\\e2e\\Threat-Generation\\impact.cy.js",
      "file": "cypress\\e2e\\Threat-Generation\\impact.cy.js",
      "beforeHooks": [],
      "afterHooks": [],
      "tests": [],
      "suites": [
        {
          "uuid": "cabc60b0-cc22-49b0-a588-464951984a7c",
          "title": "Impact",
          "fullFile": "",
          "file": "",
          "beforeHooks": [],
          "afterHooks": [],
          "tests": [
            {
              "title": "Threat No in Impact Popup (MAIN-TC-1626, MAIN-TC-1627)",
              "fullTitle": "Impact Threat No in Impact Popup (MAIN-TC-1626, MAIN-TC-1627)",
              "timedOut": null,
              "duration": 73949,
              "state": "passed",
              "speed": "slow",
              "pass": true,
              "fail": false,
              "pending": false,
              "context": null,
              "code": "cy.visit(Cypress.env('baseURL') + '/threats').then(() => {\n  cy.get(threatListViewSelector.threatListViewImpactButton).eq(0).click();\n}).then(() => {\n  cy.get(impactPopupSelector.impactPopup).should('be.visible').then(() => {\n    cy.get(impactPopupSelector.impactPopupTitle).invoke('text').should('include', 'Impact for Threat #1');\n  });\n});",
              "err": {},
              "uuid": "1686b101-2a99-4b7f-bf72-caaa891b957c",
              "parentUUID": "cabc60b0-cc22-49b0-a588-464951984a7c",
              "isHook": false,
              "skipped": false
            },
            {
              "title": "Risk level and Impact rating in Impact Popup (MAIN-TC-1643)",
              "fullTitle": "Impact Risk level and Impact rating in Impact Popup (MAIN-TC-1643)",
              "timedOut": null,
              "duration": 8483,
              "state": "passed",
              "speed": "medium",
              "pass": true,
              "fail": false,
              "pending": false,
              "context": null,
              "code": "cy.visit(Cypress.env('baseURL') + '/threats').then(() => {\n  let riskValue;\n  let Rating;\n  cy.get(threatListViewSelector.threatListViewRiskButton).eq(0).invoke('text').then(text => {\n    riskValue = text.trim();\n    cy.get(threatListViewSelector.threatListViewImpactButton).eq(0).invoke('text').then(text => {\n      Rating = text.trim();\n      cy.get(threatListViewSelector.threatListViewImpactButton).eq(0).click();\n      cy.get(impactPopupSelector.impactPopupRatingAndLevelCard).eq(1).invoke('text').should('include', Rating);\n    });\n    cy.get(impactPopupSelector.impactPopupRatingAndLevelCard).eq(0).invoke('text').should('include', riskValue);\n  });\n});",
              "err": {},
              "uuid": "ddfadcff-d965-414b-9d1d-0d4218db89d1",
              "parentUUID": "cabc60b0-cc22-49b0-a588-464951984a7c",
              "isHook": false,
              "skipped": false
            },
            {
              "title": "Color dot with Each Impact Category (MAIN-TC-1645)",
              "fullTitle": "Impact Color dot with Each Impact Category (MAIN-TC-1645)",
              "timedOut": null,
              "duration": 11908,
              "state": "passed",
              "speed": "slow",
              "pass": true,
              "fail": false,
              "pending": false,
              "context": null,
              "code": "cy.visit(Cypress.env('baseURL') + '/threats').then(() => {\n  cy.get(threatListViewSelector.threatListViewImpactButton).eq(0).click().then(() => {\n    for (let i = 0; i < 4; i++) {\n      cy.get(impactPopupSelector.impactPopupCategoryDropDown).eq(i).click();\n      cy.get(impactPopupSelector.impactPopupCategoryDropdownModerateOption).click();\n    }\n  }).then(() => {\n    for (let i = 0; i < 4; i++) {\n      cy.get(impactPopupSelector.impactPopupCategoryDropDownColor).eq(i).should('exist');\n    }\n  });\n});",
              "err": {},
              "uuid": "d7080f48-18fa-4ea4-b407-a0d9791a51c4",
              "parentUUID": "cabc60b0-cc22-49b0-a588-464951984a7c",
              "isHook": false,
              "skipped": false
            },
            {
              "title": "Edit the Reviewed Threat(MAIN-TC-1681) ",
              "fullTitle": "Impact Edit the Reviewed Threat(MAIN-TC-1681) ",
              "timedOut": null,
              "duration": 23698,
              "state": "passed",
              "speed": "slow",
              "pass": true,
              "fail": false,
              "pending": false,
              "context": null,
              "code": "cy.visit(Cypress.env('baseURL') + '/threats');\ncy.get(threatListViewSelector.threatListViewReviewCheckBox).eq(0).click() //Marking threat as reviewed\n.then(() => {\n  cy.get(threatListViewSelector.threatListViewImpactButton).eq(0).click();\n}).then(() => {\n  cy.get(impactPopupSelector.impactPopupCategoryDropDown).eq(0).should('not.be.enabled');\n  cy.get(impactPopupSelector.impactPopupDamageScenarioTextArea).should('not.be.enabled');\n});\ncy.get(impactPopupSelector.impactPopupCancelButton).click().then(() => {\n  cy.wait(3000);\n  cy.get(threatListViewSelector.threatListViewReviewCheckBox).eq(0).click({\n    force: true\n  }); //Marking threat as unreviewed\n  cy.wait(3000);\n}).then(() => {\n  cy.get(threatListViewSelector.threatListViewReviewCheckBox).eq(0).click({\n    force: true\n  });\n  cy.wait(3000);\n}).then(() => {\n  cy.get(impactPopupSelector.impactPopupConfirmButton).click({\n    force: true\n  });\n  cy.wait(3000);\n});",
              "err": {},
              "uuid": "20255783-0b4e-48e8-85c2-7c13e17f10fa",
              "parentUUID": "cabc60b0-cc22-49b0-a588-464951984a7c",
              "isHook": false,
              "skipped": false
            },
            {
              "title": "Verify that when the user changes the treatment and opens Impact, then \"before & after treatment view\" should appear (MAIN-TC-1682, MAIN-TC-1683)",
              "fullTitle": "Impact Verify that when the user changes the treatment and opens Impact, then \"before & after treatment view\" should appear (MAIN-TC-1682, MAIN-TC-1683)",
              "timedOut": null,
              "duration": 9838,
              "state": "passed",
              "speed": "medium",
              "pass": true,
              "fail": false,
              "pending": false,
              "context": null,
              "code": "cy.visit(Cypress.env('baseURL') + '/threats').then(() => {\n  cy.get(threatListViewSelector.threatListViewThreatTreatmentSelect).eq(0).click().then(() => {\n    cy.get(threatListViewSelector.threatTreatmentReduceOption).click();\n  }).then(() => {\n    cy.get(threatListViewSelector.threatListViewImpactButton).eq(0).click({\n      force: true\n    }).then(() => {\n      cy.get(impactPopupSelector.impactPopupBeforeParagraph).should('be.visible');\n      cy.get(impactPopupSelector.impactPopupAfterParagraph).should('be.visible');\n      cy.get(impactPopupSelector.impactPopupBeforeAfterCategoryForm).should('have.length', 2); //both before & after forms\n    });\n  });\n});",
              "err": {},
              "uuid": "d336ff08-029b-4e2a-ab6b-3b5f8a6dd83a",
              "parentUUID": "cabc60b0-cc22-49b0-a588-464951984a7c",
              "isHook": false,
              "skipped": false
            },
            {
              "title": "Verify impact rating and risk level is updated according to the view(MAIN-TC-1684)",
              "fullTitle": "Impact Verify impact rating and risk level is updated according to the view(MAIN-TC-1684)",
              "timedOut": null,
              "duration": 41863,
              "state": "failed",
              "speed": null,
              "pass": false,
              "fail": true,
              "pending": false,
              "context": "{\n  \"title\": \"cypress-mochawesome-reporter-screenshots\",\n  \"value\": [\n    [\n      {\n        \"title\": \"Failed screenshot\",\n        \"value\": \"\\\\impact.cy.js\\\\Impact -- Verify impact rating and risk level is updated according to the view(MAIN-TC-1684) (failed).png\"\n      }\n    ],\n    [\n      {\n        \"title\": \"Failed screenshot\",\n        \"value\": \"\\\\impact.cy.js\\\\Impact -- Verify impact rating and risk level is updated according to the view(MAIN-TC-1684) (failed) (attempt 2).png\"\n      }\n    ],\n    [\n      {\n        \"title\": \"Failed screenshot\",\n        \"value\": \"\\\\impact.cy.js\\\\Impact -- Verify impact rating and risk level is updated according to the view(MAIN-TC-1684) (failed) (attempt 3).png\"\n      }\n    ]\n  ]\n}",
              "code": "cy.visit(Cypress.env('baseURL') + '/threats').then(() => {\n  cy.get(threatListViewSelector.threatListViewThreatTreatmentSelect).eq(0).click();\n});\ncy.get(threatListViewSelector.threatTreatmentRetainOption).click({\n  force: true\n}).then(() => {\n  cy.get(threatListViewSelector.threatListViewImpactButton).eq(0).click();\n}).then(() => {\n  for (let i = 4; i < 8; i++) {\n    cy.get(impactPopupSelector.impactPopupCategoryDropDown).eq(i).click();\n    cy.get(impactPopupSelector.impactPopupCategoryDropdownNegligibleOption).click();\n  }\n}).then(() => {\n  cy.get(impactPopupSelector.impactPopupRatingAndLevelCard).eq(-1).invoke('text').should('include', 'Negligible');\n}).then(() => {\n  for (let i = 4; i < 8; i++) {\n    cy.get(impactPopupSelector.impactPopupCategoryDropDown).eq(i).click();\n    cy.get(impactPopupSelector.impactPopupCategoryDropdownModerateOption).click();\n  }\n}).then(() => {\n  cy.get(impactPopupSelector.impactPopupRatingAndLevelCard).eq(-1).invoke('text').should('include', 'Moderatee');\n});",
              "err": {
                "message": "AssertionError: Timed out retrying after 20000ms: expected ' → Moderate' to include 'Moderatee'",
                "estack": "AssertionError: Timed out retrying after 20000ms: expected ' → Moderate' to include 'Moderatee'\n    at Context.eval (webpack://cypress/./cypress/e2e/Threat-Generation/impact.cy.js:142:86)",
                "diff": null
              },
              "uuid": "adf3d906-d6c8-4f69-8bca-41490f6bd687",
              "parentUUID": "cabc60b0-cc22-49b0-a588-464951984a7c",
              "isHook": false,
              "skipped": false
            }
          ],
          "suites": [],
          "passes": [
            "1686b101-2a99-4b7f-bf72-caaa891b957c",
            "ddfadcff-d965-414b-9d1d-0d4218db89d1",
            "d7080f48-18fa-4ea4-b407-a0d9791a51c4",
            "20255783-0b4e-48e8-85c2-7c13e17f10fa",
            "d336ff08-029b-4e2a-ab6b-3b5f8a6dd83a"
          ],
          "failures": [
            "adf3d906-d6c8-4f69-8bca-41490f6bd687"
          ],
          "pending": [],
          "skipped": [],
          "duration": 169739,
          "root": false,
          "rootEmpty": false,
          "_timeout": 2000
        },
        {
          "uuid": "47986d7f-354a-445e-8853-269eb6f47cb0",
          "title": "CLEANUP: Project Deletion",
          "fullFile": "",
          "file": "",
          "beforeHooks": [],
          "afterHooks": [],
          "tests": [
            {
              "title": "Deleting The Project If Created",
              "fullTitle": "CLEANUP: Project Deletion Deleting The Project If Created",
              "timedOut": null,
              "duration": 19779,
              "state": "passed",
              "speed": "slow",
              "pass": true,
              "fail": false,
              "pending": false,
              "context": null,
              "code": "cy.viewport(1920, 1080);\ncy.login().then(() => {\n  cy.visit(Cypress.env('baseURL') + '/dashboard').then(() => {\n    cy.wait(1000);\n    cy.get(navBarSelector.navBarProjectButton).should('be.visible').then(() => {\n      cy.get(navBarSelector.navBarProjectButton).click();\n    }).then(() => {\n      cy.get(navBarSelector.projectListDeleteProjectButton).click();\n    }).then(() => {\n      cy.wait(1000);\n      cy.contains(projectName).then($element => {\n        if ($element.length) {\n          //project exists\n          cy.deleteProject(projectName);\n        }\n      });\n    });\n  });\n});",
              "err": {},
              "uuid": "dfa38fa5-b745-4922-abad-01ab3c8cf3f6",
              "parentUUID": "47986d7f-354a-445e-8853-269eb6f47cb0",
              "isHook": false,
              "skipped": false
            }
          ],
          "suites": [],
          "passes": [
            "dfa38fa5-b745-4922-abad-01ab3c8cf3f6"
          ],
          "failures": [],
          "pending": [],
          "skipped": [],
          "duration": 19779,
          "root": false,
          "rootEmpty": false,
          "_timeout": 2000
        }
      ],
      "passes": [],
      "failures": [],
      "pending": [],
      "skipped": [],
      "duration": 0,
      "root": true,
      "rootEmpty": true,
      "_timeout": 2000
    }
  ],
  "meta": {
    "mocha": {
      "version": "7.0.1"
    },
    "mochawesome": {
      "options": {
        "quiet": true,
        "reportFilename": "mochawesome",
        "saveHtml": false,
        "saveJson": true,
        "consoleReporter": "spec",
        "useInlineDiffs": false,
        "code": true
      },
      "version": "6.3.1"
    },
    "marge": {
      "options": {
        "reportDir": "cypress\\reports\\.jsons",
        "overwrite": false,
        "html": false,
        "json": true,
        "timestamp": true,
        "reportTitle": "Vultara Automation Test",
        "showPassed": true,
        "showFailed": true,
        "showPending": true,
        "showSkipped": false,
        "browser": "all",
        "quiet": true
      },
      "version": "5.2.0"
    }
  }
}