{
  "stats": {
    "suites": 1,
    "tests": 7,
    "passes": 7,
    "pending": 1,
    "failures": -1,
    "start": "2024-02-12T05:33:04.602Z",
    "end": "2024-02-12T05:40:28.663Z",
    "duration": 444061,
    "testsRegistered": 8,
    "passPercent": 100,
    "pendingPercent": 12.5,
    "other": 1,
    "hasOther": true,
    "skipped": 0,
    "hasSkipped": false
  },
  "results": [
    {
      "uuid": "c2ada90b-5107-43af-9ab2-f64734d4b2e5",
      "title": "",
      "fullFile": "cypress\\e2e\\Threat-Generation\\impact.cy.js",
      "file": "cypress\\e2e\\Threat-Generation\\impact.cy.js",
      "beforeHooks": [],
      "afterHooks": [],
      "tests": [],
      "suites": [
        {
          "uuid": "04d2d12a-fe4d-47a1-92b6-21f94dd4d8ff",
          "title": "Impact",
          "fullFile": "",
          "file": "",
          "beforeHooks": [],
          "afterHooks": [],
          "tests": [
            {
              "title": "Create Model and Generate Threat",
              "fullTitle": "Impact Create Model and Generate Threat",
              "timedOut": null,
              "duration": 206063,
              "state": "passed",
              "speed": "slow",
              "pass": true,
              "fail": false,
              "pending": false,
              "context": null,
              "code": "cy.createModel().then(() => {\n  cy.visit(Cypress.env('baseURL') + '/threats');\n});",
              "err": {},
              "uuid": "16f1db14-d882-4f34-b40f-06e9689794db",
              "parentUUID": "04d2d12a-fe4d-47a1-92b6-21f94dd4d8ff",
              "isHook": false,
              "skipped": false
            },
            {
              "title": "Threat No in Impact Popup (MAIN-TC-1626, MAIN-TC-1627)",
              "fullTitle": "Impact Threat No in Impact Popup (MAIN-TC-1626, MAIN-TC-1627)",
              "timedOut": null,
              "duration": 18253,
              "state": "passed",
              "speed": "slow",
              "pass": true,
              "fail": false,
              "pending": false,
              "context": null,
              "code": "cy.visit(Cypress.env('baseURL') + '/threats').then(() => {\n  cy.get(threatListViewSelector.threatListViewImpactButton, {\n    timeout: 20000\n  }).eq(0).click();\n}).then(() => {\n  cy.get(impactPopupSelector.impactPopup, {\n    timeout: 10000\n  }).should('exist');\n  cy.get(impactPopupSelector.impactPopupTitle, {\n    timeout: 10000\n  }).invoke('text').should('include', 'Impact for Threat #1');\n});",
              "err": {},
              "uuid": "cc9c272d-5856-4f2e-a4e7-d2c08c6d0d75",
              "parentUUID": "04d2d12a-fe4d-47a1-92b6-21f94dd4d8ff",
              "isHook": false,
              "skipped": false
            },
            {
              "title": "Risk level and Impact rating in Impact Popup (MAIN-TC-1643)",
              "fullTitle": "Impact Risk level and Impact rating in Impact Popup (MAIN-TC-1643)",
              "timedOut": null,
              "duration": 23261,
              "state": "passed",
              "speed": "slow",
              "pass": true,
              "fail": false,
              "pending": false,
              "context": null,
              "code": "cy.visit(Cypress.env('baseURL') + '/threats').then(() => {\n  let riskValue;\n  let Rating;\n  cy.get(threatListViewSelector.threatListViewRiskButton, {\n    timeout: 10000\n  }).eq(0).invoke('text').then(text => {\n    riskValue = text.trim();\n    cy.get(threatListViewSelector.threatListViewImpactButton, {\n      timeout: 10000\n    }).eq(0).invoke('text').then(text => {\n      Rating = text.trim();\n      cy.get(threatListViewSelector.threatListViewImpactButton).eq(0).click();\n      cy.get(impactPopupSelector.impactPopupRatingTitle).eq(1).invoke('text').should('include', Rating);\n    });\n    cy.get(impactPopupSelector.impactPopupRiskLevelTitle).eq(0).invoke('text').should('include', riskValue);\n  });\n});",
              "err": {},
              "uuid": "2e47684e-9a36-4fa0-99d3-9a05bc70671d",
              "parentUUID": "04d2d12a-fe4d-47a1-92b6-21f94dd4d8ff",
              "isHook": false,
              "skipped": false
            },
            {
              "title": "Color dot with Each Impact Category (MAIN-TC-1645)",
              "fullTitle": "Impact Color dot with Each Impact Category (MAIN-TC-1645)",
              "timedOut": null,
              "duration": 28575,
              "state": "passed",
              "speed": "slow",
              "pass": true,
              "fail": false,
              "pending": false,
              "context": null,
              "code": "cy.visit(Cypress.env('baseURL') + '/threats');\ncy.get(threatListViewSelector.threatListViewImpactButton, {\n  timeout: 10000\n}).eq(0).click().then(() => {\n  for (let i = 0; i < 4; i++) {\n    cy.get(impactPopupSelector.impactPopupCategoryDropDown, {\n      timeout: 10000\n    }).eq(i).click();\n    cy.get(impactPopupSelector.impactPopupCategoryDropdownModerateOption, {\n      timeout: 10000\n    }).click();\n  }\n}).then(() => {\n  for (let i = 0; i < 4; i++) {\n    cy.get(impactPopupSelector.impactPopupCategoryDropDownColor, {\n      timeout: 10000\n    }).eq(i).should('exist');\n  }\n});",
              "err": {},
              "uuid": "6c73223f-236c-49a2-a47f-f840fbe42dd1",
              "parentUUID": "04d2d12a-fe4d-47a1-92b6-21f94dd4d8ff",
              "isHook": false,
              "skipped": false
            },
            {
              "title": "Edit the Reviewed Threat(MAIN-TC-1681) ",
              "fullTitle": "Impact Edit the Reviewed Threat(MAIN-TC-1681) ",
              "timedOut": null,
              "duration": 32140,
              "state": "passed",
              "speed": "slow",
              "pass": true,
              "fail": false,
              "pending": false,
              "context": null,
              "code": "cy.visit(Cypress.env('baseURL') + '/threats');\ncy.get(threatListViewSelector.threatListViewReviewCheckBox, {\n  timeout: 10000\n}).eq(0).click() //Marking threat as reviewed\n.then(() => {\n  cy.get(threatListViewSelector.threatListViewImpactButton).eq(0).click();\n}).then(() => {\n  cy.get(impactPopupSelector.impactPopupCategoryDropDown).eq(0).should('not.be.enabled');\n  cy.get(impactPopupSelector.impactPopuDamageScenarioTextArea).should('not.be.enabled');\n});\ncy.get(impactPopupSelector.impactPopupCancelButton, {\n  timeout: 10000\n}).click().then(() => {\n  cy.get(threatListViewSelector.threatListViewReviewCheckBox, {\n    timeout: 10000\n  }).eq(0).click(); //Marking threat as unreviewed\n}).then(() => {\n  cy.get(threatListViewSelector.threatListViewReviewCheckBox, {\n    timeout: 10000\n  }).eq(0).click();\n}).then(() => {\n  cy.get(impactPopupSelector.impactPopupConfirmButton, {\n    timeout: 10000\n  }).click().then(() => {\n    cy.wait(1500);\n  });\n});",
              "err": {},
              "uuid": "969433d7-af39-4e1b-aa9b-571c3b6af6f3",
              "parentUUID": "04d2d12a-fe4d-47a1-92b6-21f94dd4d8ff",
              "isHook": false,
              "skipped": false
            },
            {
              "title": "Impact having Some treatment Value (MAIN-TC-1682, MAIN-TC-1683)",
              "fullTitle": "Impact Impact having Some treatment Value (MAIN-TC-1682, MAIN-TC-1683)",
              "timedOut": null,
              "duration": 23368,
              "state": "passed",
              "speed": "slow",
              "pass": true,
              "fail": false,
              "pending": false,
              "context": null,
              "code": "cy.visit(Cypress.env('baseURL') + '/threats').then(() => {\n  cy.get(threatListViewSelector.threatListViewThreatTreatmentSelect, {\n    timeout: 10000\n  }).eq(0).click();\n  cy.get(threatListViewSelector.threatTreatmentReduceOption, {\n    timeout: 10000\n  }).click();\n  cy.get(threatListViewSelector.threatListViewImpactButton, {\n    timeout: 10000\n  }).eq(0).click({\n    force: true\n  }).then(() => {\n    cy.get(impactPopupSelector.impactPopupBeforeAfterToggleButton, {\n      timeout: 10000\n    }).should('exist');\n  });\n  cy.get(impactPopupSelector.impactPopupCategoryHeading, {\n    timeout: 10000\n  }).invoke('text').should('include', 'After');\n  cy.get(impactPopupSelector.impactPopupBeforeAfterToggleButton, {\n    timeout: 10000\n  }).click().then(() => {\n    cy.get(impactPopupSelector.impactPopupCategoryHeading, {\n      timeout: 10000\n    }).invoke('text').should('include', 'Before');\n  }).then(() => {\n    cy.get(impactPopupSelector.impactPopupCloseButton).click();\n  });\n});",
              "err": {},
              "uuid": "b31e1274-2acf-4f9c-9a62-194eae07eee8",
              "parentUUID": "04d2d12a-fe4d-47a1-92b6-21f94dd4d8ff",
              "isHook": false,
              "skipped": false
            },
            {
              "title": "Comparing Before and After Value (MAIN-TC-1684)",
              "fullTitle": "Impact Comparing Before and After Value (MAIN-TC-1684)",
              "timedOut": null,
              "duration": 0,
              "state": "pending",
              "speed": null,
              "pass": false,
              "fail": false,
              "pending": true,
              "context": null,
              "code": "cy.visit(Cypress.env('baseURL') + '/threats').then(() => {\n  cy.get(threatListViewSelector.threatListViewThreatTreatmentSelect, {\n    timeout: 10000\n  }).eq(0).click();\n});\ncy.get(threatListViewSelector.threatTreatmentRetaintOption, {\n  timeout: 10000\n}).click({\n  force: true\n}).then(() => {\n  cy.get(threatListViewSelector.threatListViewImpactButton).eq(0).click();\n}).then(() => {\n  for (let i = 0; i < 4; i++) {\n    cy.get(impactPopupSelector.impactPopupCategoryDropDown, {\n      timeout: 10000\n    }).eq(i).click();\n    cy.get(impactPopupSelector.impactPopupCategoryDropdownNegligibleOption, {\n      timeout: 10000\n    }).click();\n  }\n});\ncy.get(impactPopupSelector.impactPopupRiskLevelTitle, {\n  timeout: 10000\n}).eq(0).invoke('text').should('include', '4');\ncy.get(impactPopupSelector.impactPopupRatingTitle, {\n  timeout: 10000\n}).eq(1).invoke('text').should('include', 'Negligible');\ncy.get(impactPopupSelector.impactPopupBeforeAfterToggleButton).click().then(() => {\n  for (let i = 0; i < 4; i++) {\n    cy.get(impactPopupSelector.impactPopupCategoryDropDown, {\n      timeout: 10000\n    }).eq(i).click();\n    cy.get(impactPopupSelector.impactPopupCategoryDropdownModerateOption, {\n      timeout: 10000\n    }).click();\n  }\n});\ncy.get(impactPopupSelector.impactPopupRiskLevelTitle, {\n  timeout: 10000\n}).eq(0).invoke('text').should('include', '5');\ncy.get(impactPopupSelector.impactPopupRatingTitle, {\n  timeout: 10000\n}).eq(1).invoke('text').should('include', 'Moderate');\ncy.get(impactPopupSelector.impactPopupRiskLevelTitle, {\n  timeout: 10000\n}).eq(0).invoke('text').should('contain', 'Risk Level: 5→ 4');\ncy.get(impactPopupSelector.impactPopupRatingTitle, {\n  timeout: 10000\n}).eq(1).invoke('text').should('contain', 'Impact Rating: Moderate → Negligible');",
              "err": {},
              "uuid": "1edee5b5-e206-42a3-afdd-4f2a77d653ce",
              "parentUUID": "04d2d12a-fe4d-47a1-92b6-21f94dd4d8ff",
              "isHook": false,
              "skipped": false
            },
            {
              "title": "Delete Project",
              "fullTitle": "Impact Delete Project",
              "timedOut": null,
              "duration": 83724,
              "state": "passed",
              "speed": "slow",
              "pass": true,
              "fail": false,
              "pending": false,
              "context": null,
              "code": "cy.deleteProject(projectName);",
              "err": {},
              "uuid": "5e058e49-7c4e-46a5-801e-b65e9ba11468",
              "parentUUID": "04d2d12a-fe4d-47a1-92b6-21f94dd4d8ff",
              "isHook": false,
              "skipped": false
            }
          ],
          "suites": [],
          "passes": [
            "16f1db14-d882-4f34-b40f-06e9689794db",
            "cc9c272d-5856-4f2e-a4e7-d2c08c6d0d75",
            "2e47684e-9a36-4fa0-99d3-9a05bc70671d",
            "6c73223f-236c-49a2-a47f-f840fbe42dd1",
            "969433d7-af39-4e1b-aa9b-571c3b6af6f3",
            "b31e1274-2acf-4f9c-9a62-194eae07eee8",
            "5e058e49-7c4e-46a5-801e-b65e9ba11468"
          ],
          "failures": [],
          "pending": [
            "1edee5b5-e206-42a3-afdd-4f2a77d653ce"
          ],
          "skipped": [],
          "duration": 415384,
          "root": false,
          "rootEmpty": false,
          "_timeout": 2000
        }
      ],
      "passes": [],
      "failures": [],
      "pending": [],
      "skipped": [],
      "duration": 0,
      "root": true,
      "rootEmpty": true,
      "_timeout": 2000
    }
  ],
  "meta": {
    "mocha": {
      "version": "7.0.1"
    },
    "mochawesome": {
      "options": {
        "quiet": true,
        "reportFilename": "mochawesome",
        "saveHtml": false,
        "saveJson": true,
        "consoleReporter": "spec",
        "useInlineDiffs": false,
        "code": true
      },
      "version": "6.3.1"
    },
    "marge": {
      "options": {
        "reportDir": "cypress\\reports\\.jsons",
        "overwrite": false,
        "html": false,
        "json": true,
        "timestamp": true,
        "reportTitle": "Vultara Automation Test",
        "showPassed": true,
        "showFailed": true,
        "showPending": true,
        "showSkipped": false,
        "browser": "all",
        "quiet": true
      },
      "version": "5.2.0"
    }
  }
}