{
  "stats": {
    "suites": 2,
    "tests": 17,
    "passes": 17,
    "pending": 0,
    "failures": 0,
    "start": "2024-03-07T09:52:00.651Z",
    "end": "2024-03-07T09:56:58.836Z",
    "duration": 298185,
    "testsRegistered": 17,
    "passPercent": 100,
    "pendingPercent": 0,
    "other": 0,
    "hasOther": false,
    "skipped": 0,
    "hasSkipped": false
  },
  "results": [
    {
      "uuid": "c741e874-fa03-4acf-ad13-c2a57988846b",
      "title": "",
      "fullFile": "cypress\\e2e\\attack-tree\\attack-tree-canvas.cy.js",
      "file": "cypress\\e2e\\attack-tree\\attack-tree-canvas.cy.js",
      "beforeHooks": [],
      "afterHooks": [],
      "tests": [],
      "suites": [
        {
          "uuid": "20261b48-ceed-4aa6-a0d2-17cab6c71141",
          "title": "Attack Tree",
          "fullFile": "",
          "file": "",
          "beforeHooks": [],
          "afterHooks": [],
          "tests": [
            {
              "title": "“Save Tree As” header option(MAIN-TC-2029, MAIN-TC-2030)",
              "fullTitle": "Attack Tree “Save Tree As” header option(MAIN-TC-2029, MAIN-TC-2030)",
              "timedOut": null,
              "duration": 50682,
              "state": "passed",
              "speed": "slow",
              "pass": true,
              "fail": false,
              "pending": false,
              "context": null,
              "code": "cy.visit(Cypress.env('baseURL') + '/threats').then(() => {\n  cy.get(threatListViewSelector.attackTreeButton).click().then(() => {\n    cy.get(attackTreeSelector.attackTreeDialogTreeButton).eq(1).click().then(() => {\n      cy.get(attackTreeSelector.attackTreeDialogTreeDropDownNewTree).click().then(() => {\n        (0, _cypressRecurse.recurse)(() => cy.get(attackTreeSelector.attackTreeDialogNewTreePopupName).clear().type('Automation Tree'), $inputField => $inputField.val() == 'Automation Tree', {\n          delay: 1000\n        });\n        cy.get(attackTreeSelector.attackTreeDialogNewTreePopupConfirmButton).click().then(() => {\n          cy.get(attackTreeSelector.attackTreeDialogTreeButton).eq(1).click().then(() => {\n            cy.get(attackTreeSelector.attackTreeDialogTreeDropDownSaveTree).click().then(() => {\n              cy.get(attackTreeSelector.attackTreeDialogSaveTreeAsPopup).should('exist');\n              cy.get(attackTreeSelector.attackTreeDialogSaveTreeAsPopupConfirmButton).should('be.enabled');\n              cy.get(attackTreeSelector.attackTreeDialogSaveTreeAsPopupName).clear().then(() => {\n                cy.get(attackTreeSelector.attackTreeDialogSaveTreeAsPopupConfirmButton).should('not.be.enabled');\n              });\n            });\n          });\n        });\n      });\n    });\n  });\n});",
              "err": {},
              "uuid": "df80d81c-dc76-4745-8285-45743e3c6988",
              "parentUUID": "20261b48-ceed-4aa6-a0d2-17cab6c71141",
              "isHook": false,
              "skipped": false
            },
            {
              "title": "Creating Model then Save As and Save Button Color (MAIN-TC-2031, MAIN-TC-2034)",
              "fullTitle": "Attack Tree Creating Model then Save As and Save Button Color (MAIN-TC-2031, MAIN-TC-2034)",
              "timedOut": null,
              "duration": 25874,
              "state": "passed",
              "speed": "slow",
              "pass": true,
              "fail": false,
              "pending": false,
              "context": null,
              "code": "cy.visit(Cypress.env('baseURL') + '/threats').then(() => {\n  cy.get(threatListViewSelector.attackTreeButton).click().then(() => {\n    cy.get(attackTreeSelector.attackTreeDialogTreeButton).eq(1).click().then(() => {\n      cy.get(attackTreeSelector.attackTreeDialogTreeDropDownNewTree).click().then(() => {\n        (0, _cypressRecurse.recurse)(() => cy.get(attackTreeSelector.attackTreeDialogNewTreePopupName).clear().type('Automation Tree'), $inputField => $inputField.val() == 'Automation Tree', {\n          delay: 1000\n        }).then(() => {\n          cy.get(attackTreeSelector.attackTreeDialogNewTreePopupConfirmButton).click().then(() => {\n            cy.wait(3000);\n            cy.get(attackTreeSelector.attackTreeDialogNode).eq(0).realClick().realMouseDown().realMouseMove(50, -300).get(attackTreeSelector.attackTreeDialogCanvas).realMouseUp().then(() => {\n              cy.wait(3000);\n              cy.get(attackTreeSelector.attackTreeDialogNode).eq(1).realClick().realMouseDown().realMouseMove(-20, -280).get(attackTreeSelector.attackTreeDialogCanvasElement).eq(0).realMouseUp();\n            });\n          });\n        });\n        cy.get(attackTreeSelector.attackTreeButtonColor).should('have.css', 'background-image').and('include', 'attack-tree-unsaved-changes-icon.svg');\n        cy.get(attackTreeSelector.attackTreeDialogSaveIcon).click({\n          force: true\n        }).then(() => {\n          cy.get(attackTreeSelector.attackTreeButtonColor).should('have.css', 'background-image').and('include', 'attack-tree-button.svg');\n          cy.get(attackTreeSelector.attackTreeDialogTreeButton).eq(1).click().then(() => {\n            cy.get(attackTreeSelector.attackTreeDialogTreeDropDownSaveTree).click().then(() => {\n              (0, _cypressRecurse.recurse)(() => cy.get(attackTreeSelector.attackTreeDialogSaveTreeAsPopupName).clear().type('Save As Automation Tree'), $inputField => $inputField.val() == 'Save As Automation Tree', {\n                delay: 1000\n              }).then(() => {\n                cy.get(attackTreeSelector.attackTreeDialogSaveTreeAsPopupConfirmButton).click().then(() => {\n                  cy.get(attackTreeSelector.attackTreeDialogLoadedTreeButton).invoke('text').should('include', 'Save As Automation');\n                  cy.get(attackTreeSelector.attackTreeDialogCanvasElement).eq(0).should('exist');\n                  cy.get(attackTreeSelector.attackTreeDialogCanvasElement).eq(1).should('exist');\n                });\n              });\n            });\n          });\n        });\n      });\n    });\n  });\n});",
              "err": {},
              "uuid": "8aed57df-ab90-410d-ad10-10775c2598b8",
              "parentUUID": "20261b48-ceed-4aa6-a0d2-17cab6c71141",
              "isHook": false,
              "skipped": false
            },
            {
              "title": "Confirm Button Functionality Test when Panel is “Loaded”(MAIN-TC-2033)",
              "fullTitle": "Attack Tree Confirm Button Functionality Test when Panel is “Loaded”(MAIN-TC-2033)",
              "timedOut": null,
              "duration": 19916,
              "state": "passed",
              "speed": "slow",
              "pass": true,
              "fail": false,
              "pending": false,
              "context": null,
              "code": "cy.visit(Cypress.env('baseURL') + '/threats').then(() => {\n  cy.get(threatListViewSelector.attackTreeButton).click().then(() => {\n    cy.get(attackTreeSelector.attackTreeDialogTreeButton).eq(1).click().then(() => {\n      cy.get(attackTreeSelector.attackTreeDialogTreeDropDownLoadTree).click().then(() => {\n        cy.get(attackTreeSelector.attackTreeDialogLoadTreeSelectTree).click().then(() => {\n          cy.get(attackTreeSelector.attackTreeDialogLoadTreePopupConfirmButton).click().then(() => {\n            cy.get(attackTreeSelector.attackTreeDialogNode).eq(0).realClick({\n              force: true\n            }).realMouseDown().realMouseMove(50, -200).get(attackTreeSelector.attackTreeDialogCanvas).realMouseUp();\n          }).then(() => {\n            cy.get(attackTreeSelector.attackTreeDialogTreeButton).eq(1).click().then(() => {\n              cy.get(attackTreeSelector.attackTreeDialogTreeDropDownLoadTree).click().then(() => {\n                cy.get(attackTreeSelector.attackTreeDialogLoadTreePopup).should('exist');\n                cy.get(attackTreeSelector.attackTreeDialogLoadTreePopupConfirmButton).should('exist').should('be.enabled');\n                cy.get(attackTreeSelector.attackTreeDialogLoadTreePopupCancelButton).click();\n              });\n            });\n            cy.get(attackTreeSelector.attackTreeDialogTreeButton).eq(1).click().then(() => {\n              cy.get(attackTreeSelector.attackTreeDialogTreeDropDownSaveTree).click().then(() => {\n                cy.get(attackTreeSelector.attackTreeDialogLoadTreePopup).should('exist');\n                cy.get(attackTreeSelector.attackTreeDialogLoadTreePopupConfirmButton).should('exist').should('be.enabled');\n                cy.get(attackTreeSelector.attackTreeDialogLoadTreePopupCancelButton).click();\n              });\n            });\n          });\n          cy.get(attackTreeSelector.attackTreeDialogTreeButton).eq(1).click().then(() => {\n            cy.get(attackTreeSelector.attackTreeDialogTreeDropDownNewTree).click().then(() => {\n              cy.get(attackTreeSelector.attackTreeDialogLoadTreePopup).should('exist');\n              cy.get(attackTreeSelector.attackTreeDialogLoadTreePopupConfirmButton).click().then(() => {\n                (0, _cypressRecurse.recurse)(() => cy.get(attackTreeSelector.attackTreeDialogNewTreePopupName).clear().type('New Tree'), $inputField => $inputField.val() == 'New Tree', {\n                  delay: 1000\n                });\n                cy.get(attackTreeSelector.attackTreeDialogNewTreePopupConfirmButton).click();\n                cy.get(attackTreeSelector.attackTreeDialogCanvasElement).eq(0).should('not.be.visible');\n                cy.get(attackTreeSelector.attackTreeDialogCanvasElement).eq(1).should('not.be.visible');\n              });\n            });\n          });\n        });\n      });\n    });\n  });\n});",
              "err": {},
              "uuid": "574b2c06-b49d-4b23-b83e-0bfe25d2cb60",
              "parentUUID": "20261b48-ceed-4aa6-a0d2-17cab6c71141",
              "isHook": false,
              "skipped": false
            },
            {
              "title": "Panel State Verification Test when changes are unsaved(MAIN-TC-2035)",
              "fullTitle": "Attack Tree Panel State Verification Test when changes are unsaved(MAIN-TC-2035)",
              "timedOut": null,
              "duration": 12139,
              "state": "passed",
              "speed": "slow",
              "pass": true,
              "fail": false,
              "pending": false,
              "context": null,
              "code": "cy.visit(Cypress.env('baseURL') + '/threats').then(() => {\n  cy.get(threatListViewSelector.attackTreeButton).click({\n    force: true\n  }).then(() => {\n    cy.get(attackTreeSelector.attackTreeDialogTreeButton).eq(1).click().then(() => {\n      cy.get(attackTreeSelector.attackTreeDialogTreeDropDownLoadTree).click().then(() => {\n        cy.get(attackTreeSelector.attackTreeDialogLoadTreeSelectTree).click().then(() => {\n          cy.get(attackTreeSelector.attackTreeDialogLoadTreePopupConfirmButton).click().then(() => {\n            cy.get(attackTreeSelector.attackTreeDialogLoadedTreeButton).invoke('text').should('include', 'Automation Tree');\n            cy.get(attackTreeSelector.attackTreeDialogSaveIcon).should('exist');\n            cy.get(attackTreeSelector.attackTreeDialogFooter).should('exist');\n            cy.get(attackTreeSelector.attackTreeDialogTreeButton).eq(1).click().then(() => {\n              cy.get(attackTreeSelector.attackTreeDialogTreeDropDownSaveTree).should('be.enabled');\n              cy.get(attackTreeSelector.attackTreeDialogTreeDropDownChange).should('be.enabled');\n            });\n          });\n        });\n      });\n    });\n  });\n});",
              "err": {},
              "uuid": "623e9e01-d2f8-4dd1-a4c1-913efca77f60",
              "parentUUID": "20261b48-ceed-4aa6-a0d2-17cab6c71141",
              "isHook": false,
              "skipped": false
            },
            {
              "title": "Verify 4 Components in Footer (MAIN-TC-2036)",
              "fullTitle": "Attack Tree Verify 4 Components in Footer (MAIN-TC-2036)",
              "timedOut": null,
              "duration": 13260,
              "state": "passed",
              "speed": "slow",
              "pass": true,
              "fail": false,
              "pending": false,
              "context": null,
              "code": "cy.visit(Cypress.env('baseURL') + '/threats').then(() => {\n  cy.get(threatListViewSelector.attackTreeButton).click({\n    force: true\n  }).then(() => {\n    cy.get(attackTreeSelector.attackTreeDialogTreeButton).eq(1).click({\n      force: true\n    }).then(() => {\n      cy.get(attackTreeSelector.attackTreeDialogTreeDropDownLoadTree).click().then(() => {\n        cy.get(attackTreeSelector.attackTreeDialogLoadTreeSelectTree).click().then(() => {\n          cy.get(attackTreeSelector.attackTreeDialogLoadTreePopupConfirmButton).click().then(() => {\n            cy.get(attackTreeSelector.attackTreeDialogAND).should('exist');\n            cy.get(attackTreeSelector.attackTreeDialogOR).should('exist');\n            cy.get(attackTreeSelector.attackTreeDialogNode).should('exist');\n            cy.get(attackTreeSelector.attackTreeDialogSAND).should('exist');\n          });\n        });\n      });\n    });\n  });\n});",
              "err": {},
              "uuid": "67be8ddf-9545-48b0-8653-0556677e0df3",
              "parentUUID": "20261b48-ceed-4aa6-a0d2-17cab6c71141",
              "isHook": false,
              "skipped": false
            },
            {
              "title": "Components of Node on Canvas(MAIN-TC-2037, MAIN-TC-2038)",
              "fullTitle": "Attack Tree Components of Node on Canvas(MAIN-TC-2037, MAIN-TC-2038)",
              "timedOut": null,
              "duration": 12970,
              "state": "passed",
              "speed": "slow",
              "pass": true,
              "fail": false,
              "pending": false,
              "context": null,
              "code": "cy.visit(Cypress.env('baseURL') + '/threats').then(() => {\n  cy.get(threatListViewSelector.attackTreeButton).click({\n    force: true\n  }).then(() => {\n    cy.get(attackTreeSelector.attackTreeDialogTreeButton).eq(1).click().then(() => {\n      cy.get(attackTreeSelector.attackTreeDialogTreeDropDownLoadTree).click().then(() => {\n        cy.get(attackTreeSelector.attackTreeDialogLoadTreeSelectTree).click().then(() => {\n          cy.get(attackTreeSelector.attackTreeDialogLoadTreePopupConfirmButton).click().then(() => {\n            cy.get(attackTreeSelector.attackTreeDialogNode).eq(0).realClick({\n              force: true\n            }).realMouseDown().realMouseMove(50, -200).get(attackTreeSelector.attackTreeDialogCanvas).realMouseUp().then(() => {\n              cy.get(attackTreeSelector.attackTreeDialogCanvasComponentLogo).should('exist');\n              cy.get(attackTreeSelector.attackTreeDialogCanvasComponentName).should('exist');\n              cy.get(attackTreeSelector.attackTreeDialogCanvasComponent3Dots).should('exist');\n              cy.get(attackTreeSelector.attackTreeDialogCanvasComponentNodeText).should('exist');\n            });\n          });\n        });\n      });\n    });\n  });\n});",
              "err": {},
              "uuid": "702415ca-ee84-443d-b7f1-45a2c543eba9",
              "parentUUID": "20261b48-ceed-4aa6-a0d2-17cab6c71141",
              "isHook": false,
              "skipped": false
            },
            {
              "title": "Canvas Component Menu Test (MAIN-TC-2042)",
              "fullTitle": "Attack Tree Canvas Component Menu Test (MAIN-TC-2042)",
              "timedOut": null,
              "duration": 12130,
              "state": "passed",
              "speed": "slow",
              "pass": true,
              "fail": false,
              "pending": false,
              "context": null,
              "code": "cy.visit(Cypress.env('baseURL') + '/threats').then(() => {\n  cy.get(threatListViewSelector.attackTreeButton).click({\n    force: true\n  }).then(() => {\n    cy.get(attackTreeSelector.attackTreeDialogTreeButton).eq(1).click().then(() => {\n      cy.get(attackTreeSelector.attackTreeDialogTreeDropDownLoadTree).click().then(() => {\n        cy.get(attackTreeSelector.attackTreeDialogLoadTreeSelectTree).click().then(() => {\n          cy.get(attackTreeSelector.attackTreeDialogLoadTreePopupConfirmButton).click().then(() => {\n            cy.get(attackTreeSelector.attackTreeDialogCanvasComponent3Dots).eq(0).click().then(() => {\n              cy.get(attackTreeSelector.attackTreeCanvasComponentMenuNodeTextOption).should('exist');\n              cy.get(attackTreeSelector.attackTreeCanvasComponentMenuDeleteTypeOption).should('exist');\n              cy.get(attackTreeSelector.attackTreeCanvasComponentMenuChangeTypeOption).should('exist');\n            });\n          });\n        });\n      });\n    });\n  });\n});",
              "err": {},
              "uuid": "695c8657-cdf4-4806-bfe8-071ba594a2be",
              "parentUUID": "20261b48-ceed-4aa6-a0d2-17cab6c71141",
              "isHook": false,
              "skipped": false
            },
            {
              "title": "Automatic NodeText Assignment Test(MAIN-TC-2041)",
              "fullTitle": "Attack Tree Automatic NodeText Assignment Test(MAIN-TC-2041)",
              "timedOut": null,
              "duration": 16143,
              "state": "passed",
              "speed": "slow",
              "pass": true,
              "fail": false,
              "pending": false,
              "context": null,
              "code": "cy.visit(Cypress.env('baseURL') + '/threats').then(() => {\n  cy.get(threatListViewSelector.attackTreeButton).click().then(() => {\n    cy.get(attackTreeSelector.attackTreeDialogTreeButton).eq(1).click().then(() => {\n      cy.get(attackTreeSelector.attackTreeDialogTreeDropDownLoadTree).click().then(() => {\n        cy.get(attackTreeSelector.attackTreeDialogLoadTreeSelectTree).click().then(() => {\n          cy.get(attackTreeSelector.attackTreeDialogNewTreePopupConfirmButton).click().then(() => {\n            cy.get(attackTreeSelector.attackTreeDialogCanvasComponentName).eq(0).invoke('text').should('contain', 'Node');\n            cy.get(attackTreeSelector.attackTreeDialogCanvasComponentNodeText).eq(0).invoke('text').should('contain', 'Node1');\n            cy.get(attackTreeSelector.attackTreeDialogCanvasComponentName).eq(1).invoke('text').should('contain', 'OR');\n            cy.get(attackTreeSelector.attackTreeDialogCanvasComponentNodeText).eq(1).invoke('text').should('contain', 'OR2');\n          });\n        });\n      });\n    });\n  });\n});",
              "err": {},
              "uuid": "279c79ee-c994-459d-89bd-df4a30088740",
              "parentUUID": "20261b48-ceed-4aa6-a0d2-17cab6c71141",
              "isHook": false,
              "skipped": false
            },
            {
              "title": "Dragging multiple nodes on Canvas(MAIN-TC-2039)",
              "fullTitle": "Attack Tree Dragging multiple nodes on Canvas(MAIN-TC-2039)",
              "timedOut": null,
              "duration": 22188,
              "state": "passed",
              "speed": "slow",
              "pass": true,
              "fail": false,
              "pending": false,
              "context": null,
              "code": "cy.visit(Cypress.env('baseURL') + '/threats').then(() => {\n  cy.get(threatListViewSelector.attackTreeButton).click({\n    force: true\n  }).then(() => {\n    cy.get(attackTreeSelector.attackTreeDialogTreeButton).eq(1).click().then(() => {\n      cy.get(attackTreeSelector.attackTreeDialogTreeDropDownLoadTree).click().then(() => {\n        cy.get(attackTreeSelector.attackTreeDialogLoadTreeSelectTree).click().then(() => {\n          cy.get(attackTreeSelector.attackTreeDialogLoadTreePopupConfirmButton).click().then(() => {\n            cy.get(attackTreeSelector.attackTreeDialogNode).eq(0).realClick({\n              force: true\n            }).realMouseDown().realMouseMove(50, -200).get(attackTreeSelector.attackTreeDialogCanvas).realMouseUp().then(() => {\n              cy.get(attackTreeSelector.attackTreeDialogNode).eq(0).realClick({\n                force: true\n              }).realMouseDown().realMouseMove(80, -500).get(attackTreeSelector.attackTreeDialogCanvas).realMouseUp().then(() => {\n                cy.get(attackTreeSelector.attackTreeDialogLoadTreeEmptyMessage).should('exist').invoke('text').should('include', 'Only 1 root node is allowed');\n              });\n            });\n          });\n        });\n      });\n    });\n  });\n});",
              "err": {},
              "uuid": "95d222b1-ff18-411b-b40e-020f46431400",
              "parentUUID": "20261b48-ceed-4aa6-a0d2-17cab6c71141",
              "isHook": false,
              "skipped": false
            },
            {
              "title": "Node Drop-down and Changing Node (MAIN-TC-3213, MAIN-TC-3212, MAIN-TC-3220)",
              "fullTitle": "Attack Tree Node Drop-down and Changing Node (MAIN-TC-3213, MAIN-TC-3212, MAIN-TC-3220)",
              "timedOut": null,
              "duration": 14176,
              "state": "passed",
              "speed": "slow",
              "pass": true,
              "fail": false,
              "pending": false,
              "context": null,
              "code": "cy.visit(Cypress.env('baseURL') + '/threats').then(() => {\n  cy.get(threatListViewSelector.attackTreeButton).click({\n    force: true\n  }).then(() => {\n    cy.get(attackTreeSelector.attackTreeDialogTreeButton).eq(1).click().then(() => {\n      cy.get(attackTreeSelector.attackTreeDialogTreeDropDownLoadTree).click().then(() => {\n        cy.get(attackTreeSelector.attackTreeDialogLoadTreeSelectTree).click().then(() => {\n          cy.get(attackTreeSelector.attackTreeDialogLoadTreePopupConfirmButton).click().then(() => {\n            cy.get(attackTreeSelector.attackTreeDialogCanvasComponent3Dots).eq(0).click().then(() => {\n              cy.get(attackTreeSelector.attackTreeCanvasComponentMenuDropDown).should('exist');\n              cy.get(attackTreeSelector.attackTreeCanvasComponentMenuNodeTextOption).should('exist');\n              cy.get(attackTreeSelector.attackTreeCanvasComponentMenuAssignValueOption).should('exist');\n              cy.get(attackTreeSelector.attackTreeCanvasComponentMenuChangeTypeOption).should('exist');\n              cy.get(attackTreeSelector.attackTreeCanvasComponentMenuControlOption).should('exist');\n              cy.get(attackTreeSelector.attackTreeCanvasComponentMenuLinkChildTreeOption).should('exist');\n              cy.get(attackTreeSelector.attackTreeCanvasComponentMenuDeleteTypeOption).should('exist');\n              //Changing Node\n              cy.get(attackTreeSelector.attackTreeDialogCanvasComponentName).eq(0).invoke('text').should('contain', 'Node');\n              cy.get(attackTreeSelector.attackTreeCanvasComponentMenuChangeTypeOption).eq(0).click().then(() => {\n                cy.get(attackTreeSelector.attackTreeCanvasComponentMenuChangeNodeOROption).eq(0).click().then(() => {\n                  cy.get(attackTreeSelector.attackTreeDialogCanvasComponentName).eq(0).invoke('text').should('contain', 'OR');\n                });\n              });\n            });\n          });\n        });\n      });\n    });\n  });\n});",
              "err": {},
              "uuid": "a7a77f00-1485-4024-86b9-b8ea42f647fa",
              "parentUUID": "20261b48-ceed-4aa6-a0d2-17cab6c71141",
              "isHook": false,
              "skipped": false
            },
            {
              "title": "Unlinking the 2nd Component (MAIN-TC-3214, MAIN-TC-3215)",
              "fullTitle": "Attack Tree Unlinking the 2nd Component (MAIN-TC-3214, MAIN-TC-3215)",
              "timedOut": null,
              "duration": 13793,
              "state": "passed",
              "speed": "slow",
              "pass": true,
              "fail": false,
              "pending": false,
              "context": null,
              "code": "cy.visit(Cypress.env('baseURL') + '/threats').then(() => {\n  cy.get(threatListViewSelector.attackTreeButton).click({\n    force: true\n  }).then(() => {\n    cy.get(attackTreeSelector.attackTreeDialogTreeButton).eq(1).click().then(() => {\n      cy.get(attackTreeSelector.attackTreeDialogTreeDropDownLoadTree).click().then(() => {\n        cy.get(attackTreeSelector.attackTreeDialogLoadTreeSelectTree).click().then(() => {\n          cy.get(attackTreeSelector.attackTreeDialogLoadTreePopupConfirmButton).click().then(() => {\n            cy.get(attackTreeSelector.attackTreeDialogCanvasElement).eq(1).realClick({\n              force: true\n            }).realMouseDown().realMouseMove(80, -500).get(attackTreeSelector.attackTreeDialogCanvas).realMouseUp().then(() => {\n              cy.get(attackTreeSelector.attackTreeCanvasDragChildComponentConfirmationDialog).should('exist').invoke('text').should('contain', 'The selected node and all of its children will be deleted.').then(() => {\n                cy.get(attackTreeSelector.attackTreeDialogDeleteTreePopupDeleteButton).click().then(() => {\n                  cy.get(attackTreeSelector.attackTreeDialogCanvasElement).eq(1).should('not.exist');\n                });\n              });\n            });\n          });\n        });\n      });\n    });\n  });\n});",
              "err": {},
              "uuid": "80b2a350-19f1-4137-8eec-3e64641100f7",
              "parentUUID": "20261b48-ceed-4aa6-a0d2-17cab6c71141",
              "isHook": false,
              "skipped": false
            },
            {
              "title": "Link Attack Path from tree drop down (MAIN-TC-3216)",
              "fullTitle": "Attack Tree Link Attack Path from tree drop down (MAIN-TC-3216)",
              "timedOut": null,
              "duration": 10740,
              "state": "passed",
              "speed": "slow",
              "pass": true,
              "fail": false,
              "pending": false,
              "context": null,
              "code": "cy.visit(Cypress.env('baseURL') + '/threats').then(() => {\n  cy.get(threatListViewSelector.attackTreeButton).click({\n    force: true\n  }).then(() => {\n    cy.get(attackTreeSelector.attackTreeDialogTreeButton).eq(1).click().then(() => {\n      cy.get(attackTreeSelector.attackTreeDialogTreeDropDownLoadTree).click().then(() => {\n        cy.get(attackTreeSelector.attackTreeDialogLoadTreeSelectTree).click().then(() => {\n          cy.get(attackTreeSelector.attackTreeDialogLoadTreePopupConfirmButton).click().then(() => {\n            cy.get(attackTreeSelector.attackTreeDialogTreeButton).eq(1).click().then(() => {\n              cy.get(attackTreeSelector.attackTreeDialogTreeDropDownLinkAttackPath).click().then(() => {\n                cy.get(attackTreeSelector.attackTreeDialogLinkAttackPathPopup).should('exist');\n              });\n            });\n          });\n        });\n      });\n    });\n  });\n});",
              "err": {},
              "uuid": "4bbf8b90-96d3-402c-a363-434293aa4b8b",
              "parentUUID": "20261b48-ceed-4aa6-a0d2-17cab6c71141",
              "isHook": false,
              "skipped": false
            },
            {
              "title": "Link Vulnerability from tree drop down (MAIN-TC-3217)",
              "fullTitle": "Attack Tree Link Vulnerability from tree drop down (MAIN-TC-3217)",
              "timedOut": null,
              "duration": 10792,
              "state": "passed",
              "speed": "slow",
              "pass": true,
              "fail": false,
              "pending": false,
              "context": null,
              "code": "cy.visit(Cypress.env('baseURL') + '/threats').then(() => {\n  cy.get(threatListViewSelector.attackTreeButton).click({\n    force: true\n  }).then(() => {\n    cy.get(attackTreeSelector.attackTreeDialogTreeButton).eq(1).click().then(() => {\n      cy.get(attackTreeSelector.attackTreeDialogTreeDropDownLoadTree).click().then(() => {\n        cy.get(attackTreeSelector.attackTreeDialogLoadTreeSelectTree).click().then(() => {\n          cy.get(attackTreeSelector.attackTreeDialogLoadTreePopupConfirmButton).click().then(() => {\n            cy.get(attackTreeSelector.attackTreeDialogTreeButton).eq(1).click().then(() => {\n              cy.get(attackTreeSelector.attackTreeDialogTreeDropDownLinkVulnerability).click().then(() => {\n                cy.get(attackTreeSelector.attackTreeDialogLinkVulnerabilityPathPopup).should('exist');\n              });\n            });\n          });\n        });\n      });\n    });\n  });\n});",
              "err": {},
              "uuid": "a578460a-7fcc-4bba-8399-607a87b3f2e9",
              "parentUUID": "20261b48-ceed-4aa6-a0d2-17cab6c71141",
              "isHook": false,
              "skipped": false
            },
            {
              "title": "\"OR Component\" Drop-down & Changing Node(MAIN-TC-3221, MAIN-TC-3222)",
              "fullTitle": "Attack Tree \"OR Component\" Drop-down & Changing Node(MAIN-TC-3221, MAIN-TC-3222)",
              "timedOut": null,
              "duration": 15448,
              "state": "passed",
              "speed": "slow",
              "pass": true,
              "fail": false,
              "pending": false,
              "context": null,
              "code": "cy.visit(Cypress.env('baseURL') + '/threats').then(() => {\n  cy.get(threatListViewSelector.attackTreeButton).click({\n    force: true\n  }).then(() => {\n    cy.get(attackTreeSelector.attackTreeDialogTreeButton).eq(1).click().then(() => {\n      cy.get(attackTreeSelector.attackTreeDialogTreeDropDownLoadTree).click().then(() => {\n        cy.get(attackTreeSelector.attackTreeDialogLoadTreeSelectTree).click().then(() => {\n          cy.get(attackTreeSelector.attackTreeDialogLoadTreePopupConfirmButton).click().then(() => {\n            cy.get(attackTreeSelector.attackTreeDialogCanvasComponentName).should('contain', 'OR'); //verifying the OR Gate \n            cy.get(attackTreeSelector.attackTreeDialogCanvasComponent3Dots).eq(1).click().then(() => {\n              cy.get(attackTreeSelector.attackTreeCanvasComponentMenuDropDown).should('exist');\n              cy.get(attackTreeSelector.attackTreeCanvasComponentMenuNodeTextOption).should('exist');\n              cy.get(attackTreeSelector.attackTreeCanvasComponentMenuChangeTypeOption).should('exist');\n              cy.get(attackTreeSelector.attackTreeCanvasComponentMenuDeleteTypeOption).should('exist');\n              cy.get(attackTreeSelector.attackTreeCanvasComponentMenuControlOption).should('not.exist');\n              cy.get(attackTreeSelector.attackTreeCanvasComponentMenuLinkChildTreeOption).should('not.exist');\n              cy.get(attackTreeSelector.attackTreeCanvasComponentMenuAssignValueOption).should('not.exist');\n              //Changing OR to Node\n              cy.get(attackTreeSelector.attackTreeCanvasComponentMenuChangeTypeOption).eq(1).click().then(() => {\n                cy.get(attackTreeSelector.attackTreeCanvasComponentMenuChangeNodeNodeOption).eq(1).click().then(() => {\n                  cy.get(attackTreeSelector.attackTreeDialogCanvasComponentName).invoke('text').should('include', 'Node'); //verifying the OR Gate \n                  cy.get(attackTreeSelector.attackTreeDialogCanvasComponent3Dots).eq(1).click().then(() => {\n                    cy.get(attackTreeSelector.attackTreeCanvasComponentMenuDropDown).should('exist');\n                    cy.get(attackTreeSelector.attackTreeCanvasComponentMenuNodeTextOption).should('exist');\n                    cy.get(attackTreeSelector.attackTreeCanvasComponentMenuChangeTypeOption).should('exist');\n                    cy.get(attackTreeSelector.attackTreeCanvasComponentMenuDeleteTypeOption).should('exist');\n                    cy.get(attackTreeSelector.attackTreeCanvasComponentMenuControlOption).should('exist');\n                    cy.get(attackTreeSelector.attackTreeCanvasComponentMenuLinkChildTreeOption).should('exist');\n                    cy.get(attackTreeSelector.attackTreeCanvasComponentMenuAssignValueOption).should('exist');\n                  });\n                });\n              });\n            });\n          });\n        });\n      });\n    });\n  });\n});",
              "err": {},
              "uuid": "f7660bf2-9751-4643-8093-b1926d10fe69",
              "parentUUID": "20261b48-ceed-4aa6-a0d2-17cab6c71141",
              "isHook": false,
              "skipped": false
            },
            {
              "title": "Apply attack tree to threat\" button (MAIN-TC-3218)",
              "fullTitle": "Attack Tree Apply attack tree to threat\" button (MAIN-TC-3218)",
              "timedOut": null,
              "duration": 8931,
              "state": "passed",
              "speed": "medium",
              "pass": true,
              "fail": false,
              "pending": false,
              "context": null,
              "code": "cy.visit(Cypress.env('baseURL') + '/threats').then(() => {\n  cy.get(threatListViewSelector.attackTreeButton).click({\n    force: true\n  }).then(() => {\n    cy.get(attackTreeSelector.attackTreeDialogTreeButton).eq(1).click().then(() => {\n      cy.get(attackTreeSelector.attackTreeDialogTreeDropDownLoadTree).click().then(() => {\n        cy.get(attackTreeSelector.attackTreeDialogLoadTreeSelectTree).click().then(() => {\n          cy.get(attackTreeSelector.attackTreeDialogLoadTreePopupConfirmButton).click().then(() => {\n            cy.get(attackTreeSelector.attackTreeDialogApplyAttackTreeToThreat).click().then(() => {\n              cy.get(attackTreeSelector.attackTreeDialogApplyAttackTreePopup).should('exist');\n              cy.get(attackTreeSelector.attackTreeDialogApplyAttackPopupHeading).invoke('text').should('contain', 'Linked Threats');\n            });\n          });\n        });\n      });\n    });\n  });\n});",
              "err": {},
              "uuid": "200bdd13-8c86-4a66-99a8-503666ca8ae0",
              "parentUUID": "20261b48-ceed-4aa6-a0d2-17cab6c71141",
              "isHook": false,
              "skipped": false
            },
            {
              "title": "Control in 3 dot drop down of a node (MAIN-TC-3223)",
              "fullTitle": "Attack Tree Control in 3 dot drop down of a node (MAIN-TC-3223)",
              "timedOut": null,
              "duration": 10620,
              "state": "passed",
              "speed": "slow",
              "pass": true,
              "fail": false,
              "pending": false,
              "context": null,
              "code": "cy.visit(Cypress.env('baseURL') + '/threats').then(() => {\n  cy.get(threatListViewSelector.attackTreeButton).click({\n    force: true\n  }).then(() => {\n    cy.get(attackTreeSelector.attackTreeDialogTreeButton).eq(1).click().then(() => {\n      cy.get(attackTreeSelector.attackTreeDialogTreeDropDownLoadTree).click().then(() => {\n        cy.get(attackTreeSelector.attackTreeDialogLoadTreeSelectTree).click().then(() => {\n          cy.get(attackTreeSelector.attackTreeDialogLoadTreePopupConfirmButton).click().then(() => {\n            cy.get(attackTreeSelector.attackTreeDialogCanvasComponent3Dots).eq(0).click().then(() => {\n              cy.get(attackTreeSelector.attackTreeCanvasComponentMenuControlOption).eq(0).click().then(() => {\n                cy.get(attackTreeSelector.attackTreeCanvasControlPopup).should('exist');\n              });\n            });\n          });\n        });\n      });\n    });\n  });\n});",
              "err": {},
              "uuid": "66fb2795-b220-427c-8cf3-9bcf00356872",
              "parentUUID": "20261b48-ceed-4aa6-a0d2-17cab6c71141",
              "isHook": false,
              "skipped": false
            }
          ],
          "suites": [],
          "passes": [
            "df80d81c-dc76-4745-8285-45743e3c6988",
            "8aed57df-ab90-410d-ad10-10775c2598b8",
            "574b2c06-b49d-4b23-b83e-0bfe25d2cb60",
            "623e9e01-d2f8-4dd1-a4c1-913efca77f60",
            "67be8ddf-9545-48b0-8653-0556677e0df3",
            "702415ca-ee84-443d-b7f1-45a2c543eba9",
            "695c8657-cdf4-4806-bfe8-071ba594a2be",
            "279c79ee-c994-459d-89bd-df4a30088740",
            "95d222b1-ff18-411b-b40e-020f46431400",
            "a7a77f00-1485-4024-86b9-b8ea42f647fa",
            "80b2a350-19f1-4137-8eec-3e64641100f7",
            "4bbf8b90-96d3-402c-a363-434293aa4b8b",
            "a578460a-7fcc-4bba-8399-607a87b3f2e9",
            "f7660bf2-9751-4643-8093-b1926d10fe69",
            "200bdd13-8c86-4a66-99a8-503666ca8ae0",
            "66fb2795-b220-427c-8cf3-9bcf00356872"
          ],
          "failures": [],
          "pending": [],
          "skipped": [],
          "duration": 269802,
          "root": false,
          "rootEmpty": false,
          "_timeout": 2000
        },
        {
          "uuid": "bc8372aa-c7e1-4584-9cf2-bb00d6bd0fef",
          "title": "CLEANUP: Project Deletion",
          "fullFile": "",
          "file": "",
          "beforeHooks": [],
          "afterHooks": [],
          "tests": [
            {
              "title": "Deleting The Project If Created",
              "fullTitle": "CLEANUP: Project Deletion Deleting The Project If Created",
              "timedOut": null,
              "duration": 15248,
              "state": "passed",
              "speed": "slow",
              "pass": true,
              "fail": false,
              "pending": false,
              "context": null,
              "code": "cy.viewport(1920, 1080);\ncy.login().then(() => {\n  cy.deleteProject(projectName);\n});",
              "err": {},
              "uuid": "a54c0977-5373-472c-80ff-e07f6c696e71",
              "parentUUID": "bc8372aa-c7e1-4584-9cf2-bb00d6bd0fef",
              "isHook": false,
              "skipped": false
            }
          ],
          "suites": [],
          "passes": [
            "a54c0977-5373-472c-80ff-e07f6c696e71"
          ],
          "failures": [],
          "pending": [],
          "skipped": [],
          "duration": 15248,
          "root": false,
          "rootEmpty": false,
          "_timeout": 2000
        }
      ],
      "passes": [],
      "failures": [],
      "pending": [],
      "skipped": [],
      "duration": 0,
      "root": true,
      "rootEmpty": true,
      "_timeout": 2000
    }
  ],
  "meta": {
    "mocha": {
      "version": "7.0.1"
    },
    "mochawesome": {
      "options": {
        "quiet": true,
        "reportFilename": "mochawesome",
        "saveHtml": false,
        "saveJson": true,
        "consoleReporter": "spec",
        "useInlineDiffs": false,
        "code": true
      },
      "version": "6.3.1"
    },
    "marge": {
      "options": {
        "reportDir": "cypress\\reports\\.jsons",
        "overwrite": false,
        "html": false,
        "json": true,
        "timestamp": true,
        "reportTitle": "Vultara Automation Test",
        "showPassed": true,
        "showFailed": true,
        "showPending": true,
        "showSkipped": false,
        "browser": "all",
        "quiet": true
      },
      "version": "5.2.0"
    }
  }
}