{
  "stats": {
    "suites": 1,
    "tests": 7,
    "passes": 0,
    "pending": 0,
    "failures": 7,
    "start": "2024-02-02T03:14:16.769Z",
    "end": "2024-02-02T03:17:09.893Z",
    "duration": 173124,
    "testsRegistered": 7,
    "passPercent": 0,
    "pendingPercent": 0,
    "other": 1,
    "hasOther": true,
    "skipped": 0,
    "hasSkipped": false
  },
  "results": [
    {
      "uuid": "4683d976-6786-4662-8eee-0385ed14ecd4",
      "title": "",
      "fullFile": "cypress\\e2e\\Threat-Generation\\Impact.cy.js",
      "file": "cypress\\e2e\\Threat-Generation\\Impact.cy.js",
      "beforeHooks": [],
      "afterHooks": [],
      "tests": [],
      "suites": [
        {
          "uuid": "1b6e24fe-2cd2-4535-bcda-1ed45c412176",
          "title": "Impact",
          "fullFile": "",
          "file": "",
          "beforeHooks": [],
          "afterHooks": [],
          "tests": [
            {
              "title": "Create Model and Generate Threat",
              "fullTitle": "Impact Create Model and Generate Threat",
              "timedOut": null,
              "duration": 61353,
              "state": "failed",
              "speed": null,
              "pass": false,
              "fail": true,
              "pending": false,
              "context": "{\n  \"title\": \"cypress-mochawesome-reporter-screenshots\",\n  \"value\": [\n    [\n      {\n        \"title\": \"Failed screenshot\",\n        \"value\": \"\\\\Impact.cy.js\\\\Impact -- Create Model and Generate Threat (failed).png\"\n      }\n    ]\n  ]\n}",
              "code": "cy.createModel().then(() => {\n  cy.visit(Cypress.env('baseURL') + '/threats');\n});",
              "err": {
                "message": "AssertionError: Timed out retrying after 15000ms: Expected to find element: `[id=mat-mdc-checkbox-2-input]`, but never found it.",
                "estack": "AssertionError: Timed out retrying after 15000ms: Expected to find element: `[id=mat-mdc-checkbox-2-input]`, but never found it.\n    at Context.eval (webpack://cypress/./cypress/support/commands.js:311:5)",
                "diff": null
              },
              "uuid": "f9859b3f-61d8-4bce-9feb-c8920fa86a7c",
              "parentUUID": "1b6e24fe-2cd2-4535-bcda-1ed45c412176",
              "isHook": false,
              "skipped": false
            },
            {
              "title": "Threat No in Impact Popup (MAIN-TC-1626, MAIN-TC-1627)",
              "fullTitle": "Impact Threat No in Impact Popup (MAIN-TC-1626, MAIN-TC-1627)",
              "timedOut": null,
              "duration": 19000,
              "state": "failed",
              "speed": null,
              "pass": false,
              "fail": true,
              "pending": false,
              "context": "{\n  \"title\": \"cypress-mochawesome-reporter-screenshots\",\n  \"value\": [\n    [\n      {\n        \"title\": \"Failed screenshot\",\n        \"value\": \"\\\\Impact.cy.js\\\\Impact -- Threat No in Impact Popup (MAIN-TC-1626, MAIN-TC-1627) (failed).png\"\n      }\n    ]\n  ]\n}",
              "code": "cy.visit(Cypress.env('baseURL') + '/threats').then(() => {\n  cy.get(threatListViewSelector.threatListViewImpactButton, {\n    timeout: 10000\n  }).eq(0).click();\n}).then(() => {\n  cy.get(impactPopupSelector.impactPopup, {\n    timeout: 10000\n  }).should('exist');\n  cy.get(impactPopupSelector.impactPopupTitle, {\n    timeout: 10000\n  }).invoke('text').should('include', 'Impact for Threat #1');\n});",
              "err": {
                "message": "AssertionError: Timed out retrying after 10000ms: Expected to find element: `td.mat-column-impact`, but never found it.",
                "estack": "AssertionError: Timed out retrying after 10000ms: Expected to find element: `td.mat-column-impact`, but never found it.\n    at Context.eval (webpack://cypress/./cypress/e2e/Threat-Generation/Impact.cy.js:40:9)",
                "diff": null
              },
              "uuid": "a44b4f30-2fd6-4ad5-bb80-4c168ef8a4b3",
              "parentUUID": "1b6e24fe-2cd2-4535-bcda-1ed45c412176",
              "isHook": false,
              "skipped": false
            },
            {
              "title": "Risk level and Impact rating in Impact Popup (MAIN-TC-1643)",
              "fullTitle": "Impact Risk level and Impact rating in Impact Popup (MAIN-TC-1643)",
              "timedOut": null,
              "duration": 16970,
              "state": "failed",
              "speed": null,
              "pass": false,
              "fail": true,
              "pending": false,
              "context": "{\n  \"title\": \"cypress-mochawesome-reporter-screenshots\",\n  \"value\": [\n    [\n      {\n        \"title\": \"Failed screenshot\",\n        \"value\": \"\\\\Impact.cy.js\\\\Impact -- Risk level and Impact rating in Impact Popup (MAIN-TC-1643) (failed).png\"\n      }\n    ]\n  ]\n}",
              "code": "cy.visit(Cypress.env('baseURL') + '/threats');\nlet riskValue;\nlet Rating;\ncy.get(threatListViewSelector.threatListViewRiskButton, {\n  timeout: 10000\n}).eq(0).invoke('text').then(text => {\n  riskValue = text.trim();\n  cy.get(threatListViewSelector.threatListViewImpactButton, {\n    timeout: 10000\n  }).eq(0).invoke('text').then(text => {\n    Rating = text.trim();\n    cy.get(threatListViewSelector.threatListViewImpactButton).eq(0).click();\n    cy.get(impactPopupSelector.impactPopupRatingTitle).eq(1).invoke('text').should('include', Rating);\n  });\n  cy.get(impactPopupSelector.impactPopupRiskLevelTitle).eq(0).invoke('text').should('include', riskValue);\n});",
              "err": {
                "message": "AssertionError: Timed out retrying after 10000ms: Expected to find element: `td.mat-column-riskLevel`, but never found it.",
                "estack": "AssertionError: Timed out retrying after 10000ms: Expected to find element: `td.mat-column-riskLevel`, but never found it.\n    at Context.eval (webpack://cypress/./cypress/e2e/Threat-Generation/Impact.cy.js:52:7)",
                "diff": null
              },
              "uuid": "34b148de-6917-4321-829e-f31ed1ec95fe",
              "parentUUID": "1b6e24fe-2cd2-4535-bcda-1ed45c412176",
              "isHook": false,
              "skipped": false
            },
            {
              "title": "Color dot with Each Impact Category (MAIN-TC-1645)",
              "fullTitle": "Impact Color dot with Each Impact Category (MAIN-TC-1645)",
              "timedOut": null,
              "duration": 16568,
              "state": "failed",
              "speed": null,
              "pass": false,
              "fail": true,
              "pending": false,
              "context": "{\n  \"title\": \"cypress-mochawesome-reporter-screenshots\",\n  \"value\": [\n    [\n      {\n        \"title\": \"Failed screenshot\",\n        \"value\": \"\\\\Impact.cy.js\\\\Impact -- Color dot with Each Impact Category (MAIN-TC-1645) (failed).png\"\n      }\n    ]\n  ]\n}",
              "code": "cy.visit(Cypress.env('baseURL') + '/threats');\ncy.get(threatListViewSelector.threatListViewImpactButton, {\n  timeout: 10000\n}).eq(0).click();\nfor (let i = 0; i < 4; i++) {\n  cy.get(impactPopupSelector.impactPopupCategoryDropDownColor).eq(i).should('exist');\n}",
              "err": {
                "message": "AssertionError: Timed out retrying after 10000ms: Expected to find element: `td.mat-column-impact`, but never found it.",
                "estack": "AssertionError: Timed out retrying after 10000ms: Expected to find element: `td.mat-column-impact`, but never found it.\n    at Context.eval (webpack://cypress/./cypress/e2e/Threat-Generation/Impact.cy.js:65:7)",
                "diff": null
              },
              "uuid": "c73c3359-c5ca-4c24-808a-15e7ec3bf703",
              "parentUUID": "1b6e24fe-2cd2-4535-bcda-1ed45c412176",
              "isHook": false,
              "skipped": false
            },
            {
              "title": "Edit the Reviewed Threat(MAIN-TC-1681) ",
              "fullTitle": "Impact Edit the Reviewed Threat(MAIN-TC-1681) ",
              "timedOut": null,
              "duration": 15170,
              "state": "failed",
              "speed": null,
              "pass": false,
              "fail": true,
              "pending": false,
              "context": "{\n  \"title\": \"cypress-mochawesome-reporter-screenshots\",\n  \"value\": [\n    [\n      {\n        \"title\": \"Failed screenshot\",\n        \"value\": \"\\\\Impact.cy.js\\\\Impact -- Edit the Reviewed Threat(MAIN-TC-1681) (failed).png\"\n      }\n    ]\n  ]\n}",
              "code": "cy.visit(Cypress.env('baseURL') + '/threats');\ncy.get(threatListViewSelector.threatListViewReviewCheckBox, {\n  timeout: 10000\n}).eq(0).click() //Marking threat as reviewed\n.then(() => {\n  cy.get(threatListViewSelector.threatListViewImpactButton).eq(0).click();\n}).then(() => {\n  cy.get(impactPopupSelector.impactPopupCategoryDropDown).eq(0).should('not.be.enabled');\n  cy.get(impactPopupSelector.impactPopuDamageScenarioTextArea).should('not.be.enabled');\n});\ncy.get(impactPopupSelector.impactPopupCancelButton, {\n  timeout: 10000\n}).click().then(() => {\n  cy.get(threatListViewSelector.threatListViewReviewCheckBox).eq(0).click(); //Marking threat as unreviewed\n}).then(() => {\n  cy.get(threatListViewSelector.threatListViewReviewCheckBox, {\n    timeout: 10000\n  }).eq(0).click();\n}).then(() => {\n  cy.get(impactPopupSelector.impactPopupConfirmButton, {\n    timeout: 10000\n  }).click();\n});",
              "err": {
                "message": "AssertionError: Timed out retrying after 10000ms: Expected to find element: `[id=mat-mdc-checkbox-3-input]`, but never found it.",
                "estack": "AssertionError: Timed out retrying after 10000ms: Expected to find element: `[id=mat-mdc-checkbox-3-input]`, but never found it.\n    at Context.eval (webpack://cypress/./cypress/e2e/Threat-Generation/Impact.cy.js:73:7)",
                "diff": null
              },
              "uuid": "9062c94f-f57f-4765-b380-7e7a4d06499a",
              "parentUUID": "1b6e24fe-2cd2-4535-bcda-1ed45c412176",
              "isHook": false,
              "skipped": false
            },
            {
              "title": "Impact having Some treatment Value (MAIN-TC-1682, MAIN-TC-1683)",
              "fullTitle": "Impact Impact having Some treatment Value (MAIN-TC-1682, MAIN-TC-1683)",
              "timedOut": null,
              "duration": 18079,
              "state": "failed",
              "speed": null,
              "pass": false,
              "fail": true,
              "pending": false,
              "context": "{\n  \"title\": \"cypress-mochawesome-reporter-screenshots\",\n  \"value\": [\n    [\n      {\n        \"title\": \"Failed screenshot\",\n        \"value\": \"\\\\Impact.cy.js\\\\Impact -- Impact having Some treatment Value (MAIN-TC-1682, MAIN-TC-1683) (failed).png\"\n      }\n    ]\n  ]\n}",
              "code": "cy.visit(Cypress.env('baseURL') + '/threats').then(() => {\n  cy.get(threatListViewSelector.threatListViewThreatTreatmentSelect, {\n    timeout: 10000\n  }).eq(0).click();\n});\ncy.get(threatListViewSelector.threatTreatmentReduceOption, {\n  timeout: 10000\n}).click();\ncy.get(threatListViewSelector.threatListViewImpactButton, {\n  timeout: 10000\n}).eq(0).click().then(() => {\n  cy.get(impactPopupSelector.impactPopupBeforeAfterToggleButton, {\n    timeout: 10000\n  }).should('exist');\n});\ncy.get(impactPopupSelector.impactPopupCategoryHeading, {\n  timeout: 10000\n}).invoke('text').should('include', 'After');\ncy.get(impactPopupSelector.impactPopupBeforeAfterToggleButton, {\n  timeout: 10000\n}).click().then(() => {\n  cy.get(impactPopupSelector.impactPopupCategoryHeading, {\n    timeout: 10000\n  }).invoke('text').should('include', 'Before');\n}).then(() => {\n  cy.get(impactPopupSelector.impactPopupCloseButton).click();\n});",
              "err": {
                "message": "AssertionError: Timed out retrying after 10000ms: Expected to find element: `mat-select-trigger`, but never found it.",
                "estack": "AssertionError: Timed out retrying after 10000ms: Expected to find element: `mat-select-trigger`, but never found it.\n    at Context.eval (webpack://cypress/./cypress/e2e/Threat-Generation/Impact.cy.js:91:9)",
                "diff": null
              },
              "uuid": "24708eda-2719-4bf5-98a5-5fc3173bf953",
              "parentUUID": "1b6e24fe-2cd2-4535-bcda-1ed45c412176",
              "isHook": false,
              "skipped": false
            },
            {
              "title": "Comparing Before and After Value (MAIN-TC-1684)",
              "fullTitle": "Impact Comparing Before and After Value (MAIN-TC-1684)",
              "timedOut": null,
              "duration": 3316,
              "state": "failed",
              "speed": null,
              "pass": false,
              "fail": true,
              "pending": false,
              "context": "{\n  \"title\": \"cypress-mochawesome-reporter-screenshots\",\n  \"value\": [\n    [\n      {\n        \"title\": \"Failed screenshot\",\n        \"value\": \"\\\\Impact.cy.js\\\\Impact -- Comparing Before and After Value (MAIN-TC-1684) (failed).png\"\n      },\n      {\n        \"title\": \"Failed screenshot\",\n        \"value\": \"\\\\Impact.cy.js\\\\Impact -- Comparing Before and After Value (MAIN-TC-1684) -- after all hook Delete Project (failed).png\"\n      }\n    ]\n  ]\n}",
              "code": "cy.visit(Cypress.env('baseURL') + '/threats').then(() => {\n  cy.get(threatListViewSelector.threatListViewThreatTreatmentSelect, {\n    timeout: 10000\n  }).eq(0).click();\n});\ncy.get(threatListViewSelector.threatTreatmentRetaintOption, {\n  timeout: 10000\n}).click().then(() => {\n  cy.get(threatListViewSelector.threatListViewImpactButton).eq(0).click();\n}).then(() => {\n  for (let i = 0; i < 4; i++) {\n    cy.get(impactPopupSelector.impactPopupCategoryDropDown, {\n      timeout: 10000\n    }).eq(i).click();\n    cy.get(impactPopupSelector.impactPopupCategoryDropdownNegligibleOption, {\n      timeout: 10000\n    }).click();\n  }\n});\ncy.get(impactPopupSelector.impactPopupRiskLevelTitle, {\n  timeout: 10000\n}).eq(0).invoke('text').should('include', '4');\ncy.get(impactPopupSelector.impactPopupRatingTitle, {\n  timeout: 10000\n}).eq(1).invoke('text').should('include', 'Negligible');\ncy.get(impactPopupSelector.impactPopupBeforeAfterToggleButton).click().then(() => {\n  for (let i = 0; i < 4; i++) {\n    cy.get(impactPopupSelector.impactPopupCategoryDropDown, {\n      timeout: 10000\n    }).eq(i).click();\n    cy.get(impactPopupSelector.impactPopupCategoryDropdownModerateOption, {\n      timeout: 10000\n    }).click();\n  }\n});\ncy.get(impactPopupSelector.impactPopupRiskLevelTitle, {\n  timeout: 10000\n}).eq(0).invoke('text').should('include', '5');\ncy.get(impactPopupSelector.impactPopupRatingTitle, {\n  timeout: 10000\n}).eq(1).invoke('text').should('include', 'Moderate');\ncy.get(impactPopupSelector.impactPopupRiskLevelTitle, {\n  timeout: 10000\n}).eq(0).invoke('text').should('contain', 'Risk Level: 5→ 4');\ncy.get(impactPopupSelector.impactPopupRatingTitle, {\n  timeout: 10000\n}).eq(1).invoke('text').should('contain', 'Impact Rating: Moderate → Negligible');",
              "err": {
                "message": "CypressError: `cy.click()` failed because it requires a DOM element.\n\nNo elements in the current DOM matched your query:\n\n  > cy.get(button:contains(\"Project\"), [object Object])\n\nBecause this error occurred during a `after all` hook we are skipping the remaining tests in the current suite: `Impact`",
                "estack": "CypressError: `cy.click()` failed because it requires a DOM element.\n\nNo elements in the current DOM matched your query:\n\n  > cy.get(button:contains(\"Project\"), [object Object])\n\nBecause this error occurred during a `after all` hook we are skipping the remaining tests in the current suite: `Impact`\n    at isElement (http://localhost:4200/__cypress/runner/cypress_runner.js:145198:62)\n    at validateType (http://localhost:4200/__cypress/runner/cypress_runner.js:145056:14)\n    at Object.isType (http://localhost:4200/__cypress/runner/cypress_runner.js:145087:7)\n    at $Cy.pushSubject (http://localhost:4200/__cypress/runner/cypress_runner.js:138731:22)\n    at wrapped (http://localhost:4200/__cypress/runner/cypress_runner.js:138291:19)\nFrom Your Spec Code:\n    at Context.eval (webpack://cypress/./cypress/support/commands.js:65:67)",
                "diff": null
              },
              "uuid": "8193e62f-d11d-4a1b-a15c-14068506511a",
              "parentUUID": "1b6e24fe-2cd2-4535-bcda-1ed45c412176",
              "isHook": false,
              "skipped": false
            }
          ],
          "suites": [],
          "passes": [],
          "failures": [
            "f9859b3f-61d8-4bce-9feb-c8920fa86a7c",
            "a44b4f30-2fd6-4ad5-bb80-4c168ef8a4b3",
            "34b148de-6917-4321-829e-f31ed1ec95fe",
            "c73c3359-c5ca-4c24-808a-15e7ec3bf703",
            "9062c94f-f57f-4765-b380-7e7a4d06499a",
            "24708eda-2719-4bf5-98a5-5fc3173bf953",
            "8193e62f-d11d-4a1b-a15c-14068506511a"
          ],
          "pending": [],
          "skipped": [],
          "duration": 150456,
          "root": false,
          "rootEmpty": false,
          "_timeout": 2000
        }
      ],
      "passes": [],
      "failures": [],
      "pending": [],
      "skipped": [],
      "duration": 0,
      "root": true,
      "rootEmpty": true,
      "_timeout": 2000
    }
  ],
  "meta": {
    "mocha": {
      "version": "7.0.1"
    },
    "mochawesome": {
      "options": {
        "quiet": true,
        "reportFilename": "mochawesome",
        "saveHtml": false,
        "saveJson": true,
        "consoleReporter": "spec",
        "useInlineDiffs": false,
        "code": true
      },
      "version": "6.3.1"
    },
    "marge": {
      "options": {
        "reportDir": "cypress\\reports\\.jsons",
        "overwrite": false,
        "html": false,
        "json": true,
        "timestamp": true,
        "reportTitle": "Vultara Automation Test",
        "showPassed": true,
        "showFailed": true,
        "showPending": true,
        "showSkipped": false,
        "browser": "all",
        "quiet": true
      },
      "version": "5.2.0"
    }
  }
}