{
  "stats": {
    "suites": 1,
    "tests": 6,
    "passes": 2,
    "pending": 0,
    "failures": 4,
    "start": "2024-01-31T09:56:18.997Z",
    "end": "2024-01-31T10:11:09.730Z",
    "duration": 890733,
    "testsRegistered": 6,
    "passPercent": 33.33333333333333,
    "pendingPercent": 0,
    "other": 0,
    "hasOther": false,
    "skipped": 0,
    "hasSkipped": false
  },
  "results": [
    {
      "uuid": "462ab415-88be-4051-9f74-1d58210649cc",
      "title": "",
      "fullFile": "cypress\\e2e\\modeling-view\\modeling-view.cy.js",
      "file": "cypress\\e2e\\modeling-view\\modeling-view.cy.js",
      "beforeHooks": [],
      "afterHooks": [],
      "tests": [],
      "suites": [
        {
          "uuid": "7b8da581-4539-4b9c-a301-6b6fce767424",
          "title": "Modeling Automation",
          "fullFile": "",
          "file": "",
          "beforeHooks": [],
          "afterHooks": [],
          "tests": [
            {
              "title": "Creating a New Model (MAIN-TC-827, MAIN-TC-1915, MAIN-TC-1564, MAIN-TC-72)",
              "fullTitle": "Modeling Automation Creating a New Model (MAIN-TC-827, MAIN-TC-1915, MAIN-TC-1564, MAIN-TC-72)",
              "timedOut": null,
              "duration": 320764,
              "state": "failed",
              "speed": null,
              "pass": false,
              "fail": true,
              "pending": false,
              "context": "{\n  \"title\": \"cypress-mochawesome-reporter-screenshots\",\n  \"value\": [\n    [\n      {\n        \"title\": \"Failed screenshot\",\n        \"value\": \"\\\\modeling-view.cy.js\\\\Modeling Automation -- Creating a New Model (MAIN-TC-827, MAIN-TC-1915, MAIN-TC-1564, MAIN-TC-72) (failed) (1).png\"\n      }\n    ]\n  ]\n}",
              "code": "// Visit another page if needed.\ncy.visit(Cypress.env(\"baseURL\") + \"/modeling\").then(() => {\n  cy.url().should('include', '/modeling');\n}).then(() => {\n  //Test Case to verify DFD-Process is visible\n  cy.get(modelingViewSelector.componentLibraryDfdProcess, {\n    timeout: 10000\n  }).should('have.text', 'DFD-Process');\n});\n//Working on Drag and Drop  \nconst dataTransfer = new DataTransfer();\n// Test case to check if the module is empty\ncy.get(modelingViewSelector.componentLibraryModule, {\n  timeout: 10000\n}).trigger('dragstart', {\n  dataTransfer,\n  force: true\n}).then(() => {\n  cy.get(modelingViewSelector.modelingViewCanvas, {\n    timeout: 10000\n  }).trigger('drop', {\n    dataTransfer,\n    force: true,\n    clientX: 250,\n    clientY: 250\n  });\n}).then(() => {\n  cy.get(modelingViewSelector.drawingCanvasModuleText).should('exist');\n}).then(() => {\n  cy.get(modelingViewSelector.drawingCanvasModule).rightclick().then(() => {\n    cy.get(modelingViewSelector.componentSpecFeatureSettingsModuleSelect).should('have.value', '');\n  });\n});\nconst numMicrocontrollers = 52;\nconst controllersPerRow = 10;\nconst distanceBetweenWireAndController = 100;\nconst startX = 250; // Starting x-coordinate\nconst startY = 120; // Starting y-coordinate\nconst rowGap = 400; // Gap between rows\nfor (let i = 0; i < numMicrocontrollers; i++) {\n  const row = Math.floor(i / controllersPerRow);\n  const col = i % controllersPerRow;\n  const x = startX + col * distanceBetweenWireAndController;\n  const y = startY + row * rowGap;\n  cy.get(modelingViewSelector.componentLibraryMicrocontroller).trigger('dragstart', {\n    dataTransfer,\n    force: true\n  }).then(() => {\n    cy.get(modelingViewSelector.modelingViewCanvas).trigger('drop', {\n      dataTransfer,\n      force: true,\n      clientX: x,\n      clientY: y\n    });\n  });\n  // If there are more controllers than wires, add a wire\n  if (i < 42) {\n    const wireX = x + distanceBetweenWireAndController / 2;\n    const wireY = y + distanceBetweenWireAndController / 2 + 30;\n    cy.get(modelingViewSelector.componentLibraryCommunicationLine).trigger('dragstart', {\n      dataTransfer,\n      force: true\n    }).then(() => {\n      cy.get(modelingViewSelector.modelingViewCanvas).trigger('drop', {\n        dataTransfer,\n        force: true,\n        clientX: wireX,\n        clientY: wireY\n      });\n    });\n  }\n}\ncy.then(() => {\n  cy.get(modelingViewSelector.modelingViewSaveIcon, {\n    timeout: 10000\n  }).click().then(() => {\n    cy.get(modelingViewSelector.modelingViewSnackBar, {\n      timeout: 10000\n    }).should('contain', 'successfully saved');\n  });\n});",
              "err": {
                "message": "CypressError: Timed out retrying after 15050ms: `cy.click()` could not be issued because this element is currently animating:\n\n`<mat-icon role=\"img\" mat-icon=\"\" touranchor=\"save-project\" class=\"mat-icon notranslate material-icons mat-ligature-font mat-icon-no-color\" aria-hidden=\"true\" ng-reflect-tour-anchor=\"save-project\" data-mat-icon-type=\"font\" style=\"color: rgb(60, 152, 207); cursor: pointer; transform: scale(2);\">save</mat-icon>`\n\nYou can fix this problem by:\n  - Passing `{force: true}` which disables all error checking\n  - Passing `{waitForAnimations: false}` which disables waiting on animations\n  - Passing `{animationDistanceThreshold: 20}` which decreases the sensitivity\n\nhttps://on.cypress.io/element-is-animating",
                "estack": "CypressError: Timed out retrying after 15050ms: `cy.click()` could not be issued because this element is currently animating:\n\n`<mat-icon role=\"img\" mat-icon=\"\" touranchor=\"save-project\" class=\"mat-icon notranslate material-icons mat-ligature-font mat-icon-no-color\" aria-hidden=\"true\" ng-reflect-tour-anchor=\"save-project\" data-mat-icon-type=\"font\" style=\"color: rgb(60, 152, 207); cursor: pointer; transform: scale(2);\">save</mat-icon>`\n\nYou can fix this problem by:\n  - Passing `{force: true}` which disables all error checking\n  - Passing `{waitForAnimations: false}` which disables waiting on animations\n  - Passing `{animationDistanceThreshold: 20}` which decreases the sensitivity\n\nhttps://on.cypress.io/element-is-animating\n    at ensureElIsNotAnimating (http://localhost:4200/__cypress/runner/cypress_runner.js:111915:66)\n    at ensureNotAnimating (http://localhost:4200/__cypress/runner/cypress_runner.js:112188:3)\n    at runAllChecks (http://localhost:4200/__cypress/runner/cypress_runner.js:112327:9)\n    at retryActionability (http://localhost:4200/__cypress/runner/cypress_runner.js:112371:16)\n    at tryCatcher (http://localhost:4200/__cypress/runner/cypress_runner.js:1807:23)\n    at Promise.attempt.Promise.try (http://localhost:4200/__cypress/runner/cypress_runner.js:4315:29)\n    at whenStable (http://localhost:4200/__cypress/runner/cypress_runner.js:143918:68)\n    at <unknown> (http://localhost:4200/__cypress/runner/cypress_runner.js:143859:14)\n    at tryCatcher (http://localhost:4200/__cypress/runner/cypress_runner.js:1807:23)\n    at Promise._settlePromiseFromHandler (http://localhost:4200/__cypress/runner/cypress_runner.js:1519:31)\n    at Promise._settlePromise (http://localhost:4200/__cypress/runner/cypress_runner.js:1576:18)\n    at Promise._settlePromise0 (http://localhost:4200/__cypress/runner/cypress_runner.js:1621:10)\n    at Promise._settlePromises (http://localhost:4200/__cypress/runner/cypress_runner.js:1701:18)\n    at Promise._fulfill (http://localhost:4200/__cypress/runner/cypress_runner.js:1645:18)\n    at <unknown> (http://localhost:4200/__cypress/runner/cypress_runner.js:5450:46)\nFrom Your Spec Code:\n    at Context.eval (webpack://cypress/./cypress/e2e/modeling-view/modeling-view.cy.js:95:73)",
                "diff": null
              },
              "uuid": "6f9fbe9e-f0f5-498c-89b5-59b2793630e0",
              "parentUUID": "7b8da581-4539-4b9c-a301-6b6fce767424",
              "isHook": false,
              "skipped": false
            },
            {
              "title": "Modeling Test Cases (MAIN-TC-1115, MAIN-TC-793)",
              "fullTitle": "Modeling Automation Modeling Test Cases (MAIN-TC-1115, MAIN-TC-793)",
              "timedOut": null,
              "duration": 36200,
              "state": "failed",
              "speed": null,
              "pass": false,
              "fail": true,
              "pending": false,
              "context": "{\n  \"title\": \"cypress-mochawesome-reporter-screenshots\",\n  \"value\": [\n    [\n      {\n        \"title\": \"Failed screenshot\",\n        \"value\": \"\\\\modeling-view.cy.js\\\\Modeling Automation -- Modeling Test Cases (MAIN-TC-1115, MAIN-TC-793) (failed) (1).png\"\n      }\n    ]\n  ]\n}",
              "code": "// Visit another page if needed.\ncy.visit(Cypress.env(\"baseURL\") + \"/modeling\");\ncy.url().should('contain', '/modeling').then(() => {\n  cy.wait(500);\n  cy.get(modelingViewSelector.drawingCanvasCommunicationLine, {\n    timeout: 10000\n  }).eq(0).rightclick({\n    force: true\n  });\n  cy.wait(1000);\n  cy.get(modelingViewSelector.communicationLineSpecNameInput, {\n    timeout: 10000\n  }).clear().type(\"Communication Line 1\");\n  cy.get(modelingViewSelector.communicationLineSpecTransmissionSelect, {\n    timeout: 10000\n  }).click();\n  cy.get(modelingViewSelector.transmissionMediaShortRangeWirelessOption, {\n    timeout: 10000\n  }).click();\n  cy.wait(1000);\n  cy.get(modelingViewSelector.communicationLineSpecBaseProtocolSelect, {\n    timeout: 10000\n  }).click();\n  cy.get(modelingViewSelector.baseProtocolBluetoothLeOption, {\n    timeout: 10000\n  }).click();\n  cy.wait(1000);\n  cy.get(modelingViewSelector.communicationLineSpecTransmissionSelect, {\n    timeout: 10000\n  }).click();\n  cy.get(modelingViewSelector.transmissionMediaPhysicalWireOption, {\n    timeout: 10000\n  }).click();\n});\ncy.wait(500);\ncy.get(modelingViewSelector.communicationLineSpecBaseProtocolSelect, {\n  timeout: 10000\n}).should('have.value', '').then(() => {\n  cy.get(modelingViewSelector.drawingCanvasCommunicationLine, {\n    timeout: 10000\n  }).eq(0).rightclick({\n    force: true\n  });\n});\ncy.wait(500);\ncy.get(modelingViewSelector.drawingCanvasCommunicationLine, {\n  timeout: 10000\n}).eq(0).rightclick({\n  force: true\n}).then(() => {\n  cy.get(modelingViewSelector.componentSpecRemoveLineButton, {\n    timeout: 10000\n  }).click();\n  cy.wait(500);\n  cy.get(navBarSelector.confirmDialogueParagraph, {\n    timeout: 10000\n  }).invoke('text').should('contain', 'Communication Line 1');\n}).then(() => {\n  cy.get(navBarSelector.confirmDialogueCancelButton, {\n    timeout: 10000\n  }).click();\n});",
              "err": {
                "message": "AssertionError: Timed out retrying after 10000ms: Expected to find element: `polyline`, but never found it.",
                "estack": "AssertionError: Timed out retrying after 10000ms: Expected to find element: `polyline`, but never found it.\n    at Context.eval (webpack://cypress/./cypress/e2e/modeling-view/modeling-view.cy.js:106:7)",
                "diff": null
              },
              "uuid": "9d6bfb23-16f4-4e99-b7ba-2b813305d058",
              "parentUUID": "7b8da581-4539-4b9c-a301-6b6fce767424",
              "isHook": false,
              "skipped": false
            },
            {
              "title": "Modeling-View Cases: Save Button on the Canvas, Modeling view button opens modeling view page (MAIN-TC-2047, MAIN-TC-148)",
              "fullTitle": "Modeling Automation Modeling-View Cases: Save Button on the Canvas, Modeling view button opens modeling view page (MAIN-TC-2047, MAIN-TC-148)",
              "timedOut": null,
              "duration": 43368,
              "state": "failed",
              "speed": null,
              "pass": false,
              "fail": true,
              "pending": false,
              "context": "{\n  \"title\": \"cypress-mochawesome-reporter-screenshots\",\n  \"value\": [\n    [\n      {\n        \"title\": \"Failed screenshot\",\n        \"value\": \"\\\\modeling-view.cy.js\\\\Modeling Automation -- Modeling-View Cases Save Button on the Canvas, Modeling view button opens modeling view page (MAIN-TC-2047, MAIN-TC-148) (failed) (1).png\"\n      }\n    ]\n  ]\n}",
              "code": "// Visit another page if needed.\ncy.visit(Cypress.env(\"baseURL\") + \"/modeling\").then(() => {\n  cy.get(modelingViewSelector.drawingCanvasMicrocontroller).eq(51).rightclick().then(() => {\n    cy.get(modelingViewSelector.modelingViewSaveIcon).should('exist');\n  });\n}).then(() => {\n  cy.get(modelingViewSelector.drawingCanvasMicrocontroller).eq(51).rightclick();\n}).then(() => {\n  cy.visit(Cypress.env(\"baseURL\"));\n}).then(() => {\n  cy.get(navBarSelector.navBarModelingViewIcon, {\n    timeout: 10000\n  }).click();\n}).then(() => {\n  cy.url().should('contain', '/modeling');\n});",
              "err": {
                "message": "AssertionError: Timed out retrying after 15000ms: Expected to find element: `#drawingCanvas > .micro-container`, but never found it.",
                "estack": "AssertionError: Timed out retrying after 15000ms: Expected to find element: `#drawingCanvas > .micro-container`, but never found it.\n    at Context.eval (webpack://cypress/./cypress/e2e/modeling-view/modeling-view.cy.js:132:9)",
                "diff": null
              },
              "uuid": "8a295ce7-6be4-4bb8-97fe-4d874f59ec0f",
              "parentUUID": "7b8da581-4539-4b9c-a301-6b6fce767424",
              "isHook": false,
              "skipped": false
            },
            {
              "title": "Verifying the Drop-down Menus of Navigation bar Project, Edit, View, Export, Setting(MAIN-TC-142, MAIN-TC-143,MAIN-TC-144, MAIN-TC-145, MAIN-TC-146 )",
              "fullTitle": "Modeling Automation Verifying the Drop-down Menus of Navigation bar Project, Edit, View, Export, Setting(MAIN-TC-142, MAIN-TC-143,MAIN-TC-144, MAIN-TC-145, MAIN-TC-146 )",
              "timedOut": null,
              "duration": 165202,
              "state": "passed",
              "speed": "slow",
              "pass": true,
              "fail": false,
              "pending": false,
              "context": null,
              "code": "// Visit another page if needed.\ncy.visit(Cypress.env(\"baseURL\") + \"/modeling\").wait(2000).then(() => {\n  cy.get(navBarSelector.navBarEditButton).click();\n  cy.get(navBarSelector.editListNewDesignButton, {\n    timeout: 10000\n  }).should('include.text', 'New Design'); //Verifying the Edit Drop down\n}).wait(500).then(() => {\n  cy.visit(Cypress.env(\"baseURL\") + \"/modeling\");\n  cy.get(navBarSelector.navBarExportButton).click();\n  cy.get(navBarSelector.exportListGenerateReportButton, {\n    timeout: 10000\n  }).should('include.text', 'Generate Report'); //Verifying the Export Drop down\n}).then(() => {\n  cy.visit(Cypress.env(\"baseURL\") + \"/modeling\");\n  cy.get(navBarSelector.navBarProjectButton).click();\n  cy.get(navBarSelector.projectListNewProjectButton, {\n    timeout: 10000\n  }).should('include.text', 'New Project'); //Verifying the Project Drop down\n}).then(() => {\n  cy.visit(Cypress.env(\"baseURL\") + \"/modeling\");\n  cy.get(navBarSelector.navBarSettingsButton).click();\n  cy.get(navBarSelector.settingsListAdminButton, {\n    timeout: 10000\n  }).should('include.text', 'Admin'); //Verifying the Settings Drop down\n}).then(() => {\n  cy.visit(Cypress.env(\"baseURL\") + \"/modeling\");\n  cy.get(navBarSelector.navBarViewButton).click();\n  cy.get(navBarSelector.viewListAssumptionButton, {\n    timeout: 10000\n  }).should('include.text', 'Assumption'); //Verifying the View Drop down\n});",
              "err": {},
              "uuid": "d70a9e61-95a6-47a0-877f-1ff44110a1cc",
              "parentUUID": "7b8da581-4539-4b9c-a301-6b6fce767424",
              "isHook": false,
              "skipped": false
            },
            {
              "title": "Verifying the Navigation Bar Buttons and Shortcuts (MAIN-TC-154, MAIN-TC-1326, MAIN-TC-153, MAIN-TC-149, MAIN-TC-150)",
              "fullTitle": "Modeling Automation Verifying the Navigation Bar Buttons and Shortcuts (MAIN-TC-154, MAIN-TC-1326, MAIN-TC-153, MAIN-TC-149, MAIN-TC-150)",
              "timedOut": null,
              "duration": 158383,
              "state": "passed",
              "speed": "slow",
              "pass": true,
              "fail": false,
              "pending": false,
              "context": null,
              "code": "// Visit another page if needed.\ncy.visit(Cypress.env(\"baseURL\") + \"/modeling\").then(() => {\n  cy.get(navBarSelector.navBarProfileIcon).click({\n    force: true\n  }).get(navBarSelector.profileListUserProfileHeader, {\n    timeout: 10000\n  }).should('include.text', 'User Profile'); //Verifying the User Profile Drop down\n});\ncy.visit(Cypress.env(\"baseURL\")).then(() => {\n  cy.get(navBarSelector.navBarProfileIcon).click().get(navBarSelector.profileListChangePasswordHeader).click() //Change Password \n  .get(navBarSelector.changePasswordForm, {\n    timeout: 10000\n  }).should('exist');\n});\ncy.visit(Cypress.env(\"baseURL\")).then(() => {\n  cy.get(navBarSelector.navBarNotificationIcon).click().get(navBarSelector.notificationMenu, {\n    timeout: 10000\n  }).should('exist'); //Notification Test \n});\ncy.visit(Cypress.env(\"baseURL\")).then(() => {\n  cy.get(navBarSelector.navBarThreatListViewIcon).click({\n    force: true\n  }).wait(2000).url().should('include', '/threats', {\n    timeout: 10000\n  }); //Threat List\n});\ncy.visit(Cypress.env(\"baseURL\")).then(() => {\n  cy.get(navBarSelector.navBarVulnerabilityListViewIcon).click({\n    force: true\n  }).wait(2000).url().should('include', '/vulnerabilities', {\n    timeout: 10000\n  }); //Culnerability List\n});",
              "err": {},
              "uuid": "cefe9ca1-d0a7-4fe8-a873-bdf8b0ebb3ae",
              "parentUUID": "7b8da581-4539-4b9c-a301-6b6fce767424",
              "isHook": false,
              "skipped": false
            },
            {
              "title": "Deleting the Created Project (MAIN-TC-847)",
              "fullTitle": "Modeling Automation Deleting the Created Project (MAIN-TC-847)",
              "timedOut": null,
              "duration": 141437,
              "state": "failed",
              "speed": null,
              "pass": false,
              "fail": true,
              "pending": false,
              "context": "{\n  \"title\": \"cypress-mochawesome-reporter-screenshots\",\n  \"value\": [\n    [\n      {\n        \"title\": \"Failed screenshot\",\n        \"value\": \"\\\\modeling-view.cy.js\\\\Modeling Automation -- Deleting the Created Project (MAIN-TC-847) (failed).png\"\n      }\n    ]\n  ]\n}",
              "code": "cy.deleteProject(projectName);",
              "err": {
                "message": "AssertionError: Timed out retrying after 10000ms: Expected to find element: `button:contains(\"Project\")`, but never found it.",
                "estack": "AssertionError: Timed out retrying after 10000ms: Expected to find element: `button:contains(\"Project\")`, but never found it.\n    at Context.eval (webpack://cypress/./cypress/support/commands.js:46:7)",
                "diff": null
              },
              "uuid": "f4721d22-d334-4818-847e-61da765a673f",
              "parentUUID": "7b8da581-4539-4b9c-a301-6b6fce767424",
              "isHook": false,
              "skipped": false
            }
          ],
          "suites": [],
          "passes": [
            "d70a9e61-95a6-47a0-877f-1ff44110a1cc",
            "cefe9ca1-d0a7-4fe8-a873-bdf8b0ebb3ae"
          ],
          "failures": [
            "6f9fbe9e-f0f5-498c-89b5-59b2793630e0",
            "9d6bfb23-16f4-4e99-b7ba-2b813305d058",
            "8a295ce7-6be4-4bb8-97fe-4d874f59ec0f",
            "f4721d22-d334-4818-847e-61da765a673f"
          ],
          "pending": [],
          "skipped": [],
          "duration": 865354,
          "root": false,
          "rootEmpty": false,
          "_timeout": 2000
        }
      ],
      "passes": [],
      "failures": [],
      "pending": [],
      "skipped": [],
      "duration": 0,
      "root": true,
      "rootEmpty": true,
      "_timeout": 2000
    }
  ],
  "meta": {
    "mocha": {
      "version": "7.0.1"
    },
    "mochawesome": {
      "options": {
        "quiet": true,
        "reportFilename": "mochawesome",
        "saveHtml": false,
        "saveJson": true,
        "consoleReporter": "spec",
        "useInlineDiffs": false,
        "code": true
      },
      "version": "6.3.1"
    },
    "marge": {
      "options": {
        "reportDir": "cypress\\reports\\.jsons",
        "overwrite": false,
        "html": false,
        "json": true,
        "timestamp": true,
        "reportTitle": "Vultara Automation Test",
        "showPassed": true,
        "showFailed": true,
        "showPending": true,
        "showSkipped": false,
        "browser": "all",
        "quiet": true
      },
      "version": "5.2.0"
    }
  }
}