{
  "stats": {
    "suites": 1,
    "tests": 6,
    "passes": 6,
    "pending": 0,
    "failures": 0,
    "start": "2024-02-01T02:37:04.009Z",
    "end": "2024-02-01T02:42:59.093Z",
    "duration": 355084,
    "testsRegistered": 6,
    "passPercent": 100,
    "pendingPercent": 0,
    "other": 0,
    "hasOther": false,
    "skipped": 0,
    "hasSkipped": false
  },
  "results": [
    {
      "uuid": "3fd83a1b-56c1-467e-babc-cfdf5e79f96d",
      "title": "",
      "fullFile": "cypress\\e2e\\cybersecurity-pool\\goal-pool.cy.js",
      "file": "cypress\\e2e\\cybersecurity-pool\\goal-pool.cy.js",
      "beforeHooks": [],
      "afterHooks": [],
      "tests": [],
      "suites": [
        {
          "uuid": "c0afb5e6-f4c4-4a1f-bed8-db4df7549e6d",
          "title": "Cybersecurity Control Pool",
          "fullFile": "",
          "file": "",
          "beforeHooks": [],
          "afterHooks": [],
          "tests": [
            {
              "title": "Add Goal Button, No Goal message (MAIN-TC-767, MAIN-TC-632)",
              "fullTitle": "Cybersecurity Control Pool Add Goal Button, No Goal message (MAIN-TC-767, MAIN-TC-632)",
              "timedOut": null,
              "duration": 185356,
              "state": "passed",
              "speed": "slow",
              "pass": true,
              "fail": false,
              "pending": false,
              "context": null,
              "code": "cy.visit(Cypress.env('baseURL') + '/cybersecurity-goal').then(() => {\n  cy.get(cybersecurityGoalSelector.goalAddNewGoalButton, {\n    timeout: 10000\n  }).should('exist');\n});\ncy.get(cybersecurityGoalSelector.goalNoGoalFoundParagraph, {\n  timeout: 10000\n}).should('exist').then(() => {\n  cy.get(cybersecurityGoalSelector.goalNoGoalFoundParagraph, {\n    timeout: 10000\n  }).invoke('text').should('contain', 'No cybersecurity goal found');\n});",
              "err": {},
              "uuid": "f5f632d9-ecb4-4320-b2e3-6391ed15d70b",
              "parentUUID": "c0afb5e6-f4c4-4a1f-bed8-db4df7549e6d",
              "isHook": false,
              "skipped": false
            },
            {
              "title": "Add New Goal Pop Up (MAIN-TC-769, MAIN-TC-375)",
              "fullTitle": "Cybersecurity Control Pool Add New Goal Pop Up (MAIN-TC-769, MAIN-TC-375)",
              "timedOut": null,
              "duration": 10686,
              "state": "passed",
              "speed": "slow",
              "pass": true,
              "fail": false,
              "pending": false,
              "context": null,
              "code": "cy.visit(Cypress.env('baseURL') + '/cybersecurity-goal').then(() => {\n  cy.get(cybersecurityGoalSelector.goalAddNewGoalButton, {\n    timeout: 10000\n  }).click();\n});\ncy.get(cybersecurityGoalSelector.addNewGoalDialog, {\n  timeout: 10000\n}).should('exist').then(() => {\n  cy.get(cybersecurityGoalSelector.addNewGoalDialogConfirmButton, {\n    timeout: 10000\n  }).should('exist').should('not.be.enabled');\n  cy.get(cybersecurityGoalSelector.addNewGoalDialogCancelButton, {\n    timeout: 10000\n  }).should('exist');\n});",
              "err": {},
              "uuid": "2b61291e-1178-457c-96e1-f8ff252c4bbe",
              "parentUUID": "c0afb5e6-f4c4-4a1f-bed8-db4df7549e6d",
              "isHook": false,
              "skipped": false
            },
            {
              "title": "Snakbar Message(MAIN-TC-376) ",
              "fullTitle": "Cybersecurity Control Pool Snakbar Message(MAIN-TC-376) ",
              "timedOut": null,
              "duration": 22294,
              "state": "passed",
              "speed": "slow",
              "pass": true,
              "fail": false,
              "pending": false,
              "context": null,
              "code": "cy.visit(Cypress.env('baseURL') + '/cybersecurity-goal').then(() => {\n  cy.get(cybersecurityGoalSelector.goalAddNewGoalButton, {\n    timeout: 10000\n  }).click();\n});\ncy.get(cybersecurityGoalSelector.addNewGoalDialogContentTextArea, {\n  timeout: 10000\n}).type('Project Goal 1').then(() => {\n  cy.get(cybersecurityGoalSelector.addNewGoalDialogConfirmButton, {\n    timeout: 10000\n  }).click();\n});\ncy.get(cybersecurityGoalSelector.goalSnackBarMessageSuccessfulCreation, {\n  timeout: 5000\n}).invoke('text').should('contain', 'Cybersecurity goal saved successfully!');",
              "err": {},
              "uuid": "c041b1f8-3d92-4f12-9e9d-0d1d688debd5",
              "parentUUID": "c0afb5e6-f4c4-4a1f-bed8-db4df7549e6d",
              "isHook": false,
              "skipped": false
            },
            {
              "title": "Format for the Row Number(MAIN-TC-377)",
              "fullTitle": "Cybersecurity Control Pool Format for the Row Number(MAIN-TC-377)",
              "timedOut": null,
              "duration": 32862,
              "state": "passed",
              "speed": "slow",
              "pass": true,
              "fail": false,
              "pending": false,
              "context": null,
              "code": "cy.visit(Cypress.env('baseURL') + '/cybersecurity-goal').then(() => {\n  cy.get(cybersecurityGoalSelector.goalAddNewGoalButton, {\n    timeout: 10000\n  }).click();\n});\ncy.get(cybersecurityGoalSelector.addNewGoalDialogContentTextArea, {\n  timeout: 10000\n}).type('Project Goal 2').then(() => {\n  cy.get(cybersecurityGoalSelector.addNewGoalDialogConfirmButton, {\n    timeout: 10000\n  }).click();\n});\ncy.get(cybersecurityGoalSelector.goalSerialNumber, {\n  timeout: 10000\n}).should('have.length', 2).then(() => {\n  cy.get(cybersecurityGoalSelector.goalSerialNumber, {\n    timeout: 10000\n  }).eq(0).invoke('text').then(lastThreat => {\n    cy.get(cybersecurityGoalSelector.goalSerialNumber, {\n      timeout: 10000\n    }).eq(1).invoke('text').then(firstThreat => {\n      // Convert the text values to numbers for comparison\n      const lastThreatValue = parseInt(lastThreat.replace(/\\D/g, ''), 10); // Assuming the value is something like 'GL1'\n      const firstThreatValue = parseInt(firstThreat.replace(/\\D/g, ''), 10); // Assuming the value is something like 'GL2'\n      // Make the assertion\n      expect(lastThreatValue).to.be.greaterThan(firstThreatValue);\n    });\n  });\n});",
              "err": {},
              "uuid": "4aedc8ed-a3fd-4f8a-907d-9c2dd6fd5760",
              "parentUUID": "c0afb5e6-f4c4-4a1f-bed8-db4df7549e6d",
              "isHook": false,
              "skipped": false
            },
            {
              "title": "Deleting the Goal will not effect Row Numbers(MAIN-TC-378)",
              "fullTitle": "Cybersecurity Control Pool Deleting the Goal will not effect Row Numbers(MAIN-TC-378)",
              "timedOut": null,
              "duration": 43196,
              "state": "passed",
              "speed": "slow",
              "pass": true,
              "fail": false,
              "pending": false,
              "context": null,
              "code": "cy.visit(Cypress.env('baseURL') + '/cybersecurity-goal').then(() => {\n  cy.get(cybersecurityGoalSelector.goalAddNewGoalButton, {\n    timeout: 10000\n  }).click();\n});\ncy.get(cybersecurityGoalSelector.addNewGoalDialogContentTextArea, {\n  timeout: 10000\n}).type('Project Goal 3').then(() => {\n  cy.get(cybersecurityGoalSelector.addNewGoalDialogConfirmButton, {\n    timeout: 10000\n  }).click();\n});\ncy.get(cybersecurityGoalSelector.goalSerialNumber, {\n  timeout: 10000\n}).should('have.length', 2).then(() => {\n  cy.get(cybersecurityGoalSelector.goalDropDownButton, {\n    timeout: 10000\n  }).eq(1).click(); //Deleting the 2nd Goal\n  cy.get(cybersecurityGoalSelector.goalDropDownDeleteOption, {\n    timeout: 10000\n  }).click();\n  cy.get(cybersecurityGoalSelector.goalDeleteConfirmButton, {\n    timeout: 10000\n  }).click();\n  // Make sure the UI updates and the first goal becomes GL3 and the second goal becomes GL1\n  cy.get(cybersecurityGoalSelector.goalSerialNumber, {\n    timeout: 10000\n  }).eq(0).invoke('text').should('include', 'GL3');\n  cy.get(cybersecurityGoalSelector.goalSerialNumber, {\n    timeout: 10000\n  }).eq(1).invoke('text').should('include', 'GL1');\n});",
              "err": {},
              "uuid": "3b048187-f441-462b-804c-8383444b577c",
              "parentUUID": "c0afb5e6-f4c4-4a1f-bed8-db4df7549e6d",
              "isHook": false,
              "skipped": false
            },
            {
              "title": "Deleting The Created project",
              "fullTitle": "Cybersecurity Control Pool Deleting The Created project",
              "timedOut": null,
              "duration": 32622,
              "state": "passed",
              "speed": "slow",
              "pass": true,
              "fail": false,
              "pending": false,
              "context": null,
              "code": "cy.deleteProject(projectName);",
              "err": {},
              "uuid": "b734e3be-f03e-45a2-8f68-cdd7eb6ce2f5",
              "parentUUID": "c0afb5e6-f4c4-4a1f-bed8-db4df7549e6d",
              "isHook": false,
              "skipped": false
            }
          ],
          "suites": [],
          "passes": [
            "f5f632d9-ecb4-4320-b2e3-6391ed15d70b",
            "2b61291e-1178-457c-96e1-f8ff252c4bbe",
            "c041b1f8-3d92-4f12-9e9d-0d1d688debd5",
            "4aedc8ed-a3fd-4f8a-907d-9c2dd6fd5760",
            "3b048187-f441-462b-804c-8383444b577c",
            "b734e3be-f03e-45a2-8f68-cdd7eb6ce2f5"
          ],
          "failures": [],
          "pending": [],
          "skipped": [],
          "duration": 327016,
          "root": false,
          "rootEmpty": false,
          "_timeout": 2000
        }
      ],
      "passes": [],
      "failures": [],
      "pending": [],
      "skipped": [],
      "duration": 0,
      "root": true,
      "rootEmpty": true,
      "_timeout": 2000
    }
  ],
  "meta": {
    "mocha": {
      "version": "7.0.1"
    },
    "mochawesome": {
      "options": {
        "quiet": true,
        "reportFilename": "mochawesome",
        "saveHtml": false,
        "saveJson": true,
        "consoleReporter": "spec",
        "useInlineDiffs": false,
        "code": true
      },
      "version": "6.3.1"
    },
    "marge": {
      "options": {
        "reportDir": "cypress\\reports\\.jsons",
        "overwrite": false,
        "html": false,
        "json": true,
        "timestamp": true,
        "reportTitle": "Vultara Automation Test",
        "showPassed": true,
        "showFailed": true,
        "showPending": true,
        "showSkipped": false,
        "browser": "all",
        "quiet": true
      },
      "version": "5.2.0"
    }
  }
}