{
  "stats": {
    "suites": 1,
    "tests": 7,
    "passes": 5,
    "pending": 1,
    "failures": 1,
    "start": "2024-02-22T12:17:59.140Z",
    "end": "2024-02-22T12:23:09.690Z",
    "duration": 310550,
    "testsRegistered": 8,
    "passPercent": 71.42857142857143,
    "pendingPercent": 12.5,
    "other": 1,
    "hasOther": true,
    "skipped": 0,
    "hasSkipped": false
  },
  "results": [
    {
      "uuid": "14be5054-4c3a-492d-9029-cd8e05ecfda5",
      "title": "",
      "fullFile": "cypress\\e2e\\Threat-Generation\\feasibility.cy.js",
      "file": "cypress\\e2e\\Threat-Generation\\feasibility.cy.js",
      "beforeHooks": [],
      "afterHooks": [],
      "tests": [],
      "suites": [
        {
          "uuid": "be3ccc61-fcab-43db-a5b8-3a7a7d37217b",
          "title": "Feasibility",
          "fullFile": "",
          "file": "",
          "beforeHooks": [],
          "afterHooks": [],
          "tests": [
            {
              "title": "Feasibility Pop-up (MAIN-TC-1593, MAIN-TC-1594)",
              "fullTitle": "Feasibility Feasibility Pop-up (MAIN-TC-1593, MAIN-TC-1594)",
              "timedOut": null,
              "duration": 146675,
              "state": "passed",
              "speed": "slow",
              "pass": true,
              "fail": false,
              "pending": false,
              "context": null,
              "code": "cy.visit(Cypress.env('baseURL') + '/threats').then(() => {\n  cy.get(threatListViewSelector.threatListViewFeasibilityButton).eq(0).click().then(() => {\n    cy.get(feasibilityPopupselector.feasibilityPopupTitle).invoke('text').should('include', 'Threat #1');\n    cy.get(feasibilityPopupselector.feasibilityPopupConfirmButton).click({\n      force: true\n    }); //clicking confirm button\n  });\n  cy.get(threatListViewSelector.threatListViewFeasibilityButton).eq(0).click().then(() => {\n    cy.get(feasibilityPopupselector.feasibilityPopupTitle).invoke('text').should('include', 'Threat #1');\n  });\n});",
              "err": {},
              "uuid": "178190c5-cdee-4290-9987-663987d20eee",
              "parentUUID": "be3ccc61-fcab-43db-a5b8-3a7a7d37217b",
              "isHook": false,
              "skipped": false
            },
            {
              "title": "feasibility pop-up window w.r.t to Review Threats(MAIN-TC-1608, MAIN-TC-1582)",
              "fullTitle": "Feasibility feasibility pop-up window w.r.t to Review Threats(MAIN-TC-1608, MAIN-TC-1582)",
              "timedOut": null,
              "duration": 25512,
              "state": "passed",
              "speed": "slow",
              "pass": true,
              "fail": false,
              "pending": false,
              "context": null,
              "code": "cy.visit(Cypress.env('baseURL') + '/threats').then(() => {\n  cy.get(threatListViewSelector.threatListViewReviewCheckBox).click().then(() => {\n    //Mark the threat as ready\n    cy.get(threatListViewSelector.threatListViewThreatTreatmentSelect).eq(0).should('not.be.enabled');\n    cy.get(threatListViewSelector.threatListViewFeasibilityButton).eq(0).click().then(() => {\n      cy.get(feasibilityPopupselector.feasibilityPopupCriteria).eq(0).should('not.be.enabled');\n      cy.get(feasibilityPopupselector.feasibilityPopupRationaleText).eq(0).should('not.be.enabled');\n      cy.get(feasibilityPopupselector.feasibilityPopupCancelButton).click();\n    });\n  }).then(() => {\n    cy.get(feasibilityPopupselector.feasibilityPopup).should(\"not.exist\");\n  });\n  cy.get(threatListViewSelector.threatListViewReviewCheckBox).click().then(() => {\n    //Mark the threat as reviewed\n    cy.get(threatListViewSelector.threatListViewReviewCheckBox).click(); //Mark the threat as unreviewed\n    cy.get(feasibilityPopupselector.feasibilityPopupConfirmButton).click({\n      force: true\n    });\n  }).then(() => {\n    cy.get(threatListViewSelector.threatListViewFeasibilityButton).eq(0).click().then(() => {\n      cy.get(feasibilityPopupselector.feasibilityPopupCriteria).eq(0).should('not.be.disabled');\n      cy.get(feasibilityPopupselector.feasibilityPopupRationaleText).eq(0).should('not.be.disabled');\n    });\n  });\n});",
              "err": {},
              "uuid": "27913ebf-aac5-4016-bcfd-a290b8e455a6",
              "parentUUID": "be3ccc61-fcab-43db-a5b8-3a7a7d37217b",
              "isHook": false,
              "skipped": false
            },
            {
              "title": "feasibility pop-up window w.r.t Treatment (MAIN-TC-1584)",
              "fullTitle": "Feasibility feasibility pop-up window w.r.t Treatment (MAIN-TC-1584)",
              "timedOut": null,
              "duration": 17298,
              "state": "passed",
              "speed": "slow",
              "pass": true,
              "fail": false,
              "pending": false,
              "context": null,
              "code": "cy.visit(Cypress.env('baseURL') + '/threats').then(() => {\n  cy.get(threatListViewSelector.threatListViewThreatTreatmentSelect).eq(0).click().then(() => {\n    cy.get(threatListViewSelector.threatTreatmentRetaintOption).click();\n  });\n  cy.get(threatListViewSelector.threatListViewFeasibilityButton).eq(0).click().then(() => {\n    cy.get(feasibilityPopupselector.feasibilityPopupThreatlistHeading).invoke('text').should('include', 'Before Treatmentarrow_right_altAfter Treatment');\n  });\n});",
              "err": {},
              "uuid": "aa8291c5-7545-427c-aa0a-8f81f3139b69",
              "parentUUID": "be3ccc61-fcab-43db-a5b8-3a7a7d37217b",
              "isHook": false,
              "skipped": false
            },
            {
              "title": "Treatment in Threats(MAIN-TC-1609)",
              "fullTitle": "Feasibility Treatment in Threats(MAIN-TC-1609)",
              "timedOut": null,
              "duration": 13622,
              "state": "passed",
              "speed": "slow",
              "pass": true,
              "fail": false,
              "pending": false,
              "context": null,
              "code": "cy.visit(Cypress.env('baseURL') + '/threats').then(() => {\n  cy.get(threatListViewSelector.threatListViewThreatTreatmentSelect).eq(0).click().then(() => {\n    cy.get(threatListViewSelector.threatTreatmentShareOption).click(); //changing treatment option\n  }).then(() => {\n    cy.get(threatListViewSelector.threatListViewFeasibilityButton).eq(0).click().then(() => {\n      cy.get(feasibilityPopupselector.feasibilityPopupThreatlistHeading).invoke('text').should('include', 'Before Treatmentarrow_right_altAfter Treatment');\n    });\n  });\n});",
              "err": {},
              "uuid": "888810ec-401d-4fad-9ed3-85c835d4e582",
              "parentUUID": "be3ccc61-fcab-43db-a5b8-3a7a7d37217b",
              "isHook": false,
              "skipped": false
            },
            {
              "title": "Feasibility pop-up functionality (MAIN-TC-1581)",
              "fullTitle": "Feasibility Feasibility pop-up functionality (MAIN-TC-1581)",
              "timedOut": null,
              "duration": 36331,
              "state": "failed",
              "speed": null,
              "pass": false,
              "fail": true,
              "pending": false,
              "context": "{\n  \"title\": \"cypress-mochawesome-reporter-screenshots\",\n  \"value\": [\n    [\n      {\n        \"title\": \"Failed screenshot\",\n        \"value\": \"\\\\feasibility.cy.js\\\\Feasibility -- Feasibility pop-up functionality (MAIN-TC-1581) (failed).png\"\n      }\n    ]\n  ]\n}",
              "code": "cy.visit(Cypress.env('baseURL') + '/threats').then(() => {\n  //cy.get(threatListViewSelector.threatListViewReviewCheckBox).click()//Mark the threat as ready\n  cy.wait(1000);\n  cy.get(threatListViewSelector.threatListViewReviewCheckBox).click(); //Mark the threat as reviewed\n  cy.wait(800);\n  cy.get(threatListViewSelector.threatListViewReviewCheckBox).click().then(() => {\n    //Mark the threat as unreviewed\n    cy.get(feasibilityPopupselector.feasibilityPopupConfirmButton).click({\n      force: true\n    });\n  });\n  let riskValue;\n  let feasibility;\n  cy.get(threatListViewSelector.threatListViewRiskButton).eq(0).invoke('text').then(text => {\n    riskValue = text.trim();\n    cy.get(threatListViewSelector.threatListViewFeasibilityButton).eq(0).invoke('text').then(text => {\n      feasibility = text.trim();\n      cy.get(threatListViewSelector.threatListViewFeasibilityButton).eq(0).click().then(() => {\n        cy.get(feasibilityPopupselector.feasibilityPopup).should('be.visible');\n        cy.get(feasibilityPopupselector.feasibilityPopupTitle).invoke('text').should('include', 'Threat #1');\n        cy.get(feasibilityPopupselector.feasibilityPopupFeasibilityRating).invoke('text').should('include', feasibility);\n      });\n    }).then(() => {\n      cy.get(feasibilityPopupselector.feasibilityPopupRiskLevelTitle).invoke('text').should('include', riskValue);\n      cy.get(feasibilityPopupselector.feasibilityPopupConfirmButton).click({\n        force: true\n      });\n    });\n  });\n});",
              "err": {
                "message": "AssertionError: Timed out retrying after 20000ms: Expected to find element: `button:contains(\"Confirm\")`, but never found it.",
                "estack": "AssertionError: Timed out retrying after 20000ms: Expected to find element: `button:contains(\"Confirm\")`, but never found it.\n    at Context.eval (webpack://cypress/./cypress/e2e/Threat-Generation/feasibility.cy.js:102:11)",
                "diff": null
              },
              "uuid": "1db5dbb4-8036-4d1c-9411-d0719786eef4",
              "parentUUID": "be3ccc61-fcab-43db-a5b8-3a7a7d37217b",
              "isHook": false,
              "skipped": false
            },
            {
              "title": "Threats w.r.t to treatment value for \"After treatment\"(MAIN-TC-1587)",
              "fullTitle": "Feasibility Threats w.r.t to treatment value for \"After treatment\"(MAIN-TC-1587)",
              "timedOut": null,
              "duration": 0,
              "state": "pending",
              "speed": null,
              "pass": false,
              "fail": false,
              "pending": true,
              "context": null,
              "code": "//skip for the time being until developer fix the issue\ncy.visit(Cypress.env('baseURL') + '/threats').then(() => {\n  // Get the initial treatment\n  cy.get(threatListViewSelector.threatListViewThreatTreatmentSelect).eq(0).invoke('text').then(initialTreatment => {\n    cy.get(threatListViewSelector.threatListViewThreatTreatmentSelect).eq(0).click().then(() => {\n      cy.get(threatListViewSelector.threatTreatmentAvoidOption).click();\n    });\n    // Get the final treatment\n    cy.get(threatListViewSelector.threatListViewThreatTreatmentSelect).eq(0).invoke('text').then(finalTreatment => {\n      // Assertions: final treatment should not be equal to initial treatment\n      expect(finalTreatment).not.to.equal(initialTreatment); //Test Case assertion\n    });\n  });\n  //Mark the threat as reviewed\n  cy.get(threatListViewSelector.threatListViewReviewCheckBox).click().then(() => {\n    cy.get(threatListViewSelector.threatListViewThreatTreatmentSelect).eq(0).should('not.be.enabled'); //Test Case assertion\n    cy.get(threatListViewSelector.threatListViewFeasibilityButton).eq(0).click();\n  });\n  cy.get(feasibilityPopupselector.feasibilityPopupConfirmButton).should('not.be.enabled'); //Test Case assertion\n});",
              "err": {},
              "uuid": "e82272c0-0d6d-4a14-ac1b-0dad2e547bdd",
              "parentUUID": "be3ccc61-fcab-43db-a5b8-3a7a7d37217b",
              "isHook": false,
              "skipped": false
            },
            {
              "title": "Threats w.r.t to treatment value for \"Before treatment\" (MAIN-TC-1588)",
              "fullTitle": "Feasibility Threats w.r.t to treatment value for \"Before treatment\" (MAIN-TC-1588)",
              "timedOut": null,
              "duration": 34901,
              "state": "failed",
              "speed": null,
              "pass": false,
              "fail": true,
              "pending": false,
              "context": "{\n  \"title\": \"cypress-mochawesome-reporter-screenshots\",\n  \"value\": [\n    [\n      {\n        \"title\": \"Failed screenshot\",\n        \"value\": \"\\\\feasibility.cy.js\\\\Feasibility -- Threats w.r.t to treatment value for Before treatment (MAIN-TC-1588) (failed).png\"\n      }\n    ]\n  ]\n}",
              "code": "cy.visit(Cypress.env('baseURL') + '/threats').then(() => {\n  //marking threats as unreviewed\n  cy.get(threatListViewSelector.threatListViewReviewCheckBox).click().then(() => {\n    //Mark the threat as ready\n    cy.get(threatListViewSelector.threatListViewReviewCheckBox).click().then(() => {\n      //Mark the threat as reviewed\n      cy.get(feasibilityPopupselector.feasibilityPopupConfirmButton).click({\n        force: true\n      });\n    });\n  });\n  cy.get(threatListViewSelector.threatListValidatedCheckbox).click().then(() => {\n    //clicking the validated checkbox\n    cy.get(threatListViewSelector.threatListViewFeasibilityButton).eq(0).click().then(() => {\n      cy.get(feasibilityPopupselector.feasibilityPopupConfirmButton).should('not.be.enabled');\n      cy.get(feasibilityPopupselector.feasibilityPopupRationaleText).eq(0).should('not.be.enabled');\n      cy.get(feasibilityPopupselector.feasibilityPopupCancelButton).click();\n    });\n  });\n  //Mark the threat as review\n  cy.get(threatListViewSelector.threatListViewReviewCheckBox).click();\n  cy.get(threatListViewSelector.threatListViewFeasibilityButton).eq(0).click().then(() => {\n    cy.get(feasibilityPopupselector.feasibilityPopupConfirmButton).should('not.be.enabled');\n  });\n});",
              "err": {
                "message": "CypressError: Timed out retrying after 20050ms: `cy.click()` failed because this element:\n\n`<input type=\"checkbox\" class=\"mdc-checkbox__native-control\" id=\"mat-mdc-checkbox-3-input\" tabindex=\"0\">`\n\nis being covered by another element:\n\n`<div class=\"cdk-overlay-backdrop cdk-overlay-dark-backdrop cdk-overlay-backdrop-showing\"></div>`\n\nFix this problem, or use {force: true} to disable error checking.\n\nhttps://on.cypress.io/element-cannot-be-interacted-with",
                "estack": "CypressError: Timed out retrying after 20050ms: `cy.click()` failed because this element:\n\n`<input type=\"checkbox\" class=\"mdc-checkbox__native-control\" id=\"mat-mdc-checkbox-3-input\" tabindex=\"0\">`\n\nis being covered by another element:\n\n`<div class=\"cdk-overlay-backdrop cdk-overlay-dark-backdrop cdk-overlay-backdrop-showing\"></div>`\n\nFix this problem, or use {force: true} to disable error checking.\n\nhttps://on.cypress.io/element-cannot-be-interacted-with\n    at ensureIsDescendent (http://localhost:4200/__cypress/runner/cypress_runner.js:111947:68)\n    at ensureDescendents (http://localhost:4200/__cypress/runner/cypress_runner.js:111998:5)\n    at ensureDescendentsAndScroll (http://localhost:4200/__cypress/runner/cypress_runner.js:112004:14)\n    at ensureElIsNotCovered (http://localhost:4200/__cypress/runner/cypress_runner.js:112135:5)\n    at runAllChecks (http://localhost:4200/__cypress/runner/cypress_runner.js:112334:52)\n    at retryActionability (http://localhost:4200/__cypress/runner/cypress_runner.js:112371:16)\n    at tryCatcher (http://localhost:4200/__cypress/runner/cypress_runner.js:1807:23)\n    at Promise.attempt.Promise.try (http://localhost:4200/__cypress/runner/cypress_runner.js:4315:29)\n    at whenStable (http://localhost:4200/__cypress/runner/cypress_runner.js:143918:68)\n    at <unknown> (http://localhost:4200/__cypress/runner/cypress_runner.js:143859:14)\n    at tryCatcher (http://localhost:4200/__cypress/runner/cypress_runner.js:1807:23)\n    at Promise._settlePromiseFromHandler (http://localhost:4200/__cypress/runner/cypress_runner.js:1519:31)\n    at Promise._settlePromise (http://localhost:4200/__cypress/runner/cypress_runner.js:1576:18)\n    at Promise._settlePromise0 (http://localhost:4200/__cypress/runner/cypress_runner.js:1621:10)\n    at Promise._settlePromises (http://localhost:4200/__cypress/runner/cypress_runner.js:1701:18)\n    at Promise._fulfill (http://localhost:4200/__cypress/runner/cypress_runner.js:1645:18)\n    at <unknown> (http://localhost:4200/__cypress/runner/cypress_runner.js:5450:46)\nFrom Your Spec Code:\n    at Context.eval (webpack://cypress/./cypress/e2e/Threat-Generation/feasibility.cy.js:149:68)",
                "diff": null
              },
              "uuid": "ab65c6bf-e9d8-43ad-b91c-bda4ecf8db1a",
              "parentUUID": "be3ccc61-fcab-43db-a5b8-3a7a7d37217b",
              "isHook": false,
              "skipped": false
            },
            {
              "title": "Delete Project",
              "fullTitle": "Feasibility Delete Project",
              "timedOut": null,
              "duration": 23371,
              "state": "passed",
              "speed": "slow",
              "pass": true,
              "fail": false,
              "pending": false,
              "context": null,
              "code": "cy.deleteProject(projectName);",
              "err": {},
              "uuid": "e23794eb-13f6-45b8-8a29-caf6e6f7fbec",
              "parentUUID": "be3ccc61-fcab-43db-a5b8-3a7a7d37217b",
              "isHook": false,
              "skipped": false
            }
          ],
          "suites": [],
          "passes": [
            "178190c5-cdee-4290-9987-663987d20eee",
            "27913ebf-aac5-4016-bcfd-a290b8e455a6",
            "aa8291c5-7545-427c-aa0a-8f81f3139b69",
            "888810ec-401d-4fad-9ed3-85c835d4e582",
            "e23794eb-13f6-45b8-8a29-caf6e6f7fbec"
          ],
          "failures": [
            "1db5dbb4-8036-4d1c-9411-d0719786eef4",
            "ab65c6bf-e9d8-43ad-b91c-bda4ecf8db1a"
          ],
          "pending": [
            "e82272c0-0d6d-4a14-ac1b-0dad2e547bdd"
          ],
          "skipped": [],
          "duration": 297710,
          "root": false,
          "rootEmpty": false,
          "_timeout": 2000
        }
      ],
      "passes": [],
      "failures": [],
      "pending": [],
      "skipped": [],
      "duration": 0,
      "root": true,
      "rootEmpty": true,
      "_timeout": 2000
    }
  ],
  "meta": {
    "mocha": {
      "version": "7.0.1"
    },
    "mochawesome": {
      "options": {
        "quiet": true,
        "reportFilename": "mochawesome",
        "saveHtml": false,
        "saveJson": true,
        "consoleReporter": "spec",
        "useInlineDiffs": false,
        "code": true
      },
      "version": "6.3.1"
    },
    "marge": {
      "options": {
        "reportDir": "cypress\\reports\\.jsons",
        "overwrite": false,
        "html": false,
        "json": true,
        "timestamp": true,
        "reportTitle": "Vultara Automation Test",
        "showPassed": true,
        "showFailed": true,
        "showPending": true,
        "showSkipped": false,
        "browser": "all",
        "quiet": true
      },
      "version": "5.2.0"
    }
  }
}