{
  "stats": {
    "suites": 2,
    "tests": 7,
    "passes": 7,
    "pending": 0,
    "failures": 0,
    "start": "2024-02-23T07:07:38.658Z",
    "end": "2024-02-23T07:11:55.289Z",
    "duration": 256631,
    "testsRegistered": 7,
    "passPercent": 100,
    "pendingPercent": 0,
    "other": 0,
    "hasOther": false,
    "skipped": 0,
    "hasSkipped": false
  },
  "results": [
    {
      "uuid": "9c6a0bb7-087f-4d17-a709-9faf40a5d4c8",
      "title": "",
      "fullFile": "cypress\\e2e\\Threat-Generation\\impact.cy.js",
      "file": "cypress\\e2e\\Threat-Generation\\impact.cy.js",
      "beforeHooks": [],
      "afterHooks": [],
      "tests": [],
      "suites": [
        {
          "uuid": "5c076556-f724-4c69-acee-0ca301263f17",
          "title": "Impact",
          "fullFile": "",
          "file": "",
          "beforeHooks": [],
          "afterHooks": [],
          "tests": [
            {
              "title": "Threat No in Impact Popup (MAIN-TC-1626, MAIN-TC-1627)",
              "fullTitle": "Impact Threat No in Impact Popup (MAIN-TC-1626, MAIN-TC-1627)",
              "timedOut": null,
              "duration": 124349,
              "state": "passed",
              "speed": "slow",
              "pass": true,
              "fail": false,
              "pending": false,
              "context": null,
              "code": "cy.visit(Cypress.env('baseURL') + '/threats').then(() => {\n  cy.get(threatListViewSelector.threatListViewImpactButton).eq(0).click();\n}).then(() => {\n  cy.get(impactPopupSelector.impactPopup).should('be.visible').then(() => {\n    cy.get(impactPopupSelector.impactPopupTitle).invoke('text').should('include', 'Impact for Threat #1');\n  });\n});",
              "err": {},
              "uuid": "1afe26e1-99ec-4af9-8b87-4706e153e915",
              "parentUUID": "5c076556-f724-4c69-acee-0ca301263f17",
              "isHook": false,
              "skipped": false
            },
            {
              "title": "Risk level and Impact rating in Impact Popup (MAIN-TC-1643)",
              "fullTitle": "Impact Risk level and Impact rating in Impact Popup (MAIN-TC-1643)",
              "timedOut": null,
              "duration": 12819,
              "state": "passed",
              "speed": "slow",
              "pass": true,
              "fail": false,
              "pending": false,
              "context": null,
              "code": "cy.visit(Cypress.env('baseURL') + '/threats').then(() => {\n  let riskValue;\n  let Rating;\n  cy.get(threatListViewSelector.threatListViewRiskButton).eq(0).invoke('text').then(text => {\n    riskValue = text.trim();\n    cy.get(threatListViewSelector.threatListViewImpactButton).eq(0).invoke('text').then(text => {\n      Rating = text.trim();\n      cy.get(threatListViewSelector.threatListViewImpactButton).eq(0).click();\n      cy.get(impactPopupSelector.impactPopupRatingAndLevelCard).eq(1).invoke('text').should('include', Rating);\n    });\n    cy.get(impactPopupSelector.impactPopupRatingAndLevelCard).eq(0).invoke('text').should('include', riskValue);\n  });\n});",
              "err": {},
              "uuid": "4d0fa6ec-4c4c-419c-a4dc-b30028660fb5",
              "parentUUID": "5c076556-f724-4c69-acee-0ca301263f17",
              "isHook": false,
              "skipped": false
            },
            {
              "title": "Color dot with Each Impact Category (MAIN-TC-1645)",
              "fullTitle": "Impact Color dot with Each Impact Category (MAIN-TC-1645)",
              "timedOut": null,
              "duration": 16261,
              "state": "passed",
              "speed": "slow",
              "pass": true,
              "fail": false,
              "pending": false,
              "context": null,
              "code": "cy.visit(Cypress.env('baseURL') + '/threats').then(() => {\n  cy.get(threatListViewSelector.threatListViewImpactButton).eq(0).click().then(() => {\n    for (let i = 0; i < 4; i++) {\n      cy.get(impactPopupSelector.impactPopupCategoryDropDown).eq(i).click();\n      cy.get(impactPopupSelector.impactPopupCategoryDropdownModerateOption).click();\n    }\n  }).then(() => {\n    for (let i = 0; i < 4; i++) {\n      cy.get(impactPopupSelector.impactPopupCategoryDropDownColor).eq(i).should('exist');\n    }\n  });\n});",
              "err": {},
              "uuid": "db99fb4e-d6c1-4aa0-95e9-57967d932c8e",
              "parentUUID": "5c076556-f724-4c69-acee-0ca301263f17",
              "isHook": false,
              "skipped": false
            },
            {
              "title": "Edit the Reviewed Threat(MAIN-TC-1681) ",
              "fullTitle": "Impact Edit the Reviewed Threat(MAIN-TC-1681) ",
              "timedOut": null,
              "duration": 24984,
              "state": "passed",
              "speed": "slow",
              "pass": true,
              "fail": false,
              "pending": false,
              "context": null,
              "code": "cy.visit(Cypress.env('baseURL') + '/threats');\ncy.get(threatListViewSelector.threatListViewReviewCheckBox).eq(0).click() //Marking threat as reviewed\n.then(() => {\n  cy.get(threatListViewSelector.threatListViewImpactButton).eq(0).click();\n}).then(() => {\n  cy.get(impactPopupSelector.impactPopupCategoryDropDown).eq(0).should('not.be.enabled');\n  cy.get(impactPopupSelector.impactPopupDamageScenarioTextArea).should('not.be.enabled');\n});\ncy.get(impactPopupSelector.impactPopupCancelButton).click().then(() => {\n  cy.wait(3000);\n  cy.get(threatListViewSelector.threatListViewReviewCheckBox).eq(0).click({\n    force: true\n  }); //Marking threat as unreviewed\n  cy.wait(3000);\n}).then(() => {\n  cy.get(threatListViewSelector.threatListViewReviewCheckBox).eq(0).click({\n    force: true\n  });\n  cy.wait(3000);\n}).then(() => {\n  cy.get(impactPopupSelector.impactPopupConfirmButton).click({\n    force: true\n  });\n  cy.wait(3000);\n});",
              "err": {},
              "uuid": "4fd31cba-bd42-4b02-a750-828ca2619bf3",
              "parentUUID": "5c076556-f724-4c69-acee-0ca301263f17",
              "isHook": false,
              "skipped": false
            },
            {
              "title": "Verify that when the user changes the treatment and opens Impact, then \"before & after treatment view\" should appear (MAIN-TC-1682, MAIN-TC-1683)",
              "fullTitle": "Impact Verify that when the user changes the treatment and opens Impact, then \"before & after treatment view\" should appear (MAIN-TC-1682, MAIN-TC-1683)",
              "timedOut": null,
              "duration": 13547,
              "state": "passed",
              "speed": "slow",
              "pass": true,
              "fail": false,
              "pending": false,
              "context": null,
              "code": "cy.visit(Cypress.env('baseURL') + '/threats').then(() => {\n  cy.get(threatListViewSelector.threatListViewThreatTreatmentSelect).eq(0).click().then(() => {\n    cy.get(threatListViewSelector.threatTreatmentReduceOption).click();\n  }).then(() => {\n    cy.get(threatListViewSelector.threatListViewImpactButton).eq(0).click({\n      force: true\n    }).then(() => {\n      cy.get(impactPopupSelector.impactPopupBeforeParagraph).should('be.visible');\n      cy.get(impactPopupSelector.impactPopupAfterParagraph).should('be.visible');\n      cy.get(impactPopupSelector.impactPopupBeforeAfterCategoryForm).should('have.length', 2); //both before & after forms\n    });\n  });\n});",
              "err": {},
              "uuid": "eefc4f2a-60d5-43a0-bbd5-fdac5e72270e",
              "parentUUID": "5c076556-f724-4c69-acee-0ca301263f17",
              "isHook": false,
              "skipped": false
            },
            {
              "title": "Verify impact rating and risk level is updated according to the view(MAIN-TC-1684)",
              "fullTitle": "Impact Verify impact rating and risk level is updated according to the view(MAIN-TC-1684)",
              "timedOut": null,
              "duration": 18999,
              "state": "passed",
              "speed": "slow",
              "pass": true,
              "fail": false,
              "pending": false,
              "context": null,
              "code": "cy.visit(Cypress.env('baseURL') + '/threats').then(() => {\n  cy.get(threatListViewSelector.threatListViewThreatTreatmentSelect).eq(0).click();\n});\ncy.get(threatListViewSelector.threatTreatmentRetainOption).click({\n  force: true\n}).then(() => {\n  cy.get(threatListViewSelector.threatListViewImpactButton).eq(0).click();\n}).then(() => {\n  for (let i = 4; i < 8; i++) {\n    cy.get(impactPopupSelector.impactPopupCategoryDropDown).eq(i).click();\n    cy.get(impactPopupSelector.impactPopupCategoryDropdownNegligibleOption).click();\n  }\n}).then(() => {\n  cy.get(impactPopupSelector.impactPopupRatingAndLevelCard).eq(-1).invoke('text').should('include', 'Negligible');\n}).then(() => {\n  for (let i = 4; i < 8; i++) {\n    cy.get(impactPopupSelector.impactPopupCategoryDropDown).eq(i).click();\n    cy.get(impactPopupSelector.impactPopupCategoryDropdownModerateOption).click();\n  }\n}).then(() => {\n  cy.get(impactPopupSelector.impactPopupRatingAndLevelCard).eq(-1).invoke('text').should('include', 'Moderate');\n});",
              "err": {},
              "uuid": "206377a2-6035-41dc-b8ed-314580b5ac58",
              "parentUUID": "5c076556-f724-4c69-acee-0ca301263f17",
              "isHook": false,
              "skipped": false
            }
          ],
          "suites": [],
          "passes": [
            "1afe26e1-99ec-4af9-8b87-4706e153e915",
            "4d0fa6ec-4c4c-419c-a4dc-b30028660fb5",
            "db99fb4e-d6c1-4aa0-95e9-57967d932c8e",
            "4fd31cba-bd42-4b02-a750-828ca2619bf3",
            "eefc4f2a-60d5-43a0-bbd5-fdac5e72270e",
            "206377a2-6035-41dc-b8ed-314580b5ac58"
          ],
          "failures": [],
          "pending": [],
          "skipped": [],
          "duration": 210959,
          "root": false,
          "rootEmpty": false,
          "_timeout": 2000
        },
        {
          "uuid": "e425d430-31bb-4347-b8a7-625eb0bbc2ec",
          "title": "CLEANUP: Project Deletion",
          "fullFile": "",
          "file": "",
          "beforeHooks": [],
          "afterHooks": [],
          "tests": [
            {
              "title": "Deleting The Project If Created",
              "fullTitle": "CLEANUP: Project Deletion Deleting The Project If Created",
              "timedOut": null,
              "duration": 34629,
              "state": "passed",
              "speed": "slow",
              "pass": true,
              "fail": false,
              "pending": false,
              "context": null,
              "code": "cy.viewport(1920, 1080);\ncy.login().then(() => {\n  cy.visit(Cypress.env('baseURL') + '/dashboard').then(() => {\n    cy.wait(1000);\n    cy.get(navBarSelector.navBarProjectButton).should('be.visible').then(() => {\n      cy.get(navBarSelector.navBarProjectButton).click();\n    }).then(() => {\n      cy.get(navBarSelector.projectListDeleteProjectButton).click();\n    }).then(() => {\n      cy.wait(1000);\n      cy.contains(projectName).then($element => {\n        if ($element.length) {\n          //project exists\n          cy.deleteProject(projectName);\n        }\n      });\n    });\n  });\n});",
              "err": {},
              "uuid": "274aab91-33db-4aa2-91fd-2cde222ed014",
              "parentUUID": "e425d430-31bb-4347-b8a7-625eb0bbc2ec",
              "isHook": false,
              "skipped": false
            }
          ],
          "suites": [],
          "passes": [
            "274aab91-33db-4aa2-91fd-2cde222ed014"
          ],
          "failures": [],
          "pending": [],
          "skipped": [],
          "duration": 34629,
          "root": false,
          "rootEmpty": false,
          "_timeout": 2000
        }
      ],
      "passes": [],
      "failures": [],
      "pending": [],
      "skipped": [],
      "duration": 0,
      "root": true,
      "rootEmpty": true,
      "_timeout": 2000
    }
  ],
  "meta": {
    "mocha": {
      "version": "7.0.1"
    },
    "mochawesome": {
      "options": {
        "quiet": true,
        "reportFilename": "mochawesome",
        "saveHtml": false,
        "saveJson": true,
        "consoleReporter": "spec",
        "useInlineDiffs": false,
        "code": true
      },
      "version": "6.3.1"
    },
    "marge": {
      "options": {
        "reportDir": "cypress\\reports\\.jsons",
        "overwrite": false,
        "html": false,
        "json": true,
        "timestamp": true,
        "reportTitle": "Vultara Automation Test",
        "showPassed": true,
        "showFailed": true,
        "showPending": true,
        "showSkipped": false,
        "browser": "all",
        "quiet": true
      },
      "version": "5.2.0"
    }
  }
}