{
  "stats": {
    "suites": 1,
    "tests": 6,
    "passes": 6,
    "pending": 0,
    "failures": 0,
    "start": "2024-01-31T09:48:36.333Z",
    "end": "2024-01-31T09:55:03.930Z",
    "duration": 387597,
    "testsRegistered": 6,
    "passPercent": 100,
    "pendingPercent": 0,
    "other": 0,
    "hasOther": false,
    "skipped": 0,
    "hasSkipped": false
  },
  "results": [
    {
      "uuid": "07b48410-f0cd-42d0-b626-2e55d522fae1",
      "title": "",
      "fullFile": "cypress\\e2e\\modeling-view\\modeling-view.cy.js",
      "file": "cypress\\e2e\\modeling-view\\modeling-view.cy.js",
      "beforeHooks": [],
      "afterHooks": [],
      "tests": [],
      "suites": [
        {
          "uuid": "913b939b-6733-4b17-b8e8-5f97a9aabc0c",
          "title": "Modeling Automation",
          "fullFile": "",
          "file": "",
          "beforeHooks": [],
          "afterHooks": [],
          "tests": [
            {
              "title": "Creating a New Model (MAIN-TC-827, MAIN-TC-1915, MAIN-TC-1564, MAIN-TC-72)",
              "fullTitle": "Modeling Automation Creating a New Model (MAIN-TC-827, MAIN-TC-1915, MAIN-TC-1564, MAIN-TC-72)",
              "timedOut": null,
              "duration": 269186,
              "state": "passed",
              "speed": "slow",
              "pass": true,
              "fail": false,
              "pending": false,
              "context": null,
              "code": "// Visit another page if needed.\ncy.visit(Cypress.env(\"baseURL\") + \"/modeling\").then(() => {\n  cy.url().should('include', '/modeling');\n}).then(() => {\n  //Test Case to verify DFD-Process is visible\n  cy.get(modelingViewSelector.componentLibraryDfdProcess, {\n    timeout: 10000\n  }).should('have.text', 'DFD-Process');\n});\n//Working on Drag and Drop  \nconst dataTransfer = new DataTransfer();\n// Test case to check if the module is empty\ncy.get(modelingViewSelector.componentLibraryModule, {\n  timeout: 10000\n}).trigger('dragstart', {\n  dataTransfer,\n  force: true\n}).then(() => {\n  cy.get(modelingViewSelector.modelingViewCanvas, {\n    timeout: 10000\n  }).trigger('drop', {\n    dataTransfer,\n    force: true,\n    clientX: 250,\n    clientY: 250\n  });\n}).then(() => {\n  cy.get(modelingViewSelector.drawingCanvasModuleText).should('exist');\n}).then(() => {\n  cy.get(modelingViewSelector.drawingCanvasModule).rightclick().then(() => {\n    cy.get(modelingViewSelector.componentSpecFeatureSettingsModuleSelect).should('have.value', '');\n  });\n});\nconst numMicrocontrollers = 52;\nconst controllersPerRow = 10;\nconst distanceBetweenWireAndController = 100;\nconst startX = 250; // Starting x-coordinate\nconst startY = 120; // Starting y-coordinate\nconst rowGap = 400; // Gap between rows\nfor (let i = 0; i < numMicrocontrollers; i++) {\n  const row = Math.floor(i / controllersPerRow);\n  const col = i % controllersPerRow;\n  const x = startX + col * distanceBetweenWireAndController;\n  const y = startY + row * rowGap;\n  cy.get(modelingViewSelector.componentLibraryMicrocontroller).trigger('dragstart', {\n    dataTransfer,\n    force: true\n  }).then(() => {\n    cy.get(modelingViewSelector.modelingViewCanvas).trigger('drop', {\n      dataTransfer,\n      force: true,\n      clientX: x,\n      clientY: y\n    });\n  });\n  // If there are more controllers than wires, add a wire\n  if (i < 42) {\n    const wireX = x + distanceBetweenWireAndController / 2;\n    const wireY = y + distanceBetweenWireAndController / 2 + 30;\n    cy.get(modelingViewSelector.componentLibraryCommunicationLine).trigger('dragstart', {\n      dataTransfer,\n      force: true\n    }).then(() => {\n      cy.get(modelingViewSelector.modelingViewCanvas).trigger('drop', {\n        dataTransfer,\n        force: true,\n        clientX: wireX,\n        clientY: wireY\n      });\n    });\n  }\n}\ncy.then(() => {\n  cy.get(modelingViewSelector.modelingViewSaveIcon, {\n    timeout: 10000\n  }).click().then(() => {\n    cy.get(modelingViewSelector.modelingViewSnackBar, {\n      timeout: 10000\n    }).should('contain', 'successfully saved');\n  });\n});",
              "err": {},
              "uuid": "58ce3f33-ceea-4278-b9c2-f3b7bdbb8044",
              "parentUUID": "913b939b-6733-4b17-b8e8-5f97a9aabc0c",
              "isHook": false,
              "skipped": false
            },
            {
              "title": "Modeling Test Cases (MAIN-TC-1115, MAIN-TC-793)",
              "fullTitle": "Modeling Automation Modeling Test Cases (MAIN-TC-1115, MAIN-TC-793)",
              "timedOut": null,
              "duration": 22512,
              "state": "passed",
              "speed": "slow",
              "pass": true,
              "fail": false,
              "pending": false,
              "context": null,
              "code": "// Visit another page if needed.\ncy.visit(Cypress.env(\"baseURL\") + \"/modeling\");\ncy.url().should('contain', '/modeling').then(() => {\n  cy.wait(500);\n  cy.get(modelingViewSelector.drawingCanvasCommunicationLine, {\n    timeout: 10000\n  }).eq(0).rightclick({\n    force: true\n  });\n  cy.wait(1000);\n  cy.get(modelingViewSelector.communicationLineSpecNameInput, {\n    timeout: 10000\n  }).clear().type(\"Communication Line 1\");\n  cy.get(modelingViewSelector.communicationLineSpecTransmissionSelect, {\n    timeout: 10000\n  }).click();\n  cy.get(modelingViewSelector.transmissionMediaShortRangeWirelessOption, {\n    timeout: 10000\n  }).click();\n  cy.wait(1000);\n  cy.get(modelingViewSelector.communicationLineSpecBaseProtocolSelect, {\n    timeout: 10000\n  }).click();\n  cy.get(modelingViewSelector.baseProtocolBluetoothLeOption, {\n    timeout: 10000\n  }).click();\n  cy.wait(1000);\n  cy.get(modelingViewSelector.communicationLineSpecTransmissionSelect, {\n    timeout: 10000\n  }).click();\n  cy.get(modelingViewSelector.transmissionMediaPhysicalWireOption, {\n    timeout: 10000\n  }).click();\n});\ncy.wait(500);\ncy.get(modelingViewSelector.communicationLineSpecBaseProtocolSelect, {\n  timeout: 10000\n}).should('have.value', '').then(() => {\n  cy.get(modelingViewSelector.drawingCanvasCommunicationLine, {\n    timeout: 10000\n  }).eq(0).rightclick({\n    force: true\n  });\n});\ncy.wait(500);\ncy.get(modelingViewSelector.drawingCanvasCommunicationLine, {\n  timeout: 10000\n}).eq(0).rightclick({\n  force: true\n}).then(() => {\n  cy.get(modelingViewSelector.componentSpecRemoveLineButton, {\n    timeout: 10000\n  }).click();\n  cy.wait(500);\n  cy.get(navBarSelector.confirmDialogueParagraph, {\n    timeout: 10000\n  }).invoke('text').should('contain', 'Communication Line 1');\n}).then(() => {\n  cy.get(navBarSelector.confirmDialogueCancelButton, {\n    timeout: 10000\n  }).click();\n});",
              "err": {},
              "uuid": "83ff707a-6255-45c3-b6c4-8e00e715fccd",
              "parentUUID": "913b939b-6733-4b17-b8e8-5f97a9aabc0c",
              "isHook": false,
              "skipped": false
            },
            {
              "title": "Modeling-View Cases: Save Button on the Canvas, Modeling view button opens modeling view page (MAIN-TC-2047, MAIN-TC-148)",
              "fullTitle": "Modeling Automation Modeling-View Cases: Save Button on the Canvas, Modeling view button opens modeling view page (MAIN-TC-2047, MAIN-TC-148)",
              "timedOut": null,
              "duration": 16150,
              "state": "passed",
              "speed": "slow",
              "pass": true,
              "fail": false,
              "pending": false,
              "context": null,
              "code": "// Visit another page if needed.\ncy.visit(Cypress.env(\"baseURL\") + \"/modeling\").then(() => {\n  cy.get(modelingViewSelector.drawingCanvasMicrocontroller).eq(51).rightclick().then(() => {\n    cy.get(modelingViewSelector.modelingViewSaveIcon).should('exist');\n  });\n}).then(() => {\n  cy.get(modelingViewSelector.drawingCanvasMicrocontroller).eq(51).rightclick();\n}).then(() => {\n  cy.visit(Cypress.env(\"baseURL\"));\n}).then(() => {\n  cy.get(navBarSelector.navBarModelingViewIcon, {\n    timeout: 10000\n  }).click();\n}).then(() => {\n  cy.url().should('contain', '/modeling');\n});",
              "err": {},
              "uuid": "7b3691cd-20f0-4900-9b52-cf35b6fe280f",
              "parentUUID": "913b939b-6733-4b17-b8e8-5f97a9aabc0c",
              "isHook": false,
              "skipped": false
            },
            {
              "title": "Verifying the Drop-down Menus of Navigation bar Project, Edit, View, Export, Setting(MAIN-TC-142, MAIN-TC-143,MAIN-TC-144, MAIN-TC-145, MAIN-TC-146 )",
              "fullTitle": "Modeling Automation Verifying the Drop-down Menus of Navigation bar Project, Edit, View, Export, Setting(MAIN-TC-142, MAIN-TC-143,MAIN-TC-144, MAIN-TC-145, MAIN-TC-146 )",
              "timedOut": null,
              "duration": 26424,
              "state": "passed",
              "speed": "slow",
              "pass": true,
              "fail": false,
              "pending": false,
              "context": null,
              "code": "// Visit another page if needed.\ncy.visit(Cypress.env(\"baseURL\") + \"/modeling\").wait(2000).then(() => {\n  cy.get(navBarSelector.navBarEditButton).click();\n  cy.get(navBarSelector.editListNewDesignButton, {\n    timeout: 10000\n  }).should('include.text', 'New Design'); //Verifying the Edit Drop down\n}).wait(500).then(() => {\n  cy.visit(Cypress.env(\"baseURL\") + \"/modeling\");\n  cy.get(navBarSelector.navBarExportButton).click();\n  cy.get(navBarSelector.exportListGenerateReportButton, {\n    timeout: 10000\n  }).should('include.text', 'Generate Report'); //Verifying the Export Drop down\n}).then(() => {\n  cy.visit(Cypress.env(\"baseURL\") + \"/modeling\");\n  cy.get(navBarSelector.navBarProjectButton).click();\n  cy.get(navBarSelector.projectListNewProjectButton, {\n    timeout: 10000\n  }).should('include.text', 'New Project'); //Verifying the Project Drop down\n}).then(() => {\n  cy.visit(Cypress.env(\"baseURL\") + \"/modeling\");\n  cy.get(navBarSelector.navBarSettingsButton).click();\n  cy.get(navBarSelector.settingsListAdminButton, {\n    timeout: 10000\n  }).should('include.text', 'Admin'); //Verifying the Settings Drop down\n}).then(() => {\n  cy.visit(Cypress.env(\"baseURL\") + \"/modeling\");\n  cy.get(navBarSelector.navBarViewButton).click();\n  cy.get(navBarSelector.viewListAssumptionButton, {\n    timeout: 10000\n  }).should('include.text', 'Assumption'); //Verifying the View Drop down\n});",
              "err": {},
              "uuid": "d559ff87-e622-484d-b373-54d66e69431d",
              "parentUUID": "913b939b-6733-4b17-b8e8-5f97a9aabc0c",
              "isHook": false,
              "skipped": false
            },
            {
              "title": "Verifying the Navigation Bar Buttons and Shortcuts (MAIN-TC-154, MAIN-TC-1326, MAIN-TC-153, MAIN-TC-149, MAIN-TC-150)",
              "fullTitle": "Modeling Automation Verifying the Navigation Bar Buttons and Shortcuts (MAIN-TC-154, MAIN-TC-1326, MAIN-TC-153, MAIN-TC-149, MAIN-TC-150)",
              "timedOut": null,
              "duration": 25076,
              "state": "passed",
              "speed": "slow",
              "pass": true,
              "fail": false,
              "pending": false,
              "context": null,
              "code": "// Visit another page if needed.\ncy.visit(Cypress.env(\"baseURL\") + \"/modeling\").then(() => {\n  cy.get(navBarSelector.navBarProfileIcon).click({\n    force: true\n  }).get(navBarSelector.profileListUserProfileHeader, {\n    timeout: 10000\n  }).should('include.text', 'User Profile'); //Verifying the User Profile Drop down\n});\ncy.visit(Cypress.env(\"baseURL\")).then(() => {\n  cy.get(navBarSelector.navBarProfileIcon).click().get(navBarSelector.profileListChangePasswordHeader).click() //Change Password \n  .get(navBarSelector.changePasswordForm, {\n    timeout: 10000\n  }).should('exist');\n});\ncy.visit(Cypress.env(\"baseURL\")).then(() => {\n  cy.get(navBarSelector.navBarNotificationIcon).click().get(navBarSelector.notificationMenu, {\n    timeout: 10000\n  }).should('exist'); //Notification Test \n});\ncy.visit(Cypress.env(\"baseURL\")).then(() => {\n  cy.get(navBarSelector.navBarThreatListViewIcon).click({\n    force: true\n  }).wait(2000).url().should('include', '/threats', {\n    timeout: 10000\n  }); //Threat List\n});\ncy.visit(Cypress.env(\"baseURL\")).then(() => {\n  cy.get(navBarSelector.navBarVulnerabilityListViewIcon).click({\n    force: true\n  }).wait(2000).url().should('include', '/vulnerabilities', {\n    timeout: 10000\n  }); //Culnerability List\n});",
              "err": {},
              "uuid": "5e75697b-db19-469c-9500-8b17b1538078",
              "parentUUID": "913b939b-6733-4b17-b8e8-5f97a9aabc0c",
              "isHook": false,
              "skipped": false
            },
            {
              "title": "Deleting the Created Project (MAIN-TC-847)",
              "fullTitle": "Modeling Automation Deleting the Created Project (MAIN-TC-847)",
              "timedOut": null,
              "duration": 17636,
              "state": "passed",
              "speed": "slow",
              "pass": true,
              "fail": false,
              "pending": false,
              "context": null,
              "code": "cy.deleteProject(projectName);",
              "err": {},
              "uuid": "d43a10e4-9c39-444b-9267-d19dc5f8958f",
              "parentUUID": "913b939b-6733-4b17-b8e8-5f97a9aabc0c",
              "isHook": false,
              "skipped": false
            }
          ],
          "suites": [],
          "passes": [
            "58ce3f33-ceea-4278-b9c2-f3b7bdbb8044",
            "83ff707a-6255-45c3-b6c4-8e00e715fccd",
            "7b3691cd-20f0-4900-9b52-cf35b6fe280f",
            "d559ff87-e622-484d-b373-54d66e69431d",
            "5e75697b-db19-469c-9500-8b17b1538078",
            "d43a10e4-9c39-444b-9267-d19dc5f8958f"
          ],
          "failures": [],
          "pending": [],
          "skipped": [],
          "duration": 376984,
          "root": false,
          "rootEmpty": false,
          "_timeout": 2000
        }
      ],
      "passes": [],
      "failures": [],
      "pending": [],
      "skipped": [],
      "duration": 0,
      "root": true,
      "rootEmpty": true,
      "_timeout": 2000
    }
  ],
  "meta": {
    "mocha": {
      "version": "7.0.1"
    },
    "mochawesome": {
      "options": {
        "quiet": true,
        "reportFilename": "mochawesome",
        "saveHtml": false,
        "saveJson": true,
        "consoleReporter": "spec",
        "useInlineDiffs": false,
        "code": true
      },
      "version": "6.3.1"
    },
    "marge": {
      "options": {
        "reportDir": "cypress\\reports\\.jsons",
        "overwrite": false,
        "html": false,
        "json": true,
        "timestamp": true,
        "reportTitle": "Vultara Automation Test",
        "showPassed": true,
        "showFailed": true,
        "showPending": true,
        "showSkipped": false,
        "browser": "all",
        "quiet": true
      },
      "version": "5.2.0"
    }
  }
}