{
  "stats": {
    "suites": 1,
    "tests": 8,
    "passes": 8,
    "pending": 0,
    "failures": 0,
    "start": "2024-02-12T09:22:14.757Z",
    "end": "2024-02-12T09:26:03.124Z",
    "duration": 228367,
    "testsRegistered": 8,
    "passPercent": 100,
    "pendingPercent": 0,
    "other": 0,
    "hasOther": false,
    "skipped": 0,
    "hasSkipped": false
  },
  "results": [
    {
      "uuid": "e229e40d-fa22-49b9-8c06-b7be59cf37e3",
      "title": "",
      "fullFile": "cypress\\e2e\\Threat-Generation\\impact.cy.js",
      "file": "cypress\\e2e\\Threat-Generation\\impact.cy.js",
      "beforeHooks": [],
      "afterHooks": [],
      "tests": [],
      "suites": [
        {
          "uuid": "f48b9a6b-ea6f-40fc-927b-d32a6563bdd3",
          "title": "Impact",
          "fullFile": "",
          "file": "",
          "beforeHooks": [],
          "afterHooks": [],
          "tests": [
            {
              "title": "Create Model and Generate Threat",
              "fullTitle": "Impact Create Model and Generate Threat",
              "timedOut": null,
              "duration": 80593,
              "state": "passed",
              "speed": "slow",
              "pass": true,
              "fail": false,
              "pending": false,
              "context": null,
              "code": "cy.createModel().then(() => {\n  cy.visit(Cypress.env('baseURL') + '/threats');\n});",
              "err": {},
              "uuid": "b6cd6a79-445f-417c-bc16-0d2e37b15f30",
              "parentUUID": "f48b9a6b-ea6f-40fc-927b-d32a6563bdd3",
              "isHook": false,
              "skipped": false
            },
            {
              "title": "Threat No in Impact Popup (MAIN-TC-1626, MAIN-TC-1627)",
              "fullTitle": "Impact Threat No in Impact Popup (MAIN-TC-1626, MAIN-TC-1627)",
              "timedOut": null,
              "duration": 16036,
              "state": "passed",
              "speed": "slow",
              "pass": true,
              "fail": false,
              "pending": false,
              "context": null,
              "code": "cy.visit(Cypress.env('baseURL') + '/threats').then(() => {\n  cy.get(threatListViewSelector.threatListViewImpactButton).eq(0).click();\n}).then(() => {\n  cy.get(impactPopupSelector.impactPopup).should('exist');\n  cy.get(impactPopupSelector.impactPopupTitle).invoke('text').should('include', 'Impact for Threat #1');\n});",
              "err": {},
              "uuid": "f6407fcf-7992-4e18-b3e8-86b10df9f927",
              "parentUUID": "f48b9a6b-ea6f-40fc-927b-d32a6563bdd3",
              "isHook": false,
              "skipped": false
            },
            {
              "title": "Risk level and Impact rating in Impact Popup (MAIN-TC-1643)",
              "fullTitle": "Impact Risk level and Impact rating in Impact Popup (MAIN-TC-1643)",
              "timedOut": null,
              "duration": 11526,
              "state": "passed",
              "speed": "slow",
              "pass": true,
              "fail": false,
              "pending": false,
              "context": null,
              "code": "cy.visit(Cypress.env('baseURL') + '/threats');\nlet riskValue;\nlet Rating;\ncy.get(threatListViewSelector.threatListViewRiskButton).eq(0).invoke('text').then(text => {\n  riskValue = text.trim();\n  cy.get(threatListViewSelector.threatListViewImpactButton).eq(0).invoke('text').then(text => {\n    Rating = text.trim();\n    cy.get(threatListViewSelector.threatListViewImpactButton).eq(0).click();\n    cy.get(impactPopupSelector.impactPopupRatingTitle).eq(1).invoke('text').should('include', Rating);\n  });\n  cy.get(impactPopupSelector.impactPopupRiskLevelTitle).eq(0).invoke('text').should('include', riskValue);\n});",
              "err": {},
              "uuid": "c6cc9cb5-6623-4e47-90c1-2e6bf73f139c",
              "parentUUID": "f48b9a6b-ea6f-40fc-927b-d32a6563bdd3",
              "isHook": false,
              "skipped": false
            },
            {
              "title": "Color dot with Each Impact Category (MAIN-TC-1645)",
              "fullTitle": "Impact Color dot with Each Impact Category (MAIN-TC-1645)",
              "timedOut": null,
              "duration": 22457,
              "state": "passed",
              "speed": "slow",
              "pass": true,
              "fail": false,
              "pending": false,
              "context": null,
              "code": "cy.visit(Cypress.env('baseURL') + '/threats');\ncy.get(threatListViewSelector.threatListViewImpactButton).eq(0).click().then(() => {\n  for (let i = 0; i < 4; i++) {\n    cy.get(impactPopupSelector.impactPopupCategoryDropDown).eq(i).click();\n    cy.get(impactPopupSelector.impactPopupCategoryDropdownModerateOption).click();\n  }\n}).then(() => {\n  for (let i = 0; i < 4; i++) {\n    cy.get(impactPopupSelector.impactPopupCategoryDropDownColor).eq(i).should('exist');\n  }\n});",
              "err": {},
              "uuid": "f48cd4a9-8da7-4ad1-adfb-3c5c048d19d2",
              "parentUUID": "f48b9a6b-ea6f-40fc-927b-d32a6563bdd3",
              "isHook": false,
              "skipped": false
            },
            {
              "title": "Edit the Reviewed Threat(MAIN-TC-1681) ",
              "fullTitle": "Impact Edit the Reviewed Threat(MAIN-TC-1681) ",
              "timedOut": null,
              "duration": 19458,
              "state": "passed",
              "speed": "slow",
              "pass": true,
              "fail": false,
              "pending": false,
              "context": null,
              "code": "cy.visit(Cypress.env('baseURL') + '/threats');\ncy.get(threatListViewSelector.threatListViewReviewCheckBox).eq(0).click() //Marking threat as reviewed\n.then(() => {\n  cy.get(threatListViewSelector.threatListViewImpactButton).eq(0).click();\n}).then(() => {\n  cy.get(impactPopupSelector.impactPopupCategoryDropDown).eq(0).should('not.be.enabled');\n  cy.get(impactPopupSelector.impactPopuDamageScenarioTextArea).should('not.be.enabled');\n});\ncy.get(impactPopupSelector.impactPopupCancelButton).click().then(() => {\n  cy.get(threatListViewSelector.threatListViewReviewCheckBox).eq(0).click({\n    force: true\n  }); //Marking threat as unreviewed\n  cy.wait(1000);\n}).then(() => {\n  cy.get(threatListViewSelector.threatListViewReviewCheckBox).eq(0).click({\n    force: true\n  });\n  cy.wait(3000);\n}).then(() => {\n  cy.get(impactPopupSelector.impactPopupConfirmButton).click({\n    force: true\n  });\n  cy.wait(1000);\n});",
              "err": {},
              "uuid": "cdce3d85-5371-4230-95d8-b96856472a53",
              "parentUUID": "f48b9a6b-ea6f-40fc-927b-d32a6563bdd3",
              "isHook": false,
              "skipped": false
            },
            {
              "title": "Impact having Some treatment Value (MAIN-TC-1682, MAIN-TC-1683)",
              "fullTitle": "Impact Impact having Some treatment Value (MAIN-TC-1682, MAIN-TC-1683)",
              "timedOut": null,
              "duration": 13719,
              "state": "passed",
              "speed": "slow",
              "pass": true,
              "fail": false,
              "pending": false,
              "context": null,
              "code": "cy.visit(Cypress.env('baseURL') + '/threats').then(() => {\n  cy.get(threatListViewSelector.threatListViewThreatTreatmentSelect).eq(0).click();\n  cy.get(threatListViewSelector.threatTreatmentReduceOption).click();\n  cy.get(threatListViewSelector.threatListViewImpactButton).eq(0).click({\n    force: true\n  }).then(() => {\n    cy.get(impactPopupSelector.impactPopupBeforeAfterToggleButton).should('exist');\n  });\n  cy.get(impactPopupSelector.impactPopupCategoryHeading).invoke('text').should('include', 'After');\n  cy.get(impactPopupSelector.impactPopupBeforeAfterToggleButton).click().then(() => {\n    cy.get(impactPopupSelector.impactPopupCategoryHeading).invoke('text').should('include', 'Before');\n  }).then(() => {\n    cy.get(impactPopupSelector.impactPopupCloseButton).click();\n  });\n});",
              "err": {},
              "uuid": "694cbaf4-a655-4ee0-8cdf-9bb0e4f46092",
              "parentUUID": "f48b9a6b-ea6f-40fc-927b-d32a6563bdd3",
              "isHook": false,
              "skipped": false
            },
            {
              "title": "Comparing Before and After Value (MAIN-TC-1684)",
              "fullTitle": "Impact Comparing Before and After Value (MAIN-TC-1684)",
              "timedOut": null,
              "duration": 28132,
              "state": "passed",
              "speed": "slow",
              "pass": true,
              "fail": false,
              "pending": false,
              "context": null,
              "code": "cy.visit(Cypress.env('baseURL') + '/threats').then(() => {\n  cy.get(threatListViewSelector.threatListViewThreatTreatmentSelect).eq(0).click();\n});\ncy.get(threatListViewSelector.threatTreatmentRetaintOption).click({\n  force: true\n}).then(() => {\n  cy.get(threatListViewSelector.threatListViewImpactButton).eq(0).click();\n}).then(() => {\n  for (let i = 0; i < 4; i++) {\n    cy.get(impactPopupSelector.impactPopupCategoryDropDown).eq(i).click();\n    cy.get(impactPopupSelector.impactPopupCategoryDropdownNegligibleOption).click();\n  }\n});\ncy.get(impactPopupSelector.impactPopupRiskLevelTitle).eq(0).invoke('text').should('include', '5');\ncy.get(impactPopupSelector.impactPopupRatingTitle).eq(1).invoke('text').should('include', 'Negligible');\ncy.get(impactPopupSelector.impactPopupBeforeAfterToggleButton).click().then(() => {\n  for (let i = 0; i < 4; i++) {\n    cy.get(impactPopupSelector.impactPopupCategoryDropDown).eq(i).click();\n    cy.get(impactPopupSelector.impactPopupCategoryDropdownModerateOption).click();\n  }\n});\ncy.get(impactPopupSelector.impactPopupRiskLevelTitle).eq(0).invoke('text').should('include', '5');\ncy.get(impactPopupSelector.impactPopupRatingTitle).eq(1).invoke('text').should('include', 'Moderate');\ncy.get(impactPopupSelector.impactPopupRiskLevelTitle).eq(0).invoke('text').should('contain', 'Risk Level: 4→ 5');\ncy.get(impactPopupSelector.impactPopupRatingTitle).eq(1).invoke('text').should('contain', 'Impact Rating: Moderate → Negligible');",
              "err": {},
              "uuid": "7cb6dc11-25a8-401a-9d17-351563c111e9",
              "parentUUID": "f48b9a6b-ea6f-40fc-927b-d32a6563bdd3",
              "isHook": false,
              "skipped": false
            },
            {
              "title": "Delete Project",
              "fullTitle": "Impact Delete Project",
              "timedOut": null,
              "duration": 26396,
              "state": "passed",
              "speed": "slow",
              "pass": true,
              "fail": false,
              "pending": false,
              "context": null,
              "code": "cy.deleteProject(projectName);",
              "err": {},
              "uuid": "3509da82-d1f7-49d8-8de6-1bdd375a0606",
              "parentUUID": "f48b9a6b-ea6f-40fc-927b-d32a6563bdd3",
              "isHook": false,
              "skipped": false
            }
          ],
          "suites": [],
          "passes": [
            "b6cd6a79-445f-417c-bc16-0d2e37b15f30",
            "f6407fcf-7992-4e18-b3e8-86b10df9f927",
            "c6cc9cb5-6623-4e47-90c1-2e6bf73f139c",
            "f48cd4a9-8da7-4ad1-adfb-3c5c048d19d2",
            "cdce3d85-5371-4230-95d8-b96856472a53",
            "694cbaf4-a655-4ee0-8cdf-9bb0e4f46092",
            "7cb6dc11-25a8-401a-9d17-351563c111e9",
            "3509da82-d1f7-49d8-8de6-1bdd375a0606"
          ],
          "failures": [],
          "pending": [],
          "skipped": [],
          "duration": 218317,
          "root": false,
          "rootEmpty": false,
          "_timeout": 2000
        }
      ],
      "passes": [],
      "failures": [],
      "pending": [],
      "skipped": [],
      "duration": 0,
      "root": true,
      "rootEmpty": true,
      "_timeout": 2000
    }
  ],
  "meta": {
    "mocha": {
      "version": "7.0.1"
    },
    "mochawesome": {
      "options": {
        "quiet": true,
        "reportFilename": "mochawesome",
        "saveHtml": false,
        "saveJson": true,
        "consoleReporter": "spec",
        "useInlineDiffs": false,
        "code": true
      },
      "version": "6.3.1"
    },
    "marge": {
      "options": {
        "reportDir": "cypress\\reports\\.jsons",
        "overwrite": false,
        "html": false,
        "json": true,
        "timestamp": true,
        "reportTitle": "Vultara Automation Test",
        "showPassed": true,
        "showFailed": true,
        "showPending": true,
        "showSkipped": false,
        "browser": "all",
        "quiet": true
      },
      "version": "5.2.0"
    }
  }
}