{
  "stats": {
    "suites": 1,
    "tests": 6,
    "passes": 6,
    "pending": 0,
    "failures": 0,
    "start": "2024-02-01T02:26:04.066Z",
    "end": "2024-02-01T02:31:59.735Z",
    "duration": 355669,
    "testsRegistered": 6,
    "passPercent": 100,
    "pendingPercent": 0,
    "other": 0,
    "hasOther": false,
    "skipped": 0,
    "hasSkipped": false
  },
  "results": [
    {
      "uuid": "cb50d44c-7972-45d0-a335-39b536e79819",
      "title": "",
      "fullFile": "cypress\\e2e\\cybersecurity-pool\\goal-pool.cy.js",
      "file": "cypress\\e2e\\cybersecurity-pool\\goal-pool.cy.js",
      "beforeHooks": [],
      "afterHooks": [],
      "tests": [],
      "suites": [
        {
          "uuid": "ee44de46-6382-42ca-a1a4-cacd1f8f9dfe",
          "title": "Cybersecurity Control Pool",
          "fullFile": "",
          "file": "",
          "beforeHooks": [],
          "afterHooks": [],
          "tests": [
            {
              "title": "Add Goal Button, No Goal message (MAIN-TC-767, MAIN-TC-632)",
              "fullTitle": "Cybersecurity Control Pool Add Goal Button, No Goal message (MAIN-TC-767, MAIN-TC-632)",
              "timedOut": null,
              "duration": 92616,
              "state": "passed",
              "speed": "slow",
              "pass": true,
              "fail": false,
              "pending": false,
              "context": null,
              "code": "cy.visit(Cypress.env('baseURL') + '/cybersecurity-goal').then(() => {\n  cy.get(cybersecurityGoalSelector.goalAddNewGoalButton, {\n    timeout: 10000\n  }).should('exist');\n});\ncy.get(cybersecurityGoalSelector.goalNoGoalFoundParagraph, {\n  timeout: 10000\n}).should('exist').then(() => {\n  cy.get(cybersecurityGoalSelector.goalNoGoalFoundParagraph, {\n    timeout: 10000\n  }).invoke('text').should('contain', 'No cybersecurity goal found');\n});",
              "err": {},
              "uuid": "078607fb-a919-4a9c-9c2d-7d22f208c54b",
              "parentUUID": "ee44de46-6382-42ca-a1a4-cacd1f8f9dfe",
              "isHook": false,
              "skipped": false
            },
            {
              "title": "Add New Goal Pop Up (MAIN-TC-769, MAIN-TC-375)",
              "fullTitle": "Cybersecurity Control Pool Add New Goal Pop Up (MAIN-TC-769, MAIN-TC-375)",
              "timedOut": null,
              "duration": 31186,
              "state": "passed",
              "speed": "slow",
              "pass": true,
              "fail": false,
              "pending": false,
              "context": null,
              "code": "cy.visit(Cypress.env('baseURL') + '/cybersecurity-goal').then(() => {\n  cy.get(cybersecurityGoalSelector.goalAddNewGoalButton, {\n    timeout: 10000\n  }).click();\n});\ncy.get(cybersecurityGoalSelector.addNewGoalDialog, {\n  timeout: 10000\n}).should('exist').then(() => {\n  cy.get(cybersecurityGoalSelector.addNewGoalDialogConfirmButton, {\n    timeout: 10000\n  }).should('exist').should('not.be.enabled');\n  cy.get(cybersecurityGoalSelector.addNewGoalDialogCancelButton, {\n    timeout: 10000\n  }).should('exist');\n});",
              "err": {},
              "uuid": "591c2848-ccfc-4817-87fb-3c353a93e7ce",
              "parentUUID": "ee44de46-6382-42ca-a1a4-cacd1f8f9dfe",
              "isHook": false,
              "skipped": false
            },
            {
              "title": "Snakbar Message(MAIN-TC-376) ",
              "fullTitle": "Cybersecurity Control Pool Snakbar Message(MAIN-TC-376) ",
              "timedOut": null,
              "duration": 46631,
              "state": "passed",
              "speed": "slow",
              "pass": true,
              "fail": false,
              "pending": false,
              "context": null,
              "code": "cy.visit(Cypress.env('baseURL') + '/cybersecurity-goal').then(() => {\n  cy.get(cybersecurityGoalSelector.goalAddNewGoalButton, {\n    timeout: 10000\n  }).click();\n});\ncy.get(cybersecurityGoalSelector.addNewGoalDialogContentTextArea, {\n  timeout: 10000\n}).type('Project Goal 1').then(() => {\n  cy.get(cybersecurityGoalSelector.addNewGoalDialogConfirmButton, {\n    timeout: 10000\n  }).click();\n});\ncy.get(cybersecurityGoalSelector.goalSnackBarMessageSuccessfulCreation, {\n  timeout: 5000\n}).invoke('text').should('contain', 'Cybersecurity goal saved successfully!');",
              "err": {},
              "uuid": "f1e2fc95-d078-446f-ae75-4a377e338f28",
              "parentUUID": "ee44de46-6382-42ca-a1a4-cacd1f8f9dfe",
              "isHook": false,
              "skipped": false
            },
            {
              "title": "Format for the Row Number(MAIN-TC-377)",
              "fullTitle": "Cybersecurity Control Pool Format for the Row Number(MAIN-TC-377)",
              "timedOut": null,
              "duration": 28820,
              "state": "passed",
              "speed": "slow",
              "pass": true,
              "fail": false,
              "pending": false,
              "context": null,
              "code": "cy.visit(Cypress.env('baseURL') + '/cybersecurity-goal').then(() => {\n  cy.get(cybersecurityGoalSelector.goalAddNewGoalButton, {\n    timeout: 10000\n  }).click();\n});\ncy.get(cybersecurityGoalSelector.addNewGoalDialogContentTextArea, {\n  timeout: 10000\n}).type('Project Goal 2').then(() => {\n  cy.get(cybersecurityGoalSelector.addNewGoalDialogConfirmButton, {\n    timeout: 10000\n  }).click();\n});\ncy.get(cybersecurityGoalSelector.goalSerialNumber, {\n  timeout: 10000\n}).should('have.length', 2).then(() => {\n  cy.get(cybersecurityGoalSelector.goalSerialNumber, {\n    timeout: 10000\n  }).eq(0).invoke('text').then(lastThreat => {\n    cy.get(cybersecurityGoalSelector.goalSerialNumber, {\n      timeout: 10000\n    }).eq(1).invoke('text').then(firstThreat => {\n      // Convert the text values to numbers for comparison\n      const lastThreatValue = parseInt(lastThreat.replace(/\\D/g, ''), 10); // Assuming the value is something like 'GL1'\n      const firstThreatValue = parseInt(firstThreat.replace(/\\D/g, ''), 10); // Assuming the value is something like 'GL2'\n      // Make the assertion\n      expect(lastThreatValue).to.be.greaterThan(firstThreatValue);\n    });\n  });\n});",
              "err": {},
              "uuid": "9c31fccd-4273-4a70-bf50-52cb7fe76ff0",
              "parentUUID": "ee44de46-6382-42ca-a1a4-cacd1f8f9dfe",
              "isHook": false,
              "skipped": false
            },
            {
              "title": "Deleting the Goal will not effect Row Numbers(MAIN-TC-378)",
              "fullTitle": "Cybersecurity Control Pool Deleting the Goal will not effect Row Numbers(MAIN-TC-378)",
              "timedOut": null,
              "duration": 46145,
              "state": "passed",
              "speed": "slow",
              "pass": true,
              "fail": false,
              "pending": false,
              "context": null,
              "code": "cy.visit(Cypress.env('baseURL') + '/cybersecurity-goal').then(() => {\n  cy.get(cybersecurityGoalSelector.goalAddNewGoalButton, {\n    timeout: 10000\n  }).click();\n});\ncy.get(cybersecurityGoalSelector.addNewGoalDialogContentTextArea, {\n  timeout: 10000\n}).type('Project Goal 3').then(() => {\n  cy.get(cybersecurityGoalSelector.addNewGoalDialogConfirmButton, {\n    timeout: 10000\n  }).click();\n});\ncy.get(cybersecurityGoalSelector.goalSerialNumber, {\n  timeout: 10000\n}).should('have.length', 2).then(() => {\n  cy.get(cybersecurityGoalSelector.goalDropDownButton, {\n    timeout: 10000\n  }).eq(1).click(); //Deleting the 2nd Goal\n  cy.get(cybersecurityGoalSelector.goalDropDownDeleteOption, {\n    timeout: 10000\n  }).click();\n  cy.get(cybersecurityGoalSelector.goalDeleteConfirmButton, {\n    timeout: 10000\n  }).click();\n  // Make sure the UI updates and the first goal becomes GL3 and the second goal becomes GL1\n  cy.get(cybersecurityGoalSelector.goalSerialNumber, {\n    timeout: 10000\n  }).eq(0).invoke('text').should('include', 'GL3');\n  cy.get(cybersecurityGoalSelector.goalSerialNumber, {\n    timeout: 10000\n  }).eq(1).invoke('text').should('include', 'GL1');\n});",
              "err": {},
              "uuid": "674af667-4a60-47dc-9b3c-284778e15539",
              "parentUUID": "ee44de46-6382-42ca-a1a4-cacd1f8f9dfe",
              "isHook": false,
              "skipped": false
            },
            {
              "title": "Deleting The Created project",
              "fullTitle": "Cybersecurity Control Pool Deleting The Created project",
              "timedOut": null,
              "duration": 92400,
              "state": "passed",
              "speed": "slow",
              "pass": true,
              "fail": false,
              "pending": false,
              "context": null,
              "code": "cy.deleteProject(projectName);",
              "err": {},
              "uuid": "2b27b117-69b3-498a-9297-6a5caf30c2d5",
              "parentUUID": "ee44de46-6382-42ca-a1a4-cacd1f8f9dfe",
              "isHook": false,
              "skipped": false
            }
          ],
          "suites": [],
          "passes": [
            "078607fb-a919-4a9c-9c2d-7d22f208c54b",
            "591c2848-ccfc-4817-87fb-3c353a93e7ce",
            "f1e2fc95-d078-446f-ae75-4a377e338f28",
            "9c31fccd-4273-4a70-bf50-52cb7fe76ff0",
            "674af667-4a60-47dc-9b3c-284778e15539",
            "2b27b117-69b3-498a-9297-6a5caf30c2d5"
          ],
          "failures": [],
          "pending": [],
          "skipped": [],
          "duration": 337798,
          "root": false,
          "rootEmpty": false,
          "_timeout": 2000
        }
      ],
      "passes": [],
      "failures": [],
      "pending": [],
      "skipped": [],
      "duration": 0,
      "root": true,
      "rootEmpty": true,
      "_timeout": 2000
    }
  ],
  "meta": {
    "mocha": {
      "version": "7.0.1"
    },
    "mochawesome": {
      "options": {
        "quiet": true,
        "reportFilename": "mochawesome",
        "saveHtml": false,
        "saveJson": true,
        "consoleReporter": "spec",
        "useInlineDiffs": false,
        "code": true
      },
      "version": "6.3.1"
    },
    "marge": {
      "options": {
        "reportDir": "cypress\\reports\\.jsons",
        "overwrite": false,
        "html": false,
        "json": true,
        "timestamp": true,
        "reportTitle": "Vultara Automation Test",
        "showPassed": true,
        "showFailed": true,
        "showPending": true,
        "showSkipped": false,
        "browser": "all",
        "quiet": true
      },
      "version": "5.2.0"
    }
  }
}