{
  "stats": {
    "suites": 1,
    "tests": 10,
    "passes": 10,
    "pending": 0,
    "failures": 0,
    "start": "2024-02-13T10:40:45.144Z",
    "end": "2024-02-13T10:44:40.206Z",
    "duration": 235062,
    "testsRegistered": 10,
    "passPercent": 100,
    "pendingPercent": 0,
    "other": 0,
    "hasOther": false,
    "skipped": 0,
    "hasSkipped": false
  },
  "results": [
    {
      "uuid": "aeb22825-f003-423b-9fb2-67bfc1e7131a",
      "title": "",
      "fullFile": "cypress\\e2e\\Threat-Generation\\attack-path.cy.js",
      "file": "cypress\\e2e\\Threat-Generation\\attack-path.cy.js",
      "beforeHooks": [],
      "afterHooks": [],
      "tests": [],
      "suites": [
        {
          "uuid": "393b7853-db6a-434f-85d3-87c4db583a1b",
          "title": "Attack Path",
          "fullFile": "",
          "file": "",
          "beforeHooks": [],
          "afterHooks": [],
          "tests": [
            {
              "title": "Placing Component",
              "fullTitle": "Attack Path Placing Component",
              "timedOut": null,
              "duration": 54422,
              "state": "passed",
              "speed": "slow",
              "pass": true,
              "fail": false,
              "pending": false,
              "context": null,
              "code": "cy.visit(Cypress.env('baseURL') + '/modeling');\ncy.wait(3000);\nconst dataTransfer = new DataTransfer();\ncy.get(modelingViewSelector.componentLibraryMicrocontroller).trigger('dragstart', {\n  dataTransfer,\n  force: true\n});\ncy.get(modelingViewSelector.modelingViewCanvas).trigger('drop', {\n  dataTransfer,\n  force: true,\n  clientX: 250,\n  clientY: 250\n});\ncy.wait(500);\ncy.get(modelingViewSelector.componentLibraryMicrocontroller).trigger('dragstart', {\n  dataTransfer,\n  force: true\n});\ncy.get(modelingViewSelector.modelingViewCanvas).trigger('drop', {\n  dataTransfer,\n  force: true,\n  clientX: 350,\n  clientY: 250\n});\ncy.get(modelingViewSelector.componentLibraryCommunicationLine).trigger('dragstart', {\n  dataTransfer,\n  force: true\n});\ncy.get(modelingViewSelector.modelingViewCanvas).trigger('drop', {\n  dataTransfer,\n  force: true,\n  clientX: 450,\n  clientY: 250\n});\ncy.wait(200);\ncy.get(modelingViewSelector.modelingViewSaveIcon).click();\ncy.wait(1000);",
              "err": {},
              "uuid": "fe69bdc0-df89-480a-baea-9ae5c094ec19",
              "parentUUID": "393b7853-db6a-434f-85d3-87c4db583a1b",
              "isHook": false,
              "skipped": false
            },
            {
              "title": "Generating Threats",
              "fullTitle": "Attack Path Generating Threats",
              "timedOut": null,
              "duration": 17919,
              "state": "passed",
              "speed": "slow",
              "pass": true,
              "fail": false,
              "pending": false,
              "context": null,
              "code": "cy.visit(Cypress.env('baseURL') + '/threats'); // Go to Threats Page\ncy.wait(2000);\nfor (let i = 1; i < 6; i++) {\n  cy.getCookie('accessToken').then(cookie => {\n    if (cookie) {\n      const cookieValue = cookie.value;\n      // Make the API request to generate threats\n      cy.request({\n        url: `${Cypress.env('apiURL')}/projects/threatsDb`,\n        method: 'POST',\n        body: {\n          threat: {\n            threatRowNumber: i,\n            id: \"threatid\" + i,\n            projectId: projectId,\n            asset: \"Asset Test \" + i,\n            threatScenario: \"Threat Scenario \" + i,\n            attackPathName: \"Attack Path Name \" + i,\n            damageScenario: \"Damage Scenario \" + i,\n            impactF: i,\n            impacctO: i,\n            riskLevel: i,\n            riskScore: i,\n            treatment: \"no treatment\",\n            securityPropertyCia: \"c\"\n          }\n        }\n      });\n    }\n  });\n}\ncy.reload();\ncy.wait(500);",
              "err": {},
              "uuid": "ad957517-e626-4b9a-aa03-b6021caa761e",
              "parentUUID": "393b7853-db6a-434f-85d3-87c4db583a1b",
              "isHook": false,
              "skipped": false
            },
            {
              "title": "Component Drop down (MAIN-TC-1559, MAIN-TC-1560, MAIN-TC-1602, MAIN-TC-1692)",
              "fullTitle": "Attack Path Component Drop down (MAIN-TC-1559, MAIN-TC-1560, MAIN-TC-1602, MAIN-TC-1692)",
              "timedOut": null,
              "duration": 19455,
              "state": "passed",
              "speed": "slow",
              "pass": true,
              "fail": false,
              "pending": false,
              "context": null,
              "code": "cy.visit(Cypress.env('baseURL') + '/threats');\ncy.get(threatListViewSelector.threatListViewAttackPathTextArea).click();\ncy.get(threatListViewSelector.threatListViewAttackPathDialog).should('exist');\ncy.get(attackPathPopupSelector.attackPathDialogTitleHeader).invoke('text').should('include', 'Threat # 1');\ncy.get(attackPathPopupSelector.attackPathDialogAddStepButton).click();\ncy.get(attackPathPopupSelector.attackPathDialogStepComponent).eq(0).click();\ncy.get(attackPathPopupSelector.attackPathDialogComponentSelectPanel).should('exist');\ncy.get(threatListViewSelector.componentSelectPanelStepOneOption).click();\ncy.get(attackPathPopupSelector.attackPathDialogDeleteButton).click();\ncy.get(navBarSelector.confirmDialogueParagraph).invoke('text').should('include', 'Step #1');\ncy.get(navBarSelector.confirmDialogueCancelButton).click();\ncy.get(navBarSelector.confirmDialogueConfirmButton).click();\ncy.wait(1000);",
              "err": {},
              "uuid": "085cbf6d-0bbc-4704-8519-13d51423b1b2",
              "parentUUID": "393b7853-db6a-434f-85d3-87c4db583a1b",
              "isHook": false,
              "skipped": false
            },
            {
              "title": "Steps in Attack Path (MAIN-TC-1561, MAIN-TC-1565, MAIN-TC-1622)",
              "fullTitle": "Attack Path Steps in Attack Path (MAIN-TC-1561, MAIN-TC-1565, MAIN-TC-1622)",
              "timedOut": null,
              "duration": 15299,
              "state": "passed",
              "speed": "slow",
              "pass": true,
              "fail": false,
              "pending": false,
              "context": null,
              "code": "cy.visit(Cypress.env('baseURL') + '/threats');\ncy.get(threatListViewSelector.threatListViewAttackPathTextArea).click();\ncy.get(threatListViewSelector.threatListViewAttackPathDialog).should('exist');\ncy.get(attackPathPopupSelector.attackPathDialogStepOneTableData).invoke('text').should('contain', '1');\ncy.get(attackPathPopupSelector.attackPathDialogAddStepButton).click();\ncy.get(attackPathPopupSelector.attackPathDialogStepComponent).eq(1).click();\ncy.get(threatListViewSelector.componentSelectPanelStepTwoOption).click();\ncy.get(attackPathPopupSelector.attackPathDialogStepTwoTableData).invoke('text').should('contain', '2');\n//cy.get('.mdc-button__label').contains('Confirm').click();",
              "err": {},
              "uuid": "a0deb57b-c833-4e97-bf94-0605d57fbf1e",
              "parentUUID": "393b7853-db6a-434f-85d3-87c4db583a1b",
              "isHook": false,
              "skipped": false
            },
            {
              "title": "Description in Attack Path (MAIN-TC-1563)",
              "fullTitle": "Attack Path Description in Attack Path (MAIN-TC-1563)",
              "timedOut": null,
              "duration": 22027,
              "state": "passed",
              "speed": "slow",
              "pass": true,
              "fail": false,
              "pending": false,
              "context": null,
              "code": "cy.visit(Cypress.env('baseURL') + '/threats');\ncy.get(threatListViewSelector.threatListViewAttackPathTextArea).click();\ncy.get(attackPathPopupSelector.attackPathDialogDescriptionEmptyTextArea).type(\"Testing the Description\");\ncy.get(navBarSelector.confirmDialogueConfirmButton).click();\ncy.get(threatListViewSelector.threatListViewAttackPathColumn).should('have.value', 'Testing the Description');",
              "err": {},
              "uuid": "20a61bd5-ab4c-43ae-b37f-95dc7d68ed07",
              "parentUUID": "393b7853-db6a-434f-85d3-87c4db583a1b",
              "isHook": false,
              "skipped": false
            },
            {
              "title": "Reviewed Threat (MAIN-TC-1566, MAIN-TC-1696,MAIN-TC-1697)",
              "fullTitle": "Attack Path Reviewed Threat (MAIN-TC-1566, MAIN-TC-1696,MAIN-TC-1697)",
              "timedOut": null,
              "duration": 18822,
              "state": "passed",
              "speed": "slow",
              "pass": true,
              "fail": false,
              "pending": false,
              "context": null,
              "code": "cy.visit(Cypress.env('baseURL') + '/threats').then(() => {\n  cy.wait(3000);\n  cy.get(threatListViewSelector.threatListViewReviewCheckBox).check(); // to mark it reviewed\n  cy.wait(500);\n  cy.get(threatListViewSelector.threatListViewReviewCheckBox).check(); // to mark it reviewed\n  cy.get(threatListViewSelector.threatListViewAttackPathTextArea).click();\n  cy.get(attackPathPopupSelector.attackPathDialogStepComponent).eq(0).click();\n  cy.get(threatListViewSelector.componentSelectPanelStepTwoOption).should('not.exist'); //Component Drop down not be shown\n  cy.get(attackPathPopupSelector.attackPathDialogDescriptionFilledTextArea).click();\n  cy.get(attackPathPopupSelector.attackPathDialogDescriptionPopUp).should('not.exist');\n});",
              "err": {},
              "uuid": "6bc1956d-f906-43cb-b338-1754625a7778",
              "parentUUID": "393b7853-db6a-434f-85d3-87c4db583a1b",
              "isHook": false,
              "skipped": false
            },
            {
              "title": "New Fields in Attack Path & No of Threats (MAIN-TC-1603, MAIN-TC-1619)",
              "fullTitle": "Attack Path New Fields in Attack Path & No of Threats (MAIN-TC-1603, MAIN-TC-1619)",
              "timedOut": null,
              "duration": 13680,
              "state": "passed",
              "speed": "slow",
              "pass": true,
              "fail": false,
              "pending": false,
              "context": null,
              "code": "cy.visit(Cypress.env('baseURL') + '/threats');\ncy.wait(1000);\ncy.get(threatListViewSelector.threatListViewAttackPathTextArea).click();\ncy.get(attackPathPopupSelector.attackPathDialogComponentTableHeader).should('exist');\ncy.get(attackPathPopupSelector.attackPathDialogStepTableHeader).should('exist');\ncy.get(attackPathPopupSelector.attackPathDialogDescriptionTableHeader).should('exist');\n//cy.get('tr.mat-mdc-row').its('length').as('original_row');\ncy.get(attackPathPopupSelector.attackPathDialogStepCount).invoke('text').should('include', \"1\"); //as we have only 1 step",
              "err": {},
              "uuid": "54c86eb0-e76e-4822-977c-58d5240b81c0",
              "parentUUID": "393b7853-db6a-434f-85d3-87c4db583a1b",
              "isHook": false,
              "skipped": false
            },
            {
              "title": "Step is unaccessible (MAIN-TC-1624)",
              "fullTitle": "Attack Path Step is unaccessible (MAIN-TC-1624)",
              "timedOut": null,
              "duration": 15820,
              "state": "passed",
              "speed": "slow",
              "pass": true,
              "fail": false,
              "pending": false,
              "context": null,
              "code": "cy.visit(Cypress.env('baseURL') + '/threats');\ncy.wait(1000);\ncy.get(threatListViewSelector.threatListViewAttackPathTextArea).click();\ncy.get(attackPathPopupSelector.attackPathDialogStepOneTableData).should('not.be.enabled');",
              "err": {},
              "uuid": "a98104bf-24f8-40e2-9997-789bfd30bbcd",
              "parentUUID": "393b7853-db6a-434f-85d3-87c4db583a1b",
              "isHook": false,
              "skipped": false
            },
            {
              "title": "Adding a New Step and Confirm Button (MAIN-TC-1694,MAIN-TC-1696, MAIN-TC-1803)",
              "fullTitle": "Attack Path Adding a New Step and Confirm Button (MAIN-TC-1694,MAIN-TC-1696, MAIN-TC-1803)",
              "timedOut": null,
              "duration": 16089,
              "state": "passed",
              "speed": "slow",
              "pass": true,
              "fail": false,
              "pending": false,
              "context": null,
              "code": "cy.visit(Cypress.env('baseURL') + '/threats');\ncy.wait(1000);\ncy.get(threatListViewSelector.threatListViewAttackPathTextArea).click();\ncy.get(attackPathPopupSelector.attackPathDialogAddStepButton).click();\ncy.get(attackPathPopupSelector.attackPathDialogStepComponent).eq(1).should('have.value', '');\ncy.get(attackPathPopupSelector.attackPathDialogDescriptionFilledTextArea).should('have.value', '');\ncy.get(navBarSelector.confirmDialogueConfirmButton).should('not.be.enabled');\ncy.get(attackPathPopupSelector.attackPathDialogStepComponent).eq(1).click();\ncy.get(threatListViewSelector.componentSelectPanelStepTwoOption).click();\ncy.get(navBarSelector.confirmDialogueConfirmButton).should('not.be.disabled');",
              "err": {},
              "uuid": "7909bc9e-64d0-48b6-9b62-0005e8a5a061",
              "parentUUID": "393b7853-db6a-434f-85d3-87c4db583a1b",
              "isHook": false,
              "skipped": false
            },
            {
              "title": "Deleting the Project",
              "fullTitle": "Attack Path Deleting the Project",
              "timedOut": null,
              "duration": 28068,
              "state": "passed",
              "speed": "slow",
              "pass": true,
              "fail": false,
              "pending": false,
              "context": null,
              "code": "cy.deleteProject(projectName);",
              "err": {},
              "uuid": "0c0f6abf-fc5e-4771-ba73-a9f4e84110e6",
              "parentUUID": "393b7853-db6a-434f-85d3-87c4db583a1b",
              "isHook": false,
              "skipped": false
            }
          ],
          "suites": [],
          "passes": [
            "fe69bdc0-df89-480a-baea-9ae5c094ec19",
            "ad957517-e626-4b9a-aa03-b6021caa761e",
            "085cbf6d-0bbc-4704-8519-13d51423b1b2",
            "a0deb57b-c833-4e97-bf94-0605d57fbf1e",
            "20a61bd5-ab4c-43ae-b37f-95dc7d68ed07",
            "6bc1956d-f906-43cb-b338-1754625a7778",
            "54c86eb0-e76e-4822-977c-58d5240b81c0",
            "a98104bf-24f8-40e2-9997-789bfd30bbcd",
            "7909bc9e-64d0-48b6-9b62-0005e8a5a061",
            "0c0f6abf-fc5e-4771-ba73-a9f4e84110e6"
          ],
          "failures": [],
          "pending": [],
          "skipped": [],
          "duration": 221601,
          "root": false,
          "rootEmpty": false,
          "_timeout": 2000
        }
      ],
      "passes": [],
      "failures": [],
      "pending": [],
      "skipped": [],
      "duration": 0,
      "root": true,
      "rootEmpty": true,
      "_timeout": 2000
    }
  ],
  "meta": {
    "mocha": {
      "version": "7.0.1"
    },
    "mochawesome": {
      "options": {
        "quiet": true,
        "reportFilename": "mochawesome",
        "saveHtml": false,
        "saveJson": true,
        "consoleReporter": "spec",
        "useInlineDiffs": false,
        "code": true
      },
      "version": "6.3.1"
    },
    "marge": {
      "options": {
        "reportDir": "cypress\\reports\\.jsons",
        "overwrite": false,
        "html": false,
        "json": true,
        "timestamp": true,
        "reportTitle": "Vultara Automation Test",
        "showPassed": true,
        "showFailed": true,
        "showPending": true,
        "showSkipped": false,
        "browser": "all",
        "quiet": true
      },
      "version": "5.2.0"
    }
  }
}