{
  "stats": {
    "suites": 1,
    "tests": 7,
    "passes": 7,
    "pending": 1,
    "failures": -1,
    "start": "2024-02-22T13:08:01.471Z",
    "end": "2024-02-22T13:11:00.822Z",
    "duration": 179351,
    "testsRegistered": 8,
    "passPercent": 100,
    "pendingPercent": 12.5,
    "other": 1,
    "hasOther": true,
    "skipped": 0,
    "hasSkipped": false
  },
  "results": [
    {
      "uuid": "54dc7081-2ff3-40b4-92d8-9aaaacd12e90",
      "title": "",
      "fullFile": "cypress\\e2e\\Threat-Generation\\feasibility.cy.js",
      "file": "cypress\\e2e\\Threat-Generation\\feasibility.cy.js",
      "beforeHooks": [],
      "afterHooks": [],
      "tests": [],
      "suites": [
        {
          "uuid": "2cf3b21d-95d0-477f-9b43-372a81855566",
          "title": "Feasibility",
          "fullFile": "",
          "file": "",
          "beforeHooks": [],
          "afterHooks": [],
          "tests": [
            {
              "title": "Feasibility Pop-up (MAIN-TC-1593, MAIN-TC-1594)",
              "fullTitle": "Feasibility Feasibility Pop-up (MAIN-TC-1593, MAIN-TC-1594)",
              "timedOut": null,
              "duration": 89578,
              "state": "passed",
              "speed": "slow",
              "pass": true,
              "fail": false,
              "pending": false,
              "context": null,
              "code": "cy.visit(Cypress.env('baseURL') + '/threats').then(() => {\n  cy.get(threatListViewSelector.threatListViewFeasibilityButton).eq(0).click().then(() => {\n    cy.get(feasibilityPopupselector.feasibilityPopupTitle).invoke('text').should('include', 'Threat #1');\n    cy.get(feasibilityPopupselector.feasibilityPopupConfirmButton).click({\n      force: true\n    }); //clicking confirm button\n  });\n  cy.get(threatListViewSelector.threatListViewFeasibilityButton).eq(0).click().then(() => {\n    cy.get(feasibilityPopupselector.feasibilityPopupTitle).invoke('text').should('include', 'Threat #1');\n  });\n});",
              "err": {},
              "uuid": "a5f4a0ac-bb1d-4f7a-aac3-0f17a317387e",
              "parentUUID": "2cf3b21d-95d0-477f-9b43-372a81855566",
              "isHook": false,
              "skipped": false
            },
            {
              "title": "feasibility pop-up window w.r.t to Review Threats(MAIN-TC-1608, MAIN-TC-1582)",
              "fullTitle": "Feasibility feasibility pop-up window w.r.t to Review Threats(MAIN-TC-1608, MAIN-TC-1582)",
              "timedOut": null,
              "duration": 18657,
              "state": "passed",
              "speed": "slow",
              "pass": true,
              "fail": false,
              "pending": false,
              "context": null,
              "code": "cy.visit(Cypress.env('baseURL') + '/threats').then(() => {\n  cy.get(threatListViewSelector.threatListViewReviewCheckBox).click().then(() => {\n    //Mark the threat as ready\n    cy.get(threatListViewSelector.threatListViewThreatTreatmentSelect).eq(0).should('not.be.enabled');\n    cy.get(threatListViewSelector.threatListViewFeasibilityButton).eq(0).click().then(() => {\n      cy.get(feasibilityPopupselector.feasibilityPopupCriteria).eq(0).should('not.be.enabled');\n      cy.get(feasibilityPopupselector.feasibilityPopupRationaleText).eq(0).should('not.be.enabled');\n      cy.get(feasibilityPopupselector.feasibilityPopupCancelButton).click();\n    });\n  }).then(() => {\n    cy.get(feasibilityPopupselector.feasibilityPopup).should(\"not.exist\");\n  });\n  cy.get(threatListViewSelector.threatListViewReviewCheckBox).click().then(() => {\n    //Mark the threat as reviewed\n    cy.get(threatListViewSelector.threatListViewReviewCheckBox).click(); //Mark the threat as unreviewed\n    cy.get(feasibilityPopupselector.feasibilityPopupConfirmButton).click({\n      force: true\n    });\n  }).then(() => {\n    cy.get(threatListViewSelector.threatListViewFeasibilityButton).eq(0).click().then(() => {\n      cy.get(feasibilityPopupselector.feasibilityPopupCriteria).eq(0).should('not.be.disabled');\n      cy.get(feasibilityPopupselector.feasibilityPopupRationaleText).eq(0).should('not.be.disabled');\n    });\n  });\n});",
              "err": {},
              "uuid": "575a699b-ef84-47cc-a241-7a9a34f77614",
              "parentUUID": "2cf3b21d-95d0-477f-9b43-372a81855566",
              "isHook": false,
              "skipped": false
            },
            {
              "title": "feasibility pop-up window w.r.t Treatment (MAIN-TC-1584)",
              "fullTitle": "Feasibility feasibility pop-up window w.r.t Treatment (MAIN-TC-1584)",
              "timedOut": null,
              "duration": 11420,
              "state": "passed",
              "speed": "slow",
              "pass": true,
              "fail": false,
              "pending": false,
              "context": null,
              "code": "cy.visit(Cypress.env('baseURL') + '/threats').then(() => {\n  cy.get(threatListViewSelector.threatListViewThreatTreatmentSelect).eq(0).click().then(() => {\n    cy.get(threatListViewSelector.threatTreatmentRetaintOption).click();\n  });\n  cy.get(threatListViewSelector.threatListViewFeasibilityButton).eq(0).click().then(() => {\n    cy.get(feasibilityPopupselector.feasibilityPopupThreatlistHeading).invoke('text').should('include', 'Before Treatmentarrow_right_altAfter Treatment');\n  });\n});",
              "err": {},
              "uuid": "83092c34-1be3-4268-9ec4-38f154906f56",
              "parentUUID": "2cf3b21d-95d0-477f-9b43-372a81855566",
              "isHook": false,
              "skipped": false
            },
            {
              "title": "Treatment in Threats(MAIN-TC-1609)",
              "fullTitle": "Feasibility Treatment in Threats(MAIN-TC-1609)",
              "timedOut": null,
              "duration": 9464,
              "state": "passed",
              "speed": "medium",
              "pass": true,
              "fail": false,
              "pending": false,
              "context": null,
              "code": "cy.visit(Cypress.env('baseURL') + '/threats').then(() => {\n  cy.get(threatListViewSelector.threatListViewThreatTreatmentSelect).eq(0).click().then(() => {\n    cy.get(threatListViewSelector.threatTreatmentShareOption).click(); //changing treatment option\n  }).then(() => {\n    cy.get(threatListViewSelector.threatListViewFeasibilityButton).eq(0).click().then(() => {\n      cy.get(feasibilityPopupselector.feasibilityPopupThreatlistHeading).invoke('text').should('include', 'Before Treatmentarrow_right_altAfter Treatment');\n    });\n  });\n});",
              "err": {},
              "uuid": "b8abaa93-73d2-445c-b240-346bc1d0ca47",
              "parentUUID": "2cf3b21d-95d0-477f-9b43-372a81855566",
              "isHook": false,
              "skipped": false
            },
            {
              "title": "Feasibility pop-up functionality (MAIN-TC-1581)",
              "fullTitle": "Feasibility Feasibility pop-up functionality (MAIN-TC-1581)",
              "timedOut": null,
              "duration": 13063,
              "state": "passed",
              "speed": "slow",
              "pass": true,
              "fail": false,
              "pending": false,
              "context": null,
              "code": "cy.visit(Cypress.env('baseURL') + '/threats').then(() => {\n  cy.get(threatListViewSelector.threatListViewReviewCheckBox).click(); //Mark the threat as ready\n  cy.wait(1000);\n  cy.get(threatListViewSelector.threatListViewReviewCheckBox).click(); //Mark the threat as reviewed\n  cy.wait(800);\n  cy.get(threatListViewSelector.threatListViewReviewCheckBox).click().then(() => {\n    //Mark the threat as unreviewed\n    cy.get(feasibilityPopupselector.feasibilityPopupConfirmButton).click({\n      force: true\n    });\n  });\n  let riskValue;\n  let feasibility;\n  cy.get(threatListViewSelector.threatListViewRiskButton).eq(0).invoke('text').then(text => {\n    riskValue = text.trim();\n    cy.get(threatListViewSelector.threatListViewFeasibilityButton).eq(0).invoke('text').then(text => {\n      feasibility = text.trim();\n      cy.get(threatListViewSelector.threatListViewFeasibilityButton).eq(0).click().then(() => {\n        cy.get(feasibilityPopupselector.feasibilityPopup).should('be.visible');\n        cy.get(feasibilityPopupselector.feasibilityPopupTitle).invoke('text').should('include', 'Threat #1');\n        cy.get(feasibilityPopupselector.feasibilityPopupFeasibilityRating).invoke('text').should('include', feasibility);\n      });\n    }).then(() => {\n      cy.get(feasibilityPopupselector.feasibilityPopupRiskLevelTitle).invoke('text').should('include', riskValue);\n      cy.get(feasibilityPopupselector.feasibilityPopupConfirmButton).click({\n        force: true\n      });\n    });\n  });\n});",
              "err": {},
              "uuid": "a37d8c36-1978-4edd-9139-810ecf48b3af",
              "parentUUID": "2cf3b21d-95d0-477f-9b43-372a81855566",
              "isHook": false,
              "skipped": false
            },
            {
              "title": "Threats w.r.t to treatment value for \"After treatment\"(MAIN-TC-1587)",
              "fullTitle": "Feasibility Threats w.r.t to treatment value for \"After treatment\"(MAIN-TC-1587)",
              "timedOut": null,
              "duration": 0,
              "state": "pending",
              "speed": null,
              "pass": false,
              "fail": false,
              "pending": true,
              "context": null,
              "code": "//skip for the time being until developer fix the issue\ncy.visit(Cypress.env('baseURL') + '/threats').then(() => {\n  // Get the initial treatment\n  cy.get(threatListViewSelector.threatListViewThreatTreatmentSelect).eq(0).invoke('text').then(initialTreatment => {\n    cy.get(threatListViewSelector.threatListViewThreatTreatmentSelect).eq(0).click().then(() => {\n      cy.get(threatListViewSelector.threatTreatmentAvoidOption).click();\n    });\n    // Get the final treatment\n    cy.get(threatListViewSelector.threatListViewThreatTreatmentSelect).eq(0).invoke('text').then(finalTreatment => {\n      // Assertions: final treatment should not be equal to initial treatment\n      expect(finalTreatment).not.to.equal(initialTreatment); //Test Case assertion\n    });\n  });\n  //Mark the threat as reviewed\n  cy.get(threatListViewSelector.threatListViewReviewCheckBox).click().then(() => {\n    cy.get(threatListViewSelector.threatListViewThreatTreatmentSelect).eq(0).should('not.be.enabled'); //Test Case assertion\n    cy.get(threatListViewSelector.threatListViewFeasibilityButton).eq(0).click();\n  });\n  cy.get(feasibilityPopupselector.feasibilityPopupConfirmButton).should('not.be.enabled'); //Test Case assertion\n});",
              "err": {},
              "uuid": "5b551144-cdab-48f9-b7ec-e046934fd009",
              "parentUUID": "2cf3b21d-95d0-477f-9b43-372a81855566",
              "isHook": false,
              "skipped": false
            },
            {
              "title": "Threats w.r.t to treatment value for \"Before treatment\" (MAIN-TC-1588)",
              "fullTitle": "Feasibility Threats w.r.t to treatment value for \"Before treatment\" (MAIN-TC-1588)",
              "timedOut": null,
              "duration": 10614,
              "state": "passed",
              "speed": "slow",
              "pass": true,
              "fail": false,
              "pending": false,
              "context": null,
              "code": "cy.visit(Cypress.env('baseURL') + '/threats').then(() => {\n  //marking threats as unreviewed\n  cy.get(threatListViewSelector.threatListViewReviewCheckBox).click().then(() => {\n    //Mark the threat as ready\n    cy.get(threatListViewSelector.threatListViewReviewCheckBox).click().then(() => {\n      //Mark the threat as reviewed\n      cy.get(feasibilityPopupselector.feasibilityPopupConfirmButton).click({\n        force: true\n      });\n    });\n  });\n  cy.get(threatListViewSelector.threatListValidatedCheckbox).click().then(() => {\n    //clicking the validated checkbox\n    cy.get(threatListViewSelector.threatListViewFeasibilityButton).eq(0).click().then(() => {\n      cy.get(feasibilityPopupselector.feasibilityPopupConfirmButton).should('not.be.enabled');\n      cy.get(feasibilityPopupselector.feasibilityPopupRationaleText).eq(0).should('not.be.enabled');\n      cy.get(feasibilityPopupselector.feasibilityPopupCancelButton).click();\n    });\n  });\n  //Mark the threat as review\n  cy.get(threatListViewSelector.threatListViewReviewCheckBox).click();\n  cy.get(threatListViewSelector.threatListViewFeasibilityButton).eq(0).click().then(() => {\n    cy.get(feasibilityPopupselector.feasibilityPopupConfirmButton).should('not.be.enabled');\n  });\n});",
              "err": {},
              "uuid": "cb0f4c79-6f90-48b7-ad69-f0e5e06b8647",
              "parentUUID": "2cf3b21d-95d0-477f-9b43-372a81855566",
              "isHook": false,
              "skipped": false
            },
            {
              "title": "Delete Project",
              "fullTitle": "Feasibility Delete Project",
              "timedOut": null,
              "duration": 18674,
              "state": "passed",
              "speed": "slow",
              "pass": true,
              "fail": false,
              "pending": false,
              "context": null,
              "code": "cy.deleteProject(projectName);",
              "err": {},
              "uuid": "1e460ac8-800c-4baa-a01d-f231cfd73fcb",
              "parentUUID": "2cf3b21d-95d0-477f-9b43-372a81855566",
              "isHook": false,
              "skipped": false
            }
          ],
          "suites": [],
          "passes": [
            "a5f4a0ac-bb1d-4f7a-aac3-0f17a317387e",
            "575a699b-ef84-47cc-a241-7a9a34f77614",
            "83092c34-1be3-4268-9ec4-38f154906f56",
            "b8abaa93-73d2-445c-b240-346bc1d0ca47",
            "a37d8c36-1978-4edd-9139-810ecf48b3af",
            "cb0f4c79-6f90-48b7-ad69-f0e5e06b8647",
            "1e460ac8-800c-4baa-a01d-f231cfd73fcb"
          ],
          "failures": [],
          "pending": [
            "5b551144-cdab-48f9-b7ec-e046934fd009"
          ],
          "skipped": [],
          "duration": 171470,
          "root": false,
          "rootEmpty": false,
          "_timeout": 2000
        }
      ],
      "passes": [],
      "failures": [],
      "pending": [],
      "skipped": [],
      "duration": 0,
      "root": true,
      "rootEmpty": true,
      "_timeout": 2000
    }
  ],
  "meta": {
    "mocha": {
      "version": "7.0.1"
    },
    "mochawesome": {
      "options": {
        "quiet": true,
        "reportFilename": "mochawesome",
        "saveHtml": false,
        "saveJson": true,
        "consoleReporter": "spec",
        "useInlineDiffs": false,
        "code": true
      },
      "version": "6.3.1"
    },
    "marge": {
      "options": {
        "reportDir": "cypress\\reports\\.jsons",
        "overwrite": false,
        "html": false,
        "json": true,
        "timestamp": true,
        "reportTitle": "Vultara Automation Test",
        "showPassed": true,
        "showFailed": true,
        "showPending": true,
        "showSkipped": false,
        "browser": "all",
        "quiet": true
      },
      "version": "5.2.0"
    }
  }
}