{
  "stats": {
    "suites": 1,
    "tests": 7,
    "passes": 7,
    "pending": 0,
    "failures": 0,
    "start": "2024-02-20T02:31:42.017Z",
    "end": "2024-02-20T02:34:07.442Z",
    "duration": 145425,
    "testsRegistered": 7,
    "passPercent": 100,
    "pendingPercent": 0,
    "other": 0,
    "hasOther": false,
    "skipped": 0,
    "hasSkipped": false
  },
  "results": [
    {
      "uuid": "a523a963-86a3-41cc-a904-396d2f27bc61",
      "title": "",
      "fullFile": "cypress\\e2e\\Threat-Generation\\attack-tree2.cy.js",
      "file": "cypress\\e2e\\Threat-Generation\\attack-tree2.cy.js",
      "beforeHooks": [],
      "afterHooks": [],
      "tests": [],
      "suites": [
        {
          "uuid": "73a47b2b-da44-4893-bdec-9dd21f145983",
          "title": "Attack Tree",
          "fullFile": "",
          "file": "",
          "beforeHooks": [],
          "afterHooks": [],
          "tests": [
            {
              "title": "“Save Tree As” header option(MAIN-TC-2029, MAIN-TC-2030)",
              "fullTitle": "Attack Tree “Save Tree As” header option(MAIN-TC-2029, MAIN-TC-2030)",
              "timedOut": null,
              "duration": 52511,
              "state": "passed",
              "speed": "slow",
              "pass": true,
              "fail": false,
              "pending": false,
              "context": null,
              "code": "cy.visit(Cypress.env('baseURL') + '/threats').then(() => {\n  cy.get(threatListViewSelector.attackTreeButton).click().then(() => {\n    cy.get(attackTreeSelector.attackTreeDialogTreeButton).eq(1).click().then(() => {\n      cy.get(attackTreeSelector.attackTreeDialogTreeDropDownNewTree).click().then(() => {\n        cy.get(attackTreeSelector.attackTreeDialogNewTreePopupName).type('Automation Tree').then(() => {\n          cy.get(attackTreeSelector.attackTreeDialogNewTreePopupConfirmButton).click().then(() => {\n            cy.get(attackTreeSelector.attackTreeDialogTreeButton).eq(1).click().then(() => {\n              cy.get(attackTreeSelector.attackTreeDialogTreeDropDownSaveTree).click().then(() => {\n                cy.get(attackTreeSelector.attackTreeDialogSaveTreeAsPopup).should('exist');\n                cy.get(attackTreeSelector.attackTreeDialogSaveTreeAsPopupConfirmButton).should('be.enabled');\n                cy.get(attackTreeSelector.attackTreeDialogSaveTreeAsPopupName).clear().then(() => {\n                  cy.get(attackTreeSelector.attackTreeDialogSaveTreeAsPopupConfirmButton).should('not.be.enabled');\n                });\n              });\n            });\n          });\n        });\n      });\n    });\n  });\n});",
              "err": {},
              "uuid": "cf847078-01ac-46b5-9704-986537543a04",
              "parentUUID": "73a47b2b-da44-4893-bdec-9dd21f145983",
              "isHook": false,
              "skipped": false
            },
            {
              "title": "Creating Model then Save As and Save Button Color (MAIN-TC-2031, MAIN-TC-2034)",
              "fullTitle": "Attack Tree Creating Model then Save As and Save Button Color (MAIN-TC-2031, MAIN-TC-2034)",
              "timedOut": null,
              "duration": 22948,
              "state": "passed",
              "speed": "slow",
              "pass": true,
              "fail": false,
              "pending": false,
              "context": null,
              "code": "cy.visit(Cypress.env('baseURL') + '/threats').then(() => {\n  cy.get(threatListViewSelector.attackTreeButton).click().then(() => {\n    cy.get(attackTreeSelector.attackTreeDialogTreeButton).eq(1).click().then(() => {\n      cy.get(attackTreeSelector.attackTreeDialogTreeDropDownNewTree).click().then(() => {\n        cy.get(attackTreeSelector.attackTreeDialogNewTreePopupName).type('Automation Tree').then(() => {\n          cy.get(attackTreeSelector.attackTreeDialogNewTreePopupConfirmButton).click().then(() => {\n            cy.get(attackTreeSelector.attackTreeDialogNode).eq(0).realClick().realMouseDown().realMouseMove(50, -300).get(attackTreeSelector.attackTreeDialogCanvas).realMouseUp();\n            cy.get(attackTreeSelector.attackTreeDialogNode).eq(1).realClick().realMouseDown().realMouseMove(0, -300).get(attackTreeSelector.attackTreeDialogCanvas).realMouseUp();\n          });\n          cy.get(attackTreeSelector.attackTreeButtonColor).should('have.css', 'background-image').and('include', 'attack-tree-unsaved-changes-icon.svg');\n          cy.get(attackTreeSelector.attackTreeDialogSaveIcon).click({\n            force: true\n          }).then(() => {\n            cy.get(attackTreeSelector.attackTreeButtonColor).should('have.css', 'background-image').and('include', 'attack-tree-button.svg');\n            cy.get(attackTreeSelector.attackTreeDialogTreeButton).eq(1).click().then(() => {\n              cy.get(attackTreeSelector.attackTreeDialogTreeDropDownSaveTree).click().then(() => {\n                cy.get(attackTreeSelector.attackTreeDialogSaveTreeAsPopupName).clear().type('Save As Automation').then(() => {\n                  cy.get(attackTreeSelector.attackTreeDialogSaveTreeAsPopupConfirmButton).click().then(() => {\n                    cy.get(attackTreeSelector.attackTreeDialogLoadedTreeButton).invoke('text').should('include', 'Save As Automation');\n                    cy.get(attackTreeSelector.attackTreeDialogCanvasElement).eq(0).should('exist');\n                    cy.get(attackTreeSelector.attackTreeDialogCanvasElement).eq(1).should('exist');\n                  });\n                });\n              });\n            });\n          });\n        });\n      });\n    });\n  });\n});",
              "err": {},
              "uuid": "6b683b7e-a7ab-45be-bd9e-10a85384702e",
              "parentUUID": "73a47b2b-da44-4893-bdec-9dd21f145983",
              "isHook": false,
              "skipped": false
            },
            {
              "title": "Confirm Button Functionality Test when Panel is “Loaded”(MAIN-TC-2033)",
              "fullTitle": "Attack Tree Confirm Button Functionality Test when Panel is “Loaded”(MAIN-TC-2033)",
              "timedOut": null,
              "duration": 15675,
              "state": "passed",
              "speed": "slow",
              "pass": true,
              "fail": false,
              "pending": false,
              "context": null,
              "code": "cy.visit(Cypress.env('baseURL') + '/threats').then(() => {\n  cy.get(threatListViewSelector.attackTreeButton).click().then(() => {\n    cy.get(attackTreeSelector.attackTreeDialogTreeButton).eq(1).click().then(() => {\n      cy.get(attackTreeSelector.attackTreeDialogTreeDropDownLoadTree).click().then(() => {\n        cy.get(attackTreeSelector.attackTreeDialogLoadTreeSelectTree).click().then(() => {\n          cy.get(attackTreeSelector.attackTreeDialogLoadTreePopupConfirmButton).click().then(() => {\n            cy.get(attackTreeSelector.attackTreeDialogNode).eq(0).realClick().realMouseDown().realMouseMove(50, -200).get(attackTreeSelector.attackTreeDialogCanvas).realMouseUp();\n          });\n          cy.get(attackTreeSelector.attackTreeDialogTreeButton).eq(1).click().then(() => {\n            cy.get(attackTreeSelector.attackTreeDialogTreeDropDownLoadTree).click().then(() => {\n              cy.get(attackTreeSelector.attackTreeDialogLoadTreePopup).should('exist');\n              cy.get(attackTreeSelector.attackTreeDialogLoadTreePopupConfirmButton).should('exist').should('be.enabled');\n              cy.get(attackTreeSelector.attackTreeDialogLoadTreePopupCancelButton).click();\n            });\n          });\n          cy.get(attackTreeSelector.attackTreeDialogTreeButton).eq(1).click().then(() => {\n            cy.get(attackTreeSelector.attackTreeDialogTreeDropDownSaveTree).click().then(() => {\n              cy.get(attackTreeSelector.attackTreeDialogLoadTreePopup).should('exist');\n              cy.get(attackTreeSelector.attackTreeDialogLoadTreePopupConfirmButton).should('exist').should('be.enabled');\n              cy.get(attackTreeSelector.attackTreeDialogLoadTreePopupCancelButton).click();\n            });\n          });\n        });\n        cy.get(attackTreeSelector.attackTreeDialogTreeButton).eq(1).click().then(() => {\n          cy.get(attackTreeSelector.attackTreeDialogTreeDropDownNewTree).click().then(() => {\n            cy.get(attackTreeSelector.attackTreeDialogLoadTreePopup).should('exist');\n            cy.get(attackTreeSelector.attackTreeDialogLoadTreePopupConfirmButton).click().then(() => {\n              cy.get(attackTreeSelector.attackTreeDialogNewTreePopupName).type('New Tree');\n              cy.get(attackTreeSelector.attackTreeDialogNewTreePopupConfirmButton).click();\n              cy.get(attackTreeSelector.attackTreeDialogCanvasElement).eq(0).should('not.be.visible');\n              cy.get(attackTreeSelector.attackTreeDialogCanvasElement).eq(1).should('not.be.visible');\n            });\n          });\n        });\n      });\n    });\n  });\n});",
              "err": {},
              "uuid": "1434766e-ac65-4de1-8719-5270e98deeca",
              "parentUUID": "73a47b2b-da44-4893-bdec-9dd21f145983",
              "isHook": false,
              "skipped": false
            },
            {
              "title": "Panel State Verification Test when changes are unsaved(MAIN-TC-2035)",
              "fullTitle": "Attack Tree Panel State Verification Test when changes are unsaved(MAIN-TC-2035)",
              "timedOut": null,
              "duration": 11510,
              "state": "passed",
              "speed": "slow",
              "pass": true,
              "fail": false,
              "pending": false,
              "context": null,
              "code": "cy.visit(Cypress.env('baseURL') + '/threats').then(() => {\n  cy.get(threatListViewSelector.attackTreeButton).click({\n    force: true\n  }).then(() => {\n    cy.get(attackTreeSelector.attackTreeDialogTreeButton).eq(1).click().then(() => {\n      cy.get(attackTreeSelector.attackTreeDialogTreeDropDownLoadTree).click().then(() => {\n        cy.get(attackTreeSelector.attackTreeDialogLoadTreeSelectTree).click().then(() => {\n          cy.get(attackTreeSelector.attackTreeDialogLoadTreePopupConfirmButton).click().then(() => {\n            cy.get(attackTreeSelector.attackTreeDialogLoadedTreeButton).invoke('text').should('include', 'Automation Tree');\n            cy.get(attackTreeSelector.attackTreeDialogSaveIcon).should('exist');\n            cy.get(attackTreeSelector.attackTreeDialogFooter).should('exist');\n            cy.get(attackTreeSelector.attackTreeDialogTreeButton).eq(1).click().then(() => {\n              cy.get(attackTreeSelector.attackTreeDialogTreeDropDownSaveTree).should('be.enabled');\n              cy.get(attackTreeSelector.attackTreeDialogTreeDropDownChange).should('be.enabled');\n            });\n          });\n        });\n      });\n    });\n  });\n});",
              "err": {},
              "uuid": "b4d4e29f-ce24-45e2-be2d-ed6362de20cb",
              "parentUUID": "73a47b2b-da44-4893-bdec-9dd21f145983",
              "isHook": false,
              "skipped": false
            },
            {
              "title": "Verify 4 Components in Footer (MAIN-TC-2036)",
              "fullTitle": "Attack Tree Verify 4 Components in Footer (MAIN-TC-2036)",
              "timedOut": null,
              "duration": 8242,
              "state": "passed",
              "speed": "medium",
              "pass": true,
              "fail": false,
              "pending": false,
              "context": null,
              "code": "cy.visit(Cypress.env('baseURL') + '/threats').then(() => {\n  cy.get(threatListViewSelector.attackTreeButton).click({\n    force: true\n  }).then(() => {\n    cy.get(attackTreeSelector.attackTreeDialogTreeButton).eq(1).click({\n      force: true\n    }).then(() => {\n      cy.get(attackTreeSelector.attackTreeDialogTreeDropDownLoadTree).click().then(() => {\n        cy.get(attackTreeSelector.attackTreeDialogLoadTreeSelectTree).click().then(() => {\n          cy.get(attackTreeSelector.attackTreeDialogLoadTreePopupConfirmButton).click().then(() => {\n            cy.get(attackTreeSelector.attackTreeDialogAND).should('exist');\n            cy.get(attackTreeSelector.attackTreeDialogOR).should('exist');\n            cy.get(attackTreeSelector.attackTreeDialogNode).should('exist');\n            cy.get(attackTreeSelector.attackTreeDialogSAND).should('exist');\n          });\n        });\n      });\n    });\n  });\n});",
              "err": {},
              "uuid": "ceca92fd-944e-415d-9a59-88550b2c4834",
              "parentUUID": "73a47b2b-da44-4893-bdec-9dd21f145983",
              "isHook": false,
              "skipped": false
            },
            {
              "title": "Components of Node on Canvas(MAIN-TC-2037, MAIN-TC-2038)",
              "fullTitle": "Attack Tree Components of Node on Canvas(MAIN-TC-2037, MAIN-TC-2038)",
              "timedOut": null,
              "duration": 8803,
              "state": "passed",
              "speed": "medium",
              "pass": true,
              "fail": false,
              "pending": false,
              "context": null,
              "code": "cy.visit(Cypress.env('baseURL') + '/threats').then(() => {\n  cy.get(threatListViewSelector.attackTreeButton).click({\n    force: true\n  }).then(() => {\n    cy.get(attackTreeSelector.attackTreeDialogTreeButton).eq(1).click().then(() => {\n      cy.get(attackTreeSelector.attackTreeDialogTreeDropDownLoadTree).click().then(() => {\n        cy.get(attackTreeSelector.attackTreeDialogLoadTreeSelectTree).click().then(() => {\n          cy.get(attackTreeSelector.attackTreeDialogLoadTreePopupConfirmButton).click().then(() => {\n            cy.get(attackTreeSelector.attackTreeDialogNode).eq(0).realClick().realMouseDown().realMouseMove(50, -200).get(attackTreeSelector.attackTreeDialogCanvas).realMouseUp().then(() => {\n              cy.get(attackTreeSelector.attackTreeDialogCanvasComponentLogo).should('exist');\n              cy.get(attackTreeSelector.attackTreeDialogCanvasComponentName).should('exist');\n              cy.get(attackTreeSelector.attackTreeDialogCanvasComponent3Dots).should('exist');\n              cy.get(attackTreeSelector.attackTreeDialogCanvasComponentNodeText).should('exist');\n            });\n          });\n        });\n      });\n    });\n  });\n});",
              "err": {},
              "uuid": "32521ea0-4990-414a-bff8-690d2b2a4cde",
              "parentUUID": "73a47b2b-da44-4893-bdec-9dd21f145983",
              "isHook": false,
              "skipped": false
            },
            {
              "title": "Delete the Project",
              "fullTitle": "Attack Tree Delete the Project",
              "timedOut": null,
              "duration": 18005,
              "state": "passed",
              "speed": "slow",
              "pass": true,
              "fail": false,
              "pending": false,
              "context": null,
              "code": "cy.deleteProject(projectName);",
              "err": {},
              "uuid": "4e7f7744-576e-440e-8e84-d942cffdb721",
              "parentUUID": "73a47b2b-da44-4893-bdec-9dd21f145983",
              "isHook": false,
              "skipped": false
            }
          ],
          "suites": [],
          "passes": [
            "cf847078-01ac-46b5-9704-986537543a04",
            "6b683b7e-a7ab-45be-bd9e-10a85384702e",
            "1434766e-ac65-4de1-8719-5270e98deeca",
            "b4d4e29f-ce24-45e2-be2d-ed6362de20cb",
            "ceca92fd-944e-415d-9a59-88550b2c4834",
            "32521ea0-4990-414a-bff8-690d2b2a4cde",
            "4e7f7744-576e-440e-8e84-d942cffdb721"
          ],
          "failures": [],
          "pending": [],
          "skipped": [],
          "duration": 137694,
          "root": false,
          "rootEmpty": false,
          "_timeout": 2000
        }
      ],
      "passes": [],
      "failures": [],
      "pending": [],
      "skipped": [],
      "duration": 0,
      "root": true,
      "rootEmpty": true,
      "_timeout": 2000
    }
  ],
  "meta": {
    "mocha": {
      "version": "7.0.1"
    },
    "mochawesome": {
      "options": {
        "quiet": true,
        "reportFilename": "mochawesome",
        "saveHtml": false,
        "saveJson": true,
        "consoleReporter": "spec",
        "useInlineDiffs": false,
        "code": true
      },
      "version": "6.3.1"
    },
    "marge": {
      "options": {
        "reportDir": "cypress\\reports\\.jsons",
        "overwrite": false,
        "html": false,
        "json": true,
        "timestamp": true,
        "reportTitle": "Vultara Automation Test",
        "showPassed": true,
        "showFailed": true,
        "showPending": true,
        "showSkipped": false,
        "browser": "all",
        "quiet": true
      },
      "version": "5.2.0"
    }
  }
}