{
  "stats": {
    "suites": 1,
    "tests": 10,
    "passes": 8,
    "pending": 0,
    "failures": 2,
    "start": "2024-02-20T13:49:46.055Z",
    "end": "2024-02-20T13:54:46.972Z",
    "duration": 300917,
    "testsRegistered": 10,
    "passPercent": 80,
    "pendingPercent": 0,
    "other": 0,
    "hasOther": false,
    "skipped": 0,
    "hasSkipped": false
  },
  "results": [
    {
      "uuid": "a923307b-3c7a-4211-b516-148daae85382",
      "title": "",
      "fullFile": "cypress\\e2e\\Threat-Generation\\attack-tree-canvas.cy.js",
      "file": "cypress\\e2e\\Threat-Generation\\attack-tree-canvas.cy.js",
      "beforeHooks": [],
      "afterHooks": [],
      "tests": [],
      "suites": [
        {
          "uuid": "d310552e-b44a-45bd-b737-92f75b4da392",
          "title": "Attack Tree",
          "fullFile": "",
          "file": "",
          "beforeHooks": [],
          "afterHooks": [],
          "tests": [
            {
              "title": "“Save Tree As” header option(MAIN-TC-2029, MAIN-TC-2030)",
              "fullTitle": "Attack Tree “Save Tree As” header option(MAIN-TC-2029, MAIN-TC-2030)",
              "timedOut": null,
              "duration": 54394,
              "state": "passed",
              "speed": "slow",
              "pass": true,
              "fail": false,
              "pending": false,
              "context": null,
              "code": "cy.visit(Cypress.env('baseURL') + '/threats').then(() => {\n  cy.get(threatListViewSelector.attackTreeButton).click().then(() => {\n    cy.get(attackTreeSelector.attackTreeDialogTreeButton).eq(1).click().then(() => {\n      cy.get(attackTreeSelector.attackTreeDialogTreeDropDownNewTree).click().then(() => {\n        cy.get(attackTreeSelector.attackTreeDialogNewTreePopupName).type('Automation Tree').then(() => {\n          cy.get(attackTreeSelector.attackTreeDialogNewTreePopupConfirmButton).click().then(() => {\n            cy.get(attackTreeSelector.attackTreeDialogTreeButton).eq(1).click().then(() => {\n              cy.get(attackTreeSelector.attackTreeDialogTreeDropDownSaveTree).click().then(() => {\n                cy.get(attackTreeSelector.attackTreeDialogSaveTreeAsPopup).should('exist');\n                cy.get(attackTreeSelector.attackTreeDialogSaveTreeAsPopupConfirmButton).should('be.enabled');\n                cy.get(attackTreeSelector.attackTreeDialogSaveTreeAsPopupName).clear().then(() => {\n                  cy.get(attackTreeSelector.attackTreeDialogSaveTreeAsPopupConfirmButton).should('not.be.enabled');\n                });\n              });\n            });\n          });\n        });\n      });\n    });\n  });\n});",
              "err": {},
              "uuid": "6ed2ad96-3792-4eb6-9f3b-ec0652e8cce4",
              "parentUUID": "d310552e-b44a-45bd-b737-92f75b4da392",
              "isHook": false,
              "skipped": false
            },
            {
              "title": "Creating Model then Save As and Save Button Color (MAIN-TC-2031, MAIN-TC-2034)",
              "fullTitle": "Attack Tree Creating Model then Save As and Save Button Color (MAIN-TC-2031, MAIN-TC-2034)",
              "timedOut": null,
              "duration": 47880,
              "state": "passed",
              "speed": "slow",
              "pass": true,
              "fail": false,
              "pending": false,
              "context": null,
              "code": "cy.visit(Cypress.env('baseURL') + '/threats').then(() => {\n  cy.get(threatListViewSelector.attackTreeButton).click().then(() => {\n    cy.get(attackTreeSelector.attackTreeDialogTreeButton).eq(1).click().then(() => {\n      cy.get(attackTreeSelector.attackTreeDialogTreeDropDownNewTree).click().then(() => {\n        cy.get(attackTreeSelector.attackTreeDialogNewTreePopupName).type('Automation Tree').then(() => {\n          cy.get(attackTreeSelector.attackTreeDialogNewTreePopupConfirmButton).click().then(() => {\n            cy.get(attackTreeSelector.attackTreeDialogNode).eq(0).realClick().realMouseDown().realMouseMove(50, -300).get(attackTreeSelector.attackTreeDialogCanvas).realMouseUp().then(() => {\n              cy.wait(3000);\n              cy.get(attackTreeSelector.attackTreeDialogNode).eq(1).realClick().realMouseDown().realMouseMove(0, -300).get(attackTreeSelector.attackTreeDialogCanvas).realMouseUp();\n            });\n          });\n          cy.get(attackTreeSelector.attackTreeButtonColor).should('have.css', 'background-image').and('include', 'attack-tree-unsaved-changes-icon.svg');\n          cy.get(attackTreeSelector.attackTreeDialogSaveIcon).click({\n            force: true\n          }).then(() => {\n            cy.get(attackTreeSelector.attackTreeButtonColor).should('have.css', 'background-image').and('include', 'attack-tree-button.svg');\n            cy.get(attackTreeSelector.attackTreeDialogTreeButton).eq(1).click().then(() => {\n              cy.get(attackTreeSelector.attackTreeDialogTreeDropDownSaveTree).click().then(() => {\n                cy.get(attackTreeSelector.attackTreeDialogSaveTreeAsPopupName).clear().type('Save As Automation').then(() => {\n                  cy.get(attackTreeSelector.attackTreeDialogSaveTreeAsPopupConfirmButton).click().then(() => {\n                    cy.get(attackTreeSelector.attackTreeDialogLoadedTreeButton).invoke('text').should('include', 'Save As Automation');\n                    cy.get(attackTreeSelector.attackTreeDialogCanvasElement).eq(0).should('exist');\n                    cy.get(attackTreeSelector.attackTreeDialogCanvasElement).eq(1).should('exist');\n                  });\n                });\n              });\n            });\n          });\n        });\n      });\n    });\n  });\n});",
              "err": {},
              "uuid": "6bd5bba3-968b-4108-ad47-66b8dc9fe3f6",
              "parentUUID": "d310552e-b44a-45bd-b737-92f75b4da392",
              "isHook": false,
              "skipped": false
            },
            {
              "title": "Confirm Button Functionality Test when Panel is “Loaded”(MAIN-TC-2033)",
              "fullTitle": "Attack Tree Confirm Button Functionality Test when Panel is “Loaded”(MAIN-TC-2033)",
              "timedOut": null,
              "duration": 42876,
              "state": "failed",
              "speed": null,
              "pass": false,
              "fail": true,
              "pending": false,
              "context": "{\n  \"title\": \"cypress-mochawesome-reporter-screenshots\",\n  \"value\": [\n    [\n      {\n        \"title\": \"Failed screenshot\",\n        \"value\": \"\\\\attack-tree-canvas.cy.js\\\\Attack Tree -- Confirm Button Functionality Test when Panel is “Loaded”(MAIN-TC-2033) (failed).png\"\n      }\n    ]\n  ]\n}",
              "code": "cy.visit(Cypress.env('baseURL') + '/threats').then(() => {\n  cy.get(threatListViewSelector.attackTreeButton).click().then(() => {\n    cy.get(attackTreeSelector.attackTreeDialogTreeButton).eq(1).click().then(() => {\n      cy.get(attackTreeSelector.attackTreeDialogTreeDropDownLoadTree).click().then(() => {\n        cy.get(attackTreeSelector.attackTreeDialogLoadTreeSelectTree).click().then(() => {\n          cy.get(attackTreeSelector.attackTreeDialogLoadTreePopupConfirmButton).click().then(() => {\n            cy.get(attackTreeSelector.attackTreeDialogNode).eq(0).realClick().realMouseDown().realMouseMove(50, -200).get(attackTreeSelector.attackTreeDialogCanvas).realMouseUp();\n          });\n          cy.get(attackTreeSelector.attackTreeDialogTreeButton).eq(1).click().then(() => {\n            cy.get(attackTreeSelector.attackTreeDialogTreeDropDownLoadTree).click().then(() => {\n              cy.get(attackTreeSelector.attackTreeDialogLoadTreePopup).should('exist');\n              cy.get(attackTreeSelector.attackTreeDialogLoadTreePopupConfirmButton).should('exist').should('be.enabled');\n              cy.get(attackTreeSelector.attackTreeDialogLoadTreePopupCancelButton).click();\n            });\n          });\n          cy.get(attackTreeSelector.attackTreeDialogTreeButton).eq(1).click().then(() => {\n            cy.get(attackTreeSelector.attackTreeDialogTreeDropDownSaveTree).click().then(() => {\n              cy.get(attackTreeSelector.attackTreeDialogLoadTreePopup).should('exist');\n              cy.get(attackTreeSelector.attackTreeDialogLoadTreePopupConfirmButton).should('exist').should('be.enabled');\n              cy.get(attackTreeSelector.attackTreeDialogLoadTreePopupCancelButton).click();\n            });\n          });\n        });\n        cy.get(attackTreeSelector.attackTreeDialogTreeButton).eq(1).click().then(() => {\n          cy.get(attackTreeSelector.attackTreeDialogTreeDropDownNewTree).click().then(() => {\n            cy.get(attackTreeSelector.attackTreeDialogLoadTreePopup).should('exist');\n            cy.get(attackTreeSelector.attackTreeDialogLoadTreePopupConfirmButton).click().then(() => {\n              cy.get(attackTreeSelector.attackTreeDialogNewTreePopupName).type('New Tree');\n              cy.get(attackTreeSelector.attackTreeDialogNewTreePopupConfirmButton).click();\n              cy.get(attackTreeSelector.attackTreeDialogCanvasElement).eq(0).should('not.be.visible');\n              cy.get(attackTreeSelector.attackTreeDialogCanvasElement).eq(1).should('not.be.visible');\n            });\n          });\n        });\n      });\n    });\n  });\n});",
              "err": {
                "message": "AssertionError: Timed out retrying after 20000ms: expected '<button.mdc-button.mdc-button--raised.mat-mdc-raised-button.mat-primary.mat-mdc-button-base.ng-star-inserted>' to be 'enabled'",
                "estack": "AssertionError: Timed out retrying after 20000ms: expected '<button.mdc-button.mdc-button--raised.mat-mdc-raised-button.mat-primary.mat-mdc-button-base.ng-star-inserted>' to be 'enabled'\n    at Context.eval (webpack://cypress/./cypress/e2e/Threat-Generation/attack-tree-canvas.cy.js:124:122)",
                "diff": null
              },
              "uuid": "54cf10dc-b2e2-4ff7-b482-2f07288fbd83",
              "parentUUID": "d310552e-b44a-45bd-b737-92f75b4da392",
              "isHook": false,
              "skipped": false
            },
            {
              "title": "Panel State Verification Test when changes are unsaved(MAIN-TC-2035)",
              "fullTitle": "Attack Tree Panel State Verification Test when changes are unsaved(MAIN-TC-2035)",
              "timedOut": null,
              "duration": 17179,
              "state": "passed",
              "speed": "slow",
              "pass": true,
              "fail": false,
              "pending": false,
              "context": null,
              "code": "cy.visit(Cypress.env('baseURL') + '/threats').then(() => {\n  cy.get(threatListViewSelector.attackTreeButton).click({\n    force: true\n  }).then(() => {\n    cy.get(attackTreeSelector.attackTreeDialogTreeButton).eq(1).click().then(() => {\n      cy.get(attackTreeSelector.attackTreeDialogTreeDropDownLoadTree).click().then(() => {\n        cy.get(attackTreeSelector.attackTreeDialogLoadTreeSelectTree).click().then(() => {\n          cy.get(attackTreeSelector.attackTreeDialogLoadTreePopupConfirmButton).click().then(() => {\n            cy.get(attackTreeSelector.attackTreeDialogLoadedTreeButton).invoke('text').should('include', 'Automation Tree');\n            cy.get(attackTreeSelector.attackTreeDialogSaveIcon).should('exist');\n            cy.get(attackTreeSelector.attackTreeDialogFooter).should('exist');\n            cy.get(attackTreeSelector.attackTreeDialogTreeButton).eq(1).click().then(() => {\n              cy.get(attackTreeSelector.attackTreeDialogTreeDropDownSaveTree).should('be.enabled');\n              cy.get(attackTreeSelector.attackTreeDialogTreeDropDownChange).should('be.enabled');\n            });\n          });\n        });\n      });\n    });\n  });\n});",
              "err": {},
              "uuid": "91ab8365-8f66-4eeb-88fe-3d9b94690df4",
              "parentUUID": "d310552e-b44a-45bd-b737-92f75b4da392",
              "isHook": false,
              "skipped": false
            },
            {
              "title": "Verify 4 Components in Footer (MAIN-TC-2036)",
              "fullTitle": "Attack Tree Verify 4 Components in Footer (MAIN-TC-2036)",
              "timedOut": null,
              "duration": 16288,
              "state": "passed",
              "speed": "slow",
              "pass": true,
              "fail": false,
              "pending": false,
              "context": null,
              "code": "cy.visit(Cypress.env('baseURL') + '/threats').then(() => {\n  cy.get(threatListViewSelector.attackTreeButton).click({\n    force: true\n  }).then(() => {\n    cy.get(attackTreeSelector.attackTreeDialogTreeButton).eq(1).click({\n      force: true\n    }).then(() => {\n      cy.get(attackTreeSelector.attackTreeDialogTreeDropDownLoadTree).click().then(() => {\n        cy.get(attackTreeSelector.attackTreeDialogLoadTreeSelectTree).click().then(() => {\n          cy.get(attackTreeSelector.attackTreeDialogLoadTreePopupConfirmButton).click().then(() => {\n            cy.get(attackTreeSelector.attackTreeDialogAND).should('exist');\n            cy.get(attackTreeSelector.attackTreeDialogOR).should('exist');\n            cy.get(attackTreeSelector.attackTreeDialogNode).should('exist');\n            cy.get(attackTreeSelector.attackTreeDialogSAND).should('exist');\n          });\n        });\n      });\n    });\n  });\n});",
              "err": {},
              "uuid": "ce2c03bc-60b7-4482-974e-8451b5e5eef8",
              "parentUUID": "d310552e-b44a-45bd-b737-92f75b4da392",
              "isHook": false,
              "skipped": false
            },
            {
              "title": "Components of Node on Canvas(MAIN-TC-2037, MAIN-TC-2038)",
              "fullTitle": "Attack Tree Components of Node on Canvas(MAIN-TC-2037, MAIN-TC-2038)",
              "timedOut": null,
              "duration": 15794,
              "state": "passed",
              "speed": "slow",
              "pass": true,
              "fail": false,
              "pending": false,
              "context": null,
              "code": "cy.visit(Cypress.env('baseURL') + '/threats').then(() => {\n  cy.get(threatListViewSelector.attackTreeButton).click({\n    force: true\n  }).then(() => {\n    cy.get(attackTreeSelector.attackTreeDialogTreeButton).eq(1).click().then(() => {\n      cy.get(attackTreeSelector.attackTreeDialogTreeDropDownLoadTree).click().then(() => {\n        cy.get(attackTreeSelector.attackTreeDialogLoadTreeSelectTree).click().then(() => {\n          cy.get(attackTreeSelector.attackTreeDialogLoadTreePopupConfirmButton).click().then(() => {\n            cy.get(attackTreeSelector.attackTreeDialogNode).eq(0).realClick().realMouseDown().realMouseMove(50, -200).get(attackTreeSelector.attackTreeDialogCanvas).realMouseUp().then(() => {\n              cy.get(attackTreeSelector.attackTreeDialogCanvasComponentLogo).should('exist');\n              cy.get(attackTreeSelector.attackTreeDialogCanvasComponentName).should('exist');\n              cy.get(attackTreeSelector.attackTreeDialogCanvasComponent3Dots).should('exist');\n              cy.get(attackTreeSelector.attackTreeDialogCanvasComponentNodeText).should('exist');\n            });\n          });\n        });\n      });\n    });\n  });\n});",
              "err": {},
              "uuid": "92f2ae4c-d6cf-43bd-a6a1-2fc99bfdc053",
              "parentUUID": "d310552e-b44a-45bd-b737-92f75b4da392",
              "isHook": false,
              "skipped": false
            },
            {
              "title": "Dragging multiple nodes on Canvas(MAIN-TC-2039)",
              "fullTitle": "Attack Tree Dragging multiple nodes on Canvas(MAIN-TC-2039)",
              "timedOut": null,
              "duration": 41338,
              "state": "failed",
              "speed": null,
              "pass": false,
              "fail": true,
              "pending": false,
              "context": "{\n  \"title\": \"cypress-mochawesome-reporter-screenshots\",\n  \"value\": [\n    [\n      {\n        \"title\": \"Failed screenshot\",\n        \"value\": \"\\\\attack-tree-canvas.cy.js\\\\Attack Tree -- Dragging multiple nodes on Canvas(MAIN-TC-2039) (failed).png\"\n      }\n    ]\n  ]\n}",
              "code": "cy.visit(Cypress.env('baseURL') + '/threats').then(() => {\n  cy.get(threatListViewSelector.attackTreeButton).click({\n    force: true\n  }).then(() => {\n    cy.get(attackTreeSelector.attackTreeDialogTreeButton).eq(1).click().then(() => {\n      cy.get(attackTreeSelector.attackTreeDialogTreeDropDownLoadTree).click().then(() => {\n        cy.get(attackTreeSelector.attackTreeDialogLoadTreeSelectTree).click().then(() => {\n          cy.get(attackTreeSelector.attackTreeDialogLoadTreePopupConfirmButton).click().then(() => {\n            cy.get(attackTreeSelector.attackTreeDialogNode).eq(0).realClick().realMouseDown().realMouseMove(80, -400).get(attackTreeSelector.attackTreeDialogCanvas).realMouseUp().then(() => {\n              cy.get(attackTreeSelector.attackTreeDialogLoadTreeEmptyMessage).should('exist').invoke('text').should('include', 'Only 1 root node is allowed');\n            });\n          });\n        });\n      });\n    });\n  });\n});",
              "err": {
                "message": "AssertionError: Timed out retrying after 20000ms: Expected to find element: `simple-snack-bar`, but never found it.",
                "estack": "AssertionError: Timed out retrying after 20000ms: Expected to find element: `simple-snack-bar`, but never found it.\n    at Context.eval (webpack://cypress/./cypress/e2e/Threat-Generation/attack-tree-canvas.cy.js:223:100)",
                "diff": null
              },
              "uuid": "757ad59d-c8fd-4a2e-aab8-7f4910df78e1",
              "parentUUID": "d310552e-b44a-45bd-b737-92f75b4da392",
              "isHook": false,
              "skipped": false
            },
            {
              "title": "Automatic NodeText Assignment Test(MAIN-TC-2041)",
              "fullTitle": "Attack Tree Automatic NodeText Assignment Test(MAIN-TC-2041)",
              "timedOut": null,
              "duration": 19741,
              "state": "passed",
              "speed": "slow",
              "pass": true,
              "fail": false,
              "pending": false,
              "context": null,
              "code": "cy.visit(Cypress.env('baseURL') + '/threats').then(() => {\n  cy.get(threatListViewSelector.attackTreeButton).click().then(() => {\n    cy.get(attackTreeSelector.attackTreeDialogTreeButton).eq(1).click().then(() => {\n      cy.get(attackTreeSelector.attackTreeDialogTreeDropDownNewTree).click().then(() => {\n        cy.get(attackTreeSelector.attackTreeDialogNewTreePopupName).type('Automation Tree').then(() => {\n          cy.get(attackTreeSelector.attackTreeDialogNewTreePopupConfirmButton).click().then(() => {\n            cy.get(attackTreeSelector.attackTreeDialogNode).eq(0).realClick().realMouseDown().realMouseMove(50, -300).get(attackTreeSelector.attackTreeDialogCanvas).realMouseUp();\n            cy.get(attackTreeSelector.attackTreeDialogNode).eq(1).realClick().realMouseDown().realMouseMove(0, -300).get(attackTreeSelector.attackTreeDialogCanvas).realMouseUp().then(() => {\n              cy.get(attackTreeSelector.attackTreeDialogCanvasComponentName).eq(0).invoke('text').should('contain', 'Node');\n              cy.get(attackTreeSelector.attackTreeDialogCanvasComponentNodeText).eq(0).invoke('text').should('contain', 'Node1');\n              cy.get(attackTreeSelector.attackTreeDialogCanvasComponentName).eq(1).invoke('text').should('contain', 'OR');\n              cy.get(attackTreeSelector.attackTreeDialogCanvasComponentNodeText).eq(1).invoke('text').should('contain', 'OR2');\n            });\n          });\n        });\n      });\n    });\n  });\n});",
              "err": {},
              "uuid": "71237d92-8053-4890-a70a-18440564f425",
              "parentUUID": "d310552e-b44a-45bd-b737-92f75b4da392",
              "isHook": false,
              "skipped": false
            },
            {
              "title": "Canvas Component Menu Test (MAIN-TC-2042)",
              "fullTitle": "Attack Tree Canvas Component Menu Test (MAIN-TC-2042)",
              "timedOut": null,
              "duration": 14653,
              "state": "passed",
              "speed": "slow",
              "pass": true,
              "fail": false,
              "pending": false,
              "context": null,
              "code": "cy.visit(Cypress.env('baseURL') + '/threats').then(() => {\n  cy.get(threatListViewSelector.attackTreeButton).click({\n    force: true\n  }).then(() => {\n    cy.get(attackTreeSelector.attackTreeDialogTreeButton).eq(1).click().then(() => {\n      cy.get(attackTreeSelector.attackTreeDialogTreeDropDownLoadTree).click().then(() => {\n        cy.get(attackTreeSelector.attackTreeDialogLoadTreeSelectTree).click().then(() => {\n          cy.get(attackTreeSelector.attackTreeDialogLoadTreePopupConfirmButton).click().then(() => {\n            cy.get(attackTreeSelector.attackTreeDialogCanvasComponent3Dots).eq(0).click().then(() => {\n              cy.get(attackTreeSelector.attackTreeCanvasComponentMenuNodeTextOption).should('exist');\n              cy.get(attackTreeSelector.attackTreeCanvasComponentMenuDeleteTypeOption).should('exist');\n              cy.get(attackTreeSelector.attackTreeCanvasComponentMenuChangeTypeOption).should('exist');\n            });\n          });\n        });\n      });\n    });\n  });\n});",
              "err": {},
              "uuid": "2a896286-c72a-478d-8eea-72e77921a5c2",
              "parentUUID": "d310552e-b44a-45bd-b737-92f75b4da392",
              "isHook": false,
              "skipped": false
            },
            {
              "title": "Delete the Project",
              "fullTitle": "Attack Tree Delete the Project",
              "timedOut": null,
              "duration": 20291,
              "state": "passed",
              "speed": "slow",
              "pass": true,
              "fail": false,
              "pending": false,
              "context": null,
              "code": "cy.deleteProject(projectName);",
              "err": {},
              "uuid": "b653a721-35e6-43e6-95a9-1f34dd1149d6",
              "parentUUID": "d310552e-b44a-45bd-b737-92f75b4da392",
              "isHook": false,
              "skipped": false
            }
          ],
          "suites": [],
          "passes": [
            "6ed2ad96-3792-4eb6-9f3b-ec0652e8cce4",
            "6bd5bba3-968b-4108-ad47-66b8dc9fe3f6",
            "91ab8365-8f66-4eeb-88fe-3d9b94690df4",
            "ce2c03bc-60b7-4482-974e-8451b5e5eef8",
            "92f2ae4c-d6cf-43bd-a6a1-2fc99bfdc053",
            "71237d92-8053-4890-a70a-18440564f425",
            "2a896286-c72a-478d-8eea-72e77921a5c2",
            "b653a721-35e6-43e6-95a9-1f34dd1149d6"
          ],
          "failures": [
            "54cf10dc-b2e2-4ff7-b482-2f07288fbd83",
            "757ad59d-c8fd-4a2e-aab8-7f4910df78e1"
          ],
          "pending": [],
          "skipped": [],
          "duration": 290434,
          "root": false,
          "rootEmpty": false,
          "_timeout": 2000
        }
      ],
      "passes": [],
      "failures": [],
      "pending": [],
      "skipped": [],
      "duration": 0,
      "root": true,
      "rootEmpty": true,
      "_timeout": 2000
    }
  ],
  "meta": {
    "mocha": {
      "version": "7.0.1"
    },
    "mochawesome": {
      "options": {
        "quiet": true,
        "reportFilename": "mochawesome",
        "saveHtml": false,
        "saveJson": true,
        "consoleReporter": "spec",
        "useInlineDiffs": false,
        "code": true
      },
      "version": "6.3.1"
    },
    "marge": {
      "options": {
        "reportDir": "cypress\\reports\\.jsons",
        "overwrite": false,
        "html": false,
        "json": true,
        "timestamp": true,
        "reportTitle": "Vultara Automation Test",
        "showPassed": true,
        "showFailed": true,
        "showPending": true,
        "showSkipped": false,
        "browser": "all",
        "quiet": true
      },
      "version": "5.2.0"
    }
  }
}