{
  "stats": {
    "suites": 2,
    "tests": 11,
    "passes": 11,
    "pending": 0,
    "failures": 0,
    "start": "2024-02-21T17:11:48.638Z",
    "end": "2024-02-21T17:15:12.291Z",
    "duration": 203653,
    "testsRegistered": 11,
    "passPercent": 100,
    "pendingPercent": 0,
    "other": 0,
    "hasOther": false,
    "skipped": 0,
    "hasSkipped": false
  },
  "results": [
    {
      "uuid": "318fd3f2-367d-4087-908d-b5079c4e3d9b",
      "title": "",
      "fullFile": "cypress\\e2e\\Threat-Generation\\attack-tree.cy.js",
      "file": "cypress\\e2e\\Threat-Generation\\attack-tree.cy.js",
      "beforeHooks": [],
      "afterHooks": [],
      "tests": [],
      "suites": [
        {
          "uuid": "11bd03c6-0cf8-4cc2-a4bc-6c26eec7bfa3",
          "title": "Attack Tree",
          "fullFile": "",
          "file": "",
          "beforeHooks": [],
          "afterHooks": [],
          "tests": [
            {
              "title": "Attack Tree Button in Threat List View page (MAIN-TC-1988, MAIN-TC-1990, MAIN-TC-1992)",
              "fullTitle": "Attack Tree Attack Tree Button in Threat List View page (MAIN-TC-1988, MAIN-TC-1990, MAIN-TC-1992)",
              "timedOut": null,
              "duration": 60206,
              "state": "passed",
              "speed": "slow",
              "pass": true,
              "fail": false,
              "pending": false,
              "context": null,
              "code": "cy.visit(Cypress.env('baseURL') + '/threats').then(() => {\n  cy.get(threatListViewSelector.attackTreeButton).should('exist');\n  cy.get(threatListViewSelector.attackTreeButton).click().then(() => {\n    cy.get(attackTreeSelector.attackTreeDialog).should('exist');\n    cy.get(threatListViewSelector.threatListViewAttackPathTextArea).click().then(() => {\n      cy.get(attackTreeSelector.attackTreeDialog).should('not.be.visible');\n    });\n  });\n});",
              "err": {},
              "uuid": "e39f0cba-fc6e-4b58-a07f-29f8d36a6435",
              "parentUUID": "11bd03c6-0cf8-4cc2-a4bc-6c26eec7bfa3",
              "isHook": false,
              "skipped": false
            },
            {
              "title": "Tree in Attack Path Popup (MAIN-TC-1993, MAIN-TC-1994, MAIN-TC-1995, MAIN-TC-1996)",
              "fullTitle": "Attack Tree Tree in Attack Path Popup (MAIN-TC-1993, MAIN-TC-1994, MAIN-TC-1995, MAIN-TC-1996)",
              "timedOut": null,
              "duration": 14148,
              "state": "passed",
              "speed": "slow",
              "pass": true,
              "fail": false,
              "pending": false,
              "context": null,
              "code": "cy.visit(Cypress.env('baseURL') + '/threats').then(() => {\n  cy.get(threatListViewSelector.attackTreeButton).click().then(() => {\n    cy.get(attackTreeSelector.attackTreeDialogTreeButton).eq(1).click().then(() => {\n      cy.get(attackTreeSelector.attackTreeDialogTreeDropDownNewTree).click().then(() => {\n        cy.get(attackTreeSelector.attackTreeDialogNewTreePopupName).type('Automation Tree').then(() => {\n          cy.get(attackTreeSelector.attackTreeDialogNewTreePopupConfirmButton).click();\n        });\n      });\n    });\n  });\n  let initialLocation;\n  cy.get(threatListViewSelector.threatListViewAttackPathTextArea).click().then(() => {\n    cy.get(attackPathPopupSelector.attackPathDialogAttackTreeIcon).then($el => {\n      initialLocation = $el.offset();\n    });\n    cy.get(attackPathPopupSelector.attackPathDialogLinkTreeButton).click().then(() => {\n      cy.get(attackPathPopupSelector.attackPathDialogAttackTreeIcon).then($el => {\n        const newLocation = $el.offset();\n        expect(newLocation).not.to.deep.equal(initialLocation);\n      });\n      cy.get(attackPathPopupSelector.attackPathDialogAttackTreeIcon).should('exist').click().then(() => {\n        cy.get(attackTreeSelector.attackTreeDialog).should('exist');\n      });\n    });\n  });\n  cy.get(attackPathPopupSelector.attackPathDialogAttackTreeIcon).click().then(() => {\n    // Pressing the tree button again to close\n    cy.get(attackTreeSelector.attackTreeDialog).should('not.be.visible');\n  });\n});",
              "err": {},
              "uuid": "2136889c-7bb5-486c-a1c3-ecbafca3da26",
              "parentUUID": "11bd03c6-0cf8-4cc2-a4bc-6c26eec7bfa3",
              "isHook": false,
              "skipped": false
            },
            {
              "title": "Attack Tree in Local Storage (MAIN-TC-1997, MAIN-TC-1998,MAIN-TC-2000))",
              "fullTitle": "Attack Tree Attack Tree in Local Storage (MAIN-TC-1997, MAIN-TC-1998,MAIN-TC-2000))",
              "timedOut": null,
              "duration": 12135,
              "state": "passed",
              "speed": "slow",
              "pass": true,
              "fail": false,
              "pending": false,
              "context": null,
              "code": "cy.visit(Cypress.env('baseURL') + '/threats').then(() => {\n  cy.window().then(win => {\n    const diagramId = win.localStorage.getItem('diagramId');\n    expect(diagramId).to.not.exist;\n  });\n  cy.get(threatListViewSelector.attackTreeButton).click().then(() => {\n    cy.get(attackTreeSelector.attackTreeDialogTreeButton).eq(1).click().then(() => {\n      cy.get(attackTreeSelector.attackTreeDialogTreeDropDownLoadTree).click().then(() => {\n        cy.get(attackTreeSelector.attackTreeDialogSelectTree).click().then(() => {\n          cy.get(attackTreeSelector.attackTreeDialogNewTreePopupConfirmButton).click().then(() => {\n            cy.wait(3000);\n            cy.window().then(win => {\n              const diagramId = win.localStorage.getItem('diagramId');\n              expect(diagramId).to.exist;\n            });\n          });\n        });\n      });\n    });\n  });\n});",
              "err": {},
              "uuid": "1a9418c1-fec5-48f3-8281-2bed313098dc",
              "parentUUID": "11bd03c6-0cf8-4cc2-a4bc-6c26eec7bfa3",
              "isHook": false,
              "skipped": false
            },
            {
              "title": "Verify the  Header, Canvas, Footer in Attack tree panel(MAIN-TC-2001)",
              "fullTitle": "Attack Tree Verify the  Header, Canvas, Footer in Attack tree panel(MAIN-TC-2001)",
              "timedOut": null,
              "duration": 12522,
              "state": "passed",
              "speed": "slow",
              "pass": true,
              "fail": false,
              "pending": false,
              "context": null,
              "code": "cy.visit(Cypress.env('baseURL') + '/threats').then(() => {\n  cy.get(threatListViewSelector.attackTreeButton).click().then(() => {\n    cy.get(attackTreeSelector.attackTreeDialogTreeButton).eq(1).click().then(() => {\n      cy.get(attackTreeSelector.attackTreeDialogTreeDropDownLoadTree).click().then(() => {\n        cy.get(attackTreeSelector.attackTreeDialogSelectTree).click().then(() => {\n          cy.get(attackTreeSelector.attackTreeDialogNewTreePopupConfirmButton).click().then(() => {\n            cy.get(attackTreeSelector.attackTreeDialogHeader).should('exist').should('be.visible');\n            cy.get(attackTreeSelector.attackTreeDialogCanvas).should('exist').should('be.visible');\n            cy.get(attackTreeSelector.attackTreeDialogFooter).should('exist').should('be.visible');\n          });\n        });\n      });\n    });\n  });\n});",
              "err": {},
              "uuid": "f1f9740a-d82c-4537-8540-154fa58f1a28",
              "parentUUID": "11bd03c6-0cf8-4cc2-a4bc-6c26eec7bfa3",
              "isHook": false,
              "skipped": false
            },
            {
              "title": "Verify the Header Components (MAIN-TC-2002)",
              "fullTitle": "Attack Tree Verify the Header Components (MAIN-TC-2002)",
              "timedOut": null,
              "duration": 11794,
              "state": "passed",
              "speed": "slow",
              "pass": true,
              "fail": false,
              "pending": false,
              "context": null,
              "code": "cy.visit(Cypress.env('baseURL') + '/threats').then(() => {\n  cy.get(threatListViewSelector.attackTreeButton).click().then(() => {\n    cy.get(attackTreeSelector.attackTreeDialogTreeButton).eq(1).click({\n      force: true\n    }).then(() => {\n      cy.get(attackTreeSelector.attackTreeDialogTreeDropDownLoadTree).click().then(() => {\n        cy.get(attackTreeSelector.attackTreeDialogSelectTree).click().then(() => {\n          cy.get(attackTreeSelector.attackTreeDialogNewTreePopupConfirmButton).click().then(() => {\n            cy.get(attackTreeSelector.attackTreeDialogTreeButton).eq(0).should('exist').invoke('text').should('contain', 'Tree');\n            cy.get(attackTreeSelector.attackTreeDialogTreeButton).eq(1).should('exist').click().then(() => {\n              cy.get(attackTreeSelector.attackTreeDialogDropDown).should('exist');\n            });\n            cy.get(attackTreeSelector.attackTreeDialogLoadedTreeButton).should('exist').invoke('text').should('include', 'Loaded: Automation Tree');\n            cy.get(attackTreeSelector.attackTreeDialogSaveIcon).should('exist');\n            cy.get(attackTreeSelector.attackTreeDialogPlayIcon).should('exist');\n            cy.get(attackTreeSelector.attackTreeDialogFooter).should('exist');\n          });\n        });\n      });\n    });\n  });\n});",
              "err": {},
              "uuid": "9d1cf2f6-34d9-4b21-925c-5e5dce927138",
              "parentUUID": "11bd03c6-0cf8-4cc2-a4bc-6c26eec7bfa3",
              "isHook": false,
              "skipped": false
            },
            {
              "title": "Verify the Components when No project is Loaded (MAIN-TC-2003)",
              "fullTitle": "Attack Tree Verify the Components when No project is Loaded (MAIN-TC-2003)",
              "timedOut": null,
              "duration": 8433,
              "state": "passed",
              "speed": "medium",
              "pass": true,
              "fail": false,
              "pending": false,
              "context": null,
              "code": "cy.visit(Cypress.env('baseURL') + '/threats').then(() => {\n  cy.get(threatListViewSelector.attackTreeButton).click().then(() => {\n    cy.get(attackTreeSelector.attackTreeDialogHeader).should('exist').should('be.visible');\n    cy.get(attackTreeSelector.attackTreeDialogTreeButton).eq(1).should('be.enabled');\n    cy.get(attackTreeSelector.attackTreeDialogLoadedTreeButton).should('exist').invoke('text').should('include', 'Loaded: None');\n    cy.get(attackTreeSelector.attackTreeDialogSaveIcon).should('not.be.enabled');\n    cy.get(attackTreeSelector.attackTreeDialogFooter).should('not.exist');\n  });\n});",
              "err": {},
              "uuid": "025dc71a-e854-4507-98ca-3c704084e783",
              "parentUUID": "11bd03c6-0cf8-4cc2-a4bc-6c26eec7bfa3",
              "isHook": false,
              "skipped": false
            },
            {
              "title": "Attack tree panel \"Tree Button Dropdown\" option (MAIN-TC-2004)",
              "fullTitle": "Attack Tree Attack tree panel \"Tree Button Dropdown\" option (MAIN-TC-2004)",
              "timedOut": null,
              "duration": 9851,
              "state": "passed",
              "speed": "medium",
              "pass": true,
              "fail": false,
              "pending": false,
              "context": null,
              "code": "cy.visit(Cypress.env('baseURL') + '/threats').then(() => {\n  cy.get(threatListViewSelector.attackTreeButton).click().then(() => {\n    cy.get(attackTreeSelector.attackTreeDialogTreeButton).eq(1).click().then(() => {\n      cy.get(attackTreeSelector.attackTreeDialogDropDown).should('exist');\n      cy.get(attackTreeSelector.attackTreeDialogTreeDropDownNewTree).invoke('text').should('contain', 'New Tree');\n      cy.get(attackTreeSelector.attackTreeDialogTreeDropDownChange).should('not.be.enabled').invoke('text').should('contain', 'Change Tree Name');\n      cy.get(attackTreeSelector.attackTreeDialogTreeDropDownDeleteTree).invoke('text').should('contain', 'Delete Tree');\n      cy.get(attackTreeSelector.attackTreeDialogTreeDropDownLoadTree).invoke('text').should('contain', 'Load Tree');\n      cy.get(attackTreeSelector.attackTreeDialogTreeDropDownSaveTree).should('not.be.enabled').invoke('text').should('contain', 'Save Tree As');\n      cy.get(attackTreeSelector.attackTreeDialogTreeDropDownLinkAttackPath).invoke('text').should('contain', 'Link Attack Path');\n      cy.get(attackTreeSelector.attackTreeDialogTreeDropDownLinkVulnerability).invoke('text').should('contain', 'Link Vulnerability');\n    });\n  });\n});\ncy.get(attackTreeSelector.attackTreeDialogTreeDropDownLoadTree).click().then(() => {\n  cy.get(attackTreeSelector.attackTreeDialogSelectTree).click().then(() => {\n    cy.get(attackTreeSelector.attackTreeDialogNewTreePopupConfirmButton).click().then(() => {\n      cy.get(attackTreeSelector.attackTreeDialogTreeButton).eq(1).click().then(() => {\n        cy.get(attackTreeSelector.attackTreeDialogTreeDropDownChange).should('be.enabled').invoke('text').should('contain', 'Change Tree Name');\n        cy.get(attackTreeSelector.attackTreeDialogTreeDropDownDeleteTree).invoke('text').should('contain', 'Delete Tree');\n        cy.get(attackTreeSelector.attackTreeDialogTreeDropDownSaveTree).should('be.enabled').invoke('text').should('contain', 'Save Tree As');\n      });\n    });\n  });\n});",
              "err": {},
              "uuid": "a9ad2fda-5731-4b22-8d90-73e8787d7b1d",
              "parentUUID": "11bd03c6-0cf8-4cc2-a4bc-6c26eec7bfa3",
              "isHook": false,
              "skipped": false
            },
            {
              "title": "\"New Tree\" Dialog (MAIN-TC-2005, MAIN-TC-2006, MAIN-TC-2007)",
              "fullTitle": "Attack Tree \"New Tree\" Dialog (MAIN-TC-2005, MAIN-TC-2006, MAIN-TC-2007)",
              "timedOut": null,
              "duration": 9746,
              "state": "passed",
              "speed": "medium",
              "pass": true,
              "fail": false,
              "pending": false,
              "context": null,
              "code": "cy.visit(Cypress.env('baseURL') + '/threats').then(() => {\n  cy.get(threatListViewSelector.attackTreeButton).click().then(() => {\n    cy.get(attackTreeSelector.attackTreeDialogTreeButton).eq(1).click().then(() => {\n      cy.get(attackTreeSelector.attackTreeDialogTreeDropDownNewTree).click().then(() => {\n        cy.get(attackTreeSelector.attackTreeDialogNewTreePopup).should('exist');\n        cy.get(attackTreeSelector.attackTreeDialogNewTreePopupConfirmButton).should('not.be.enabled');\n        cy.get(attackTreeSelector.attackTreeDialogNewTreePopupName).type('Automation Tree 2');\n        cy.get(attackTreeSelector.attackTreeDialogNewTreePopupConfirmButton).should('be.enabled').click().then(() => {\n          cy.get(attackTreeSelector.attackTreeDialogLoadedTreeButton).invoke('text').should('include', 'Automation Tree 2');\n        });\n      });\n    });\n  });\n});",
              "err": {},
              "uuid": "22350468-d9f1-4e90-8310-669b5fba130b",
              "parentUUID": "11bd03c6-0cf8-4cc2-a4bc-6c26eec7bfa3",
              "isHook": false,
              "skipped": false
            },
            {
              "title": "\"Change Tree Name\" Dialog (MAIN-TC-2008)",
              "fullTitle": "Attack Tree \"Change Tree Name\" Dialog (MAIN-TC-2008)",
              "timedOut": null,
              "duration": 10044,
              "state": "passed",
              "speed": "slow",
              "pass": true,
              "fail": false,
              "pending": false,
              "context": null,
              "code": "cy.visit(Cypress.env('baseURL') + '/threats').then(() => {\n  cy.get(threatListViewSelector.attackTreeButton).click().then(() => {\n    cy.get(attackTreeSelector.attackTreeDialogTreeButton).eq(1).click().then(() => {\n      cy.get(attackTreeSelector.attackTreeDialogTreeDropDownLoadTree).click().then(() => {\n        cy.get(attackTreeSelector.attackTreeDialogSelectTree).click().then(() => {\n          cy.get(attackTreeSelector.attackTreeDialogNewTreePopupConfirmButton).click().then(() => {\n            cy.get(attackTreeSelector.attackTreeDialogTreeButton).eq(1).click().then(() => {\n              cy.get(attackTreeSelector.attackTreeDialogTreeDropDownChange).click().then(() => {\n                cy.get(attackTreeSelector.attackTreeDialogChangeTreeNamePopup).should('exist');\n              });\n            });\n          });\n        });\n      });\n    });\n  });\n});",
              "err": {},
              "uuid": "94439770-8fb1-433c-9eed-1696e117e896",
              "parentUUID": "11bd03c6-0cf8-4cc2-a4bc-6c26eec7bfa3",
              "isHook": false,
              "skipped": false
            },
            {
              "title": "\"Load & Delete Tree\" Dialog (MAIN-TC-2009, MAIN-TC-2010, MAIN-TC-2012, MAIN-TC-2013, MAIN-TC-2014, MAIN-TC-2028)",
              "fullTitle": "Attack Tree \"Load & Delete Tree\" Dialog (MAIN-TC-2009, MAIN-TC-2010, MAIN-TC-2012, MAIN-TC-2013, MAIN-TC-2014, MAIN-TC-2028)",
              "timedOut": null,
              "duration": 22406,
              "state": "passed",
              "speed": "slow",
              "pass": true,
              "fail": false,
              "pending": false,
              "context": null,
              "code": "cy.visit(Cypress.env('baseURL') + '/threats').then(() => {\n  cy.get(threatListViewSelector.attackTreeButton).click().then(() => {\n    //Attack Tree open\n    cy.get(attackTreeSelector.attackTreeDialogTreeButton).eq(1).click().then(() => {\n      //Tree drop down click\n      cy.get(attackTreeSelector.attackTreeDialogTreeDropDownLoadTree).click().then(() => {\n        //Load Tree click\n        cy.get(attackTreeSelector.attackTreeDialogLoadTreePopup).should('exist'); //Load tree popup\n        cy.get(attackTreeSelector.attackTreeDialogLoadTreeSelectTree).should('exist'); //select project\n        cy.get(attackTreeSelector.attackTreeDialogLoadTreePopupCancelButton).click(); //Cancel the pop up\n      });\n    });\n  });\n  cy.get(attackTreeSelector.attackTreeDialogTreeButton).eq(1).click().then(() => {\n    //Again tree drop down\n    cy.get(attackTreeSelector.attackTreeDialogTreeDropDownDeleteTree).click().then(() => {\n      //Click delete tree\n      cy.get(attackTreeSelector.attackTreeDialogSelectTree).click().then(() => {\n        //select tree\n        cy.get(attackTreeSelector.attackTreeDialogDeleteTreePopupDeleteButton).click().then(() => {\n          //press delete btn\n          cy.get(attackTreeSelector.attackTreeDialogDeleteTreePopupDeleteButton).click(); //delete button(1st )\n        }); //1st tree deleted\n      });\n    });\n  });\n  cy.get(attackTreeSelector.attackTreeDialogTreeButton).eq(1).click().then(() => {\n    //click tree\n    cy.get(attackTreeSelector.attackTreeDialogTreeDropDownDeleteTree).click().then(() => {\n      //select delete\n      cy.get(attackTreeSelector.attackTreeDialogDeleteTreePopup).should('exist'); //delete popup\n      cy.get(attackTreeSelector.attackTreeDialogDeleteTreePopupDeleteButton).should('not.be.enabled'); //delete btn not enable\n      cy.get(attackTreeSelector.attackTreeDialogLoadTreeSelectTree).should('exist').click().then(() => {\n        //select tree\n        cy.get(attackTreeSelector.attackTreeDialogDeleteTreePopupDeleteButton).should('be.enabled').click().then(() => {\n          //click delete\n          cy.get(attackTreeSelector.attackTreeDialogDeleteTreePopupDeleteButton).click().then(() => {\n            //again click delet(2nd deleted)\n            cy.wait(5000); //to wait till the delete snack bar message disappears\n            cy.get(attackTreeSelector.attackTreeDialogTreeButton).eq(1).click().then(() => {\n              //again click tree\n              cy.get(attackTreeSelector.attackTreeDialogTreeDropDownDeleteTree).click();\n              cy.get(navBarSelector.subsequentSnackBarElement).should('exist').invoke('text').should('include', 'No Trees found. Please, create new Tree').then(() => {\n                //working fine\n                cy.get(attackTreeSelector.attackTreeDialogTreeButton).eq(1).click().then(() => {\n                  cy.get(attackTreeSelector.attackTreeDialogTreeDropDownLoadTree).click();\n                  cy.get(navBarSelector.subsequentSnackBarElement).should('exist').invoke('text').should('include', 'No Trees found. Please, create new Tree');\n                });\n              });\n            });\n          });\n        });\n      });\n    });\n  });\n});",
              "err": {},
              "uuid": "e00e9754-c701-4cb2-bc0a-dbd9e0f7ffcf",
              "parentUUID": "11bd03c6-0cf8-4cc2-a4bc-6c26eec7bfa3",
              "isHook": false,
              "skipped": false
            }
          ],
          "suites": [],
          "passes": [
            "e39f0cba-fc6e-4b58-a07f-29f8d36a6435",
            "2136889c-7bb5-486c-a1c3-ecbafca3da26",
            "1a9418c1-fec5-48f3-8281-2bed313098dc",
            "f1f9740a-d82c-4537-8540-154fa58f1a28",
            "9d1cf2f6-34d9-4b21-925c-5e5dce927138",
            "025dc71a-e854-4507-98ca-3c704084e783",
            "a9ad2fda-5731-4b22-8d90-73e8787d7b1d",
            "22350468-d9f1-4e90-8310-669b5fba130b",
            "94439770-8fb1-433c-9eed-1696e117e896",
            "e00e9754-c701-4cb2-bc0a-dbd9e0f7ffcf"
          ],
          "failures": [],
          "pending": [],
          "skipped": [],
          "duration": 171285,
          "root": false,
          "rootEmpty": false,
          "_timeout": 2000
        },
        {
          "uuid": "617c1373-142a-4257-b5c4-2f2cf22a92cd",
          "title": "CLEANUP: Project Deletion",
          "fullFile": "",
          "file": "",
          "beforeHooks": [],
          "afterHooks": [],
          "tests": [
            {
              "title": "Deleting The Project If Created",
              "fullTitle": "CLEANUP: Project Deletion Deleting The Project If Created",
              "timedOut": null,
              "duration": 22792,
              "state": "passed",
              "speed": "slow",
              "pass": true,
              "fail": false,
              "pending": false,
              "context": null,
              "code": "cy.viewport(1920, 1080);\ncy.login().then(() => {\n  cy.visit(Cypress.env('baseURL') + '/dashboard').then(() => {\n    cy.wait(1000);\n    cy.get(navBarSelector.navBarProjectButton).should('be.visible').then(() => {\n      cy.get(navBarSelector.navBarProjectButton).click();\n    }).then(() => {\n      cy.get(navBarSelector.projectListDeleteProjectButton).click();\n    }).then(() => {\n      cy.wait(1000);\n      cy.contains(projectName).then($element => {\n        if ($element.length) {\n          //project exists\n          cy.deleteProject(projectName);\n        }\n      });\n    });\n  });\n});",
              "err": {},
              "uuid": "d5c4b518-2a3a-4d2c-b2c7-121970f6350d",
              "parentUUID": "617c1373-142a-4257-b5c4-2f2cf22a92cd",
              "isHook": false,
              "skipped": false
            }
          ],
          "suites": [],
          "passes": [
            "d5c4b518-2a3a-4d2c-b2c7-121970f6350d"
          ],
          "failures": [],
          "pending": [],
          "skipped": [],
          "duration": 22792,
          "root": false,
          "rootEmpty": false,
          "_timeout": 2000
        }
      ],
      "passes": [],
      "failures": [],
      "pending": [],
      "skipped": [],
      "duration": 0,
      "root": true,
      "rootEmpty": true,
      "_timeout": 2000
    }
  ],
  "meta": {
    "mocha": {
      "version": "7.0.1"
    },
    "mochawesome": {
      "options": {
        "quiet": true,
        "reportFilename": "mochawesome",
        "saveHtml": false,
        "saveJson": true,
        "consoleReporter": "spec",
        "useInlineDiffs": false,
        "code": true
      },
      "version": "6.3.1"
    },
    "marge": {
      "options": {
        "reportDir": "cypress\\reports\\.jsons",
        "overwrite": false,
        "html": false,
        "json": true,
        "timestamp": true,
        "reportTitle": "Vultara Automation Test",
        "showPassed": true,
        "showFailed": true,
        "showPending": true,
        "showSkipped": false,
        "browser": "all",
        "quiet": true
      },
      "version": "5.2.0"
    }
  }
}