{
  "stats": {
    "suites": 1,
    "tests": 7,
    "passes": 7,
    "pending": 0,
    "failures": 0,
    "start": "2024-02-02T11:29:10.242Z",
    "end": "2024-02-02T11:35:31.659Z",
    "duration": 381417,
    "testsRegistered": 7,
    "passPercent": 100,
    "pendingPercent": 0,
    "other": 0,
    "hasOther": false,
    "skipped": 0,
    "hasSkipped": false
  },
  "results": [
    {
      "uuid": "1feea0db-e734-4bde-8ee8-afd51c86b3e9",
      "title": "",
      "fullFile": "cypress\\e2e\\Threat-Generation\\Impact.cy.js",
      "file": "cypress\\e2e\\Threat-Generation\\Impact.cy.js",
      "beforeHooks": [],
      "afterHooks": [],
      "tests": [],
      "suites": [
        {
          "uuid": "e4488a3a-5a80-49c2-8edf-08aa5dc15103",
          "title": "Impact",
          "fullFile": "",
          "file": "",
          "beforeHooks": [],
          "afterHooks": [],
          "tests": [
            {
              "title": "Create Model and Generate Threat",
              "fullTitle": "Impact Create Model and Generate Threat",
              "timedOut": null,
              "duration": 140325,
              "state": "passed",
              "speed": "slow",
              "pass": true,
              "fail": false,
              "pending": false,
              "context": null,
              "code": "cy.createModel().then(() => {\n  cy.visit(Cypress.env('baseURL') + '/threats');\n});",
              "err": {},
              "uuid": "2bade814-5e44-4068-9022-468ffc0cc90f",
              "parentUUID": "e4488a3a-5a80-49c2-8edf-08aa5dc15103",
              "isHook": false,
              "skipped": false
            },
            {
              "title": "Threat No in Impact Popup (MAIN-TC-1626, MAIN-TC-1627)",
              "fullTitle": "Impact Threat No in Impact Popup (MAIN-TC-1626, MAIN-TC-1627)",
              "timedOut": null,
              "duration": 21648,
              "state": "passed",
              "speed": "slow",
              "pass": true,
              "fail": false,
              "pending": false,
              "context": null,
              "code": "cy.visit(Cypress.env('baseURL') + '/threats').then(() => {\n  cy.get(threatListViewSelector.threatListViewImpactButton, {\n    timeout: 20000\n  }).eq(0).click();\n}).then(() => {\n  cy.get(impactPopupSelector.impactPopup, {\n    timeout: 10000\n  }).should('exist');\n  cy.get(impactPopupSelector.impactPopupTitle, {\n    timeout: 10000\n  }).invoke('text').should('include', 'Impact for Threat #1');\n});",
              "err": {},
              "uuid": "cf9e6694-7577-43d1-9bb5-664093d48c69",
              "parentUUID": "e4488a3a-5a80-49c2-8edf-08aa5dc15103",
              "isHook": false,
              "skipped": false
            },
            {
              "title": "Risk level and Impact rating in Impact Popup (MAIN-TC-1643)",
              "fullTitle": "Impact Risk level and Impact rating in Impact Popup (MAIN-TC-1643)",
              "timedOut": null,
              "duration": 19692,
              "state": "passed",
              "speed": "slow",
              "pass": true,
              "fail": false,
              "pending": false,
              "context": null,
              "code": "cy.visit(Cypress.env('baseURL') + '/threats');\nlet riskValue;\nlet Rating;\ncy.get(threatListViewSelector.threatListViewRiskButton, {\n  timeout: 10000\n}).eq(0).invoke('text').then(text => {\n  riskValue = text.trim();\n  cy.get(threatListViewSelector.threatListViewImpactButton, {\n    timeout: 10000\n  }).eq(0).invoke('text').then(text => {\n    Rating = text.trim();\n    cy.get(threatListViewSelector.threatListViewImpactButton).eq(0).click();\n    cy.get(impactPopupSelector.impactPopupRatingTitle).eq(1).invoke('text').should('include', Rating);\n  });\n  cy.get(impactPopupSelector.impactPopupRiskLevelTitle).eq(0).invoke('text').should('include', riskValue);\n});",
              "err": {},
              "uuid": "666beefd-c528-4c97-a469-ae9c43b45964",
              "parentUUID": "e4488a3a-5a80-49c2-8edf-08aa5dc15103",
              "isHook": false,
              "skipped": false
            },
            {
              "title": "Color dot with Each Impact Category (MAIN-TC-1645)",
              "fullTitle": "Impact Color dot with Each Impact Category (MAIN-TC-1645)",
              "timedOut": null,
              "duration": 31639,
              "state": "passed",
              "speed": "slow",
              "pass": true,
              "fail": false,
              "pending": false,
              "context": null,
              "code": "cy.visit(Cypress.env('baseURL') + '/threats');\ncy.get(threatListViewSelector.threatListViewImpactButton, {\n  timeout: 10000\n}).eq(0).click().then(() => {\n  for (let i = 0; i < 4; i++) {\n    cy.get(impactPopupSelector.impactPopupCategoryDropDown, {\n      timeout: 10000\n    }).eq(i).click();\n    cy.get(impactPopupSelector.impactPopupCategoryDropdownModerateOption, {\n      timeout: 10000\n    }).click();\n  }\n}).then(() => {\n  for (let i = 0; i < 4; i++) {\n    cy.get(impactPopupSelector.impactPopupCategoryDropDownColor, {\n      timeout: 10000\n    }).eq(i).should('exist');\n  }\n});",
              "err": {},
              "uuid": "f56de168-e6a6-4f57-81ec-8ee42c8b563a",
              "parentUUID": "e4488a3a-5a80-49c2-8edf-08aa5dc15103",
              "isHook": false,
              "skipped": false
            },
            {
              "title": "Edit the Reviewed Threat(MAIN-TC-1681) ",
              "fullTitle": "Impact Edit the Reviewed Threat(MAIN-TC-1681) ",
              "timedOut": null,
              "duration": 29632,
              "state": "passed",
              "speed": "slow",
              "pass": true,
              "fail": false,
              "pending": false,
              "context": null,
              "code": "cy.visit(Cypress.env('baseURL') + '/threats');\ncy.get(threatListViewSelector.threatListViewReviewCheckBox, {\n  timeout: 10000\n}).eq(0).click() //Marking threat as reviewed\n.then(() => {\n  cy.get(threatListViewSelector.threatListViewImpactButton).eq(0).click();\n}).then(() => {\n  cy.get(impactPopupSelector.impactPopupCategoryDropDown).eq(0).should('not.be.enabled');\n  cy.get(impactPopupSelector.impactPopuDamageScenarioTextArea).should('not.be.enabled');\n});\ncy.get(impactPopupSelector.impactPopupCancelButton, {\n  timeout: 10000\n}).click().then(() => {\n  cy.get(threatListViewSelector.threatListViewReviewCheckBox, {\n    timeout: 10000\n  }).eq(0).click(); //Marking threat as unreviewed\n}).then(() => {\n  cy.get(threatListViewSelector.threatListViewReviewCheckBox, {\n    timeout: 10000\n  }).eq(0).click();\n}).then(() => {\n  cy.get(impactPopupSelector.impactPopupConfirmButton, {\n    timeout: 10000\n  }).click();\n});",
              "err": {},
              "uuid": "151b5d90-c1f1-4050-b328-1a3086fc3f5d",
              "parentUUID": "e4488a3a-5a80-49c2-8edf-08aa5dc15103",
              "isHook": false,
              "skipped": false
            },
            {
              "title": "Impact having Some treatment Value (MAIN-TC-1682, MAIN-TC-1683)",
              "fullTitle": "Impact Impact having Some treatment Value (MAIN-TC-1682, MAIN-TC-1683)",
              "timedOut": null,
              "duration": 28655,
              "state": "passed",
              "speed": "slow",
              "pass": true,
              "fail": false,
              "pending": false,
              "context": null,
              "code": "cy.visit(Cypress.env('baseURL') + '/threats').then(() => {\n  cy.get(threatListViewSelector.threatListViewThreatTreatmentSelect, {\n    timeout: 10000\n  }).eq(0).click();\n});\ncy.get(threatListViewSelector.threatTreatmentReduceOption, {\n  timeout: 10000\n}).click();\ncy.get(threatListViewSelector.threatListViewImpactButton, {\n  timeout: 10000\n}).eq(0).click({\n  force: true\n}).then(() => {\n  cy.get(impactPopupSelector.impactPopupBeforeAfterToggleButton, {\n    timeout: 10000\n  }).should('exist');\n});\ncy.get(impactPopupSelector.impactPopupCategoryHeading, {\n  timeout: 10000\n}).invoke('text').should('include', 'After');\ncy.get(impactPopupSelector.impactPopupBeforeAfterToggleButton, {\n  timeout: 10000\n}).click().then(() => {\n  cy.get(impactPopupSelector.impactPopupCategoryHeading, {\n    timeout: 10000\n  }).invoke('text').should('include', 'Before');\n}).then(() => {\n  cy.get(impactPopupSelector.impactPopupCloseButton).click();\n});",
              "err": {},
              "uuid": "dc2a57ce-8be9-47ce-881c-f2b4bbf0f102",
              "parentUUID": "e4488a3a-5a80-49c2-8edf-08aa5dc15103",
              "isHook": false,
              "skipped": false
            },
            {
              "title": "Comparing Before and After Value (MAIN-TC-1684)",
              "fullTitle": "Impact Comparing Before and After Value (MAIN-TC-1684)",
              "timedOut": null,
              "duration": 50770,
              "state": "passed",
              "speed": "slow",
              "pass": true,
              "fail": false,
              "pending": false,
              "context": null,
              "code": "cy.visit(Cypress.env('baseURL') + '/threats').then(() => {\n  cy.get(threatListViewSelector.threatListViewThreatTreatmentSelect, {\n    timeout: 10000\n  }).eq(0).click();\n});\ncy.get(threatListViewSelector.threatTreatmentRetaintOption, {\n  timeout: 10000\n}).click({\n  force: true\n}).then(() => {\n  cy.get(threatListViewSelector.threatListViewImpactButton).eq(0).click();\n}).then(() => {\n  for (let i = 0; i < 4; i++) {\n    cy.get(impactPopupSelector.impactPopupCategoryDropDown, {\n      timeout: 10000\n    }).eq(i).click();\n    cy.get(impactPopupSelector.impactPopupCategoryDropdownNegligibleOption, {\n      timeout: 10000\n    }).click();\n  }\n});\ncy.get(impactPopupSelector.impactPopupRiskLevelTitle, {\n  timeout: 10000\n}).eq(0).invoke('text').should('include', '4');\ncy.get(impactPopupSelector.impactPopupRatingTitle, {\n  timeout: 10000\n}).eq(1).invoke('text').should('include', 'Negligible');\ncy.get(impactPopupSelector.impactPopupBeforeAfterToggleButton).click().then(() => {\n  for (let i = 0; i < 4; i++) {\n    cy.get(impactPopupSelector.impactPopupCategoryDropDown, {\n      timeout: 10000\n    }).eq(i).click();\n    cy.get(impactPopupSelector.impactPopupCategoryDropdownModerateOption, {\n      timeout: 10000\n    }).click();\n  }\n});\ncy.get(impactPopupSelector.impactPopupRiskLevelTitle, {\n  timeout: 10000\n}).eq(0).invoke('text').should('include', '5');\ncy.get(impactPopupSelector.impactPopupRatingTitle, {\n  timeout: 10000\n}).eq(1).invoke('text').should('include', 'Moderate');\ncy.get(impactPopupSelector.impactPopupRiskLevelTitle, {\n  timeout: 10000\n}).eq(0).invoke('text').should('contain', 'Risk Level: 5→ 4');\ncy.get(impactPopupSelector.impactPopupRatingTitle, {\n  timeout: 10000\n}).eq(1).invoke('text').should('contain', 'Impact Rating: Moderate → Negligible');",
              "err": {},
              "uuid": "e4b6237f-4fa7-4373-89c9-2edbed9f6c16",
              "parentUUID": "e4488a3a-5a80-49c2-8edf-08aa5dc15103",
              "isHook": false,
              "skipped": false
            }
          ],
          "suites": [],
          "passes": [
            "2bade814-5e44-4068-9022-468ffc0cc90f",
            "cf9e6694-7577-43d1-9bb5-664093d48c69",
            "666beefd-c528-4c97-a469-ae9c43b45964",
            "f56de168-e6a6-4f57-81ec-8ee42c8b563a",
            "151b5d90-c1f1-4050-b328-1a3086fc3f5d",
            "dc2a57ce-8be9-47ce-881c-f2b4bbf0f102",
            "e4b6237f-4fa7-4373-89c9-2edbed9f6c16"
          ],
          "failures": [],
          "pending": [],
          "skipped": [],
          "duration": 322361,
          "root": false,
          "rootEmpty": false,
          "_timeout": 2000
        }
      ],
      "passes": [],
      "failures": [],
      "pending": [],
      "skipped": [],
      "duration": 0,
      "root": true,
      "rootEmpty": true,
      "_timeout": 2000
    }
  ],
  "meta": {
    "mocha": {
      "version": "7.0.1"
    },
    "mochawesome": {
      "options": {
        "quiet": true,
        "reportFilename": "mochawesome",
        "saveHtml": false,
        "saveJson": true,
        "consoleReporter": "spec",
        "useInlineDiffs": false,
        "code": true
      },
      "version": "6.3.1"
    },
    "marge": {
      "options": {
        "reportDir": "cypress\\reports\\.jsons",
        "overwrite": false,
        "html": false,
        "json": true,
        "timestamp": true,
        "reportTitle": "Vultara Automation Test",
        "showPassed": true,
        "showFailed": true,
        "showPending": true,
        "showSkipped": false,
        "browser": "all",
        "quiet": true
      },
      "version": "5.2.0"
    }
  }
}