{
  "stats": {
    "suites": 1,
    "tests": 6,
    "passes": 6,
    "pending": 0,
    "failures": 0,
    "start": "2024-02-01T03:09:02.939Z",
    "end": "2024-02-01T03:14:24.684Z",
    "duration": 321745,
    "testsRegistered": 6,
    "passPercent": 100,
    "pendingPercent": 0,
    "other": 0,
    "hasOther": false,
    "skipped": 0,
    "hasSkipped": false
  },
  "results": [
    {
      "uuid": "d174a58d-a802-4cde-92b1-36c41e5ad4c8",
      "title": "",
      "fullFile": "cypress\\e2e\\cybersecurity-pool\\goal-pool.cy.js",
      "file": "cypress\\e2e\\cybersecurity-pool\\goal-pool.cy.js",
      "beforeHooks": [],
      "afterHooks": [],
      "tests": [],
      "suites": [
        {
          "uuid": "a72302b9-c818-40a8-93fa-cc01b9db308e",
          "title": "Cybersecurity Control Pool",
          "fullFile": "",
          "file": "",
          "beforeHooks": [],
          "afterHooks": [],
          "tests": [
            {
              "title": "Add Goal Button, No Goal message (MAIN-TC-767, MAIN-TC-632)",
              "fullTitle": "Cybersecurity Control Pool Add Goal Button, No Goal message (MAIN-TC-767, MAIN-TC-632)",
              "timedOut": null,
              "duration": 169419,
              "state": "passed",
              "speed": "slow",
              "pass": true,
              "fail": false,
              "pending": false,
              "context": null,
              "code": "cy.visit(Cypress.env('baseURL') + '/cybersecurity-goal').then(() => {\n  cy.get(cybersecurityGoalSelector.goalAddNewGoalButton, {\n    timeout: 10000\n  }).should('exist');\n});\ncy.get(cybersecurityGoalSelector.goalNoGoalFoundParagraph, {\n  timeout: 10000\n}).should('exist').then(() => {\n  cy.get(cybersecurityGoalSelector.goalNoGoalFoundParagraph, {\n    timeout: 10000\n  }).invoke('text').should('contain', 'No cybersecurity goal found');\n});",
              "err": {},
              "uuid": "39828927-e849-40c7-890a-e8b13c1979e1",
              "parentUUID": "a72302b9-c818-40a8-93fa-cc01b9db308e",
              "isHook": false,
              "skipped": false
            },
            {
              "title": "Add New Goal Pop Up (MAIN-TC-769, MAIN-TC-375)",
              "fullTitle": "Cybersecurity Control Pool Add New Goal Pop Up (MAIN-TC-769, MAIN-TC-375)",
              "timedOut": null,
              "duration": 16571,
              "state": "passed",
              "speed": "slow",
              "pass": true,
              "fail": false,
              "pending": false,
              "context": null,
              "code": "cy.visit(Cypress.env('baseURL') + '/cybersecurity-goal').then(() => {\n  cy.get(cybersecurityGoalSelector.goalAddNewGoalButton, {\n    timeout: 10000\n  }).click();\n});\ncy.get(cybersecurityGoalSelector.addNewGoalDialog, {\n  timeout: 10000\n}).should('exist').then(() => {\n  cy.get(cybersecurityGoalSelector.addNewGoalDialogConfirmButton, {\n    timeout: 10000\n  }).should('exist').should('not.be.enabled');\n  cy.get(cybersecurityGoalSelector.addNewGoalDialogCancelButton, {\n    timeout: 10000\n  }).should('exist');\n});",
              "err": {},
              "uuid": "80b01125-5650-4283-b393-dceb61d7bf61",
              "parentUUID": "a72302b9-c818-40a8-93fa-cc01b9db308e",
              "isHook": false,
              "skipped": false
            },
            {
              "title": "Snakbar Message(MAIN-TC-376) ",
              "fullTitle": "Cybersecurity Control Pool Snakbar Message(MAIN-TC-376) ",
              "timedOut": null,
              "duration": 21840,
              "state": "passed",
              "speed": "slow",
              "pass": true,
              "fail": false,
              "pending": false,
              "context": null,
              "code": "cy.visit(Cypress.env('baseURL') + '/cybersecurity-goal').then(() => {\n  cy.get(cybersecurityGoalSelector.goalAddNewGoalButton, {\n    timeout: 10000\n  }).click();\n});\ncy.get(cybersecurityGoalSelector.addNewGoalDialogContentTextArea, {\n  timeout: 10000\n}).type('Project Goal 1').then(() => {\n  cy.get(cybersecurityGoalSelector.addNewGoalDialogConfirmButton, {\n    timeout: 10000\n  }).click();\n});\ncy.get(cybersecurityGoalSelector.goalSnackBarMessageSuccessfulCreation, {\n  timeout: 5000\n}).invoke('text').should('contain', 'Cybersecurity goal saved successfully!');",
              "err": {},
              "uuid": "55dcfab9-9458-43e8-800a-4f3be5764303",
              "parentUUID": "a72302b9-c818-40a8-93fa-cc01b9db308e",
              "isHook": false,
              "skipped": false
            },
            {
              "title": "Format for the Row Number(MAIN-TC-377)",
              "fullTitle": "Cybersecurity Control Pool Format for the Row Number(MAIN-TC-377)",
              "timedOut": null,
              "duration": 21279,
              "state": "passed",
              "speed": "slow",
              "pass": true,
              "fail": false,
              "pending": false,
              "context": null,
              "code": "cy.visit(Cypress.env('baseURL') + '/cybersecurity-goal').then(() => {\n  cy.get(cybersecurityGoalSelector.goalAddNewGoalButton, {\n    timeout: 10000\n  }).click();\n});\ncy.get(cybersecurityGoalSelector.addNewGoalDialogContentTextArea, {\n  timeout: 10000\n}).type('Project Goal 2').then(() => {\n  cy.get(cybersecurityGoalSelector.addNewGoalDialogConfirmButton, {\n    timeout: 10000\n  }).click();\n});\ncy.get(cybersecurityGoalSelector.goalSerialNumber, {\n  timeout: 10000\n}).should('have.length', 2).then(() => {\n  cy.get(cybersecurityGoalSelector.goalSerialNumber, {\n    timeout: 10000\n  }).eq(0).invoke('text').then(lastThreat => {\n    cy.get(cybersecurityGoalSelector.goalSerialNumber, {\n      timeout: 10000\n    }).eq(1).invoke('text').then(firstThreat => {\n      // Convert the text values to numbers for comparison\n      const lastThreatValue = parseInt(lastThreat.replace(/\\D/g, ''), 10); // Assuming the value is something like 'GL1'\n      const firstThreatValue = parseInt(firstThreat.replace(/\\D/g, ''), 10); // Assuming the value is something like 'GL2'\n      // Make the assertion\n      expect(lastThreatValue).to.be.greaterThan(firstThreatValue);\n    });\n  });\n});",
              "err": {},
              "uuid": "c37faec8-dc35-4980-b76a-4054666627a2",
              "parentUUID": "a72302b9-c818-40a8-93fa-cc01b9db308e",
              "isHook": false,
              "skipped": false
            },
            {
              "title": "Deleting the Goal will not effect Row Numbers(MAIN-TC-378)",
              "fullTitle": "Cybersecurity Control Pool Deleting the Goal will not effect Row Numbers(MAIN-TC-378)",
              "timedOut": null,
              "duration": 21385,
              "state": "passed",
              "speed": "slow",
              "pass": true,
              "fail": false,
              "pending": false,
              "context": null,
              "code": "cy.visit(Cypress.env('baseURL') + '/cybersecurity-goal').then(() => {\n  cy.get(cybersecurityGoalSelector.goalAddNewGoalButton, {\n    timeout: 10000\n  }).click();\n});\ncy.get(cybersecurityGoalSelector.addNewGoalDialogContentTextArea, {\n  timeout: 10000\n}).type('Project Goal 3').then(() => {\n  cy.get(cybersecurityGoalSelector.addNewGoalDialogConfirmButton, {\n    timeout: 10000\n  }).click();\n});\ncy.get(cybersecurityGoalSelector.goalSerialNumber, {\n  timeout: 10000\n}).should('have.length', 2).then(() => {\n  cy.get(cybersecurityGoalSelector.goalDropDownButton, {\n    timeout: 10000\n  }).eq(1).click(); //Deleting the 2nd Goal\n  cy.get(cybersecurityGoalSelector.goalDropDownDeleteOption, {\n    timeout: 10000\n  }).click();\n  cy.get(cybersecurityGoalSelector.goalDeleteConfirmButton, {\n    timeout: 10000\n  }).click();\n  // Make sure the UI updates and the first goal becomes GL3 and the second goal becomes GL1\n  cy.get(cybersecurityGoalSelector.goalSerialNumber, {\n    timeout: 10000\n  }).eq(0).invoke('text').should('include', 'GL3');\n  cy.get(cybersecurityGoalSelector.goalSerialNumber, {\n    timeout: 10000\n  }).eq(1).invoke('text').should('include', 'GL1');\n});",
              "err": {},
              "uuid": "a6996f22-7e8d-4d61-94c9-8c15d9f1b1ce",
              "parentUUID": "a72302b9-c818-40a8-93fa-cc01b9db308e",
              "isHook": false,
              "skipped": false
            },
            {
              "title": "Deleting The Created project",
              "fullTitle": "Cybersecurity Control Pool Deleting The Created project",
              "timedOut": null,
              "duration": 51032,
              "state": "passed",
              "speed": "slow",
              "pass": true,
              "fail": false,
              "pending": false,
              "context": null,
              "code": "cy.deleteProject(projectName);",
              "err": {},
              "uuid": "8c699a30-c98d-40c7-a319-1d241be97462",
              "parentUUID": "a72302b9-c818-40a8-93fa-cc01b9db308e",
              "isHook": false,
              "skipped": false
            }
          ],
          "suites": [],
          "passes": [
            "39828927-e849-40c7-890a-e8b13c1979e1",
            "80b01125-5650-4283-b393-dceb61d7bf61",
            "55dcfab9-9458-43e8-800a-4f3be5764303",
            "c37faec8-dc35-4980-b76a-4054666627a2",
            "a6996f22-7e8d-4d61-94c9-8c15d9f1b1ce",
            "8c699a30-c98d-40c7-a319-1d241be97462"
          ],
          "failures": [],
          "pending": [],
          "skipped": [],
          "duration": 301526,
          "root": false,
          "rootEmpty": false,
          "_timeout": 2000
        }
      ],
      "passes": [],
      "failures": [],
      "pending": [],
      "skipped": [],
      "duration": 0,
      "root": true,
      "rootEmpty": true,
      "_timeout": 2000
    }
  ],
  "meta": {
    "mocha": {
      "version": "7.0.1"
    },
    "mochawesome": {
      "options": {
        "quiet": true,
        "reportFilename": "mochawesome",
        "saveHtml": false,
        "saveJson": true,
        "consoleReporter": "spec",
        "useInlineDiffs": false,
        "code": true
      },
      "version": "6.3.1"
    },
    "marge": {
      "options": {
        "reportDir": "cypress\\reports\\.jsons",
        "overwrite": false,
        "html": false,
        "json": true,
        "timestamp": true,
        "reportTitle": "Vultara Automation Test",
        "showPassed": true,
        "showFailed": true,
        "showPending": true,
        "showSkipped": false,
        "browser": "all",
        "quiet": true
      },
      "version": "5.2.0"
    }
  }
}