{
  "stats": {
    "suites": 1,
    "tests": 4,
    "passes": 4,
    "pending": 0,
    "failures": 0,
    "start": "2024-02-07T08:40:30.469Z",
    "end": "2024-02-07T08:43:33.603Z",
    "duration": 183134,
    "testsRegistered": 4,
    "passPercent": 100,
    "pendingPercent": 0,
    "other": 0,
    "hasOther": false,
    "skipped": 0,
    "hasSkipped": false
  },
  "results": [
    {
      "uuid": "d14c9f64-fc8f-42c0-950f-4ebd5ff646a6",
      "title": "",
      "fullFile": "cypress\\e2e\\modeling-view\\model-creation-threat-generation.cy.js",
      "file": "cypress\\e2e\\modeling-view\\model-creation-threat-generation.cy.js",
      "beforeHooks": [],
      "afterHooks": [],
      "tests": [],
      "suites": [
        {
          "uuid": "aca33362-e595-4f23-a864-ea58166b9647",
          "title": "Model Creation and Generating Threats",
          "fullFile": "",
          "file": "",
          "beforeHooks": [],
          "afterHooks": [],
          "tests": [
            {
              "title": "Test Case 1: Creating a new Model (MAIN-TC-789, MAIN-TC-790, MAIN-TC-792, MAIN-TC-785, MAIN-TC-151)",
              "fullTitle": "Model Creation and Generating Threats Test Case 1: Creating a new Model (MAIN-TC-789, MAIN-TC-790, MAIN-TC-792, MAIN-TC-785, MAIN-TC-151)",
              "timedOut": null,
              "duration": 55257,
              "state": "passed",
              "speed": "slow",
              "pass": true,
              "fail": false,
              "pending": false,
              "context": null,
              "code": "// Opem Modeling Page\ncy.visit(Cypress.env(\"baseURL\") + \"/modeling\");\ncy.url().should('contain', '/modeling'); //Assertion to check if modeiing page is opened\n//Working on Drag and Drop\ncy.wait(1000);\n// Get the source element you want to drag\nconst dataTransfer = new DataTransfer();\ncy.get(modelingViewSelector.componentLibraryMicrocontroller, {\n  timeout: 15000\n}).trigger('dragstart', {\n  dataTransfer,\n  force: true\n}).then(() => {\n  cy.get(modelingViewSelector.modelingViewCanvas, {\n    timeout: 10000\n  }).trigger('drop', {\n    dataTransfer,\n    force: true,\n    clientX: 400,\n    clientY: 400\n  });\n})\n// Checking if the Name is present on microcontroller\n//cy.get('.module-text').eq(1).should('contain','Microcontroller');\n.then(() => {\n  // Continue chaining other actions as needed\n  cy.get(modelingViewSelector.componentLibraryModule, {\n    timeout: 10000\n  }).trigger('dragstart', {\n    dataTransfer,\n    force: true\n  });\n  cy.get(modelingViewSelector.modelingViewCanvas, {\n    timeout: 10000\n  }).trigger('drop', {\n    dataTransfer,\n    force: true,\n    clientX: 800,\n    clientY: 400\n  });\n}).then(() => {\n  cy.get(modelingViewSelector.componentLibraryUserAttacker, {\n    timeout: 10000\n  }).trigger('dragstart', {\n    dataTransfer,\n    force: true\n  });\n  cy.get(modelingViewSelector.modelingViewCanvas).trigger('drop', {\n    dataTransfer,\n    force: true,\n    clientX: 600,\n    clientY: 800\n  });\n}).then(() => {\n  cy.get(modelingViewSelector.componentLibraryCommunicationLine, {\n    timeout: 10000\n  }).trigger('dragstart', {\n    dataTransfer,\n    force: true\n  });\n  cy.get(modelingViewSelector.modelingViewCanvas, {\n    timeout: 10000\n  }).trigger('drop', {\n    dataTransfer,\n    force: true,\n    clientX: 600,\n    clientY: 400\n  });\n  cy.wait(2000);\n}).then(() => {\n  cy.get(modelingViewSelector.componentLibraryCommunicationLine, {\n    timeout: 10000\n  }).trigger('dragstart', {\n    dataTransfer,\n    force: true\n  });\n  cy.get(modelingViewSelector.modelingViewCanvas).trigger('drop', {\n    dataTransfer,\n    force: true,\n    clientX: 500,\n    clientY: 600\n  });\n})\n// Asserting the Delete dialog box when deleting the Communication Line\n// Have to delete this line\n.then(() => {\n  cy.get(modelingViewSelector.componentLibraryCommunicationLine, {\n    timeout: 10000\n  }).trigger('dragstart', {\n    dataTransfer,\n    force: true\n  });\n  cy.get(modelingViewSelector.modelingViewCanvas, {\n    timeout: 10000\n  }).trigger('drop', {\n    dataTransfer,\n    force: true,\n    clientX: 700,\n    clientY: 600\n  });\n});\ncy.get(modelingViewSelector.drawingCanvasCommunicationLine, {\n  timeout: 10000\n}).eq(2).rightclick({\n  force: true\n}).then(() => {\n  cy.get(modelingViewSelector.componentSpecRemoveLineButton, {\n    timeout: 10000\n  }).click({\n    force: true\n  });\n  cy.get(navBarSelector.confirmDialogueParagraph, {\n    timeout: 10000\n  }).should('contain', 'Are you sure you want to delete');\n}).then(() => {\n  cy.get(navBarSelector.confirmDialogueDeleteButton, {\n    timeout: 10000\n  }).click({\n    force: true\n  });\n}).then(() => {\n  // Connecting the Wire with Actor and Module\n  cy.get(modelingViewSelector.drawingCanvasLineStartCircle, {\n    timeout: 10000\n  }).eq(0).realClick().realMouseDown().realMouseMove(-250, 0).get(modelingViewSelector.drawingCanvasMicrocontroller).realMouseUp();\n  cy.get(modelingViewSelector.drawingCanvasLineEndCircle, {\n    timeout: 10000\n  }).eq(0).realClick().realMouseDown().realMouseMove(50, 0).get(modelingViewSelector.drawingCanvasModule).eq(0).realMouseUp();\n  cy.get(modelingViewSelector.drawingCanvasLineStartCircle, {\n    timeout: 10000\n  }).eq(1).realClick().realMouseDown().realMouseMove(-20, -250).get(modelingViewSelector.drawingCanvasMicrocontroller).realMouseUp();\n  cy.get(modelingViewSelector.drawingCanvasLineEndCircle, {\n    timeout: 10000\n  }).eq(1).realClick().realMouseDown().realMouseMove(20, -250).get(modelingViewSelector.drawingCanvasModule).eq(1).realMouseUp();\n  cy.wait(1000);\n}).then(() => {\n  cy.get(modelingViewSelector.modelingViewSaveIcon, {\n    timeout: 10000\n  }).click(); // save\n  return cy.wait(1000);\n});",
              "err": {},
              "uuid": "563511d4-7723-412d-b2c1-296d9c053af7",
              "parentUUID": "aca33362-e595-4f23-a864-ea58166b9647",
              "isHook": false,
              "skipped": false
            },
            {
              "title": "Test Case 2: Add Project BOM (MAIN-TC-1839)",
              "fullTitle": "Model Creation and Generating Threats Test Case 2: Add Project BOM (MAIN-TC-1839)",
              "timedOut": null,
              "duration": 50217,
              "state": "passed",
              "speed": "slow",
              "pass": true,
              "fail": false,
              "pending": false,
              "context": null,
              "code": "cy.visit(Cypress.env('baseURL'));\ncy.wait(2000);\ncy.get(navBarSelector.navBarViewButton, {\n  timeout: 20000\n}).click();\ncy.get(navBarSelector.viewListProjectBomButton, {\n  timeout: 20000\n}).click();\ncy.wait(1000);\ncy.get(projectBomSelector.projectBomAddNewBomButton, {\n  timeout: 20000\n}).should('not.be.disabled').click();\n(0, _cypressRecurse.recurse)(() => cy.get(projectBomSelector.addnewBomFormVersionInput, {\n  timeout: 20000\n}).clear().type('Automation ID 1'), $inputField => $inputField.val() === 'Automation ID 1', {\n  delay: 1000\n}).should('have.value', 'Automation ID 1').then(() => {\n  (0, _cypressRecurse.recurse)(() => cy.get(projectBomSelector.addNewBomDialogProductInput, {\n    timeout: 20000\n  }).clear().type('Product ID 1'), $inputField => $inputField.val() === 'Product ID 1', {\n    delay: 1000\n  }).should('have.value', 'Product ID 1').then(() => {\n    (0, _cypressRecurse.recurse)(() => cy.get(projectBomSelector.addNewBomDialogVendorInput, {\n      timeout: 20000\n    }).clear().type('Vendor ID 1'), $inputField => $inputField.val() === 'Vendor ID 1', {\n      delay: 1000\n    }).should('have.value', 'Vendor ID 1').then(() => {\n      cy.get(projectBomSelector.addNewBomDialogPartSelect).click();\n      cy.get(projectBomSelector.addNewBomDialogPartOption, {\n        timeout: 20000\n      }).eq(1).click().then(() => {\n        cy.get(projectBomSelector.addNewBomDialogConfirmButton, {\n          timeout: 20000\n        }).should('exist').click();\n      });\n    });\n  });\n  cy.wait(3000);\n}).then(() => {\n  cy.get(projectBomSelector.projectBomAddFromMicroLibraryButton, {\n    timeout: 20000\n  }).should('not.be.disabled').click({\n    force: true\n  }); // Add BOM from Micro Library\n  cy.get(projectBomSelector.addFromMicroLibraryFilterListOption).eq(2).click();\n  (0, _cypressRecurse.recurse)(() => cy.get(projectBomSelector.addnewBomFormVersionInput).clear().type('Version1'), $inputField => $inputField.val() === 'Version1', {\n    delay: 1000\n  }).should('have.value', 'Version1').then(() => {\n    cy.get(navBarSelector.confirmDialogueConfirmButton, {\n      timeout: 20000\n    }).should('exist').click();\n    cy.wait(2000);\n  });\n});",
              "err": {},
              "uuid": "9a60f346-9264-440f-ace2-eca9569fc0c5",
              "parentUUID": "aca33362-e595-4f23-a864-ea58166b9647",
              "isHook": false,
              "skipped": false
            },
            {
              "title": "Test Case 3: Adding Features to Project & Generating Threats (MAIN-TC-152, MAIN-TC-1674)",
              "fullTitle": "Model Creation and Generating Threats Test Case 3: Adding Features to Project & Generating Threats (MAIN-TC-152, MAIN-TC-1674)",
              "timedOut": null,
              "duration": 37764,
              "state": "passed",
              "speed": "slow",
              "pass": true,
              "fail": false,
              "pending": false,
              "context": null,
              "code": "cy.wait(1000);\ncy.visit(Cypress.env(\"baseURL\") + \"/modeling\");\ncy.then(() => {\n  //Adding project Features \n  cy.get(modelingViewSelector.drawingCanvasMicrocontroller, {\n    timeout: 15000\n  }).rightclick();\n  cy.wait(500);\n  cy.get(modelingViewSelector.componentSpecComponentNameInput).clear().type('Automation Test Micro');\n  //component model\n  cy.get(modelingViewSelector.componentSpecComponentModelInput, {\n    timeout: 10000\n  }).click();\n});\n//cy.get('.mdc-list-item__primary-text').click()\n//Test Case \n// cy.get(modelingViewSelector.componentSpecFeatureSettingsModuleSelect).click()\n// cy.get(\"mat-option[ng-reflect-value='aws']\").click()\n// cy.wait(5000);\n// cy.get('#microFeatureInput').clear(); {force: true}\n// cy.get(modelingViewSelector.componentSpecFeatureSettingsSubmitButton).click();\n// cy.get('.mat-mdc-simple-snack-bar > .mat-mdc-snack-bar-label').should(\"exist\");//Assertion to check Error Message is shown\n//Feature Setting\ncy.get(modelingViewSelector.componentSpecFeatureSettingsModuleSelect, {\n  timeout: 10000\n}).click().then(() => {\n  cy.get(modelingViewSelector.componentSpectFeatureSettingsTesteOption, {\n    timeout: 10000\n  }).click();\n}).then(() => {\n  //Selecting Tested \n  cy.get(modelingViewSelector.componentSpecFeatureSettingsSubmitButton, {\n    timeout: 10000\n  }).click();\n});\n//software BOM\n//cy.get('.mdc-list-item__primary-text').click();\ncy.wait(1000);\n//Adding Feature to Communication Line\n//Line 1\ncy.get(modelingViewSelector.drawingCanvasCommunicationLine, {\n  timeout: 10000\n}).eq(0).rightclick({\n  force: true\n});\ncy.wait(1000);\ncy.get(modelingViewSelector.communicationLineSpecNameInput, {\n  timeout: 10000\n}).clear().type(\"Communication Line 1\");\ncy.get(modelingViewSelector.communicationLineSpecTransmissionSelect, {\n  timeout: 10000\n}).click();\ncy.get(modelingViewSelector.transmissionMediaShortRangeWirelessOption, {\n  timeout: 10000\n}).click();\ncy.wait(1000);\ncy.get(modelingViewSelector.communicationLineSpecBaseProtocolSelect, {\n  timeout: 10000\n}).click();\ncy.get(modelingViewSelector.baseProtocolBluetoothOption, {\n  timeout: 10000\n}).click();\ncy.wait(500);\n//Line 2\ncy.get(modelingViewSelector.drawingCanvasCommunicationLine, {\n  timeout: 10000\n}).eq(1).rightclick({\n  force: true\n});\ncy.wait(500);\ncy.get(modelingViewSelector.communicationLineSpecNameInput, {\n  timeout: 10000\n}).clear().type(\"Communication Line 2\");\ncy.get(modelingViewSelector.communicationLineSpecTransmissionSelect, {\n  timeout: 10000\n}).click();\ncy.get(modelingViewSelector.transmissionMediaShortRangeWirelessOption).click();\ncy.wait(500);\ncy.get(modelingViewSelector.communicationLineSpecBaseProtocolSelect, {\n  timeout: 10000\n}).click();\ncy.get(modelingViewSelector.baseProtocolBluetoothOption, {\n  timeout: 10000\n}).click();\ncy.wait(1000);\n//Generating Threats\ncy.get(navBarSelector.navBarRunTheModelIcon).click();\ncy.get(navBarSelector.loader, {\n  timeout: 10000\n}).should('exist'); //assertion to check if the loader is being shown\ncy.wait(10000);\ncy.url().should('contain', '/threats');",
              "err": {},
              "uuid": "c895bdc5-88d6-4eee-bfd9-a6b6383bdf91",
              "parentUUID": "aca33362-e595-4f23-a864-ea58166b9647",
              "isHook": false,
              "skipped": false
            },
            {
              "title": "Test Case 4: Deleting the Created Project (MAIN-TC-847)",
              "fullTitle": "Model Creation and Generating Threats Test Case 4: Deleting the Created Project (MAIN-TC-847)",
              "timedOut": null,
              "duration": 33008,
              "state": "passed",
              "speed": "slow",
              "pass": true,
              "fail": false,
              "pending": false,
              "context": null,
              "code": "cy.deleteProject(projectName);",
              "err": {},
              "uuid": "2fe3abc3-88d7-4d8a-b366-899305631d65",
              "parentUUID": "aca33362-e595-4f23-a864-ea58166b9647",
              "isHook": false,
              "skipped": false
            }
          ],
          "suites": [],
          "passes": [
            "563511d4-7723-412d-b2c1-296d9c053af7",
            "9a60f346-9264-440f-ace2-eca9569fc0c5",
            "c895bdc5-88d6-4eee-bfd9-a6b6383bdf91",
            "2fe3abc3-88d7-4d8a-b366-899305631d65"
          ],
          "failures": [],
          "pending": [],
          "skipped": [],
          "duration": 176246,
          "root": false,
          "rootEmpty": false,
          "_timeout": 2000
        }
      ],
      "passes": [],
      "failures": [],
      "pending": [],
      "skipped": [],
      "duration": 0,
      "root": true,
      "rootEmpty": true,
      "_timeout": 2000
    }
  ],
  "meta": {
    "mocha": {
      "version": "7.0.1"
    },
    "mochawesome": {
      "options": {
        "quiet": true,
        "reportFilename": "mochawesome",
        "saveHtml": false,
        "saveJson": true,
        "consoleReporter": "spec",
        "useInlineDiffs": false,
        "code": true
      },
      "version": "6.3.1"
    },
    "marge": {
      "options": {
        "reportDir": "cypress\\reports\\.jsons",
        "overwrite": false,
        "html": false,
        "json": true,
        "timestamp": true,
        "reportTitle": "Vultara Automation Test",
        "showPassed": true,
        "showFailed": true,
        "showPending": true,
        "showSkipped": false,
        "browser": "all",
        "quiet": true
      },
      "version": "5.2.0"
    }
  }
}