{
  "stats": {
    "suites": 1,
    "tests": 7,
    "passes": 1,
    "pending": 1,
    "failures": 5,
    "start": "2024-02-22T12:07:52.356Z",
    "end": "2024-02-22T12:12:25.944Z",
    "duration": 273588,
    "testsRegistered": 8,
    "passPercent": 14.285714285714285,
    "pendingPercent": 12.5,
    "other": 1,
    "hasOther": true,
    "skipped": 0,
    "hasSkipped": false
  },
  "results": [
    {
      "uuid": "4eac22ca-0024-4113-879f-add1e96e2f58",
      "title": "",
      "fullFile": "cypress\\e2e\\Threat-Generation\\feasibility.cy.js",
      "file": "cypress\\e2e\\Threat-Generation\\feasibility.cy.js",
      "beforeHooks": [],
      "afterHooks": [],
      "tests": [],
      "suites": [
        {
          "uuid": "ac47ce91-3d36-42d3-b886-261822c59eb2",
          "title": "Feasibility",
          "fullFile": "",
          "file": "",
          "beforeHooks": [],
          "afterHooks": [],
          "tests": [
            {
              "title": "Feasibility Pop-up (MAIN-TC-1593, MAIN-TC-1594)",
              "fullTitle": "Feasibility Feasibility Pop-up (MAIN-TC-1593, MAIN-TC-1594)",
              "timedOut": null,
              "duration": 100892,
              "state": "failed",
              "speed": null,
              "pass": false,
              "fail": true,
              "pending": false,
              "context": "{\n  \"title\": \"cypress-mochawesome-reporter-screenshots\",\n  \"value\": [\n    [\n      {\n        \"title\": \"Failed screenshot\",\n        \"value\": \"\\\\feasibility.cy.js\\\\Feasibility -- Feasibility Pop-up (MAIN-TC-1593, MAIN-TC-1594) (failed).png\"\n      }\n    ]\n  ]\n}",
              "code": "cy.visit(Cypress.env('baseURL') + '/threats').then(() => {\n  cy.get(threatListViewSelector.threatListViewFeasibilityButton).eq(0).click().then(() => {\n    cy.get(feasibilityPopupselector.feasibilityPopupTitle).invoke('text').should('include', 'Threat #1');\n    cy.get(feasibilityPopupselector.feasibilityPopupConfirmButton).click({\n      force: true\n    }); //clicking confirm button\n  });\n  cy.get(threatListViewSelector.threatListViewFeasibilityButton).eq(0).click().then(() => {\n    cy.get(feasibilityPopupselector.feasibilityPopupTitle).invoke('text').should('include', 'Threat #1');\n  });\n});",
              "err": {
                "message": "AssertionError: Timed out retrying after 20000ms: Expected to find element: `td.mat-column-attackFeasibility`, but never found it.",
                "estack": "AssertionError: Timed out retrying after 20000ms: Expected to find element: `td.mat-column-attackFeasibility`, but never found it.\n    at Context.eval (webpack://cypress/./cypress/e2e/Threat-Generation/feasibility.cy.js:37:9)",
                "diff": null
              },
              "uuid": "5ac40c14-0882-4ee8-93d4-05e6e18cfd2d",
              "parentUUID": "ac47ce91-3d36-42d3-b886-261822c59eb2",
              "isHook": false,
              "skipped": false
            },
            {
              "title": "feasibility pop-up window w.r.t to Review Threats(MAIN-TC-1608, MAIN-TC-1582)",
              "fullTitle": "Feasibility feasibility pop-up window w.r.t to Review Threats(MAIN-TC-1608, MAIN-TC-1582)",
              "timedOut": null,
              "duration": 25344,
              "state": "failed",
              "speed": null,
              "pass": false,
              "fail": true,
              "pending": false,
              "context": "{\n  \"title\": \"cypress-mochawesome-reporter-screenshots\",\n  \"value\": [\n    [\n      {\n        \"title\": \"Failed screenshot\",\n        \"value\": \"\\\\feasibility.cy.js\\\\Feasibility -- feasibility pop-up window w.r.t to Review Threats(MAIN-TC-1608, MAIN-TC-1582) (failed).png\"\n      }\n    ]\n  ]\n}",
              "code": "cy.visit(Cypress.env('baseURL') + '/threats').then(() => {\n  cy.get(threatListViewSelector.threatListViewReviewCheckBox).click().then(() => {\n    //Mark the threat as ready\n    cy.get(threatListViewSelector.threatListViewThreatTreatmentSelect).eq(0).should('not.be.enabled');\n    cy.get(threatListViewSelector.threatListViewFeasibilityButton).eq(0).click().then(() => {\n      cy.get(feasibilityPopupselector.feasibilityPopupCriteria).eq(0).should('not.be.enabled');\n      cy.get(feasibilityPopupselector.feasibilityPopupRationaleText).eq(0).should('not.be.enabled');\n      cy.get(feasibilityPopupselector.feasibilityPopupCancelButton).click();\n    });\n  }).then(() => {\n    cy.get(feasibilityPopupselector.feasibilityPopup).should(\"not.exist\");\n  });\n  cy.get(threatListViewSelector.threatListViewReviewCheckBox).click().then(() => {\n    //Mark the threat as reviewed\n    cy.get(threatListViewSelector.threatListViewReviewCheckBox).click(); //Mark the threat as unreviewed\n    cy.get(feasibilityPopupselector.feasibilityPopupConfirmButton).click({\n      force: true\n    });\n  }).then(() => {\n    cy.get(threatListViewSelector.threatListViewFeasibilityButton).eq(0).click().then(() => {\n      cy.get(feasibilityPopupselector.feasibilityPopupCriteria).eq(0).should('not.be.disabled');\n      cy.get(feasibilityPopupselector.feasibilityPopupRationaleText).eq(0).should('not.be.disabled');\n    });\n  });\n});",
              "err": {
                "message": "AssertionError: Timed out retrying after 20000ms: Expected to find element: `[id=mat-mdc-checkbox-3-input]`, but never found it.",
                "estack": "AssertionError: Timed out retrying after 20000ms: Expected to find element: `[id=mat-mdc-checkbox-3-input]`, but never found it.\n    at Context.eval (webpack://cypress/./cypress/e2e/Threat-Generation/feasibility.cy.js:49:9)",
                "diff": null
              },
              "uuid": "fde9d96c-ceda-4b69-99d2-369530622725",
              "parentUUID": "ac47ce91-3d36-42d3-b886-261822c59eb2",
              "isHook": false,
              "skipped": false
            },
            {
              "title": "feasibility pop-up window w.r.t Treatment (MAIN-TC-1584)",
              "fullTitle": "Feasibility feasibility pop-up window w.r.t Treatment (MAIN-TC-1584)",
              "timedOut": null,
              "duration": 25754,
              "state": "failed",
              "speed": null,
              "pass": false,
              "fail": true,
              "pending": false,
              "context": "{\n  \"title\": \"cypress-mochawesome-reporter-screenshots\",\n  \"value\": [\n    [\n      {\n        \"title\": \"Failed screenshot\",\n        \"value\": \"\\\\feasibility.cy.js\\\\Feasibility -- feasibility pop-up window w.r.t Treatment (MAIN-TC-1584) (failed).png\"\n      }\n    ]\n  ]\n}",
              "code": "cy.visit(Cypress.env('baseURL') + '/threats').then(() => {\n  cy.get(threatListViewSelector.threatListViewThreatTreatmentSelect).eq(0).click().then(() => {\n    cy.get(threatListViewSelector.threatTreatmentRetaintOption).click();\n  });\n  cy.get(threatListViewSelector.threatListViewFeasibilityButton).eq(0).click().then(() => {\n    cy.get(feasibilityPopupselector.feasibilityPopupThreatlistHeading).invoke('text').should('include', 'Before Treatmentarrow_right_altAfter Treatment');\n  });\n});",
              "err": {
                "message": "AssertionError: Timed out retrying after 20000ms: Expected to find element: `mat-select-trigger`, but never found it.",
                "estack": "AssertionError: Timed out retrying after 20000ms: Expected to find element: `mat-select-trigger`, but never found it.\n    at Context.eval (webpack://cypress/./cypress/e2e/Threat-Generation/feasibility.cy.js:73:9)",
                "diff": null
              },
              "uuid": "212a0ab4-e4a2-438a-9934-6a0110d8b919",
              "parentUUID": "ac47ce91-3d36-42d3-b886-261822c59eb2",
              "isHook": false,
              "skipped": false
            },
            {
              "title": "Treatment in Threats(MAIN-TC-1609)",
              "fullTitle": "Feasibility Treatment in Threats(MAIN-TC-1609)",
              "timedOut": null,
              "duration": 27675,
              "state": "failed",
              "speed": null,
              "pass": false,
              "fail": true,
              "pending": false,
              "context": "{\n  \"title\": \"cypress-mochawesome-reporter-screenshots\",\n  \"value\": [\n    [\n      {\n        \"title\": \"Failed screenshot\",\n        \"value\": \"\\\\feasibility.cy.js\\\\Feasibility -- Treatment in Threats(MAIN-TC-1609) (failed).png\"\n      }\n    ]\n  ]\n}",
              "code": "cy.visit(Cypress.env('baseURL') + '/threats').then(() => {\n  cy.get(threatListViewSelector.threatListViewThreatTreatmentSelect).eq(0).click().then(() => {\n    cy.get(threatListViewSelector.threatTreatmentShareOption).click(); //changing treatment option\n  }).then(() => {\n    cy.get(threatListViewSelector.threatListViewFeasibilityButton).eq(0).click().then(() => {\n      cy.get(feasibilityPopupselector.feasibilityPopupThreatlistHeading).invoke('text').should('include', 'Before Treatmentarrow_right_altAfter Treatment');\n    });\n  });\n});",
              "err": {
                "message": "AssertionError: Timed out retrying after 20000ms: Expected to find element: `mat-select-trigger`, but never found it.",
                "estack": "AssertionError: Timed out retrying after 20000ms: Expected to find element: `mat-select-trigger`, but never found it.\n    at Context.eval (webpack://cypress/./cypress/e2e/Threat-Generation/feasibility.cy.js:85:9)",
                "diff": null
              },
              "uuid": "7064a870-0f11-44a4-85bc-117c7ed11b11",
              "parentUUID": "ac47ce91-3d36-42d3-b886-261822c59eb2",
              "isHook": false,
              "skipped": false
            },
            {
              "title": "Feasibility pop-up functionality (MAIN-TC-1581)",
              "fullTitle": "Feasibility Feasibility pop-up functionality (MAIN-TC-1581)",
              "timedOut": null,
              "duration": 33998,
              "state": "failed",
              "speed": null,
              "pass": false,
              "fail": true,
              "pending": false,
              "context": "{\n  \"title\": \"cypress-mochawesome-reporter-screenshots\",\n  \"value\": [\n    [\n      {\n        \"title\": \"Failed screenshot\",\n        \"value\": \"\\\\feasibility.cy.js\\\\Feasibility -- Feasibility pop-up functionality (MAIN-TC-1581) (failed) (1).png\"\n      }\n    ]\n  ]\n}",
              "code": "cy.visit(Cypress.env('baseURL') + '/threats').then(() => {\n  //cy.get(threatListViewSelector.threatListViewReviewCheckBox).click()//Mark the threat as ready\n  cy.wait(1000);\n  cy.get(threatListViewSelector.threatListViewReviewCheckBox).click(); //Mark the threat as reviewed\n  cy.wait(800);\n  cy.get(threatListViewSelector.threatListViewReviewCheckBox).click().then(() => {\n    //Mark the threat as unreviewed\n    cy.get(feasibilityPopupselector.feasibilityPopupConfirmButton).click({\n      force: true\n    });\n  });\n  let riskValue;\n  let feasibility;\n  cy.get(threatListViewSelector.threatListViewRiskButton).eq(0).invoke('text').then(text => {\n    riskValue = text.trim();\n    cy.get(threatListViewSelector.threatListViewFeasibilityButton).eq(0).invoke('text').then(text => {\n      feasibility = text.trim();\n      cy.get(threatListViewSelector.threatListViewFeasibilityButton).eq(0).click().then(() => {\n        cy.get(feasibilityPopupselector.feasibilityPopup).should('be.visible');\n        cy.get(feasibilityPopupselector.feasibilityPopupTitle).invoke('text').should('include', 'Threat #1');\n        cy.get(feasibilityPopupselector.feasibilityPopupFeasibilityRating).invoke('text').should('include', feasibility);\n      });\n    }).then(() => {\n      cy.get(feasibilityPopupselector.feasibilityPopupRiskLevelTitle).invoke('text').should('include', riskValue);\n      cy.get(feasibilityPopupselector.feasibilityPopupConfirmButton).click({\n        force: true\n      });\n    });\n  });\n});",
              "err": {
                "message": "AssertionError: Timed out retrying after 20000ms: Expected to find element: `[id=mat-mdc-checkbox-3-input]`, but never found it.",
                "estack": "AssertionError: Timed out retrying after 20000ms: Expected to find element: `[id=mat-mdc-checkbox-3-input]`, but never found it.\n    at Context.eval (webpack://cypress/./cypress/e2e/Threat-Generation/feasibility.cy.js:99:9)",
                "diff": null
              },
              "uuid": "563581de-7270-4bcb-88d0-a6914edb4401",
              "parentUUID": "ac47ce91-3d36-42d3-b886-261822c59eb2",
              "isHook": false,
              "skipped": false
            },
            {
              "title": "Threats w.r.t to treatment value for \"After treatment\"(MAIN-TC-1587)",
              "fullTitle": "Feasibility Threats w.r.t to treatment value for \"After treatment\"(MAIN-TC-1587)",
              "timedOut": null,
              "duration": 0,
              "state": "pending",
              "speed": null,
              "pass": false,
              "fail": false,
              "pending": true,
              "context": null,
              "code": "//skip for the time being until developer fix the issue\ncy.visit(Cypress.env('baseURL') + '/threats').then(() => {\n  // Get the initial treatment\n  cy.get(threatListViewSelector.threatListViewThreatTreatmentSelect).eq(0).invoke('text').then(initialTreatment => {\n    cy.get(threatListViewSelector.threatListViewThreatTreatmentSelect).eq(0).click().then(() => {\n      cy.get(threatListViewSelector.threatTreatmentAvoidOption).click();\n    });\n    // Get the final treatment\n    cy.get(threatListViewSelector.threatListViewThreatTreatmentSelect).eq(0).invoke('text').then(finalTreatment => {\n      // Assertions: final treatment should not be equal to initial treatment\n      expect(finalTreatment).not.to.equal(initialTreatment); //Test Case assertion\n    });\n  });\n  //Mark the threat as reviewed\n  cy.get(threatListViewSelector.threatListViewReviewCheckBox).click().then(() => {\n    cy.get(threatListViewSelector.threatListViewThreatTreatmentSelect).eq(0).should('not.be.enabled'); //Test Case assertion\n    cy.get(threatListViewSelector.threatListViewFeasibilityButton).eq(0).click();\n  });\n  cy.get(feasibilityPopupselector.feasibilityPopupConfirmButton).should('not.be.enabled'); //Test Case assertion\n});",
              "err": {},
              "uuid": "48844875-8912-484a-9776-54aa8dc97ffc",
              "parentUUID": "ac47ce91-3d36-42d3-b886-261822c59eb2",
              "isHook": false,
              "skipped": false
            },
            {
              "title": "Threats w.r.t to treatment value for \"Before treatment\" (MAIN-TC-1588)",
              "fullTitle": "Feasibility Threats w.r.t to treatment value for \"Before treatment\" (MAIN-TC-1588)",
              "timedOut": null,
              "duration": 31180,
              "state": "failed",
              "speed": null,
              "pass": false,
              "fail": true,
              "pending": false,
              "context": "{\n  \"title\": \"cypress-mochawesome-reporter-screenshots\",\n  \"value\": [\n    [\n      {\n        \"title\": \"Failed screenshot\",\n        \"value\": \"\\\\feasibility.cy.js\\\\Feasibility -- Threats w.r.t to treatment value for Before treatment (MAIN-TC-1588) (failed) (1).png\"\n      }\n    ]\n  ]\n}",
              "code": "cy.visit(Cypress.env('baseURL') + '/threats').then(() => {\n  //marking threats as unreviewed\n  cy.get(threatListViewSelector.threatListViewReviewCheckBox).click().then(() => {\n    //Mark the threat as ready\n    cy.get(threatListViewSelector.threatListViewReviewCheckBox).click().then(() => {\n      //Mark the threat as reviewed\n      cy.get(feasibilityPopupselector.feasibilityPopupConfirmButton).click({\n        force: true\n      });\n    });\n  });\n  cy.get(threatListViewSelector.threatListValidatedCheckbox).click().then(() => {\n    //clicking the validated checkbox\n    cy.get(threatListViewSelector.threatListViewFeasibilityButton).eq(0).click().then(() => {\n      cy.get(feasibilityPopupselector.feasibilityPopupConfirmButton).should('not.be.enabled');\n      cy.get(feasibilityPopupselector.feasibilityPopupRationaleText).eq(0).should('not.be.enabled');\n      cy.get(feasibilityPopupselector.feasibilityPopupCancelButton).click();\n    });\n  });\n  //Mark the threat as review\n  cy.get(threatListViewSelector.threatListViewReviewCheckBox).click();\n  cy.get(threatListViewSelector.threatListViewFeasibilityButton).eq(0).click().then(() => {\n    cy.get(feasibilityPopupselector.feasibilityPopupConfirmButton).should('not.be.enabled');\n  });\n});",
              "err": {
                "message": "AssertionError: Timed out retrying after 20000ms: Expected to find element: `[id=mat-mdc-checkbox-3-input]`, but never found it.",
                "estack": "AssertionError: Timed out retrying after 20000ms: Expected to find element: `[id=mat-mdc-checkbox-3-input]`, but never found it.\n    at Context.eval (webpack://cypress/./cypress/e2e/Threat-Generation/feasibility.cy.js:148:9)",
                "diff": null
              },
              "uuid": "d8a802d6-99d1-4b52-a354-6101fe9abc4f",
              "parentUUID": "ac47ce91-3d36-42d3-b886-261822c59eb2",
              "isHook": false,
              "skipped": false
            },
            {
              "title": "Delete Project",
              "fullTitle": "Feasibility Delete Project",
              "timedOut": null,
              "duration": 20936,
              "state": "passed",
              "speed": "slow",
              "pass": true,
              "fail": false,
              "pending": false,
              "context": null,
              "code": "cy.deleteProject(projectName);",
              "err": {},
              "uuid": "b9ed2304-2edc-45e0-98d1-ae309bcc4286",
              "parentUUID": "ac47ce91-3d36-42d3-b886-261822c59eb2",
              "isHook": false,
              "skipped": false
            }
          ],
          "suites": [],
          "passes": [
            "b9ed2304-2edc-45e0-98d1-ae309bcc4286"
          ],
          "failures": [
            "5ac40c14-0882-4ee8-93d4-05e6e18cfd2d",
            "fde9d96c-ceda-4b69-99d2-369530622725",
            "212a0ab4-e4a2-438a-9934-6a0110d8b919",
            "7064a870-0f11-44a4-85bc-117c7ed11b11",
            "563581de-7270-4bcb-88d0-a6914edb4401",
            "d8a802d6-99d1-4b52-a354-6101fe9abc4f"
          ],
          "pending": [
            "48844875-8912-484a-9776-54aa8dc97ffc"
          ],
          "skipped": [],
          "duration": 265779,
          "root": false,
          "rootEmpty": false,
          "_timeout": 2000
        }
      ],
      "passes": [],
      "failures": [],
      "pending": [],
      "skipped": [],
      "duration": 0,
      "root": true,
      "rootEmpty": true,
      "_timeout": 2000
    }
  ],
  "meta": {
    "mocha": {
      "version": "7.0.1"
    },
    "mochawesome": {
      "options": {
        "quiet": true,
        "reportFilename": "mochawesome",
        "saveHtml": false,
        "saveJson": true,
        "consoleReporter": "spec",
        "useInlineDiffs": false,
        "code": true
      },
      "version": "6.3.1"
    },
    "marge": {
      "options": {
        "reportDir": "cypress\\reports\\.jsons",
        "overwrite": false,
        "html": false,
        "json": true,
        "timestamp": true,
        "reportTitle": "Vultara Automation Test",
        "showPassed": true,
        "showFailed": true,
        "showPending": true,
        "showSkipped": false,
        "browser": "all",
        "quiet": true
      },
      "version": "5.2.0"
    }
  }
}