{
  "stats": {
    "suites": 2,
    "tests": 7,
    "passes": 7,
    "pending": 0,
    "failures": 0,
    "start": "2024-02-23T03:19:46.187Z",
    "end": "2024-02-23T03:23:01.032Z",
    "duration": 194845,
    "testsRegistered": 7,
    "passPercent": 100,
    "pendingPercent": 0,
    "other": 0,
    "hasOther": false,
    "skipped": 0,
    "hasSkipped": false
  },
  "results": [
    {
      "uuid": "ba5c937d-2ad4-466f-89e1-ddc031dac411",
      "title": "",
      "fullFile": "cypress\\e2e\\Threat-Generation\\impact.cy.js",
      "file": "cypress\\e2e\\Threat-Generation\\impact.cy.js",
      "beforeHooks": [],
      "afterHooks": [],
      "tests": [],
      "suites": [
        {
          "uuid": "61a3908a-2d92-4ad1-8419-7826f10e5960",
          "title": "Impact",
          "fullFile": "",
          "file": "",
          "beforeHooks": [],
          "afterHooks": [],
          "tests": [
            {
              "title": "Threat No in Impact Popup (MAIN-TC-1626, MAIN-TC-1627)",
              "fullTitle": "Impact Threat No in Impact Popup (MAIN-TC-1626, MAIN-TC-1627)",
              "timedOut": null,
              "duration": 94024,
              "state": "passed",
              "speed": "slow",
              "pass": true,
              "fail": false,
              "pending": false,
              "context": null,
              "code": "cy.visit(Cypress.env('baseURL') + '/threats').then(() => {\n  cy.get(threatListViewSelector.threatListViewImpactButton).eq(0).click();\n}).then(() => {\n  cy.get(impactPopupSelector.impactPopup).should('be.visible').then(() => {\n    cy.get(impactPopupSelector.impactPopupTitle).invoke('text').should('include', 'Impact for Threat #1');\n  });\n});",
              "err": {},
              "uuid": "0d93d54c-353a-4cd5-b0c7-39800874a409",
              "parentUUID": "61a3908a-2d92-4ad1-8419-7826f10e5960",
              "isHook": false,
              "skipped": false
            },
            {
              "title": "Risk level and Impact rating in Impact Popup (MAIN-TC-1643)",
              "fullTitle": "Impact Risk level and Impact rating in Impact Popup (MAIN-TC-1643)",
              "timedOut": null,
              "duration": 12697,
              "state": "passed",
              "speed": "slow",
              "pass": true,
              "fail": false,
              "pending": false,
              "context": null,
              "code": "cy.visit(Cypress.env('baseURL') + '/threats').then(() => {\n  let riskValue;\n  let Rating;\n  cy.get(threatListViewSelector.threatListViewRiskButton).eq(0).invoke('text').then(text => {\n    riskValue = text.trim();\n    cy.get(threatListViewSelector.threatListViewImpactButton).eq(0).invoke('text').then(text => {\n      Rating = text.trim();\n      cy.get(threatListViewSelector.threatListViewImpactButton).eq(0).click();\n      cy.get(impactPopupSelector.impactPopupRatingAndLevelCard).eq(1).invoke('text').should('include', Rating);\n    });\n    cy.get(impactPopupSelector.impactPopupRatingAndLevelCard).eq(0).invoke('text').should('include', riskValue);\n  });\n});",
              "err": {},
              "uuid": "354914a2-b8e1-4342-8b04-f63eb42692e3",
              "parentUUID": "61a3908a-2d92-4ad1-8419-7826f10e5960",
              "isHook": false,
              "skipped": false
            },
            {
              "title": "Color dot with Each Impact Category (MAIN-TC-1645)",
              "fullTitle": "Impact Color dot with Each Impact Category (MAIN-TC-1645)",
              "timedOut": null,
              "duration": 10388,
              "state": "passed",
              "speed": "slow",
              "pass": true,
              "fail": false,
              "pending": false,
              "context": null,
              "code": "cy.visit(Cypress.env('baseURL') + '/threats').then(() => {\n  cy.get(threatListViewSelector.threatListViewImpactButton).eq(0).click().then(() => {\n    for (let i = 0; i < 4; i++) {\n      cy.get(impactPopupSelector.impactPopupCategoryDropDown).eq(i).click();\n      cy.get(impactPopupSelector.impactPopupCategoryDropdownModerateOption).click();\n    }\n  }).then(() => {\n    for (let i = 0; i < 4; i++) {\n      cy.get(impactPopupSelector.impactPopupCategoryDropDownColor).eq(i).should('exist');\n    }\n  });\n});",
              "err": {},
              "uuid": "aed2ef93-dc61-4198-b14d-50895a2fb679",
              "parentUUID": "61a3908a-2d92-4ad1-8419-7826f10e5960",
              "isHook": false,
              "skipped": false
            },
            {
              "title": "Edit the Reviewed Threat(MAIN-TC-1681) ",
              "fullTitle": "Impact Edit the Reviewed Threat(MAIN-TC-1681) ",
              "timedOut": null,
              "duration": 21444,
              "state": "passed",
              "speed": "slow",
              "pass": true,
              "fail": false,
              "pending": false,
              "context": null,
              "code": "cy.visit(Cypress.env('baseURL') + '/threats');\ncy.get(threatListViewSelector.threatListViewReviewCheckBox).eq(0).click() //Marking threat as reviewed\n.then(() => {\n  cy.get(threatListViewSelector.threatListViewImpactButton).eq(0).click();\n}).then(() => {\n  cy.get(impactPopupSelector.impactPopupCategoryDropDown).eq(0).should('not.be.enabled');\n  cy.get(impactPopupSelector.impactPopupDamageScenarioTextArea).should('not.be.enabled');\n});\ncy.get(impactPopupSelector.impactPopupCancelButton).click().then(() => {\n  cy.wait(3000);\n  cy.get(threatListViewSelector.threatListViewReviewCheckBox).eq(0).click({\n    force: true\n  }); //Marking threat as unreviewed\n  cy.wait(3000);\n}).then(() => {\n  cy.get(threatListViewSelector.threatListViewReviewCheckBox).eq(0).click({\n    force: true\n  });\n  cy.wait(3000);\n}).then(() => {\n  cy.get(impactPopupSelector.impactPopupConfirmButton).click({\n    force: true\n  });\n  cy.wait(3000);\n});",
              "err": {},
              "uuid": "89000acf-490b-409d-9f21-4f965841e630",
              "parentUUID": "61a3908a-2d92-4ad1-8419-7826f10e5960",
              "isHook": false,
              "skipped": false
            },
            {
              "title": "Verify that when the user changes the treatment and opens Impact, then \"before & after treatment view\" should appear (MAIN-TC-1682, MAIN-TC-1683)",
              "fullTitle": "Impact Verify that when the user changes the treatment and opens Impact, then \"before & after treatment view\" should appear (MAIN-TC-1682, MAIN-TC-1683)",
              "timedOut": null,
              "duration": 11467,
              "state": "passed",
              "speed": "slow",
              "pass": true,
              "fail": false,
              "pending": false,
              "context": null,
              "code": "cy.visit(Cypress.env('baseURL') + '/threats').then(() => {\n  cy.get(threatListViewSelector.threatListViewThreatTreatmentSelect).eq(0).click().then(() => {\n    cy.get(threatListViewSelector.threatTreatmentReduceOption).click();\n  }).then(() => {\n    cy.get(threatListViewSelector.threatListViewImpactButton).eq(0).click({\n      force: true\n    }).then(() => {\n      cy.get(impactPopupSelector.impactPopupBeforeParagraph).should('be.visible');\n      cy.get(impactPopupSelector.impactPopupAfterParagraph).should('be.visible');\n      cy.get(impactPopupSelector.impactPopupBeforeAfterCategoryForm).should('have.length', 2); //both before & after forms\n    });\n  });\n});",
              "err": {},
              "uuid": "fc0b9e66-d376-4216-9565-d9778e7989d7",
              "parentUUID": "61a3908a-2d92-4ad1-8419-7826f10e5960",
              "isHook": false,
              "skipped": false
            },
            {
              "title": "Verify impact rating and risk level is updated according to the view(MAIN-TC-1684)",
              "fullTitle": "Impact Verify impact rating and risk level is updated according to the view(MAIN-TC-1684)",
              "timedOut": null,
              "duration": 15595,
              "state": "passed",
              "speed": "slow",
              "pass": true,
              "fail": false,
              "pending": false,
              "context": null,
              "code": "cy.visit(Cypress.env('baseURL') + '/threats').then(() => {\n  cy.get(threatListViewSelector.threatListViewThreatTreatmentSelect).eq(0).click();\n});\ncy.get(threatListViewSelector.threatTreatmentRetainOption).click({\n  force: true\n}).then(() => {\n  cy.get(threatListViewSelector.threatListViewImpactButton).eq(0).click();\n}).then(() => {\n  for (let i = 4; i < 8; i++) {\n    cy.get(impactPopupSelector.impactPopupCategoryDropDown).eq(i).click();\n    cy.get(impactPopupSelector.impactPopupCategoryDropdownNegligibleOption).click();\n  }\n}).then(() => {\n  cy.get(impactPopupSelector.impactPopupRatingAndLevelCard).eq(-1).invoke('text').should('include', 'Negligible');\n}).then(() => {\n  for (let i = 4; i < 8; i++) {\n    cy.get(impactPopupSelector.impactPopupCategoryDropDown).eq(i).click();\n    cy.get(impactPopupSelector.impactPopupCategoryDropdownModerateOption).click();\n  }\n}).then(() => {\n  cy.get(impactPopupSelector.impactPopupRatingAndLevelCard).eq(-1).invoke('text').should('include', 'Moderate');\n});",
              "err": {},
              "uuid": "e79d6117-1e13-4aea-b601-45085c017fd9",
              "parentUUID": "61a3908a-2d92-4ad1-8419-7826f10e5960",
              "isHook": false,
              "skipped": false
            }
          ],
          "suites": [],
          "passes": [
            "0d93d54c-353a-4cd5-b0c7-39800874a409",
            "354914a2-b8e1-4342-8b04-f63eb42692e3",
            "aed2ef93-dc61-4198-b14d-50895a2fb679",
            "89000acf-490b-409d-9f21-4f965841e630",
            "fc0b9e66-d376-4216-9565-d9778e7989d7",
            "e79d6117-1e13-4aea-b601-45085c017fd9"
          ],
          "failures": [],
          "pending": [],
          "skipped": [],
          "duration": 165615,
          "root": false,
          "rootEmpty": false,
          "_timeout": 2000
        },
        {
          "uuid": "bbb8f7bb-af02-4cc9-8170-1195eec52379",
          "title": "CLEANUP: Project Deletion",
          "fullFile": "",
          "file": "",
          "beforeHooks": [],
          "afterHooks": [],
          "tests": [
            {
              "title": "Deleting The Project If Created",
              "fullTitle": "CLEANUP: Project Deletion Deleting The Project If Created",
              "timedOut": null,
              "duration": 22150,
              "state": "passed",
              "speed": "slow",
              "pass": true,
              "fail": false,
              "pending": false,
              "context": null,
              "code": "cy.viewport(1920, 1080);\ncy.login().then(() => {\n  cy.visit(Cypress.env('baseURL') + '/dashboard').then(() => {\n    cy.wait(1000);\n    cy.get(navBarSelector.navBarProjectButton).should('be.visible').then(() => {\n      cy.get(navBarSelector.navBarProjectButton).click();\n    }).then(() => {\n      cy.get(navBarSelector.projectListDeleteProjectButton).click();\n    }).then(() => {\n      cy.wait(1000);\n      cy.contains(projectName).then($element => {\n        if ($element.length) {\n          //project exists\n          cy.deleteProject(projectName);\n        }\n      });\n    });\n  });\n});",
              "err": {},
              "uuid": "c8cc6237-8df8-4e06-adc1-4ef6a6c98cf0",
              "parentUUID": "bbb8f7bb-af02-4cc9-8170-1195eec52379",
              "isHook": false,
              "skipped": false
            }
          ],
          "suites": [],
          "passes": [
            "c8cc6237-8df8-4e06-adc1-4ef6a6c98cf0"
          ],
          "failures": [],
          "pending": [],
          "skipped": [],
          "duration": 22150,
          "root": false,
          "rootEmpty": false,
          "_timeout": 2000
        }
      ],
      "passes": [],
      "failures": [],
      "pending": [],
      "skipped": [],
      "duration": 0,
      "root": true,
      "rootEmpty": true,
      "_timeout": 2000
    }
  ],
  "meta": {
    "mocha": {
      "version": "7.0.1"
    },
    "mochawesome": {
      "options": {
        "quiet": true,
        "reportFilename": "mochawesome",
        "saveHtml": false,
        "saveJson": true,
        "consoleReporter": "spec",
        "useInlineDiffs": false,
        "code": true
      },
      "version": "6.3.1"
    },
    "marge": {
      "options": {
        "reportDir": "cypress\\reports\\.jsons",
        "overwrite": false,
        "html": false,
        "json": true,
        "timestamp": true,
        "reportTitle": "Vultara Automation Test",
        "showPassed": true,
        "showFailed": true,
        "showPending": true,
        "showSkipped": false,
        "browser": "all",
        "quiet": true
      },
      "version": "5.2.0"
    }
  }
}