{
  "stats": {
    "suites": 2,
    "tests": 7,
    "passes": 7,
    "pending": 0,
    "failures": 0,
    "start": "2024-02-23T07:24:57.910Z",
    "end": "2024-02-23T07:28:15.172Z",
    "duration": 197262,
    "testsRegistered": 7,
    "passPercent": 100,
    "pendingPercent": 0,
    "other": 0,
    "hasOther": false,
    "skipped": 0,
    "hasSkipped": false
  },
  "results": [
    {
      "uuid": "d78e7519-b359-4f57-a562-bdfb296362ac",
      "title": "",
      "fullFile": "cypress\\e2e\\Threat-Generation\\impact.cy.js",
      "file": "cypress\\e2e\\Threat-Generation\\impact.cy.js",
      "beforeHooks": [],
      "afterHooks": [],
      "tests": [],
      "suites": [
        {
          "uuid": "ac9de98d-28c1-4410-9077-14e8f7cdb576",
          "title": "Impact",
          "fullFile": "",
          "file": "",
          "beforeHooks": [],
          "afterHooks": [],
          "tests": [
            {
              "title": "Threat No in Impact Popup (MAIN-TC-1626, MAIN-TC-1627)",
              "fullTitle": "Impact Threat No in Impact Popup (MAIN-TC-1626, MAIN-TC-1627)",
              "timedOut": null,
              "duration": 87908,
              "state": "passed",
              "speed": "slow",
              "pass": true,
              "fail": false,
              "pending": false,
              "context": null,
              "code": "cy.visit(Cypress.env('baseURL') + '/threats').then(() => {\n  cy.get(threatListViewSelector.threatListViewImpactButton).eq(0).click();\n}).then(() => {\n  cy.get(impactPopupSelector.impactPopup).should('be.visible').then(() => {\n    cy.get(impactPopupSelector.impactPopupTitle).invoke('text').should('include', 'Impact for Threat #1');\n  });\n});",
              "err": {},
              "uuid": "a4ffaf61-0db5-4c0d-b95b-66c54c07eb16",
              "parentUUID": "ac9de98d-28c1-4410-9077-14e8f7cdb576",
              "isHook": false,
              "skipped": false
            },
            {
              "title": "Risk level and Impact rating in Impact Popup (MAIN-TC-1643)",
              "fullTitle": "Impact Risk level and Impact rating in Impact Popup (MAIN-TC-1643)",
              "timedOut": null,
              "duration": 10487,
              "state": "passed",
              "speed": "slow",
              "pass": true,
              "fail": false,
              "pending": false,
              "context": null,
              "code": "cy.visit(Cypress.env('baseURL') + '/threats').then(() => {\n  let riskValue;\n  let Rating;\n  cy.get(threatListViewSelector.threatListViewRiskButton).eq(0).invoke('text').then(text => {\n    riskValue = text.trim();\n    cy.get(threatListViewSelector.threatListViewImpactButton).eq(0).invoke('text').then(text => {\n      Rating = text.trim();\n      cy.get(threatListViewSelector.threatListViewImpactButton).eq(0).click();\n      cy.get(impactPopupSelector.impactPopupRatingAndLevelCard).eq(1).invoke('text').should('include', Rating);\n    });\n    cy.get(impactPopupSelector.impactPopupRatingAndLevelCard).eq(0).invoke('text').should('include', riskValue);\n  });\n});",
              "err": {},
              "uuid": "9a168f75-15ae-45d7-9465-4ccb2addc288",
              "parentUUID": "ac9de98d-28c1-4410-9077-14e8f7cdb576",
              "isHook": false,
              "skipped": false
            },
            {
              "title": "Color dot with Each Impact Category (MAIN-TC-1645)",
              "fullTitle": "Impact Color dot with Each Impact Category (MAIN-TC-1645)",
              "timedOut": null,
              "duration": 9052,
              "state": "passed",
              "speed": "medium",
              "pass": true,
              "fail": false,
              "pending": false,
              "context": null,
              "code": "cy.visit(Cypress.env('baseURL') + '/threats').then(() => {\n  cy.get(threatListViewSelector.threatListViewImpactButton).eq(0).click().then(() => {\n    for (let i = 0; i < 4; i++) {\n      cy.get(impactPopupSelector.impactPopupCategoryDropDown).eq(i).click();\n      cy.get(impactPopupSelector.impactPopupCategoryDropdownModerateOption).click();\n    }\n  }).then(() => {\n    for (let i = 0; i < 4; i++) {\n      cy.get(impactPopupSelector.impactPopupCategoryDropDownColor).eq(i).should('exist');\n    }\n  });\n});",
              "err": {},
              "uuid": "d51cad29-b041-474e-8f40-b8ebfaee2f91",
              "parentUUID": "ac9de98d-28c1-4410-9077-14e8f7cdb576",
              "isHook": false,
              "skipped": false
            },
            {
              "title": "Edit the Reviewed Threat(MAIN-TC-1681) ",
              "fullTitle": "Impact Edit the Reviewed Threat(MAIN-TC-1681) ",
              "timedOut": null,
              "duration": 22178,
              "state": "passed",
              "speed": "slow",
              "pass": true,
              "fail": false,
              "pending": false,
              "context": null,
              "code": "cy.visit(Cypress.env('baseURL') + '/threats');\ncy.get(threatListViewSelector.threatListViewReviewCheckBox).eq(0).click() //Marking threat as reviewed\n.then(() => {\n  cy.get(threatListViewSelector.threatListViewImpactButton).eq(0).click();\n}).then(() => {\n  cy.get(impactPopupSelector.impactPopupCategoryDropDown).eq(0).should('not.be.enabled');\n  cy.get(impactPopupSelector.impactPopupDamageScenarioTextArea).should('not.be.enabled');\n});\ncy.get(impactPopupSelector.impactPopupCancelButton).click().then(() => {\n  cy.wait(3000);\n  cy.get(threatListViewSelector.threatListViewReviewCheckBox).eq(0).click({\n    force: true\n  }); //Marking threat as unreviewed\n  cy.wait(3000);\n}).then(() => {\n  cy.get(threatListViewSelector.threatListViewReviewCheckBox).eq(0).click({\n    force: true\n  });\n  cy.wait(3000);\n}).then(() => {\n  cy.get(impactPopupSelector.impactPopupConfirmButton).click({\n    force: true\n  });\n  cy.wait(3000);\n});",
              "err": {},
              "uuid": "f92a2edd-cf4e-451f-9498-e3a894f3a42e",
              "parentUUID": "ac9de98d-28c1-4410-9077-14e8f7cdb576",
              "isHook": false,
              "skipped": false
            },
            {
              "title": "Verify that when the user changes the treatment and opens Impact, then \"before & after treatment view\" should appear (MAIN-TC-1682, MAIN-TC-1683)",
              "fullTitle": "Impact Verify that when the user changes the treatment and opens Impact, then \"before & after treatment view\" should appear (MAIN-TC-1682, MAIN-TC-1683)",
              "timedOut": null,
              "duration": 10514,
              "state": "passed",
              "speed": "slow",
              "pass": true,
              "fail": false,
              "pending": false,
              "context": null,
              "code": "cy.visit(Cypress.env('baseURL') + '/threats').then(() => {\n  cy.get(threatListViewSelector.threatListViewThreatTreatmentSelect).eq(0).click().then(() => {\n    cy.get(threatListViewSelector.threatTreatmentReduceOption).click();\n  }).then(() => {\n    cy.get(threatListViewSelector.threatListViewImpactButton).eq(0).click({\n      force: true\n    }).then(() => {\n      cy.get(impactPopupSelector.impactPopupBeforeParagraph).should('be.visible');\n      cy.get(impactPopupSelector.impactPopupAfterParagraph).should('be.visible');\n      cy.get(impactPopupSelector.impactPopupBeforeAfterCategoryForm).should('have.length', 2); //both before & after forms\n    });\n  });\n});",
              "err": {},
              "uuid": "4e6fc767-dffe-4869-a3e7-f1befdec6308",
              "parentUUID": "ac9de98d-28c1-4410-9077-14e8f7cdb576",
              "isHook": false,
              "skipped": false
            },
            {
              "title": "Verify impact rating and risk level is updated according to the view(MAIN-TC-1684)",
              "fullTitle": "Impact Verify impact rating and risk level is updated according to the view(MAIN-TC-1684)",
              "timedOut": null,
              "duration": 19664,
              "state": "passed",
              "speed": "slow",
              "pass": true,
              "fail": false,
              "pending": false,
              "context": null,
              "code": "cy.visit(Cypress.env('baseURL') + '/threats').then(() => {\n  cy.get(threatListViewSelector.threatListViewThreatTreatmentSelect).eq(0).click();\n});\ncy.get(threatListViewSelector.threatTreatmentRetainOption).click({\n  force: true\n}).then(() => {\n  cy.get(threatListViewSelector.threatListViewImpactButton).eq(0).click();\n}).then(() => {\n  for (let i = 4; i < 8; i++) {\n    cy.get(impactPopupSelector.impactPopupCategoryDropDown).eq(i).click();\n    cy.get(impactPopupSelector.impactPopupCategoryDropdownNegligibleOption).click();\n  }\n}).then(() => {\n  cy.get(impactPopupSelector.impactPopupRatingAndLevelCard).eq(-1).invoke('text').should('include', 'Negligible');\n}).then(() => {\n  for (let i = 4; i < 8; i++) {\n    cy.get(impactPopupSelector.impactPopupCategoryDropDown).eq(i).click();\n    cy.get(impactPopupSelector.impactPopupCategoryDropdownModerateOption).click();\n  }\n}).then(() => {\n  cy.get(impactPopupSelector.impactPopupRatingAndLevelCard).eq(-1).invoke('text').should('include', 'Moderate');\n});",
              "err": {},
              "uuid": "7f2e77d7-bd97-4414-a851-b7eafc57002a",
              "parentUUID": "ac9de98d-28c1-4410-9077-14e8f7cdb576",
              "isHook": false,
              "skipped": false
            }
          ],
          "suites": [],
          "passes": [
            "a4ffaf61-0db5-4c0d-b95b-66c54c07eb16",
            "9a168f75-15ae-45d7-9465-4ccb2addc288",
            "d51cad29-b041-474e-8f40-b8ebfaee2f91",
            "f92a2edd-cf4e-451f-9498-e3a894f3a42e",
            "4e6fc767-dffe-4869-a3e7-f1befdec6308",
            "7f2e77d7-bd97-4414-a851-b7eafc57002a"
          ],
          "failures": [],
          "pending": [],
          "skipped": [],
          "duration": 159803,
          "root": false,
          "rootEmpty": false,
          "_timeout": 2000
        },
        {
          "uuid": "1e5d062d-5502-4bf6-aeb5-bb837f4b5427",
          "title": "CLEANUP: Project Deletion",
          "fullFile": "",
          "file": "",
          "beforeHooks": [],
          "afterHooks": [],
          "tests": [
            {
              "title": "Deleting The Project If Created",
              "fullTitle": "CLEANUP: Project Deletion Deleting The Project If Created",
              "timedOut": null,
              "duration": 30859,
              "state": "passed",
              "speed": "slow",
              "pass": true,
              "fail": false,
              "pending": false,
              "context": null,
              "code": "cy.viewport(1920, 1080);\ncy.login().then(() => {\n  cy.visit(Cypress.env('baseURL') + '/dashboard').then(() => {\n    cy.wait(1000);\n    cy.get(navBarSelector.navBarProjectButton).should('be.visible').then(() => {\n      cy.get(navBarSelector.navBarProjectButton).click();\n    }).then(() => {\n      cy.get(navBarSelector.projectListDeleteProjectButton).click();\n    }).then(() => {\n      cy.wait(1000);\n      cy.contains(projectName).then($element => {\n        if ($element.length) {\n          //project exists\n          cy.deleteProject(projectName);\n        }\n      });\n    });\n  });\n});",
              "err": {},
              "uuid": "d8989fcd-6a97-4d00-82b6-8b360059a4a2",
              "parentUUID": "1e5d062d-5502-4bf6-aeb5-bb837f4b5427",
              "isHook": false,
              "skipped": false
            }
          ],
          "suites": [],
          "passes": [
            "d8989fcd-6a97-4d00-82b6-8b360059a4a2"
          ],
          "failures": [],
          "pending": [],
          "skipped": [],
          "duration": 30859,
          "root": false,
          "rootEmpty": false,
          "_timeout": 2000
        }
      ],
      "passes": [],
      "failures": [],
      "pending": [],
      "skipped": [],
      "duration": 0,
      "root": true,
      "rootEmpty": true,
      "_timeout": 2000
    }
  ],
  "meta": {
    "mocha": {
      "version": "7.0.1"
    },
    "mochawesome": {
      "options": {
        "quiet": true,
        "reportFilename": "mochawesome",
        "saveHtml": false,
        "saveJson": true,
        "consoleReporter": "spec",
        "useInlineDiffs": false,
        "code": true
      },
      "version": "6.3.1"
    },
    "marge": {
      "options": {
        "reportDir": "cypress\\reports\\.jsons",
        "overwrite": false,
        "html": false,
        "json": true,
        "timestamp": true,
        "reportTitle": "Vultara Automation Test",
        "showPassed": true,
        "showFailed": true,
        "showPending": true,
        "showSkipped": false,
        "browser": "all",
        "quiet": true
      },
      "version": "5.2.0"
    }
  }
}