{
  "stats": {
    "suites": 1,
    "tests": 4,
    "passes": 4,
    "pending": 0,
    "failures": 0,
    "start": "2024-01-29T09:50:37.725Z",
    "end": "2024-01-29T09:52:21.938Z",
    "duration": 104213,
    "testsRegistered": 4,
    "passPercent": 100,
    "pendingPercent": 0,
    "other": 0,
    "hasOther": false,
    "skipped": 0,
    "hasSkipped": false
  },
  "results": [
    {
      "uuid": "34e2fc2d-347e-463c-b7ae-75619da7dbc7",
      "title": "",
      "fullFile": "cypress\\e2e\\modeling-view\\creating-model.cy.js",
      "file": "cypress\\e2e\\modeling-view\\creating-model.cy.js",
      "beforeHooks": [],
      "afterHooks": [],
      "tests": [],
      "suites": [
        {
          "uuid": "976aa775-7eae-4b1a-8a43-2273328dc5d3",
          "title": "Creating Model",
          "fullFile": "",
          "file": "",
          "beforeHooks": [],
          "afterHooks": [],
          "tests": [
            {
              "title": "1. Modeling Page Cases: Deleting the Components(MAIN-TC-787, MAIN-TC-788, MAIN-TC-789 )",
              "fullTitle": "Creating Model 1. Modeling Page Cases: Deleting the Components(MAIN-TC-787, MAIN-TC-788, MAIN-TC-789 )",
              "timedOut": null,
              "duration": 43621,
              "state": "passed",
              "speed": "slow",
              "pass": true,
              "fail": false,
              "pending": false,
              "context": null,
              "code": "// Open Modeling Page\ncy.visit(Cypress.env(\"baseURL\") + \"/modeling\").url().should('contain', '/modeling').then(() => {\n  const dataTransfer = new DataTransfer();\n  cy.get(modelingViewSelector.componentLibraryMicrocontroller, {\n    timeout: 10000\n  }).trigger('dragstart', {\n    dataTransfer,\n    force: true\n  }).then(() => {\n    cy.get(modelingViewSelector.modelingViewCanvas).trigger('drop', {\n      dataTransfer,\n      force: true,\n      clientX: 400,\n      clientY: 400\n    });\n  });\n  cy.get(modelingViewSelector.componentLibraryModule, {\n    timeout: 10000\n  }).trigger('dragstart', {\n    dataTransfer,\n    force: true\n  }).then(() => {\n    cy.get(modelingViewSelector.modelingViewCanvas).trigger('drop', {\n      dataTransfer,\n      force: true,\n      clientX: 800,\n      clientY: 400\n    });\n  });\n  cy.get(modelingViewSelector.componentLibraryCommunicationLine, {\n    timeout: 10000\n  }).trigger('dragstart', {\n    dataTransfer,\n    force: true\n  }).then(() => {\n    cy.get(modelingViewSelector.modelingViewCanvas).trigger('drop', {\n      dataTransfer,\n      force: true,\n      clientX: 600,\n      clientY: 400\n    });\n  });\n});\n// Deleting Microcontroller \ncy.get(modelingViewSelector.drawingCanvasMicrocontroller, {\n  timeout: 10000\n}).rightclick().wait(500).then(() => {\n  cy.get(modelingViewSelector.componentSpecRemoveMicroButton, {\n    timeout: 10000\n  }).click({\n    force: true\n  });\n  cy.get(navBarSelector.confirmToDeleteDialogue, {\n    timeout: 10000\n  }).should('include.text', 'CONFIRM TO DELETE');\n  cy.get(navBarSelector.confirmDialogueCancelButton, {\n    timeout: 10000\n  }).click();\n});\n// Deleting the Module\ncy.get(modelingViewSelector.drawingCanvasModule, {\n  timeout: 10000\n}).rightclick().wait(500).then(() => {\n  cy.get(modelingViewSelector.componentSpecRemoveModuleButton, {\n    timeout: 10000\n  }).click({\n    force: true\n  });\n  cy.get(navBarSelector.confirmToDeleteDialogue, {\n    timeout: 10000\n  }).should('include.text', 'CONFIRM TO DELETE');\n  cy.get(navBarSelector.confirmDialogueCancelButton).click();\n});\n// Deleting the communication line\ncy.get(modelingViewSelector.drawingCanvasCommunicationLine, {\n  timeout: 10000\n}).rightclick({\n  force: true\n}).wait(500).then(() => {\n  cy.get(modelingViewSelector.componentSpecRemoveLineButton, {\n    timeout: 10000\n  }).click({\n    force: true\n  });\n  cy.get(navBarSelector.confirmToDeleteDialogue, {\n    timeout: 10000\n  }).should('include.text', 'CONFIRM TO DELETE');\n  cy.get(navBarSelector.confirmDialogueCancelButton).click();\n});",
              "err": {},
              "uuid": "75a771fd-24af-431c-9b0b-80d68e6bef63",
              "parentUUID": "976aa775-7eae-4b1a-8a43-2273328dc5d3",
              "isHook": false,
              "skipped": false
            },
            {
              "title": "2. Model Creation: Verifying Project Name and Save Button on canvas(MAIN-TC-2045)",
              "fullTitle": "Creating Model 2. Model Creation: Verifying Project Name and Save Button on canvas(MAIN-TC-2045)",
              "timedOut": null,
              "duration": 11607,
              "state": "passed",
              "speed": "slow",
              "pass": true,
              "fail": false,
              "pending": false,
              "context": null,
              "code": "// Open Modeling Page\ncy.visit(Cypress.env(\"baseURL\") + \"/modeling\", {\n  timeout: 10000\n}); // Setting timeout for visit action\ncy.url().should('contain', '/modeling'); // Assertion to check if modeling page is opened\n// Working on Drag and Drop\nconst dataTransfer = new DataTransfer();\ncy.get(modelingViewSelector.componentLibraryMicrocontroller, {\n  timeout: 10000\n}).trigger('dragstart', {\n  dataTransfer,\n  force: true\n}).then(() => {\n  cy.get(modelingViewSelector.modelingViewCanvas).trigger('drop', {\n    dataTransfer,\n    force: true,\n    clientX: 400,\n    clientY: 400\n  });\n});\ncy.get(modelingViewSelector.componentLibraryModule, {\n  timeout: 10000\n}).trigger('dragstart', {\n  dataTransfer,\n  force: true\n}).then(() => {\n  cy.get(modelingViewSelector.modelingViewCanvas).trigger('drop', {\n    dataTransfer,\n    force: true,\n    clientX: 800,\n    clientY: 400\n  });\n});\ncy.get(modelingViewSelector.componentLibraryCommunicationLine, {\n  timeout: 10000\n}).trigger('dragstart', {\n  dataTransfer,\n  force: true\n}).then(() => {\n  cy.get(modelingViewSelector.modelingViewCanvas).trigger('drop', {\n    dataTransfer,\n    force: true,\n    clientX: 600,\n    clientY: 400\n  });\n});\n//cy.wait(2000);\n// Connecting the Wire with Actor and Module\ncy.get(modelingViewSelector.drawingCanvasLineStartCircle, {\n  timeout: 10000\n}).realClick().realMouseDown().realMouseMove(-250, 0).get(modelingViewSelector.drawingCanvasMicrocontroller, {\n  timeout: 10000\n}).realMouseUp();\ncy.get(modelingViewSelector.drawingCanvasLineEndCircle, {\n  timeout: 10000\n}).realClick().realMouseDown().realMouseMove(50, 0).get(modelingViewSelector.drawingCanvasModule, {\n  timeout: 10000\n}).eq(0).realMouseUp();\n// Asserting the project name is being shown on canvas\ncy.get(modelingViewSelector.modelingViewProjectNameDiv, {\n  timeout: 10000\n}).should('include.text', 'Automation_Project:');\ncy.get(modelingViewSelector.modelingViewSaveIcon, {\n  timeout: 10000\n}).should('exist').click(); // Assertion Save button and saving project\ncy.wait(2000);",
              "err": {},
              "uuid": "46bb7d7b-e449-4893-84a7-c598f7dfcad7",
              "parentUUID": "976aa775-7eae-4b1a-8a43-2273328dc5d3",
              "isHook": false,
              "skipped": false
            },
            {
              "title": "3. Logical Line in Transmission Media drop-down (MAIN-TC-2497, MAIN-TC-2498, MAIN-TC-2501)",
              "fullTitle": "Creating Model 3. Logical Line in Transmission Media drop-down (MAIN-TC-2497, MAIN-TC-2498, MAIN-TC-2501)",
              "timedOut": null,
              "duration": 22528,
              "state": "passed",
              "speed": "slow",
              "pass": true,
              "fail": false,
              "pending": false,
              "context": null,
              "code": "// Open Modeling Page\ncy.visit(Cypress.env(\"baseURL\") + \"/modeling\", {\n  timeout: 10000\n}); // Timeout for visit action\ncy.url().should('contain', '/modeling'); // Assertion to check if modeling page is opened  \ncy.get(modelingViewSelector.drawingCanvasMicrocontroller, {\n  timeout: 10000\n}).rightclick().then(() => {\n  cy.wait(500);\n  cy.get(modelingViewSelector.componentSpecComponentNameInput).clear().type('Automation Test Micro');\n  cy.get(modelingViewSelector.componentSpecFeatureSettingsModuleSelect).click();\n  cy.get(modelingViewSelector.componentSpectFeatureSettingsTesteOption).click(); // Selecting from Drop Down\n  cy.get(modelingViewSelector.componentSpecFeatureSettingsSubmitButton).click();\n});\n// Adding features to Module\ncy.get(modelingViewSelector.drawingCanvasModule, {\n  timeout: 10000\n}).rightclick().then(() => {\n  cy.get(modelingViewSelector.componentSpecModuleSelect).click();\n  cy.get(modelingViewSelector.moduleSelectBatteryOption).click();\n  cy.wait(1000);\n  cy.get(modelingViewSelector.componentSpecFeatureSettingsSubmitButton).click({\n    force: true\n  });\n});\n// Comm Line\ncy.get(modelingViewSelector.drawingCanvasCommunicationLine, {\n  timeout: 10000\n}).rightclick({\n  force: true\n}).then(() => {\n  cy.wait(1000);\n  cy.get(modelingViewSelector.communicationLineSpecNameInput).clear().type(\"Communication Line 1\");\n  cy.get(modelingViewSelector.communicationLineSpecTransmissionSelect).click();\n  cy.get(modelingViewSelector.transmissionMediaLogicalLineOption).click();\n  cy.wait(1000);\n  cy.get(modelingViewSelector.communicationLineSpecBaseProtocolSelect).click();\n  cy.get(modelingViewSelector.baseProtocolLogicalLineOption).should('contain', 'Logical Line');\n  cy.wait(500);\n  cy.get(modelingViewSelector.drawingCanvasCommunicationLine).rightclick({\n    force: true\n  });\n});\ncy.get(navBarSelector.navBarRunTheModelIcon, {\n  timeout: 10000\n}).click({\n  force: true\n}); // Run the model\ncy.wait(1000);\ncy.get(modelingViewSelector.modelingViewSnackBar, {\n  timeout: 10000\n}).invoke('text').should('include', 'Error: No threat is found');",
              "err": {},
              "uuid": "f7bad1c4-d705-4cb5-9630-17cfe306b0ac",
              "parentUUID": "976aa775-7eae-4b1a-8a43-2273328dc5d3",
              "isHook": false,
              "skipped": false
            },
            {
              "title": "4. Deleting the Created Project (MAIN-TC-847)",
              "fullTitle": "Creating Model 4. Deleting the Created Project (MAIN-TC-847)",
              "timedOut": null,
              "duration": 21522,
              "state": "passed",
              "speed": "slow",
              "pass": true,
              "fail": false,
              "pending": false,
              "context": null,
              "code": "cy.deleteProject(projectName);",
              "err": {},
              "uuid": "f2fc5941-5608-446b-8a62-7a1230fafb9a",
              "parentUUID": "976aa775-7eae-4b1a-8a43-2273328dc5d3",
              "isHook": false,
              "skipped": false
            }
          ],
          "suites": [],
          "passes": [
            "75a771fd-24af-431c-9b0b-80d68e6bef63",
            "46bb7d7b-e449-4893-84a7-c598f7dfcad7",
            "f7bad1c4-d705-4cb5-9630-17cfe306b0ac",
            "f2fc5941-5608-446b-8a62-7a1230fafb9a"
          ],
          "failures": [],
          "pending": [],
          "skipped": [],
          "duration": 99278,
          "root": false,
          "rootEmpty": false,
          "_timeout": 2000
        }
      ],
      "passes": [],
      "failures": [],
      "pending": [],
      "skipped": [],
      "duration": 0,
      "root": true,
      "rootEmpty": true,
      "_timeout": 2000
    }
  ],
  "meta": {
    "mocha": {
      "version": "7.0.1"
    },
    "mochawesome": {
      "options": {
        "quiet": true,
        "reportFilename": "mochawesome",
        "saveHtml": false,
        "saveJson": true,
        "consoleReporter": "spec",
        "useInlineDiffs": false,
        "code": true
      },
      "version": "6.3.1"
    },
    "marge": {
      "options": {
        "reportDir": "cypress\\reports\\.jsons",
        "overwrite": false,
        "html": false,
        "json": true,
        "timestamp": true,
        "reportTitle": "Vultara Automation Test",
        "showPassed": true,
        "showFailed": true,
        "showPending": true,
        "showSkipped": false,
        "browser": "all",
        "quiet": true
      },
      "version": "5.2.0"
    }
  }
}