{
  "stats": {
    "suites": 1,
    "tests": 8,
    "passes": 5,
    "pending": 0,
    "failures": 3,
    "start": "2024-02-12T09:30:01.646Z",
    "end": "2024-02-12T09:34:43.192Z",
    "duration": 281546,
    "testsRegistered": 8,
    "passPercent": 62.5,
    "pendingPercent": 0,
    "other": 0,
    "hasOther": false,
    "skipped": 0,
    "hasSkipped": false
  },
  "results": [
    {
      "uuid": "cfccc881-54d8-45ee-8be3-04d7102473e5",
      "title": "",
      "fullFile": "cypress\\e2e\\Threat-Generation\\impact.cy.js",
      "file": "cypress\\e2e\\Threat-Generation\\impact.cy.js",
      "beforeHooks": [],
      "afterHooks": [],
      "tests": [],
      "suites": [
        {
          "uuid": "c69d9d1c-da9f-4486-9af7-7b5279263e9b",
          "title": "Impact",
          "fullFile": "",
          "file": "",
          "beforeHooks": [],
          "afterHooks": [],
          "tests": [
            {
              "title": "Create Model and Generate Threat",
              "fullTitle": "Impact Create Model and Generate Threat",
              "timedOut": null,
              "duration": 81078,
              "state": "passed",
              "speed": "slow",
              "pass": true,
              "fail": false,
              "pending": false,
              "context": null,
              "code": "cy.createModel().then(() => {\n  cy.visit(Cypress.env('baseURL') + '/threats');\n});",
              "err": {},
              "uuid": "842fbc17-27ef-4c38-905d-de7191f689d5",
              "parentUUID": "c69d9d1c-da9f-4486-9af7-7b5279263e9b",
              "isHook": false,
              "skipped": false
            },
            {
              "title": "Threat No in Impact Popup (MAIN-TC-1626, MAIN-TC-1627)",
              "fullTitle": "Impact Threat No in Impact Popup (MAIN-TC-1626, MAIN-TC-1627)",
              "timedOut": null,
              "duration": 16867,
              "state": "passed",
              "speed": "slow",
              "pass": true,
              "fail": false,
              "pending": false,
              "context": null,
              "code": "cy.visit(Cypress.env('baseURL') + '/threats').then(() => {\n  cy.get(threatListViewSelector.threatListViewImpactButton).eq(0).click();\n}).then(() => {\n  cy.get(impactPopupSelector.impactPopup).should('exist');\n  cy.get(impactPopupSelector.impactPopupTitle).invoke('text').should('include', 'Impact for Threat #1');\n});",
              "err": {},
              "uuid": "3fe3fd91-de50-4c9f-9114-c3d69aae432a",
              "parentUUID": "c69d9d1c-da9f-4486-9af7-7b5279263e9b",
              "isHook": false,
              "skipped": false
            },
            {
              "title": "Risk level and Impact rating in Impact Popup (MAIN-TC-1643)",
              "fullTitle": "Impact Risk level and Impact rating in Impact Popup (MAIN-TC-1643)",
              "timedOut": null,
              "duration": 14679,
              "state": "passed",
              "speed": "slow",
              "pass": true,
              "fail": false,
              "pending": false,
              "context": null,
              "code": "cy.visit(Cypress.env('baseURL') + '/threats').then(() => {\n  let riskValue;\n  let Rating;\n  cy.get(threatListViewSelector.threatListViewRiskButton).eq(0).invoke('text').then(text => {\n    riskValue = text.trim();\n    cy.get(threatListViewSelector.threatListViewImpactButton).eq(0).invoke('text').then(text => {\n      Rating = text.trim();\n      cy.get(threatListViewSelector.threatListViewImpactButton).eq(0).click();\n      cy.get(impactPopupSelector.impactPopupRatingTitle).eq(1).invoke('text').should('include', Rating);\n    });\n    cy.get(impactPopupSelector.impactPopupRiskLevelTitle).eq(0).invoke('text').should('include', riskValue);\n  });\n});",
              "err": {},
              "uuid": "ec161f38-6bb0-4058-bc8e-4a6746f9a77b",
              "parentUUID": "c69d9d1c-da9f-4486-9af7-7b5279263e9b",
              "isHook": false,
              "skipped": false
            },
            {
              "title": "Color dot with Each Impact Category (MAIN-TC-1645)",
              "fullTitle": "Impact Color dot with Each Impact Category (MAIN-TC-1645)",
              "timedOut": null,
              "duration": 22111,
              "state": "passed",
              "speed": "slow",
              "pass": true,
              "fail": false,
              "pending": false,
              "context": null,
              "code": "cy.visit(Cypress.env('baseURL') + '/threats');\ncy.get(threatListViewSelector.threatListViewImpactButton).eq(0).click().then(() => {\n  for (let i = 0; i < 4; i++) {\n    cy.get(impactPopupSelector.impactPopupCategoryDropDown).eq(i).click();\n    cy.get(impactPopupSelector.impactPopupCategoryDropdownModerateOption).click();\n  }\n}).then(() => {\n  for (let i = 0; i < 4; i++) {\n    cy.get(impactPopupSelector.impactPopupCategoryDropDownColor).eq(i).should('exist');\n  }\n});",
              "err": {},
              "uuid": "9f826203-ba8f-4880-b9dc-0ec5ea55ad36",
              "parentUUID": "c69d9d1c-da9f-4486-9af7-7b5279263e9b",
              "isHook": false,
              "skipped": false
            },
            {
              "title": "Edit the Reviewed Threat(MAIN-TC-1681) ",
              "fullTitle": "Impact Edit the Reviewed Threat(MAIN-TC-1681) ",
              "timedOut": null,
              "duration": 39189,
              "state": "failed",
              "speed": null,
              "pass": false,
              "fail": true,
              "pending": false,
              "context": "{\n  \"title\": \"cypress-mochawesome-reporter-screenshots\",\n  \"value\": [\n    [\n      {\n        \"title\": \"Failed screenshot\",\n        \"value\": \"\\\\impact.cy.js\\\\Impact -- Edit the Reviewed Threat(MAIN-TC-1681) (failed).png\"\n      }\n    ]\n  ]\n}",
              "code": "cy.visit(Cypress.env('baseURL') + '/threats');\ncy.get(threatListViewSelector.threatListViewReviewCheckBox).eq(0).click() //Marking threat as reviewed\n.then(() => {\n  cy.get(threatListViewSelector.threatListViewImpactButton).eq(0).click();\n}).then(() => {\n  cy.get(impactPopupSelector.impactPopupCategoryDropDown).eq(0).should('not.be.enabled');\n  cy.get(impactPopupSelector.impactPopuDamageScenarioTextArea).should('not.be.enabled');\n});\ncy.get(impactPopupSelector.impactPopupCancelButton).click().then(() => {\n  cy.get(threatListViewSelector.threatListViewReviewCheckBox).eq(0).click({\n    force: true\n  }); //Marking threat as unreviewed\n  cy.wait(1000);\n}).then(() => {\n  cy.get(threatListViewSelector.threatListViewReviewCheckBox).eq(0).click({\n    force: true\n  });\n  cy.wait(3000);\n}).then(() => {\n  cy.get(impactPopupSelector.impactPopupConfirmButton).click({\n    force: true\n  });\n  cy.wait(1000);\n});",
              "err": {
                "message": "AssertionError: Timed out retrying after 20000ms: Expected to find element: `.mdc-button__label:contains(\"Confirm\")`, but never found it.",
                "estack": "AssertionError: Timed out retrying after 20000ms: Expected to find element: `.mdc-button__label:contains(\"Confirm\")`, but never found it.\n    at Context.eval (webpack://cypress/./cypress/e2e/Threat-Generation/impact.cy.js:94:9)",
                "diff": null
              },
              "uuid": "4062f0d9-d281-4a56-9d43-4e969529a4be",
              "parentUUID": "c69d9d1c-da9f-4486-9af7-7b5279263e9b",
              "isHook": false,
              "skipped": false
            },
            {
              "title": "Impact having Some treatment Value (MAIN-TC-1682, MAIN-TC-1683)",
              "fullTitle": "Impact Impact having Some treatment Value (MAIN-TC-1682, MAIN-TC-1683)",
              "timedOut": null,
              "duration": 36774,
              "state": "failed",
              "speed": null,
              "pass": false,
              "fail": true,
              "pending": false,
              "context": "{\n  \"title\": \"cypress-mochawesome-reporter-screenshots\",\n  \"value\": [\n    [\n      {\n        \"title\": \"Failed screenshot\",\n        \"value\": \"\\\\impact.cy.js\\\\Impact -- Impact having Some treatment Value (MAIN-TC-1682, MAIN-TC-1683) (failed).png\"\n      }\n    ]\n  ]\n}",
              "code": "cy.visit(Cypress.env('baseURL') + '/threats').then(() => {\n  cy.get(threatListViewSelector.threatListViewThreatTreatmentSelect).eq(0).click();\n  cy.get(threatListViewSelector.threatTreatmentReduceOption).click();\n  cy.get(threatListViewSelector.threatListViewImpactButton).eq(0).click({\n    force: true\n  }).then(() => {\n    cy.get(impactPopupSelector.impactPopupBeforeAfterToggleButton).should('exist');\n  });\n  cy.get(impactPopupSelector.impactPopupCategoryHeading).invoke('text').should('include', 'After');\n  cy.get(impactPopupSelector.impactPopupBeforeAfterToggleButton).click().then(() => {\n    cy.get(impactPopupSelector.impactPopupCategoryHeading).invoke('text').should('include', 'Before');\n  }).then(() => {\n    cy.get(impactPopupSelector.impactPopupCloseButton).click();\n  });\n});",
              "err": {
                "message": "AssertionError: Timed out retrying after 20000ms: Expected to find element: `mat-option:contains(\"reduce\")`, but never found it.",
                "estack": "AssertionError: Timed out retrying after 20000ms: Expected to find element: `mat-option:contains(\"reduce\")`, but never found it.\n    at Context.eval (webpack://cypress/./cypress/e2e/Threat-Generation/impact.cy.js:102:9)",
                "diff": null
              },
              "uuid": "cc8d664f-aa02-413e-a676-b22a6312a17c",
              "parentUUID": "c69d9d1c-da9f-4486-9af7-7b5279263e9b",
              "isHook": false,
              "skipped": false
            },
            {
              "title": "Comparing Before and After Value (MAIN-TC-1684)",
              "fullTitle": "Impact Comparing Before and After Value (MAIN-TC-1684)",
              "timedOut": null,
              "duration": 42322,
              "state": "failed",
              "speed": null,
              "pass": false,
              "fail": true,
              "pending": false,
              "context": "{\n  \"title\": \"cypress-mochawesome-reporter-screenshots\",\n  \"value\": [\n    [\n      {\n        \"title\": \"Failed screenshot\",\n        \"value\": \"\\\\impact.cy.js\\\\Impact -- Comparing Before and After Value (MAIN-TC-1684) (failed).png\"\n      }\n    ]\n  ]\n}",
              "code": "cy.visit(Cypress.env('baseURL') + '/threats').then(() => {\n  cy.get(threatListViewSelector.threatListViewThreatTreatmentSelect).eq(0).click();\n});\ncy.get(threatListViewSelector.threatTreatmentRetaintOption).click({\n  force: true\n}).then(() => {\n  cy.get(threatListViewSelector.threatListViewImpactButton).eq(0).click();\n}).then(() => {\n  for (let i = 0; i < 4; i++) {\n    cy.get(impactPopupSelector.impactPopupCategoryDropDown).eq(i).click();\n    cy.get(impactPopupSelector.impactPopupCategoryDropdownNegligibleOption).click();\n  }\n});\ncy.get(impactPopupSelector.impactPopupRiskLevelTitle).eq(0).invoke('text').should('include', '5');\ncy.get(impactPopupSelector.impactPopupRatingTitle).eq(1).invoke('text').should('include', 'Negligible');\ncy.get(impactPopupSelector.impactPopupBeforeAfterToggleButton).click().then(() => {\n  for (let i = 0; i < 4; i++) {\n    cy.get(impactPopupSelector.impactPopupCategoryDropDown).eq(i).click();\n    cy.get(impactPopupSelector.impactPopupCategoryDropdownModerateOption).click();\n  }\n});\ncy.get(impactPopupSelector.impactPopupRiskLevelTitle).eq(0).invoke('text').should('include', '5');\ncy.get(impactPopupSelector.impactPopupRatingTitle).eq(1).invoke('text').should('include', 'Moderate');\ncy.get(impactPopupSelector.impactPopupRiskLevelTitle).eq(0).invoke('text').should('contain', 'Risk Level: 4→ 5');\ncy.get(impactPopupSelector.impactPopupRatingTitle).eq(1).invoke('text').should('contain', 'Impact Rating: Moderate → Negligible');",
              "err": {
                "message": "AssertionError: Timed out retrying after 20000ms: Expected to find element: `mat-option:contains(\"retain\")`, but never found it.",
                "estack": "AssertionError: Timed out retrying after 20000ms: Expected to find element: `mat-option:contains(\"retain\")`, but never found it.\n    at Context.eval (webpack://cypress/./cypress/e2e/Threat-Generation/impact.cy.js:119:7)",
                "diff": null
              },
              "uuid": "33f7d81a-b9a4-4f17-8258-c35a22dd63b4",
              "parentUUID": "c69d9d1c-da9f-4486-9af7-7b5279263e9b",
              "isHook": false,
              "skipped": false
            },
            {
              "title": "Delete Project",
              "fullTitle": "Impact Delete Project",
              "timedOut": null,
              "duration": 18558,
              "state": "passed",
              "speed": "slow",
              "pass": true,
              "fail": false,
              "pending": false,
              "context": null,
              "code": "cy.deleteProject(projectName);",
              "err": {},
              "uuid": "415fc3c7-8a2a-441a-9639-5b4f1fab2e57",
              "parentUUID": "c69d9d1c-da9f-4486-9af7-7b5279263e9b",
              "isHook": false,
              "skipped": false
            }
          ],
          "suites": [],
          "passes": [
            "842fbc17-27ef-4c38-905d-de7191f689d5",
            "3fe3fd91-de50-4c9f-9114-c3d69aae432a",
            "ec161f38-6bb0-4058-bc8e-4a6746f9a77b",
            "9f826203-ba8f-4880-b9dc-0ec5ea55ad36",
            "415fc3c7-8a2a-441a-9639-5b4f1fab2e57"
          ],
          "failures": [
            "4062f0d9-d281-4a56-9d43-4e969529a4be",
            "cc8d664f-aa02-413e-a676-b22a6312a17c",
            "33f7d81a-b9a4-4f17-8258-c35a22dd63b4"
          ],
          "pending": [],
          "skipped": [],
          "duration": 271578,
          "root": false,
          "rootEmpty": false,
          "_timeout": 2000
        }
      ],
      "passes": [],
      "failures": [],
      "pending": [],
      "skipped": [],
      "duration": 0,
      "root": true,
      "rootEmpty": true,
      "_timeout": 2000
    }
  ],
  "meta": {
    "mocha": {
      "version": "7.0.1"
    },
    "mochawesome": {
      "options": {
        "quiet": true,
        "reportFilename": "mochawesome",
        "saveHtml": false,
        "saveJson": true,
        "consoleReporter": "spec",
        "useInlineDiffs": false,
        "code": true
      },
      "version": "6.3.1"
    },
    "marge": {
      "options": {
        "reportDir": "cypress\\reports\\.jsons",
        "overwrite": false,
        "html": false,
        "json": true,
        "timestamp": true,
        "reportTitle": "Vultara Automation Test",
        "showPassed": true,
        "showFailed": true,
        "showPending": true,
        "showSkipped": false,
        "browser": "all",
        "quiet": true
      },
      "version": "5.2.0"
    }
  }
}