{
  "stats": {
    "suites": 2,
    "tests": 2,
    "passes": 1,
    "pending": 0,
    "failures": 1,
    "start": "2024-03-07T08:57:56.763Z",
    "end": "2024-03-07T09:01:34.436Z",
    "duration": 217673,
    "testsRegistered": 17,
    "passPercent": 5.88235294117647,
    "pendingPercent": 0,
    "other": 0,
    "hasOther": false,
    "skipped": 15,
    "hasSkipped": true
  },
  "results": [
    {
      "uuid": "88ffcc36-ecbe-4d1f-bff5-a041ccf89cd3",
      "title": "",
      "fullFile": "cypress\\e2e\\attack-tree\\attack-tree-canvas.cy.js",
      "file": "cypress\\e2e\\attack-tree\\attack-tree-canvas.cy.js",
      "beforeHooks": [],
      "afterHooks": [],
      "tests": [],
      "suites": [
        {
          "uuid": "04d4c354-0006-42af-892c-1f8260de30d1",
          "title": "Attack Tree",
          "fullFile": "",
          "file": "",
          "beforeHooks": [],
          "afterHooks": [],
          "tests": [
            {
              "title": "“Save Tree As” header option(MAIN-TC-2029, MAIN-TC-2030)",
              "fullTitle": "Attack Tree “Save Tree As” header option(MAIN-TC-2029, MAIN-TC-2030)",
              "timedOut": null,
              "duration": 37898,
              "state": "failed",
              "speed": null,
              "pass": false,
              "fail": true,
              "pending": false,
              "context": "{\n  \"title\": \"cypress-mochawesome-reporter-screenshots\",\n  \"value\": [\n    [\n      {\n        \"title\": \"Failed screenshot\",\n        \"value\": \"\\\\attack-tree-canvas.cy.js\\\\Attack Tree -- “Save Tree As” header option(MAIN-TC-2029, MAIN-TC-2030) (failed).png\"\n      }\n    ],\n    [\n      {\n        \"title\": \"Failed screenshot\",\n        \"value\": \"\\\\attack-tree-canvas.cy.js\\\\Attack Tree -- “Save Tree As” header option(MAIN-TC-2029, MAIN-TC-2030) -- before each hook (failed) (attempt 2).png\"\n      }\n    ]\n  ]\n}",
              "code": "cy.visit(Cypress.env('baseURL') + '/threats').then(() => {\n  cy.get(threatListViewSelector.attackTreeButton).click().then(() => {\n    cy.get(attackTreeSelector.attackTreeDialogTreeButton).eq(1).click().then(() => {\n      cy.get(attackTreeSelector.attackTreeDialogTreeDropDownNewTree).click().then(() => {\n        (0, _cypressRecurse.recurse)(() => cy.get(attackTreeSelector.attackTreeDialogNewTreePopupName).clear().type('Automation Tree'), $inputField => $inputField.val() == 'Automation Tree', {\n          delay: 1000\n        });\n        cy.get(attackTreeSelector.attackTreeDialogNewTreePopupConfirmButton).click().then(() => {\n          cy.get(attackTreeSelector.attackTreeDialogTreeButton).eq(1).click().then(() => {\n            cy.get(attackTreeSelector.attackTreeDialogTreeDropDownSaveTree).click().then(() => {\n              cy.get(attackTreeSelector.attackTreeDialogSaveTreeAsPopup).should('exist');\n              cy.get(attackTreeSelector.attackTreeDialogSaveTreeAsPopupConfirmButton).should('be.enabled');\n              cy.get(attackTreeSelector.attackTreeDialogSaveTreeAsPopupName).clear().then(() => {\n                cy.get(attackTreeSelector.attackTreeDialogSaveTreeAsPopupConfirmButton).should('not.be.enabled');\n              });\n            });\n          });\n        });\n      });\n    });\n  });\n});",
              "err": {
                "message": "CypressError: `cy.then()` timed out after waiting `20000ms`.\n\nYour callback function returned a promise that never resolved.\n\nThe callback function was:\n\ncurrentUrl => {\n    if (currentUrl !== url) {\n      return originalFn(url, options);\n    }\n  }\n\nhttps://on.cypress.io/then\n\nBecause this error occurred during a `before each` hook we are skipping the remaining tests in the current suite: `Attack Tree`",
                "estack": "CypressError: `cy.then()` timed out after waiting `20000ms`.\n\nYour callback function returned a promise that never resolved.\n\nThe callback function was:\n\ncurrentUrl => {\n    if (currentUrl !== url) {\n      return originalFn(url, options);\n    }\n  }\n\nhttps://on.cypress.io/then\n\nBecause this error occurred during a `before each` hook we are skipping the remaining tests in the current suite: `Attack Tree`\n    at <unknown> (http://localhost:4200/__cypress/runner/cypress_runner.js:118353:75)\n    at tryCatcher (http://localhost:4200/__cypress/runner/cypress_runner.js:1807:23)\n    at <unknown> (http://localhost:4200/__cypress/runner/cypress_runner.js:4186:41)\n    at tryCatcher (http://localhost:4200/__cypress/runner/cypress_runner.js:1807:23)\n    at Promise._settlePromiseFromHandler (http://localhost:4200/__cypress/runner/cypress_runner.js:1519:31)\n    at Promise._settlePromise (http://localhost:4200/__cypress/runner/cypress_runner.js:1576:18)\n    at Promise._settlePromise0 (http://localhost:4200/__cypress/runner/cypress_runner.js:1621:10)\n    at Promise._settlePromises (http://localhost:4200/__cypress/runner/cypress_runner.js:1697:18)\n    at _drainQueueStep (http://localhost:4200/__cypress/runner/cypress_runner.js:2407:12)\n    at _drainQueue (http://localhost:4200/__cypress/runner/cypress_runner.js:2400:9)\n    at Async._drainQueues (http://localhost:4200/__cypress/runner/cypress_runner.js:2416:5)\n    at Async.drainQueues (http://localhost:4200/__cypress/runner/cypress_runner.js:2286:14)\nFrom Your Spec Code:\n    at Context.eval (webpack://cypress/./cypress/support/commands.js:26:4)",
                "diff": null
              },
              "uuid": "f6198c9f-e7d1-46f7-9701-9d33606daad0",
              "parentUUID": "04d4c354-0006-42af-892c-1f8260de30d1",
              "isHook": false,
              "skipped": false
            },
            {
              "title": "Creating Model then Save As and Save Button Color (MAIN-TC-2031, MAIN-TC-2034)",
              "fullTitle": "Attack Tree Creating Model then Save As and Save Button Color (MAIN-TC-2031, MAIN-TC-2034)",
              "timedOut": null,
              "duration": 0,
              "state": "skipped",
              "speed": null,
              "pass": false,
              "fail": false,
              "pending": false,
              "context": null,
              "code": "cy.visit(Cypress.env('baseURL') + '/threats').then(() => {\n  cy.get(threatListViewSelector.attackTreeButton).click().then(() => {\n    cy.get(attackTreeSelector.attackTreeDialogTreeButton).eq(1).click().then(() => {\n      cy.get(attackTreeSelector.attackTreeDialogTreeDropDownNewTree).click().then(() => {\n        (0, _cypressRecurse.recurse)(() => cy.get(attackTreeSelector.attackTreeDialogNewTreePopupName).clear().type('Automation Tree'), $inputField => $inputField.val() == 'Automation Tree', {\n          delay: 1000\n        }).then(() => {\n          cy.get(attackTreeSelector.attackTreeDialogNewTreePopupConfirmButton).click().then(() => {\n            cy.wait(3000);\n            cy.get(attackTreeSelector.attackTreeDialogNode).eq(0).realClick().realMouseDown().realMouseMove(50, -300).get(attackTreeSelector.attackTreeDialogCanvas).realMouseUp().then(() => {\n              cy.wait(3000);\n              cy.get(attackTreeSelector.attackTreeDialogNode).eq(1).realClick().realMouseDown().realMouseMove(-20, -280).get(attackTreeSelector.attackTreeDialogCanvasElement).eq(0).realMouseUp();\n            });\n          });\n        });\n        cy.get(attackTreeSelector.attackTreeButtonColor).should('have.css', 'background-image').and('include', 'attack-tree-unsaved-changes-icon.svg');\n        cy.get(attackTreeSelector.attackTreeDialogSaveIcon).click({\n          force: true\n        }).then(() => {\n          cy.get(attackTreeSelector.attackTreeButtonColor).should('have.css', 'background-image').and('include', 'attack-tree-button.svg');\n          cy.get(attackTreeSelector.attackTreeDialogTreeButton).eq(1).click().then(() => {\n            cy.get(attackTreeSelector.attackTreeDialogTreeDropDownSaveTree).click().then(() => {\n              (0, _cypressRecurse.recurse)(() => cy.get(attackTreeSelector.attackTreeDialogSaveTreeAsPopupName).clear().type('Save As Automation Tree'), $inputField => $inputField.val() == 'Save As Automation Tree', {\n                delay: 1000\n              }).then(() => {\n                cy.get(attackTreeSelector.attackTreeDialogSaveTreeAsPopupConfirmButton).click().then(() => {\n                  cy.get(attackTreeSelector.attackTreeDialogLoadedTreeButton).invoke('text').should('include', 'Save As Automation');\n                  cy.get(attackTreeSelector.attackTreeDialogCanvasElement).eq(0).should('exist');\n                  cy.get(attackTreeSelector.attackTreeDialogCanvasElement).eq(1).should('exist');\n                });\n              });\n            });\n          });\n        });\n      });\n    });\n  });\n});",
              "err": {},
              "uuid": "44bc033f-5b71-476a-9edf-caca8c4def19",
              "parentUUID": "04d4c354-0006-42af-892c-1f8260de30d1",
              "isHook": false,
              "skipped": true
            },
            {
              "title": "Confirm Button Functionality Test when Panel is “Loaded”(MAIN-TC-2033)",
              "fullTitle": "Attack Tree Confirm Button Functionality Test when Panel is “Loaded”(MAIN-TC-2033)",
              "timedOut": null,
              "duration": 0,
              "state": "skipped",
              "speed": null,
              "pass": false,
              "fail": false,
              "pending": false,
              "context": null,
              "code": "cy.visit(Cypress.env('baseURL') + '/threats').then(() => {\n  cy.get(threatListViewSelector.attackTreeButton).click().then(() => {\n    cy.get(attackTreeSelector.attackTreeDialogTreeButton).eq(1).click().then(() => {\n      cy.get(attackTreeSelector.attackTreeDialogTreeDropDownLoadTree).click().then(() => {\n        cy.get(attackTreeSelector.attackTreeDialogLoadTreeSelectTree).click().then(() => {\n          cy.get(attackTreeSelector.attackTreeDialogLoadTreePopupConfirmButton).click().then(() => {\n            cy.get(attackTreeSelector.attackTreeDialogNode).eq(0).realClick({\n              force: true\n            }).realMouseDown().realMouseMove(50, -200).get(attackTreeSelector.attackTreeDialogCanvas).realMouseUp();\n          }).then(() => {\n            cy.get(attackTreeSelector.attackTreeDialogTreeButton).eq(1).click().then(() => {\n              cy.get(attackTreeSelector.attackTreeDialogTreeDropDownLoadTree).click().then(() => {\n                cy.get(attackTreeSelector.attackTreeDialogLoadTreePopup).should('exist');\n                cy.get(attackTreeSelector.attackTreeDialogLoadTreePopupConfirmButton).should('exist').should('be.enabled');\n                cy.get(attackTreeSelector.attackTreeDialogLoadTreePopupCancelButton).click();\n              });\n            });\n            cy.get(attackTreeSelector.attackTreeDialogTreeButton).eq(1).click().then(() => {\n              cy.get(attackTreeSelector.attackTreeDialogTreeDropDownSaveTree).click().then(() => {\n                cy.get(attackTreeSelector.attackTreeDialogLoadTreePopup).should('exist');\n                cy.get(attackTreeSelector.attackTreeDialogLoadTreePopupConfirmButton).should('exist').should('be.enabled');\n                cy.get(attackTreeSelector.attackTreeDialogLoadTreePopupCancelButton).click();\n              });\n            });\n          });\n          cy.get(attackTreeSelector.attackTreeDialogTreeButton).eq(1).click().then(() => {\n            cy.get(attackTreeSelector.attackTreeDialogTreeDropDownNewTree).click().then(() => {\n              cy.get(attackTreeSelector.attackTreeDialogLoadTreePopup).should('exist');\n              cy.get(attackTreeSelector.attackTreeDialogLoadTreePopupConfirmButton).click().then(() => {\n                (0, _cypressRecurse.recurse)(() => cy.get(attackTreeSelector.attackTreeDialogNewTreePopupName).clear().type('New Tree'), $inputField => $inputField.val() == 'New Tree', {\n                  delay: 1000\n                });\n                cy.get(attackTreeSelector.attackTreeDialogNewTreePopupConfirmButton).click();\n                cy.get(attackTreeSelector.attackTreeDialogCanvasElement).eq(0).should('not.be.visible');\n                cy.get(attackTreeSelector.attackTreeDialogCanvasElement).eq(1).should('not.be.visible');\n              });\n            });\n          });\n        });\n      });\n    });\n  });\n});",
              "err": {},
              "uuid": "64321072-5954-4e62-807b-1abc93c5aa5d",
              "parentUUID": "04d4c354-0006-42af-892c-1f8260de30d1",
              "isHook": false,
              "skipped": true
            },
            {
              "title": "Panel State Verification Test when changes are unsaved(MAIN-TC-2035)",
              "fullTitle": "Attack Tree Panel State Verification Test when changes are unsaved(MAIN-TC-2035)",
              "timedOut": null,
              "duration": 0,
              "state": "skipped",
              "speed": null,
              "pass": false,
              "fail": false,
              "pending": false,
              "context": null,
              "code": "cy.visit(Cypress.env('baseURL') + '/threats').then(() => {\n  cy.get(threatListViewSelector.attackTreeButton).click({\n    force: true\n  }).then(() => {\n    cy.get(attackTreeSelector.attackTreeDialogTreeButton).eq(1).click().then(() => {\n      cy.get(attackTreeSelector.attackTreeDialogTreeDropDownLoadTree).click().then(() => {\n        cy.get(attackTreeSelector.attackTreeDialogLoadTreeSelectTree).click().then(() => {\n          cy.get(attackTreeSelector.attackTreeDialogLoadTreePopupConfirmButton).click().then(() => {\n            cy.get(attackTreeSelector.attackTreeDialogLoadedTreeButton).invoke('text').should('include', 'Automation Tree');\n            cy.get(attackTreeSelector.attackTreeDialogSaveIcon).should('exist');\n            cy.get(attackTreeSelector.attackTreeDialogFooter).should('exist');\n            cy.get(attackTreeSelector.attackTreeDialogTreeButton).eq(1).click().then(() => {\n              cy.get(attackTreeSelector.attackTreeDialogTreeDropDownSaveTree).should('be.enabled');\n              cy.get(attackTreeSelector.attackTreeDialogTreeDropDownChange).should('be.enabled');\n            });\n          });\n        });\n      });\n    });\n  });\n});",
              "err": {},
              "uuid": "009af02a-5ceb-4623-8854-eeac511bd669",
              "parentUUID": "04d4c354-0006-42af-892c-1f8260de30d1",
              "isHook": false,
              "skipped": true
            },
            {
              "title": "Verify 4 Components in Footer (MAIN-TC-2036)",
              "fullTitle": "Attack Tree Verify 4 Components in Footer (MAIN-TC-2036)",
              "timedOut": null,
              "duration": 0,
              "state": "skipped",
              "speed": null,
              "pass": false,
              "fail": false,
              "pending": false,
              "context": null,
              "code": "cy.visit(Cypress.env('baseURL') + '/threats').then(() => {\n  cy.get(threatListViewSelector.attackTreeButton).click({\n    force: true\n  }).then(() => {\n    cy.get(attackTreeSelector.attackTreeDialogTreeButton).eq(1).click({\n      force: true\n    }).then(() => {\n      cy.get(attackTreeSelector.attackTreeDialogTreeDropDownLoadTree).click().then(() => {\n        cy.get(attackTreeSelector.attackTreeDialogLoadTreeSelectTree).click().then(() => {\n          cy.get(attackTreeSelector.attackTreeDialogLoadTreePopupConfirmButton).click().then(() => {\n            cy.get(attackTreeSelector.attackTreeDialogAND).should('exist');\n            cy.get(attackTreeSelector.attackTreeDialogOR).should('exist');\n            cy.get(attackTreeSelector.attackTreeDialogNode).should('exist');\n            cy.get(attackTreeSelector.attackTreeDialogSAND).should('exist');\n          });\n        });\n      });\n    });\n  });\n});",
              "err": {},
              "uuid": "79c9336d-6c91-4fd7-9824-891a550b9626",
              "parentUUID": "04d4c354-0006-42af-892c-1f8260de30d1",
              "isHook": false,
              "skipped": true
            },
            {
              "title": "Components of Node on Canvas(MAIN-TC-2037, MAIN-TC-2038)",
              "fullTitle": "Attack Tree Components of Node on Canvas(MAIN-TC-2037, MAIN-TC-2038)",
              "timedOut": null,
              "duration": 0,
              "state": "skipped",
              "speed": null,
              "pass": false,
              "fail": false,
              "pending": false,
              "context": null,
              "code": "cy.visit(Cypress.env('baseURL') + '/threats').then(() => {\n  cy.get(threatListViewSelector.attackTreeButton).click({\n    force: true\n  }).then(() => {\n    cy.get(attackTreeSelector.attackTreeDialogTreeButton).eq(1).click().then(() => {\n      cy.get(attackTreeSelector.attackTreeDialogTreeDropDownLoadTree).click().then(() => {\n        cy.get(attackTreeSelector.attackTreeDialogLoadTreeSelectTree).click().then(() => {\n          cy.get(attackTreeSelector.attackTreeDialogLoadTreePopupConfirmButton).click().then(() => {\n            cy.get(attackTreeSelector.attackTreeDialogNode).eq(0).realClick({\n              force: true\n            }).realMouseDown().realMouseMove(50, -200).get(attackTreeSelector.attackTreeDialogCanvas).realMouseUp().then(() => {\n              cy.get(attackTreeSelector.attackTreeDialogCanvasComponentLogo).should('exist');\n              cy.get(attackTreeSelector.attackTreeDialogCanvasComponentName).should('exist');\n              cy.get(attackTreeSelector.attackTreeDialogCanvasComponent3Dots).should('exist');\n              cy.get(attackTreeSelector.attackTreeDialogCanvasComponentNodeText).should('exist');\n            });\n          });\n        });\n      });\n    });\n  });\n});",
              "err": {},
              "uuid": "a849d451-0c9d-4c06-9624-46b03da05519",
              "parentUUID": "04d4c354-0006-42af-892c-1f8260de30d1",
              "isHook": false,
              "skipped": true
            },
            {
              "title": "Canvas Component Menu Test (MAIN-TC-2042)",
              "fullTitle": "Attack Tree Canvas Component Menu Test (MAIN-TC-2042)",
              "timedOut": null,
              "duration": 0,
              "state": "skipped",
              "speed": null,
              "pass": false,
              "fail": false,
              "pending": false,
              "context": null,
              "code": "cy.visit(Cypress.env('baseURL') + '/threats').then(() => {\n  cy.get(threatListViewSelector.attackTreeButton).click({\n    force: true\n  }).then(() => {\n    cy.get(attackTreeSelector.attackTreeDialogTreeButton).eq(1).click().then(() => {\n      cy.get(attackTreeSelector.attackTreeDialogTreeDropDownLoadTree).click().then(() => {\n        cy.get(attackTreeSelector.attackTreeDialogLoadTreeSelectTree).click().then(() => {\n          cy.get(attackTreeSelector.attackTreeDialogLoadTreePopupConfirmButton).click().then(() => {\n            cy.get(attackTreeSelector.attackTreeDialogCanvasComponent3Dots).eq(0).click().then(() => {\n              cy.get(attackTreeSelector.attackTreeCanvasComponentMenuNodeTextOption).should('exist');\n              cy.get(attackTreeSelector.attackTreeCanvasComponentMenuDeleteTypeOption).should('exist');\n              cy.get(attackTreeSelector.attackTreeCanvasComponentMenuChangeTypeOption).should('exist');\n            });\n          });\n        });\n      });\n    });\n  });\n});",
              "err": {},
              "uuid": "983162a1-ce2f-4f1d-b402-de4c3a2e50f6",
              "parentUUID": "04d4c354-0006-42af-892c-1f8260de30d1",
              "isHook": false,
              "skipped": true
            },
            {
              "title": "Automatic NodeText Assignment Test(MAIN-TC-2041)",
              "fullTitle": "Attack Tree Automatic NodeText Assignment Test(MAIN-TC-2041)",
              "timedOut": null,
              "duration": 0,
              "state": "skipped",
              "speed": null,
              "pass": false,
              "fail": false,
              "pending": false,
              "context": null,
              "code": "cy.visit(Cypress.env('baseURL') + '/threats').then(() => {\n  cy.get(threatListViewSelector.attackTreeButton).click().then(() => {\n    cy.get(attackTreeSelector.attackTreeDialogTreeButton).eq(1).click().then(() => {\n      cy.get(attackTreeSelector.attackTreeDialogTreeDropDownLoadTree).click().then(() => {\n        cy.get(attackTreeSelector.attackTreeDialogLoadTreeSelectTree).click().then(() => {\n          cy.get(attackTreeSelector.attackTreeDialogNewTreePopupConfirmButton).click().then(() => {\n            cy.get(attackTreeSelector.attackTreeDialogCanvasComponentName).eq(0).invoke('text').should('contain', 'Node');\n            cy.get(attackTreeSelector.attackTreeDialogCanvasComponentNodeText).eq(0).invoke('text').should('contain', 'Node1');\n            cy.get(attackTreeSelector.attackTreeDialogCanvasComponentName).eq(1).invoke('text').should('contain', 'OR');\n            cy.get(attackTreeSelector.attackTreeDialogCanvasComponentNodeText).eq(1).invoke('text').should('contain', 'OR2');\n          });\n        });\n      });\n    });\n  });\n});",
              "err": {},
              "uuid": "19ab726a-2f43-4c0e-98bb-0c14bf88ecf2",
              "parentUUID": "04d4c354-0006-42af-892c-1f8260de30d1",
              "isHook": false,
              "skipped": true
            },
            {
              "title": "Dragging multiple nodes on Canvas(MAIN-TC-2039)",
              "fullTitle": "Attack Tree Dragging multiple nodes on Canvas(MAIN-TC-2039)",
              "timedOut": null,
              "duration": 0,
              "state": "skipped",
              "speed": null,
              "pass": false,
              "fail": false,
              "pending": false,
              "context": null,
              "code": "cy.visit(Cypress.env('baseURL') + '/threats').then(() => {\n  cy.get(threatListViewSelector.attackTreeButton).click({\n    force: true\n  }).then(() => {\n    cy.get(attackTreeSelector.attackTreeDialogTreeButton).eq(1).click().then(() => {\n      cy.get(attackTreeSelector.attackTreeDialogTreeDropDownLoadTree).click().then(() => {\n        cy.get(attackTreeSelector.attackTreeDialogLoadTreeSelectTree).click().then(() => {\n          cy.get(attackTreeSelector.attackTreeDialogLoadTreePopupConfirmButton).click().then(() => {\n            cy.get(attackTreeSelector.attackTreeDialogNode).eq(0).realClick({\n              force: true\n            }).realMouseDown().realMouseMove(50, -200).get(attackTreeSelector.attackTreeDialogCanvas).realMouseUp().then(() => {\n              cy.get(attackTreeSelector.attackTreeDialogNode).eq(0).realClick({\n                force: true\n              }).realMouseDown().realMouseMove(80, -500).get(attackTreeSelector.attackTreeDialogCanvas).realMouseUp().then(() => {\n                cy.get(attackTreeSelector.attackTreeDialogLoadTreeEmptyMessage).should('exist').invoke('text').should('include', 'Only 1 root node is allowed');\n              });\n            });\n          });\n        });\n      });\n    });\n  });\n});",
              "err": {},
              "uuid": "45b0b614-4330-4c40-b4b4-4cc32427b95b",
              "parentUUID": "04d4c354-0006-42af-892c-1f8260de30d1",
              "isHook": false,
              "skipped": true
            },
            {
              "title": "Node Drop-down and Changing Node (MAIN-TC-3213, MAIN-TC-3212, MAIN-TC-3220)",
              "fullTitle": "Attack Tree Node Drop-down and Changing Node (MAIN-TC-3213, MAIN-TC-3212, MAIN-TC-3220)",
              "timedOut": null,
              "duration": 0,
              "state": "skipped",
              "speed": null,
              "pass": false,
              "fail": false,
              "pending": false,
              "context": null,
              "code": "cy.visit(Cypress.env('baseURL') + '/threats').then(() => {\n  cy.get(threatListViewSelector.attackTreeButton).click({\n    force: true\n  }).then(() => {\n    cy.get(attackTreeSelector.attackTreeDialogTreeButton).eq(1).click().then(() => {\n      cy.get(attackTreeSelector.attackTreeDialogTreeDropDownLoadTree).click().then(() => {\n        cy.get(attackTreeSelector.attackTreeDialogLoadTreeSelectTree).click().then(() => {\n          cy.get(attackTreeSelector.attackTreeDialogLoadTreePopupConfirmButton).click().then(() => {\n            cy.get(attackTreeSelector.attackTreeDialogCanvasComponent3Dots).eq(0).click().then(() => {\n              cy.get(attackTreeSelector.attackTreeCanvasComponentMenuDropDown).should('exist');\n              cy.get(attackTreeSelector.attackTreeCanvasComponentMenuNodeTextOption).should('exist');\n              cy.get(attackTreeSelector.attackTreeCanvasComponentMenuAssignValueOption).should('exist');\n              cy.get(attackTreeSelector.attackTreeCanvasComponentMenuChangeTypeOption).should('exist');\n              cy.get(attackTreeSelector.attackTreeCanvasComponentMenuControlOption).should('exist');\n              cy.get(attackTreeSelector.attackTreeCanvasComponentMenuLinkChildTreeOption).should('exist');\n              cy.get(attackTreeSelector.attackTreeCanvasComponentMenuDeleteTypeOption).should('exist');\n              //Changing Node\n              cy.get(attackTreeSelector.attackTreeDialogCanvasComponentName).eq(0).invoke('text').should('contain', 'Node');\n              cy.get(attackTreeSelector.attackTreeCanvasComponentMenuChangeTypeOption).eq(0).click().then(() => {\n                cy.get(attackTreeSelector.attackTreeCanvasComponentMenuChangeNodeOROption).eq(0).click().then(() => {\n                  cy.get(attackTreeSelector.attackTreeDialogCanvasComponentName).eq(0).invoke('text').should('contain', 'OR');\n                });\n              });\n            });\n          });\n        });\n      });\n    });\n  });\n});",
              "err": {},
              "uuid": "8af6f072-c176-475b-826e-fa9d006fd120",
              "parentUUID": "04d4c354-0006-42af-892c-1f8260de30d1",
              "isHook": false,
              "skipped": true
            },
            {
              "title": "Unlinking the 2nd Component (MAIN-TC-3214, MAIN-TC-3215)",
              "fullTitle": "Attack Tree Unlinking the 2nd Component (MAIN-TC-3214, MAIN-TC-3215)",
              "timedOut": null,
              "duration": 0,
              "state": "skipped",
              "speed": null,
              "pass": false,
              "fail": false,
              "pending": false,
              "context": null,
              "code": "cy.visit(Cypress.env('baseURL') + '/threats').then(() => {\n  cy.get(threatListViewSelector.attackTreeButton).click({\n    force: true\n  }).then(() => {\n    cy.get(attackTreeSelector.attackTreeDialogTreeButton).eq(1).click().then(() => {\n      cy.get(attackTreeSelector.attackTreeDialogTreeDropDownLoadTree).click().then(() => {\n        cy.get(attackTreeSelector.attackTreeDialogLoadTreeSelectTree).click().then(() => {\n          cy.get(attackTreeSelector.attackTreeDialogLoadTreePopupConfirmButton).click().then(() => {\n            cy.get(attackTreeSelector.attackTreeDialogCanvasElement).eq(1).realClick({\n              force: true\n            }).realMouseDown().realMouseMove(80, -500).get(attackTreeSelector.attackTreeDialogCanvas).realMouseUp().then(() => {\n              cy.get(attackTreeSelector.attackTreeCanvasDragChildComponentConfirmationDialog).should('exist').invoke('text').should('contain', 'The selected node and all of its children will be deleted.').then(() => {\n                cy.get(attackTreeSelector.attackTreeDialogDeleteTreePopupDeleteButton).click().then(() => {\n                  cy.get(attackTreeSelector.attackTreeDialogCanvasElement).eq(1).should('not.exist');\n                });\n              });\n            });\n          });\n        });\n      });\n    });\n  });\n});",
              "err": {},
              "uuid": "0dd44e03-fff6-4940-b125-777666e47577",
              "parentUUID": "04d4c354-0006-42af-892c-1f8260de30d1",
              "isHook": false,
              "skipped": true
            },
            {
              "title": "Link Attack Path from tree drop down (MAIN-TC-3216)",
              "fullTitle": "Attack Tree Link Attack Path from tree drop down (MAIN-TC-3216)",
              "timedOut": null,
              "duration": 0,
              "state": "skipped",
              "speed": null,
              "pass": false,
              "fail": false,
              "pending": false,
              "context": null,
              "code": "cy.visit(Cypress.env('baseURL') + '/threats').then(() => {\n  cy.get(threatListViewSelector.attackTreeButton).click({\n    force: true\n  }).then(() => {\n    cy.get(attackTreeSelector.attackTreeDialogTreeButton).eq(1).click().then(() => {\n      cy.get(attackTreeSelector.attackTreeDialogTreeDropDownLoadTree).click().then(() => {\n        cy.get(attackTreeSelector.attackTreeDialogLoadTreeSelectTree).click().then(() => {\n          cy.get(attackTreeSelector.attackTreeDialogLoadTreePopupConfirmButton).click().then(() => {\n            cy.get(attackTreeSelector.attackTreeDialogTreeButton).eq(1).click().then(() => {\n              cy.get(attackTreeSelector.attackTreeDialogTreeDropDownLinkAttackPath).click().then(() => {\n                cy.get(attackTreeSelector.attackTreeDialogLinkAttackPathPopup).should('exist');\n              });\n            });\n          });\n        });\n      });\n    });\n  });\n});",
              "err": {},
              "uuid": "28f94994-acb7-4e0c-b5f2-7910a7b00f7f",
              "parentUUID": "04d4c354-0006-42af-892c-1f8260de30d1",
              "isHook": false,
              "skipped": true
            },
            {
              "title": "Link Vulnerability from tree drop down (MAIN-TC-3217)",
              "fullTitle": "Attack Tree Link Vulnerability from tree drop down (MAIN-TC-3217)",
              "timedOut": null,
              "duration": 0,
              "state": "skipped",
              "speed": null,
              "pass": false,
              "fail": false,
              "pending": false,
              "context": null,
              "code": "cy.visit(Cypress.env('baseURL') + '/threats').then(() => {\n  cy.get(threatListViewSelector.attackTreeButton).click({\n    force: true\n  }).then(() => {\n    cy.get(attackTreeSelector.attackTreeDialogTreeButton).eq(1).click().then(() => {\n      cy.get(attackTreeSelector.attackTreeDialogTreeDropDownLoadTree).click().then(() => {\n        cy.get(attackTreeSelector.attackTreeDialogLoadTreeSelectTree).click().then(() => {\n          cy.get(attackTreeSelector.attackTreeDialogLoadTreePopupConfirmButton).click().then(() => {\n            cy.get(attackTreeSelector.attackTreeDialogTreeButton).eq(1).click().then(() => {\n              cy.get(attackTreeSelector.attackTreeDialogTreeDropDownLinkVulnerability).click().then(() => {\n                cy.get(attackTreeSelector.attackTreeDialogLinkVulnerabilityPathPopup).should('exist');\n              });\n            });\n          });\n        });\n      });\n    });\n  });\n});",
              "err": {},
              "uuid": "da3039b9-da50-4c1d-8435-9b0c02c47913",
              "parentUUID": "04d4c354-0006-42af-892c-1f8260de30d1",
              "isHook": false,
              "skipped": true
            },
            {
              "title": "\"OR Component\" Drop-down & Changing Node(MAIN-TC-3221, MAIN-TC-3222)",
              "fullTitle": "Attack Tree \"OR Component\" Drop-down & Changing Node(MAIN-TC-3221, MAIN-TC-3222)",
              "timedOut": null,
              "duration": 0,
              "state": "skipped",
              "speed": null,
              "pass": false,
              "fail": false,
              "pending": false,
              "context": null,
              "code": "cy.visit(Cypress.env('baseURL') + '/threats').then(() => {\n  cy.get(threatListViewSelector.attackTreeButton).click({\n    force: true\n  }).then(() => {\n    cy.get(attackTreeSelector.attackTreeDialogTreeButton).eq(1).click().then(() => {\n      cy.get(attackTreeSelector.attackTreeDialogTreeDropDownLoadTree).click().then(() => {\n        cy.get(attackTreeSelector.attackTreeDialogLoadTreeSelectTree).click().then(() => {\n          cy.get(attackTreeSelector.attackTreeDialogLoadTreePopupConfirmButton).click().then(() => {\n            cy.get(attackTreeSelector.attackTreeDialogCanvasComponentName).should('contain', 'OR'); //verifying the OR Gate \n            cy.get(attackTreeSelector.attackTreeDialogCanvasComponent3Dots).eq(1).click().then(() => {\n              cy.get(attackTreeSelector.attackTreeCanvasComponentMenuDropDown).should('exist');\n              cy.get(attackTreeSelector.attackTreeCanvasComponentMenuNodeTextOption).should('exist');\n              cy.get(attackTreeSelector.attackTreeCanvasComponentMenuChangeTypeOption).should('exist');\n              cy.get(attackTreeSelector.attackTreeCanvasComponentMenuDeleteTypeOption).should('exist');\n              cy.get(attackTreeSelector.attackTreeCanvasComponentMenuControlOption).should('not.exist');\n              cy.get(attackTreeSelector.attackTreeCanvasComponentMenuLinkChildTreeOption).should('not.exist');\n              cy.get(attackTreeSelector.attackTreeCanvasComponentMenuAssignValueOption).should('not.exist');\n              //Changing OR to Node\n              cy.get(attackTreeSelector.attackTreeCanvasComponentMenuChangeTypeOption).eq(1).click().then(() => {\n                cy.get(attackTreeSelector.attackTreeCanvasComponentMenuChangeNodeNodeOption).eq(1).click().then(() => {\n                  cy.get(attackTreeSelector.attackTreeDialogCanvasComponentName).invoke('text').should('include', 'Node'); //verifying the OR Gate \n                  cy.get(attackTreeSelector.attackTreeDialogCanvasComponent3Dots).eq(1).click().then(() => {\n                    cy.get(attackTreeSelector.attackTreeCanvasComponentMenuDropDown).should('exist');\n                    cy.get(attackTreeSelector.attackTreeCanvasComponentMenuNodeTextOption).should('exist');\n                    cy.get(attackTreeSelector.attackTreeCanvasComponentMenuChangeTypeOption).should('exist');\n                    cy.get(attackTreeSelector.attackTreeCanvasComponentMenuDeleteTypeOption).should('exist');\n                    cy.get(attackTreeSelector.attackTreeCanvasComponentMenuControlOption).should('exist');\n                    cy.get(attackTreeSelector.attackTreeCanvasComponentMenuLinkChildTreeOption).should('exist');\n                    cy.get(attackTreeSelector.attackTreeCanvasComponentMenuAssignValueOption).should('exist');\n                  });\n                });\n              });\n            });\n          });\n        });\n      });\n    });\n  });\n});",
              "err": {},
              "uuid": "4a4d25d2-24b6-49d0-9b60-c732b7541b4d",
              "parentUUID": "04d4c354-0006-42af-892c-1f8260de30d1",
              "isHook": false,
              "skipped": true
            },
            {
              "title": "Apply attack tree to threat\" button (MAIN-TC-3218)",
              "fullTitle": "Attack Tree Apply attack tree to threat\" button (MAIN-TC-3218)",
              "timedOut": null,
              "duration": 0,
              "state": "skipped",
              "speed": null,
              "pass": false,
              "fail": false,
              "pending": false,
              "context": null,
              "code": "cy.visit(Cypress.env('baseURL') + '/threats').then(() => {\n  cy.get(threatListViewSelector.attackTreeButton).click({\n    force: true\n  }).then(() => {\n    cy.get(attackTreeSelector.attackTreeDialogTreeButton).eq(1).click().then(() => {\n      cy.get(attackTreeSelector.attackTreeDialogTreeDropDownLoadTree).click().then(() => {\n        cy.get(attackTreeSelector.attackTreeDialogLoadTreeSelectTree).click().then(() => {\n          cy.get(attackTreeSelector.attackTreeDialogLoadTreePopupConfirmButton).click().then(() => {\n            cy.get(attackTreeSelector.attackTreeDialogApplyAttackTreeToThreat).click().then(() => {\n              cy.get(attackTreeSelector.attackTreeDialogApplyAttackTreePopup).should('exist');\n              cy.get(attackTreeSelector.attackTreeDialogApplyAttackPopupHeading).invoke('text').should('contain', 'Linked Threats');\n            });\n          });\n        });\n      });\n    });\n  });\n});",
              "err": {},
              "uuid": "4a23071c-3180-4bf4-ace9-30fbc817e8fb",
              "parentUUID": "04d4c354-0006-42af-892c-1f8260de30d1",
              "isHook": false,
              "skipped": true
            },
            {
              "title": "Control in 3 dot drop down of a node (MAIN-TC-3223)",
              "fullTitle": "Attack Tree Control in 3 dot drop down of a node (MAIN-TC-3223)",
              "timedOut": null,
              "duration": 0,
              "state": "skipped",
              "speed": null,
              "pass": false,
              "fail": false,
              "pending": false,
              "context": null,
              "code": "cy.visit(Cypress.env('baseURL') + '/threats').then(() => {\n  cy.get(threatListViewSelector.attackTreeButton).click({\n    force: true\n  }).then(() => {\n    cy.get(attackTreeSelector.attackTreeDialogTreeButton).eq(1).click().then(() => {\n      cy.get(attackTreeSelector.attackTreeDialogTreeDropDownLoadTree).click().then(() => {\n        cy.get(attackTreeSelector.attackTreeDialogLoadTreeSelectTree).click().then(() => {\n          cy.get(attackTreeSelector.attackTreeDialogLoadTreePopupConfirmButton).click().then(() => {\n            cy.get(attackTreeSelector.attackTreeDialogCanvasComponent3Dots).eq(0).click().then(() => {\n              cy.get(attackTreeSelector.attackTreeCanvasComponentMenuControlOption).eq(0).click().then(() => {\n                cy.get(attackTreeSelector.attackTreeCanvasControlPopup).should('exist');\n              });\n            });\n          });\n        });\n      });\n    });\n  });\n});",
              "err": {},
              "uuid": "8a8466df-6b8d-41a1-bac5-44c13c0aef47",
              "parentUUID": "04d4c354-0006-42af-892c-1f8260de30d1",
              "isHook": false,
              "skipped": true
            }
          ],
          "suites": [],
          "passes": [],
          "failures": [
            "f6198c9f-e7d1-46f7-9701-9d33606daad0"
          ],
          "pending": [],
          "skipped": [
            "44bc033f-5b71-476a-9edf-caca8c4def19",
            "64321072-5954-4e62-807b-1abc93c5aa5d",
            "009af02a-5ceb-4623-8854-eeac511bd669",
            "79c9336d-6c91-4fd7-9824-891a550b9626",
            "a849d451-0c9d-4c06-9624-46b03da05519",
            "983162a1-ce2f-4f1d-b402-de4c3a2e50f6",
            "19ab726a-2f43-4c0e-98bb-0c14bf88ecf2",
            "45b0b614-4330-4c40-b4b4-4cc32427b95b",
            "8af6f072-c176-475b-826e-fa9d006fd120",
            "0dd44e03-fff6-4940-b125-777666e47577",
            "28f94994-acb7-4e0c-b5f2-7910a7b00f7f",
            "da3039b9-da50-4c1d-8435-9b0c02c47913",
            "4a4d25d2-24b6-49d0-9b60-c732b7541b4d",
            "4a23071c-3180-4bf4-ace9-30fbc817e8fb",
            "8a8466df-6b8d-41a1-bac5-44c13c0aef47"
          ],
          "duration": 37898,
          "root": false,
          "rootEmpty": false,
          "_timeout": 2000
        },
        {
          "uuid": "e7d1da1d-834d-4339-a537-1a84c4f964ce",
          "title": "CLEANUP: Project Deletion",
          "fullFile": "",
          "file": "",
          "beforeHooks": [],
          "afterHooks": [],
          "tests": [
            {
              "title": "Deleting The Project If Created",
              "fullTitle": "CLEANUP: Project Deletion Deleting The Project If Created",
              "timedOut": null,
              "duration": 57678,
              "state": "passed",
              "speed": "slow",
              "pass": true,
              "fail": false,
              "pending": false,
              "context": "{\n  \"title\": \"cypress-mochawesome-reporter-screenshots\",\n  \"value\": [\n    [\n      {\n        \"title\": \"Failed screenshot\",\n        \"value\": \"\\\\attack-tree-canvas.cy.js\\\\CLEANUP Project Deletion -- Deleting The Project If Created (failed).png\"\n      }\n    ],\n    []\n  ]\n}",
              "code": "cy.viewport(1920, 1080);\ncy.login().then(() => {\n  cy.deleteProject(projectName);\n});",
              "err": {},
              "uuid": "93d14b21-baeb-474c-a539-2ddcc48cfd3e",
              "parentUUID": "e7d1da1d-834d-4339-a537-1a84c4f964ce",
              "isHook": false,
              "skipped": false
            }
          ],
          "suites": [],
          "passes": [
            "93d14b21-baeb-474c-a539-2ddcc48cfd3e"
          ],
          "failures": [],
          "pending": [],
          "skipped": [],
          "duration": 57678,
          "root": false,
          "rootEmpty": false,
          "_timeout": 2000
        }
      ],
      "passes": [],
      "failures": [],
      "pending": [],
      "skipped": [],
      "duration": 0,
      "root": true,
      "rootEmpty": true,
      "_timeout": 2000
    }
  ],
  "meta": {
    "mocha": {
      "version": "7.0.1"
    },
    "mochawesome": {
      "options": {
        "quiet": true,
        "reportFilename": "mochawesome",
        "saveHtml": false,
        "saveJson": true,
        "consoleReporter": "spec",
        "useInlineDiffs": false,
        "code": true
      },
      "version": "6.3.1"
    },
    "marge": {
      "options": {
        "reportDir": "cypress\\reports\\.jsons",
        "overwrite": false,
        "html": false,
        "json": true,
        "timestamp": true,
        "reportTitle": "Vultara Automation Test",
        "showPassed": true,
        "showFailed": true,
        "showPending": true,
        "showSkipped": false,
        "browser": "all",
        "quiet": true
      },
      "version": "5.2.0"
    }
  }
}