{
  "stats": {
    "suites": 2,
    "tests": 11,
    "passes": 11,
    "pending": 0,
    "failures": 0,
    "start": "2024-03-07T08:39:44.388Z",
    "end": "2024-03-07T08:44:19.404Z",
    "duration": 275016,
    "testsRegistered": 11,
    "passPercent": 100,
    "pendingPercent": 0,
    "other": 0,
    "hasOther": false,
    "skipped": 0,
    "hasSkipped": false
  },
  "results": [
    {
      "uuid": "3d8908f1-e51c-4e77-95e6-a46adb44cee3",
      "title": "",
      "fullFile": "cypress\\e2e\\attack-tree\\attack-tree.cy.js",
      "file": "cypress\\e2e\\attack-tree\\attack-tree.cy.js",
      "beforeHooks": [],
      "afterHooks": [],
      "tests": [],
      "suites": [
        {
          "uuid": "4217bc1b-aa17-4baf-96bd-fcc2fe2ce2c9",
          "title": "Attack Tree",
          "fullFile": "",
          "file": "",
          "beforeHooks": [],
          "afterHooks": [],
          "tests": [
            {
              "title": "Attack Tree Button in Threat List View page (MAIN-TC-1988, MAIN-TC-1990, MAIN-TC-1992)",
              "fullTitle": "Attack Tree Attack Tree Button in Threat List View page (MAIN-TC-1988, MAIN-TC-1990, MAIN-TC-1992)",
              "timedOut": null,
              "duration": 60417,
              "state": "passed",
              "speed": "slow",
              "pass": true,
              "fail": false,
              "pending": false,
              "context": null,
              "code": "cy.visit(Cypress.env('baseURL') + '/threats').then(() => {\n  cy.get(threatListViewSelector.attackTreeButton).should('exist');\n  cy.get(threatListViewSelector.attackTreeButton).click().then(() => {\n    cy.get(attackTreeSelector.attackTreeDialog).should('exist');\n    cy.get(threatListViewSelector.threatListViewAttackPathTextArea).click().then(() => {\n      cy.get(attackTreeSelector.attackTreeDialog).should('not.be.visible');\n    });\n  });\n});",
              "err": {},
              "uuid": "85a5065c-b189-414b-8542-07404a194c55",
              "parentUUID": "4217bc1b-aa17-4baf-96bd-fcc2fe2ce2c9",
              "isHook": false,
              "skipped": false
            },
            {
              "title": "Tree in Attack Path Popup (MAIN-TC-1993, MAIN-TC-1994, MAIN-TC-1995, MAIN-TC-1996)",
              "fullTitle": "Attack Tree Tree in Attack Path Popup (MAIN-TC-1993, MAIN-TC-1994, MAIN-TC-1995, MAIN-TC-1996)",
              "timedOut": null,
              "duration": 18365,
              "state": "passed",
              "speed": "slow",
              "pass": true,
              "fail": false,
              "pending": false,
              "context": null,
              "code": "cy.visit(Cypress.env('baseURL') + '/threats').then(() => {\n  cy.get(threatListViewSelector.attackTreeButton).click().then(() => {\n    cy.get(attackTreeSelector.attackTreeDialogTreeButton).eq(1).click().then(() => {\n      cy.get(attackTreeSelector.attackTreeDialogTreeDropDownNewTree).click().then(() => {\n        cy.get(attackTreeSelector.attackTreeDialogNewTreePopupName).type('Automation Tree').then(() => {\n          cy.get(attackTreeSelector.attackTreeDialogNewTreePopupConfirmButton).click();\n        });\n      });\n    });\n  });\n  let initialLocation;\n  cy.get(threatListViewSelector.threatListViewAttackPathTextArea).click().then(() => {\n    cy.get(attackPathPopupSelector.attackPathDialogAttackTreeIcon).then($el => {\n      initialLocation = $el.offset();\n    });\n    cy.get(attackPathPopupSelector.attackPathDialogLinkTreeButton).click().then(() => {\n      cy.get(attackPathPopupSelector.attackPathDialogAttackTreeIcon).then($el => {\n        const newLocation = $el.offset();\n        expect(newLocation).not.to.deep.equal(initialLocation);\n      });\n      cy.get(attackPathPopupSelector.attackPathDialogAttackTreeIcon).should('exist').click().then(() => {\n        cy.get(attackTreeSelector.attackTreeDialog).should('exist');\n      });\n    });\n  });\n  cy.get(attackPathPopupSelector.attackPathDialogAttackTreeIcon).click().then(() => {\n    // Pressing the tree button again to close\n    cy.get(attackTreeSelector.attackTreeDialog).should('not.be.visible');\n  });\n});",
              "err": {},
              "uuid": "4bc80ec7-648d-4350-9847-fff8f39ec98d",
              "parentUUID": "4217bc1b-aa17-4baf-96bd-fcc2fe2ce2c9",
              "isHook": false,
              "skipped": false
            },
            {
              "title": "Attack Tree in Local Storage (MAIN-TC-1997, MAIN-TC-1998,MAIN-TC-2000))",
              "fullTitle": "Attack Tree Attack Tree in Local Storage (MAIN-TC-1997, MAIN-TC-1998,MAIN-TC-2000))",
              "timedOut": null,
              "duration": 38771,
              "state": "passed",
              "speed": "slow",
              "pass": true,
              "fail": false,
              "pending": false,
              "context": null,
              "code": "cy.visit(Cypress.env('baseURL') + '/threats').then(() => {\n  cy.window().then(win => {\n    const diagramId = win.localStorage.getItem('diagramId');\n    expect(diagramId).to.not.exist;\n  });\n  cy.get(threatListViewSelector.attackTreeButton).click().then(() => {\n    cy.get(attackTreeSelector.attackTreeDialogTreeButton).eq(1).click().then(() => {\n      cy.get(attackTreeSelector.attackTreeDialogTreeDropDownLoadTree).click().then(() => {\n        cy.get(attackTreeSelector.attackTreeDialogSelectTree).click().then(() => {\n          cy.get(attackTreeSelector.attackTreeDialogNewTreePopupConfirmButton).click().then(() => {\n            cy.wait(3000);\n            cy.window().then(win => {\n              const diagramId = win.localStorage.getItem('diagramId');\n              expect(diagramId).to.exist;\n            });\n          });\n        });\n      });\n    });\n  });\n});",
              "err": {},
              "uuid": "0c22282f-1581-4750-a1df-3bff7979dfe8",
              "parentUUID": "4217bc1b-aa17-4baf-96bd-fcc2fe2ce2c9",
              "isHook": false,
              "skipped": false
            },
            {
              "title": "Verify the  Header, Canvas, Footer in Attack tree panel(MAIN-TC-2001)",
              "fullTitle": "Attack Tree Verify the  Header, Canvas, Footer in Attack tree panel(MAIN-TC-2001)",
              "timedOut": null,
              "duration": 24443,
              "state": "passed",
              "speed": "slow",
              "pass": true,
              "fail": false,
              "pending": false,
              "context": null,
              "code": "cy.visit(Cypress.env('baseURL') + '/threats').then(() => {\n  cy.get(threatListViewSelector.attackTreeButton).click().then(() => {\n    cy.get(attackTreeSelector.attackTreeDialogTreeButton).eq(1).click().then(() => {\n      cy.get(attackTreeSelector.attackTreeDialogTreeDropDownLoadTree).click().then(() => {\n        cy.get(attackTreeSelector.attackTreeDialogSelectTree).click().then(() => {\n          cy.get(attackTreeSelector.attackTreeDialogNewTreePopupConfirmButton).click().then(() => {\n            cy.get(attackTreeSelector.attackTreeDialogHeader).should('exist').should('be.visible');\n            cy.get(attackTreeSelector.attackTreeDialogCanvas).should('exist').should('be.visible');\n            cy.get(attackTreeSelector.attackTreeDialogFooter).should('exist').should('be.visible');\n          });\n        });\n      });\n    });\n  });\n});",
              "err": {},
              "uuid": "b40d4325-39e6-4275-81a8-e999c2d4aa6f",
              "parentUUID": "4217bc1b-aa17-4baf-96bd-fcc2fe2ce2c9",
              "isHook": false,
              "skipped": false
            },
            {
              "title": "Verify the Header Components (MAIN-TC-2002)",
              "fullTitle": "Attack Tree Verify the Header Components (MAIN-TC-2002)",
              "timedOut": null,
              "duration": 11943,
              "state": "passed",
              "speed": "slow",
              "pass": true,
              "fail": false,
              "pending": false,
              "context": null,
              "code": "cy.visit(Cypress.env('baseURL') + '/threats').then(() => {\n  cy.get(threatListViewSelector.attackTreeButton).click().then(() => {\n    cy.get(attackTreeSelector.attackTreeDialogTreeButton).eq(1).click({\n      force: true\n    }).then(() => {\n      cy.get(attackTreeSelector.attackTreeDialogTreeDropDownLoadTree).click().then(() => {\n        cy.get(attackTreeSelector.attackTreeDialogSelectTree).click().then(() => {\n          cy.get(attackTreeSelector.attackTreeDialogNewTreePopupConfirmButton).click().then(() => {\n            cy.get(attackTreeSelector.attackTreeDialogTreeButton).eq(0).should('exist').invoke('text').should('contain', 'Tree');\n            cy.get(attackTreeSelector.attackTreeDialogTreeButton).eq(1).should('exist').click().then(() => {\n              cy.get(attackTreeSelector.attackTreeDialogDropDown).should('exist');\n            });\n            cy.get(attackTreeSelector.attackTreeDialogLoadedTreeButton).should('exist').invoke('text').should('include', 'Loaded: Automation Tree');\n            cy.get(attackTreeSelector.attackTreeDialogSaveIcon).should('exist');\n            cy.get(attackTreeSelector.attackTreeDialogPlayIcon).should('exist');\n            cy.get(attackTreeSelector.attackTreeDialogFooter).should('exist');\n          });\n        });\n      });\n    });\n  });\n});",
              "err": {},
              "uuid": "4e5d5687-d4fb-45f6-bcca-7cce2fe3f182",
              "parentUUID": "4217bc1b-aa17-4baf-96bd-fcc2fe2ce2c9",
              "isHook": false,
              "skipped": false
            },
            {
              "title": "Verify the Components when No project is Loaded (MAIN-TC-2003, MAIN-TC-3219)",
              "fullTitle": "Attack Tree Verify the Components when No project is Loaded (MAIN-TC-2003, MAIN-TC-3219)",
              "timedOut": null,
              "duration": 9249,
              "state": "passed",
              "speed": "medium",
              "pass": true,
              "fail": false,
              "pending": false,
              "context": null,
              "code": "cy.visit(Cypress.env('baseURL') + '/threats').then(() => {\n  cy.get(threatListViewSelector.attackTreeButton).click().then(() => {\n    cy.get(attackTreeSelector.attackTreeDialogHeader).should('exist').should('be.visible');\n    cy.get(attackTreeSelector.attackTreeDialogTreeButton).eq(1).should('be.enabled');\n    cy.get(attackTreeSelector.attackTreeDialogLoadedTreeButton).should('exist').invoke('text').should('include', 'Loaded: None');\n    cy.get(attackTreeSelector.attackTreeDialogSaveIcon).should('not.be.enabled');\n    cy.get(attackTreeSelector.attackTreeDialogPlayIcon).should('not.be.enabled');\n    cy.get(attackTreeSelector.attackTreeDialogFooter).should('not.exist');\n  });\n});",
              "err": {},
              "uuid": "d8eb7298-b1df-41a0-ae58-ac42cebcacc5",
              "parentUUID": "4217bc1b-aa17-4baf-96bd-fcc2fe2ce2c9",
              "isHook": false,
              "skipped": false
            },
            {
              "title": "Attack tree panel \"Tree Button Dropdown\" option (MAIN-TC-2004)",
              "fullTitle": "Attack Tree Attack tree panel \"Tree Button Dropdown\" option (MAIN-TC-2004)",
              "timedOut": null,
              "duration": 15622,
              "state": "passed",
              "speed": "slow",
              "pass": true,
              "fail": false,
              "pending": false,
              "context": null,
              "code": "cy.visit(Cypress.env('baseURL') + '/threats').then(() => {\n  cy.get(threatListViewSelector.attackTreeButton).click().then(() => {\n    cy.get(attackTreeSelector.attackTreeDialogTreeButton).eq(1).click().then(() => {\n      cy.get(attackTreeSelector.attackTreeDialogDropDown).should('exist');\n      cy.get(attackTreeSelector.attackTreeDialogTreeDropDownNewTree).invoke('text').should('contain', 'New Tree');\n      cy.get(attackTreeSelector.attackTreeDialogTreeDropDownChange).should('not.be.enabled').invoke('text').should('contain', 'Change Tree Name');\n      cy.get(attackTreeSelector.attackTreeDialogTreeDropDownDeleteTree).invoke('text').should('contain', 'Delete Tree');\n      cy.get(attackTreeSelector.attackTreeDialogTreeDropDownLoadTree).invoke('text').should('contain', 'Load Tree');\n      cy.get(attackTreeSelector.attackTreeDialogTreeDropDownSaveTree).should('not.be.enabled').invoke('text').should('contain', 'Save Tree As');\n      cy.get(attackTreeSelector.attackTreeDialogTreeDropDownLinkAttackPath).invoke('text').should('contain', 'Link Attack Path');\n      cy.get(attackTreeSelector.attackTreeDialogTreeDropDownLinkVulnerability).invoke('text').should('contain', 'Link Vulnerability');\n    });\n  });\n});\ncy.get(attackTreeSelector.attackTreeDialogTreeDropDownLoadTree).click().then(() => {\n  cy.get(attackTreeSelector.attackTreeDialogSelectTree).click().then(() => {\n    cy.get(attackTreeSelector.attackTreeDialogNewTreePopupConfirmButton).click().then(() => {\n      cy.get(attackTreeSelector.attackTreeDialogTreeButton).eq(1).click().then(() => {\n        cy.get(attackTreeSelector.attackTreeDialogTreeDropDownChange).should('be.enabled').invoke('text').should('contain', 'Change Tree Name');\n        cy.get(attackTreeSelector.attackTreeDialogTreeDropDownDeleteTree).invoke('text').should('contain', 'Delete Tree');\n        cy.get(attackTreeSelector.attackTreeDialogTreeDropDownSaveTree).should('be.enabled').invoke('text').should('contain', 'Save Tree As');\n      });\n    });\n  });\n});",
              "err": {},
              "uuid": "1ccba80a-780b-4163-bf9d-49418606a94f",
              "parentUUID": "4217bc1b-aa17-4baf-96bd-fcc2fe2ce2c9",
              "isHook": false,
              "skipped": false
            },
            {
              "title": "\"New Tree\" Dialog (MAIN-TC-2005, MAIN-TC-2006, MAIN-TC-2007)",
              "fullTitle": "Attack Tree \"New Tree\" Dialog (MAIN-TC-2005, MAIN-TC-2006, MAIN-TC-2007)",
              "timedOut": null,
              "duration": 11896,
              "state": "passed",
              "speed": "slow",
              "pass": true,
              "fail": false,
              "pending": false,
              "context": null,
              "code": "cy.visit(Cypress.env('baseURL') + '/threats').then(() => {\n  cy.get(threatListViewSelector.attackTreeButton).click().then(() => {\n    cy.get(attackTreeSelector.attackTreeDialogTreeButton).eq(1).click().then(() => {\n      cy.get(attackTreeSelector.attackTreeDialogTreeDropDownNewTree).click().then(() => {\n        cy.get(attackTreeSelector.attackTreeDialogNewTreePopup).should('exist');\n        cy.get(attackTreeSelector.attackTreeDialogNewTreePopupConfirmButton).should('not.be.enabled');\n        cy.get(attackTreeSelector.attackTreeDialogNewTreePopupName).type('Automation Tree 2');\n        cy.get(attackTreeSelector.attackTreeDialogNewTreePopupConfirmButton).should('be.enabled').click().then(() => {\n          cy.get(attackTreeSelector.attackTreeDialogLoadedTreeButton).invoke('text').should('include', 'Automation Tree 2');\n        });\n      });\n    });\n  });\n});",
              "err": {},
              "uuid": "05de255d-b28e-424d-92fc-009a0972646a",
              "parentUUID": "4217bc1b-aa17-4baf-96bd-fcc2fe2ce2c9",
              "isHook": false,
              "skipped": false
            },
            {
              "title": "\"Change Tree Name\" Dialog (MAIN-TC-2008)",
              "fullTitle": "Attack Tree \"Change Tree Name\" Dialog (MAIN-TC-2008)",
              "timedOut": null,
              "duration": 15131,
              "state": "passed",
              "speed": "slow",
              "pass": true,
              "fail": false,
              "pending": false,
              "context": null,
              "code": "cy.visit(Cypress.env('baseURL') + '/threats').then(() => {\n  cy.get(threatListViewSelector.attackTreeButton).click().then(() => {\n    cy.get(attackTreeSelector.attackTreeDialogTreeButton).eq(1).click().then(() => {\n      cy.get(attackTreeSelector.attackTreeDialogTreeDropDownLoadTree).click().then(() => {\n        cy.get(attackTreeSelector.attackTreeDialogSelectTree).click().then(() => {\n          cy.get(attackTreeSelector.attackTreeDialogNewTreePopupConfirmButton).click().then(() => {\n            cy.get(attackTreeSelector.attackTreeDialogTreeButton).eq(1).click().then(() => {\n              cy.get(attackTreeSelector.attackTreeDialogTreeDropDownChange).click().then(() => {\n                cy.get(attackTreeSelector.attackTreeDialogChangeTreeNamePopup).should('exist');\n              });\n            });\n          });\n        });\n      });\n    });\n  });\n});",
              "err": {},
              "uuid": "5bb91d17-ff50-4cd6-90e3-58ba8110ca34",
              "parentUUID": "4217bc1b-aa17-4baf-96bd-fcc2fe2ce2c9",
              "isHook": false,
              "skipped": false
            },
            {
              "title": "\"Load & Delete Tree\" Dialog (MAIN-TC-2009, MAIN-TC-2010, MAIN-TC-2012, MAIN-TC-2013, MAIN-TC-2014, MAIN-TC-2028)",
              "fullTitle": "Attack Tree \"Load & Delete Tree\" Dialog (MAIN-TC-2009, MAIN-TC-2010, MAIN-TC-2012, MAIN-TC-2013, MAIN-TC-2014, MAIN-TC-2028)",
              "timedOut": null,
              "duration": 28826,
              "state": "passed",
              "speed": "slow",
              "pass": true,
              "fail": false,
              "pending": false,
              "context": null,
              "code": "cy.visit(Cypress.env('baseURL') + '/threats').then(() => {\n  cy.get(threatListViewSelector.attackTreeButton).click().then(() => {\n    //Attack Tree open\n    cy.get(attackTreeSelector.attackTreeDialogTreeButton).eq(1).click().then(() => {\n      //Tree drop down click\n      cy.get(attackTreeSelector.attackTreeDialogTreeDropDownLoadTree).click().then(() => {\n        //Load Tree click\n        cy.get(attackTreeSelector.attackTreeDialogLoadTreePopup).should('exist'); //Load tree popup\n        cy.get(attackTreeSelector.attackTreeDialogLoadTreeSelectTree).should('exist'); //select project\n        cy.get(attackTreeSelector.attackTreeDialogLoadTreePopupCancelButton).click(); //Cancel the pop up\n      });\n    });\n  });\n  cy.get(attackTreeSelector.attackTreeDialogTreeButton).eq(1).click().then(() => {\n    //Again tree drop down\n    cy.get(attackTreeSelector.attackTreeDialogTreeDropDownDeleteTree).click().then(() => {\n      //Click delete tree\n      cy.get(attackTreeSelector.attackTreeDialogSelectTree).click().then(() => {\n        //select tree\n        cy.get(attackTreeSelector.attackTreeDialogDeleteTreePopupDeleteButton).click().then(() => {\n          //press delete btn\n          cy.get(attackTreeSelector.attackTreeDialogDeleteTreePopupDeleteButton).click(); //delete button(1st )\n        }); //1st tree deleted\n      });\n    });\n  });\n  cy.get(attackTreeSelector.attackTreeDialogTreeButton).eq(1).click().then(() => {\n    //click tree\n    cy.get(attackTreeSelector.attackTreeDialogTreeDropDownDeleteTree).click().then(() => {\n      //select delete\n      cy.get(attackTreeSelector.attackTreeDialogDeleteTreePopup).should('exist'); //delete popup\n      cy.get(attackTreeSelector.attackTreeDialogDeleteTreePopupDeleteButton).should('not.be.enabled'); //delete btn not enable\n      cy.get(attackTreeSelector.attackTreeDialogLoadTreeSelectTree).should('exist').click().then(() => {\n        //select tree\n        cy.get(attackTreeSelector.attackTreeDialogDeleteTreePopupDeleteButton).should('be.enabled').click().then(() => {\n          //click delete\n          cy.get(attackTreeSelector.attackTreeDialogDeleteTreePopupDeleteButton).click().then(() => {\n            //again click delet(2nd deleted)\n            cy.wait(5000); //to wait till the delete snack bar message disappears\n            cy.get(attackTreeSelector.attackTreeDialogTreeButton).eq(1).click().then(() => {\n              //again click tree\n              cy.get(attackTreeSelector.attackTreeDialogTreeDropDownDeleteTree).click();\n              cy.get(navBarSelector.subsequentSnackBarElement).should('exist').invoke('text').should('include', 'No Trees found. Please, create new Tree').then(() => {\n                //working fine\n                cy.get(attackTreeSelector.attackTreeDialogTreeButton).eq(1).click().then(() => {\n                  cy.get(attackTreeSelector.attackTreeDialogTreeDropDownLoadTree).click();\n                  cy.get(navBarSelector.subsequentSnackBarElement).should('exist').invoke('text').should('include', 'No Trees found. Please, create new Tree');\n                });\n              });\n            });\n          });\n        });\n      });\n    });\n  });\n});",
              "err": {},
              "uuid": "5b361fe5-b3f7-4b1f-a84f-781e22999f5f",
              "parentUUID": "4217bc1b-aa17-4baf-96bd-fcc2fe2ce2c9",
              "isHook": false,
              "skipped": false
            }
          ],
          "suites": [],
          "passes": [
            "85a5065c-b189-414b-8542-07404a194c55",
            "4bc80ec7-648d-4350-9847-fff8f39ec98d",
            "0c22282f-1581-4750-a1df-3bff7979dfe8",
            "b40d4325-39e6-4275-81a8-e999c2d4aa6f",
            "4e5d5687-d4fb-45f6-bcca-7cce2fe3f182",
            "d8eb7298-b1df-41a0-ae58-ac42cebcacc5",
            "1ccba80a-780b-4163-bf9d-49418606a94f",
            "05de255d-b28e-424d-92fc-009a0972646a",
            "5bb91d17-ff50-4cd6-90e3-58ba8110ca34",
            "5b361fe5-b3f7-4b1f-a84f-781e22999f5f"
          ],
          "failures": [],
          "pending": [],
          "skipped": [],
          "duration": 234663,
          "root": false,
          "rootEmpty": false,
          "_timeout": 2000
        },
        {
          "uuid": "1024032b-1677-4cee-b6ae-2f820a626f08",
          "title": "CLEANUP: Project Deletion",
          "fullFile": "",
          "file": "",
          "beforeHooks": [],
          "afterHooks": [],
          "tests": [
            {
              "title": "Deleting The Project If Created",
              "fullTitle": "CLEANUP: Project Deletion Deleting The Project If Created",
              "timedOut": null,
              "duration": 28344,
              "state": "passed",
              "speed": "slow",
              "pass": true,
              "fail": false,
              "pending": false,
              "context": null,
              "code": "cy.viewport(1920, 1080);\ncy.login().then(() => {\n  cy.deleteProject(projectName);\n});",
              "err": {},
              "uuid": "8057755c-e16a-4755-bcb4-c327f41d822f",
              "parentUUID": "1024032b-1677-4cee-b6ae-2f820a626f08",
              "isHook": false,
              "skipped": false
            }
          ],
          "suites": [],
          "passes": [
            "8057755c-e16a-4755-bcb4-c327f41d822f"
          ],
          "failures": [],
          "pending": [],
          "skipped": [],
          "duration": 28344,
          "root": false,
          "rootEmpty": false,
          "_timeout": 2000
        }
      ],
      "passes": [],
      "failures": [],
      "pending": [],
      "skipped": [],
      "duration": 0,
      "root": true,
      "rootEmpty": true,
      "_timeout": 2000
    }
  ],
  "meta": {
    "mocha": {
      "version": "7.0.1"
    },
    "mochawesome": {
      "options": {
        "quiet": true,
        "reportFilename": "mochawesome",
        "saveHtml": false,
        "saveJson": true,
        "consoleReporter": "spec",
        "useInlineDiffs": false,
        "code": true
      },
      "version": "6.3.1"
    },
    "marge": {
      "options": {
        "reportDir": "cypress\\reports\\.jsons",
        "overwrite": false,
        "html": false,
        "json": true,
        "timestamp": true,
        "reportTitle": "Vultara Automation Test",
        "showPassed": true,
        "showFailed": true,
        "showPending": true,
        "showSkipped": false,
        "browser": "all",
        "quiet": true
      },
      "version": "5.2.0"
    }
  }
}